[ 2017-02-06T16:49:52+08:00 ] 188.188.188.153 /index.php/admin
INFO: [ app_init ] --START--
INFO: Run Behavior\BuildLiteBehavior [ RunTime:0.000008s ]
INFO: [ app_init ] --END-- [ RunTime:0.000386s ]
INFO: [ app_begin ] --START--
INFO: Run Behavior\ReadHtmlCacheBehavior [ RunTime:0.000358s ]
INFO: [ app_begin ] --END-- [ RunTime:0.000390s ]

[ 2017-02-06T16:49:52+08:00 ] 188.188.188.153 /Admin/Login.html
INFO: [ app_init ] --START--
INFO: Run Behavior\BuildLiteBehavior [ RunTime:0.000009s ]
INFO: [ app_init ] --END-- [ RunTime:0.000324s ]
INFO: [ app_begin ] --START--
INFO: Run Behavior\ReadHtmlCacheBehavior [ RunTime:0.000379s ]
INFO: [ app_begin ] --END-- [ RunTime:0.000415s ]
INFO: [ view_parse ] --START--
INFO: [ template_filter ] --START--
INFO: Run Behavior\ContentReplaceBehavior [ RunTime:0.000061s ]
INFO: [ template_filter ] --END-- [ RunTime:0.000106s ]
INFO: Run Behavior\ParseTemplateBehavior [ RunTime:0.021430s ]
INFO: [ view_parse ] --END-- [ RunTime:0.021478s ]
INFO: [ view_filter ] --START--
INFO: Run Behavior\WriteHtmlCacheBehavior [ RunTime:0.000290s ]
INFO: [ view_filter ] --END-- [ RunTime:0.000318s ]
INFO: [ app_end ] --START--
INFO: Run Behavior\ShowPageTraceBehavior [ RunTime:0.000555s ]
INFO: [ app_end ] --END-- [ RunTime:0.000589s ]

[ 2017-02-06T16:50:00+08:00 ] 188.188.188.153 /Admin/Login/login.html
INFO: [ app_init ] --START--
INFO: Run Behavior\BuildLiteBehavior [ RunTime:0.000010s ]
INFO: [ app_init ] --END-- [ RunTime:0.000308s ]
INFO: [ app_begin ] --START--
INFO: Run Behavior\ReadHtmlCacheBehavior [ RunTime:0.000666s ]
INFO: [ app_begin ] --END-- [ RunTime:0.000713s ]
SQL: SHOW COLUMNS FROM `yfq_admin` [ RunTime:0.0233s ]
SQL: SELECT * FROM `yfq_admin` WHERE `user_name` = 'admin' AND `user_password` = '2d0b77593e1929168685f86b65931277' LIMIT 1   [ RunTime:0.0003s ]
SQL: UPDATE `yfq_admin` SET `last_login_time`='1486371000' WHERE `uid` = 2 [ RunTime:0.0474s ]

[ 2017-02-06T16:50:00+08:00 ] 188.188.188.153 /Admin/index
INFO: [ app_init ] --START--
INFO: Run Behavior\BuildLiteBehavior [ RunTime:0.000012s ]
INFO: [ app_init ] --END-- [ RunTime:0.000852s ]
INFO: [ app_begin ] --START--
INFO: Run Behavior\ReadHtmlCacheBehavior [ RunTime:0.000383s ]
INFO: [ app_begin ] --END-- [ RunTime:0.000424s ]
INFO: [ view_parse ] --START--
INFO: [ template_filter ] --START--
INFO: Run Behavior\ContentReplaceBehavior [ RunTime:0.000051s ]
INFO: [ template_filter ] --END-- [ RunTime:0.000092s ]
INFO: Run Behavior\ParseTemplateBehavior [ RunTime:0.016748s ]
INFO: [ view_parse ] --END-- [ RunTime:0.016807s ]
INFO: [ view_filter ] --START--
INFO: Run Behavior\WriteHtmlCacheBehavior [ RunTime:0.000267s ]
INFO: [ view_filter ] --END-- [ RunTime:0.000292s ]
INFO: [ app_end ] --START--
INFO: Run Behavior\ShowPageTraceBehavior [ RunTime:0.000494s ]
INFO: [ app_end ] --END-- [ RunTime:0.000526s ]

[ 2017-02-06T16:51:19+08:00 ] 188.188.188.153 /Admin/Branch
INFO: [ app_init ] --START--
INFO: Run Behavior\BuildLiteBehavior [ RunTime:0.000009s ]
INFO: [ app_init ] --END-- [ RunTime:0.000354s ]
INFO: [ app_begin ] --START--
INFO: Run Behavior\ReadHtmlCacheBehavior [ RunTime:0.000399s ]
INFO: [ app_begin ] --END-- [ RunTime:0.000430s ]
SQL: SHOW COLUMNS FROM `yfq_branch_type` [ RunTime:0.0185s ]
SQL: SELECT * FROM `yfq_branch_type` WHERE ( status=1 )  [ RunTime:0.0003s ]
INFO: [ view_parse ] --START--
INFO: [ template_filter ] --START--
INFO: Run Behavior\ContentReplaceBehavior [ RunTime:0.000065s ]
INFO: [ template_filter ] --END-- [ RunTime:0.000098s ]
NOTIC: [8] Undefined variable: page E:\PHP\WWW\yfq\Application\Runtime\Cache\Admin\d54734d015d6e17d503cce5c1cae7d65.php 第 111 行.
NOTIC: [8] Undefined variable: page E:\PHP\WWW\yfq\Application\Runtime\Cache\Admin\d54734d015d6e17d503cce5c1cae7d65.php 第 111 行.
NOTIC: [8] Undefined variable: pages E:\PHP\WWW\yfq\Application\Runtime\Cache\Admin\d54734d015d6e17d503cce5c1cae7d65.php 第 111 行.
NOTIC: [8] Undefined variable: pages E:\PHP\WWW\yfq\Application\Runtime\Cache\Admin\d54734d015d6e17d503cce5c1cae7d65.php 第 111 行.
NOTIC: [8] Undefined variable: pages E:\PHP\WWW\yfq\Application\Runtime\Cache\Admin\d54734d015d6e17d503cce5c1cae7d65.php 第 111 行.
NOTIC: [8] Undefined variable: pages E:\PHP\WWW\yfq\Application\Runtime\Cache\Admin\d54734d015d6e17d503cce5c1cae7d65.php 第 111 行.
NOTIC: [8] Undefined variable: pages E:\PHP\WWW\yfq\Application\Runtime\Cache\Admin\d54734d015d6e17d503cce5c1cae7d65.php 第 114 行.
NOTIC: [8] Undefined variable: page E:\PHP\WWW\yfq\Application\Runtime\Cache\Admin\d54734d015d6e17d503cce5c1cae7d65.php 第 115 行.
NOTIC: [8] Undefined variable: count E:\PHP\WWW\yfq\Application\Runtime\Cache\Admin\d54734d015d6e17d503cce5c1cae7d65.php 第 115 行.
NOTIC: [8] Undefined variable: pages E:\PHP\WWW\yfq\Application\Runtime\Cache\Admin\d54734d015d6e17d503cce5c1cae7d65.php 第 115 行.
INFO: Run Behavior\ParseTemplateBehavior [ RunTime:0.007664s ]
INFO: [ view_parse ] --END-- [ RunTime:0.007697s ]
INFO: [ view_filter ] --START--
INFO: Run Behavior\WriteHtmlCacheBehavior [ RunTime:0.000295s ]
INFO: [ view_filter ] --END-- [ RunTime:0.000320s ]
INFO: [ app_end ] --START--
INFO: Run Behavior\ShowPageTraceBehavior [ RunTime:0.000420s ]
INFO: [ app_end ] --END-- [ RunTime:0.000447s ]

[ 2017-02-06T16:51:21+08:00 ] 188.188.188.153 /Admin/Branch/addBranch.html
INFO: [ app_init ] --START--
INFO: Run Behavior\BuildLiteBehavior [ RunTime:0.000010s ]
INFO: [ app_init ] --END-- [ RunTime:0.000327s ]
INFO: [ app_begin ] --START--
INFO: Run Behavior\ReadHtmlCacheBehavior [ RunTime:0.000366s ]
INFO: [ app_begin ] --END-- [ RunTime:0.000402s ]
INFO: [ view_parse ] --START--
INFO: [ template_filter ] --START--
INFO: Run Behavior\ContentReplaceBehavior [ RunTime:0.000054s ]
INFO: [ template_filter ] --END-- [ RunTime:0.000093s ]
NOTIC: [8] Undefined variable: info E:\PHP\WWW\yfq\Application\Runtime\Cache\Admin\43b8d8527a645f6fefee268d5dfbe15a.php 第 56 行.
NOTIC: [8] Undefined variable: info E:\PHP\WWW\yfq\Application\Runtime\Cache\Admin\43b8d8527a645f6fefee268d5dfbe15a.php 第 61 行.
INFO: Run Behavior\ParseTemplateBehavior [ RunTime:0.019610s ]
INFO: [ view_parse ] --END-- [ RunTime:0.019650s ]
INFO: [ view_filter ] --START--
INFO: Run Behavior\WriteHtmlCacheBehavior [ RunTime:0.000233s ]
INFO: [ view_filter ] --END-- [ RunTime:0.000260s ]
INFO: [ app_end ] --START--
INFO: Run Behavior\ShowPageTraceBehavior [ RunTime:0.000369s ]
INFO: [ app_end ] --END-- [ RunTime:0.000397s ]

[ 2017-02-06T16:51:32+08:00 ] 188.188.188.153 /Admin/Branch/addBranch.html
INFO: [ app_init ] --START--
INFO: Run Behavior\BuildLiteBehavior [ RunTime:0.000010s ]
INFO: [ app_init ] --END-- [ RunTime:0.000306s ]
INFO: [ app_begin ] --START--
INFO: Run Behavior\ReadHtmlCacheBehavior [ RunTime:0.000358s ]
INFO: [ app_begin ] --END-- [ RunTime:0.000387s ]
SQL: SHOW COLUMNS FROM `yfq_branch_type` [ RunTime:0.0056s ]
SQL: INSERT INTO `yfq_branch_type` (`name`,`last_money`,`act_type`) VALUES ('市人保','0','2') [ RunTime:0.0252s ]

[ 2017-02-06T16:51:32+08:00 ] 188.188.188.153 /Admin/Branch
INFO: [ app_init ] --START--
INFO: Run Behavior\BuildLiteBehavior [ RunTime:0.000010s ]
INFO: [ app_init ] --END-- [ RunTime:0.000296s ]
INFO: [ app_begin ] --START--
INFO: Run Behavior\ReadHtmlCacheBehavior [ RunTime:0.000360s ]
INFO: [ app_begin ] --END-- [ RunTime:0.000396s ]
SQL: SHOW COLUMNS FROM `yfq_branch_type` [ RunTime:0.0250s ]
SQL: SELECT * FROM `yfq_branch_type` WHERE ( status=1 )  [ RunTime:0.0002s ]
INFO: [ view_parse ] --START--
INFO: [ template_filter ] --START--
INFO: Run Behavior\ContentReplaceBehavior [ RunTime:0.000064s ]
INFO: [ template_filter ] --END-- [ RunTime:0.000098s ]
NOTIC: [8] Undefined variable: page E:\PHP\WWW\yfq\Application\Runtime\Cache\Admin\d54734d015d6e17d503cce5c1cae7d65.php 第 111 行.
NOTIC: [8] Undefined variable: page E:\PHP\WWW\yfq\Application\Runtime\Cache\Admin\d54734d015d6e17d503cce5c1cae7d65.php 第 111 行.
NOTIC: [8] Undefined variable: pages E:\PHP\WWW\yfq\Application\Runtime\Cache\Admin\d54734d015d6e17d503cce5c1cae7d65.php 第 111 行.
NOTIC: [8] Undefined variable: pages E:\PHP\WWW\yfq\Application\Runtime\Cache\Admin\d54734d015d6e17d503cce5c1cae7d65.php 第 111 行.
NOTIC: [8] Undefined variable: pages E:\PHP\WWW\yfq\Application\Runtime\Cache\Admin\d54734d015d6e17d503cce5c1cae7d65.php 第 111 行.
NOTIC: [8] Undefined variable: pages E:\PHP\WWW\yfq\Application\Runtime\Cache\Admin\d54734d015d6e17d503cce5c1cae7d65.php 第 111 行.
NOTIC: [8] Undefined variable: pages E:\PHP\WWW\yfq\Application\Runtime\Cache\Admin\d54734d015d6e17d503cce5c1cae7d65.php 第 114 行.
NOTIC: [8] Undefined variable: page E:\PHP\WWW\yfq\Application\Runtime\Cache\Admin\d54734d015d6e17d503cce5c1cae7d65.php 第 115 行.
NOTIC: [8] Undefined variable: count E:\PHP\WWW\yfq\Application\Runtime\Cache\Admin\d54734d015d6e17d503cce5c1cae7d65.php 第 115 行.
NOTIC: [8] Undefined variable: pages E:\PHP\WWW\yfq\Application\Runtime\Cache\Admin\d54734d015d6e17d503cce5c1cae7d65.php 第 115 行.
INFO: Run Behavior\ParseTemplateBehavior [ RunTime:0.006011s ]
INFO: [ view_parse ] --END-- [ RunTime:0.006041s ]
INFO: [ view_filter ] --START--
INFO: Run Behavior\WriteHtmlCacheBehavior [ RunTime:0.000202s ]
INFO: [ view_filter ] --END-- [ RunTime:0.000224s ]
INFO: [ app_end ] --START--
INFO: Run Behavior\ShowPageTraceBehavior [ RunTime:0.000460s ]
INFO: [ app_end ] --END-- [ RunTime:0.000493s ]

[ 2017-02-06T16:51:37+08:00 ] 188.188.188.153 /Admin/Prize
INFO: [ app_init ] --START--
INFO: Run Behavior\BuildLiteBehavior [ RunTime:0.000009s ]
INFO: [ app_init ] --END-- [ RunTime:0.000360s ]
INFO: [ app_begin ] --START--
INFO: Run Behavior\ReadHtmlCacheBehavior [ RunTime:0.000398s ]
INFO: [ app_begin ] --END-- [ RunTime:0.000429s ]
SQL: SHOW COLUMNS FROM `yfq_branch_type` [ RunTime:0.0107s ]
SQL: SELECT * FROM `yfq_branch_type` WHERE ( status=1 )  [ RunTime:0.0003s ]
SQL: SHOW COLUMNS FROM `yfq_activity` [ RunTime:0.0039s ]
SQL: SELECT * FROM `yfq_activity`  [ RunTime:0.0003s ]
SQL: SHOW COLUMNS FROM `yfq_prize` [ RunTime:0.0067s ]
SQL: SELECT * FROM `yfq_prize` WHERE ( if_del=1 ) LIMIT 0,10   [ RunTime:0.0003s ]
SQL: SELECT COUNT(*) AS tp_count FROM `yfq_prize` WHERE ( if_del=1 ) LIMIT 1   [ RunTime:0.0002s ]
INFO: [ view_parse ] --START--
INFO: [ template_filter ] --START--
INFO: Run Behavior\ContentReplaceBehavior [ RunTime:0.000064s ]
INFO: [ template_filter ] --END-- [ RunTime:0.000100s ]
NOTIC: [8] Undefined offset: 0 E:\PHP\WWW\yfq\Application\Runtime\Cache\Admin\54672e846cfd9d8e359e8d1a5ea09817.php 第 106 行.
NOTIC: [8] Undefined offset: 0 E:\PHP\WWW\yfq\Application\Runtime\Cache\Admin\54672e846cfd9d8e359e8d1a5ea09817.php 第 106 行.
NOTIC: [8] Undefined offset: 0 E:\PHP\WWW\yfq\Application\Runtime\Cache\Admin\54672e846cfd9d8e359e8d1a5ea09817.php 第 107 行.
NOTIC: [8] Undefined offset: 0 E:\PHP\WWW\yfq\Application\Runtime\Cache\Admin\54672e846cfd9d8e359e8d1a5ea09817.php 第 106 行.
NOTIC: [8] Undefined offset: 0 E:\PHP\WWW\yfq\Application\Runtime\Cache\Admin\54672e846cfd9d8e359e8d1a5ea09817.php 第 107 行.
NOTIC: [8] Undefined offset: 0 E:\PHP\WWW\yfq\Application\Runtime\Cache\Admin\54672e846cfd9d8e359e8d1a5ea09817.php 第 106 行.
NOTIC: [8] Undefined offset: 0 E:\PHP\WWW\yfq\Application\Runtime\Cache\Admin\54672e846cfd9d8e359e8d1a5ea09817.php 第 107 行.
NOTIC: [8] Undefined offset: 0 E:\PHP\WWW\yfq\Application\Runtime\Cache\Admin\54672e846cfd9d8e359e8d1a5ea09817.php 第 106 行.
NOTIC: [8] Undefined offset: 0 E:\PHP\WWW\yfq\Application\Runtime\Cache\Admin\54672e846cfd9d8e359e8d1a5ea09817.php 第 107 行.
NOTIC: [8] Undefined offset: 0 E:\PHP\WWW\yfq\Application\Runtime\Cache\Admin\54672e846cfd9d8e359e8d1a5ea09817.php 第 106 行.
INFO: Run Behavior\ParseTemplateBehavior [ RunTime:0.006669s ]
INFO: [ view_parse ] --END-- [ RunTime:0.006699s ]
INFO: [ view_filter ] --START--
INFO: Run Behavior\WriteHtmlCacheBehavior [ RunTime:0.000301s ]
INFO: [ view_filter ] --END-- [ RunTime:0.000326s ]
INFO: [ app_end ] --START--
INFO: Run Behavior\ShowPageTraceBehavior [ RunTime:0.000463s ]
INFO: [ app_end ] --END-- [ RunTime:0.000495s ]

[ 2017-02-06T16:51:41+08:00 ] 188.188.188.153 /Admin/Prize/addPrize.html
INFO: [ app_init ] --START--
INFO: Run Behavior\BuildLiteBehavior [ RunTime:0.000027s ]
INFO: [ app_init ] --END-- [ RunTime:0.001424s ]
INFO: [ app_begin ] --START--
INFO: Run Behavior\ReadHtmlCacheBehavior [ RunTime:0.000471s ]
INFO: [ app_begin ] --END-- [ RunTime:0.000510s ]
SQL: SHOW COLUMNS FROM `yfq_branch_type` [ RunTime:0.0099s ]
SQL: SELECT * FROM `yfq_branch_type` WHERE ( status=1 )  [ RunTime:0.0003s ]
SQL: SHOW COLUMNS FROM `yfq_activity` [ RunTime:0.0049s ]
SQL: SELECT * FROM `yfq_activity` WHERE ( status!=3 )  [ RunTime:0.0007s ]
NOTIC: [8] Undefined index: id E:\PHP\WWW\yfq\Application\Admin\Controller\PrizeController.class.php 第 38 行.
INFO: [ view_parse ] --START--
INFO: [ template_filter ] --START--
INFO: Run Behavior\ContentReplaceBehavior [ RunTime:0.000063s ]
INFO: [ template_filter ] --END-- [ RunTime:0.000096s ]
NOTIC: [8] Undefined variable: info E:\PHP\WWW\yfq\Application\Runtime\Cache\Admin\5574274eb6d22b93db5a78773e3058db.php 第 51 行.
NOTIC: [8] Undefined variable: info E:\PHP\WWW\yfq\Application\Runtime\Cache\Admin\5574274eb6d22b93db5a78773e3058db.php 第 57 行.
NOTIC: [8] Undefined variable: info E:\PHP\WWW\yfq\Application\Runtime\Cache\Admin\5574274eb6d22b93db5a78773e3058db.php 第 62 行.
NOTIC: [8] Undefined variable: info E:\PHP\WWW\yfq\Application\Runtime\Cache\Admin\5574274eb6d22b93db5a78773e3058db.php 第 67 行.
NOTIC: [8] Undefined variable: info E:\PHP\WWW\yfq\Application\Runtime\Cache\Admin\5574274eb6d22b93db5a78773e3058db.php 第 72 行.
NOTIC: [8] Undefined variable: info E:\PHP\WWW\yfq\Application\Runtime\Cache\Admin\5574274eb6d22b93db5a78773e3058db.php 第 106 行.
NOTIC: [8] Undefined variable: info E:\PHP\WWW\yfq\Application\Runtime\Cache\Admin\5574274eb6d22b93db5a78773e3058db.php 第 108 行.
NOTIC: [8] Undefined variable: info E:\PHP\WWW\yfq\Application\Runtime\Cache\Admin\5574274eb6d22b93db5a78773e3058db.php 第 109 行.
INFO: Run Behavior\ParseTemplateBehavior [ RunTime:0.005854s ]
INFO: [ view_parse ] --END-- [ RunTime:0.005889s ]
INFO: [ view_filter ] --START--
INFO: Run Behavior\WriteHtmlCacheBehavior [ RunTime:0.000228s ]
INFO: [ view_filter ] --END-- [ RunTime:0.000250s ]
INFO: [ app_end ] --START--
INFO: Run Behavior\ShowPageTraceBehavior [ RunTime:0.000342s ]
INFO: [ app_end ] --END-- [ RunTime:0.000369s ]

[ 2017-02-06T16:53:25+08:00 ] 188.188.188.153 /Admin/Prize/addPrize.html
INFO: [ app_init ] --START--
INFO: Run Behavior\BuildLiteBehavior [ RunTime:0.000010s ]
INFO: [ app_init ] --END-- [ RunTime:0.000341s ]
INFO: [ app_begin ] --START--
INFO: Run Behavior\ReadHtmlCacheBehavior [ RunTime:0.000376s ]
INFO: [ app_begin ] --END-- [ RunTime:0.000408s ]
SQL: SHOW COLUMNS FROM `yfq_prize` [ RunTime:0.0044s ]
SQL: INSERT INTO `yfq_prize` (`prize_name`,`level`,`update_time`,`type_id`,`act_id`) VALUES ('安全锤','一等奖','1486371205','4','0') [ RunTime:0.0577s ]

[ 2017-02-06T16:53:25+08:00 ] 188.188.188.153 /Admin/Prize
INFO: [ app_init ] --START--
INFO: Run Behavior\BuildLiteBehavior [ RunTime:0.000010s ]
INFO: [ app_init ] --END-- [ RunTime:0.000304s ]
INFO: [ app_begin ] --START--
INFO: Run Behavior\ReadHtmlCacheBehavior [ RunTime:0.000400s ]
INFO: [ app_begin ] --END-- [ RunTime:0.000441s ]
SQL: SHOW COLUMNS FROM `yfq_branch_type` [ RunTime:0.0130s ]
SQL: SELECT * FROM `yfq_branch_type` WHERE ( status=1 )  [ RunTime:0.0003s ]
SQL: SHOW COLUMNS FROM `yfq_activity` [ RunTime:0.0032s ]
SQL: SELECT * FROM `yfq_activity`  [ RunTime:0.0003s ]
SQL: SHOW COLUMNS FROM `yfq_prize` [ RunTime:0.0030s ]
SQL: SELECT * FROM `yfq_prize` WHERE ( if_del=1 ) LIMIT 0,10   [ RunTime:0.0003s ]
SQL: SELECT COUNT(*) AS tp_count FROM `yfq_prize` WHERE ( if_del=1 ) LIMIT 1   [ RunTime:0.0003s ]
INFO: [ view_parse ] --START--
INFO: [ template_filter ] --START--
INFO: Run Behavior\ContentReplaceBehavior [ RunTime:0.000064s ]
INFO: [ template_filter ] --END-- [ RunTime:0.000099s ]
NOTIC: [8] Undefined offset: 0 E:\PHP\WWW\yfq\Application\Runtime\Cache\Admin\54672e846cfd9d8e359e8d1a5ea09817.php 第 106 行.
NOTIC: [8] Undefined offset: 0 E:\PHP\WWW\yfq\Application\Runtime\Cache\Admin\54672e846cfd9d8e359e8d1a5ea09817.php 第 106 行.
NOTIC: [8] Undefined offset: 0 E:\PHP\WWW\yfq\Application\Runtime\Cache\Admin\54672e846cfd9d8e359e8d1a5ea09817.php 第 107 行.
NOTIC: [8] Undefined offset: 0 E:\PHP\WWW\yfq\Application\Runtime\Cache\Admin\54672e846cfd9d8e359e8d1a5ea09817.php 第 106 行.
NOTIC: [8] Undefined offset: 0 E:\PHP\WWW\yfq\Application\Runtime\Cache\Admin\54672e846cfd9d8e359e8d1a5ea09817.php 第 107 行.
NOTIC: [8] Undefined offset: 0 E:\PHP\WWW\yfq\Application\Runtime\Cache\Admin\54672e846cfd9d8e359e8d1a5ea09817.php 第 106 行.
NOTIC: [8] Undefined offset: 0 E:\PHP\WWW\yfq\Application\Runtime\Cache\Admin\54672e846cfd9d8e359e8d1a5ea09817.php 第 107 行.
NOTIC: [8] Undefined offset: 0 E:\PHP\WWW\yfq\Application\Runtime\Cache\Admin\54672e846cfd9d8e359e8d1a5ea09817.php 第 106 行.
NOTIC: [8] Undefined offset: 0 E:\PHP\WWW\yfq\Application\Runtime\Cache\Admin\54672e846cfd9d8e359e8d1a5ea09817.php 第 107 行.
NOTIC: [8] Undefined offset: 0 E:\PHP\WWW\yfq\Application\Runtime\Cache\Admin\54672e846cfd9d8e359e8d1a5ea09817.php 第 106 行.
NOTIC: [8] Undefined offset: 0 E:\PHP\WWW\yfq\Application\Runtime\Cache\Admin\54672e846cfd9d8e359e8d1a5ea09817.php 第 107 行.
INFO: Run Behavior\ParseTemplateBehavior [ RunTime:0.006858s ]
INFO: [ view_parse ] --END-- [ RunTime:0.006966s ]
INFO: [ view_filter ] --START--
INFO: Run Behavior\WriteHtmlCacheBehavior [ RunTime:0.000247s ]
INFO: [ view_filter ] --END-- [ RunTime:0.000271s ]
INFO: [ app_end ] --START--
INFO: Run Behavior\ShowPageTraceBehavior [ RunTime:0.000516s ]
INFO: [ app_end ] --END-- [ RunTime:0.000548s ]

[ 2017-02-06T16:53:32+08:00 ] 188.188.188.153 /Admin/Activity
INFO: [ app_init ] --START--
INFO: Run Behavior\BuildLiteBehavior [ RunTime:0.000009s ]
INFO: [ app_init ] --END-- [ RunTime:0.000352s ]
INFO: [ app_begin ] --START--
INFO: Run Behavior\ReadHtmlCacheBehavior [ RunTime:0.000392s ]
INFO: [ app_begin ] --END-- [ RunTime:0.000424s ]
SQL: SHOW COLUMNS FROM `yfq_branch_type` [ RunTime:0.0096s ]
SQL: SELECT * FROM `yfq_branch_type` WHERE ( status=1 )  [ RunTime:0.0003s ]
SQL: SHOW COLUMNS FROM `yfq_activity` [ RunTime:0.0041s ]
SQL: SELECT * FROM `yfq_activity` WHERE ( status!=3 ) LIMIT 0,10   [ RunTime:0.0003s ]
SQL: SELECT COUNT(*) AS tp_count FROM `yfq_activity` WHERE ( status!=3 ) LIMIT 1   [ RunTime:0.0002s ]
INFO: [ view_parse ] --START--
INFO: [ template_filter ] --START--
INFO: Run Behavior\ContentReplaceBehavior [ RunTime:0.000062s ]
INFO: [ template_filter ] --END-- [ RunTime:0.000093s ]
INFO: Run Behavior\ParseTemplateBehavior [ RunTime:0.006424s ]
INFO: [ view_parse ] --END-- [ RunTime:0.006458s ]
INFO: [ view_filter ] --START--
INFO: Run Behavior\WriteHtmlCacheBehavior [ RunTime:0.000292s ]
INFO: [ view_filter ] --END-- [ RunTime:0.000317s ]
INFO: [ app_end ] --START--
INFO: Run Behavior\ShowPageTraceBehavior [ RunTime:0.000410s ]
INFO: [ app_end ] --END-- [ RunTime:0.000443s ]

[ 2017-02-06T16:53:34+08:00 ] 188.188.188.153 /Admin/Activity/addAct.html
INFO: [ app_init ] --START--
INFO: Run Behavior\BuildLiteBehavior [ RunTime:0.000010s ]
INFO: [ app_init ] --END-- [ RunTime:0.000314s ]
INFO: [ app_begin ] --START--
INFO: Run Behavior\ReadHtmlCacheBehavior [ RunTime:0.000585s ]
INFO: [ app_begin ] --END-- [ RunTime:0.000637s ]
SQL: SHOW COLUMNS FROM `yfq_branch_type` [ RunTime:0.0126s ]
SQL: SELECT * FROM `yfq_branch_type` WHERE ( status=1 )  [ RunTime:0.0002s ]
NOTIC: [8] Undefined index: id E:\PHP\WWW\yfq\Application\Admin\Controller\ActivityController.class.php 第 29 行.
INFO: [ view_parse ] --START--
INFO: [ template_filter ] --START--
INFO: Run Behavior\ContentReplaceBehavior [ RunTime:0.000073s ]
INFO: [ template_filter ] --END-- [ RunTime:0.000103s ]
NOTIC: [8] Undefined variable: info E:\PHP\WWW\yfq\Application\Runtime\Cache\Admin\cfbae52059fc9fdbd3bcf6e6be525a37.php 第 51 行.
NOTIC: [8] Undefined variable: info E:\PHP\WWW\yfq\Application\Runtime\Cache\Admin\cfbae52059fc9fdbd3bcf6e6be525a37.php 第 64 行.
NOTIC: [8] Undefined variable: info E:\PHP\WWW\yfq\Application\Runtime\Cache\Admin\cfbae52059fc9fdbd3bcf6e6be525a37.php 第 69 行.
NOTIC: [8] Undefined variable: info E:\PHP\WWW\yfq\Application\Runtime\Cache\Admin\cfbae52059fc9fdbd3bcf6e6be525a37.php 第 74 行.
NOTIC: [8] Undefined variable: info E:\PHP\WWW\yfq\Application\Runtime\Cache\Admin\cfbae52059fc9fdbd3bcf6e6be525a37.php 第 79 行.
NOTIC: [8] Undefined variable: info E:\PHP\WWW\yfq\Application\Runtime\Cache\Admin\cfbae52059fc9fdbd3bcf6e6be525a37.php 第 84 行.
NOTIC: [8] Undefined variable: info E:\PHP\WWW\yfq\Application\Runtime\Cache\Admin\cfbae52059fc9fdbd3bcf6e6be525a37.php 第 89 行.
NOTIC: [8] Undefined variable: info E:\PHP\WWW\yfq\Application\Runtime\Cache\Admin\cfbae52059fc9fdbd3bcf6e6be525a37.php 第 94 行.
NOTIC: [8] Undefined variable: info E:\PHP\WWW\yfq\Application\Runtime\Cache\Admin\cfbae52059fc9fdbd3bcf6e6be525a37.php 第 99 行.
NOTIC: [8] Undefined variable: info E:\PHP\WWW\yfq\Application\Runtime\Cache\Admin\cfbae52059fc9fdbd3bcf6e6be525a37.php 第 103 行.
NOTIC: [8] Undefined variable: info E:\PHP\WWW\yfq\Application\Runtime\Cache\Admin\cfbae52059fc9fdbd3bcf6e6be525a37.php 第 127 行.
NOTIC: [8] Undefined variable: info E:\PHP\WWW\yfq\Application\Runtime\Cache\Admin\cfbae52059fc9fdbd3bcf6e6be525a37.php 第 129 行.
NOTIC: [8] Undefined variable: info E:\PHP\WWW\yfq\Application\Runtime\Cache\Admin\cfbae52059fc9fdbd3bcf6e6be525a37.php 第 134 行.
NOTIC: [8] Undefined variable: info E:\PHP\WWW\yfq\Application\Runtime\Cache\Admin\cfbae52059fc9fdbd3bcf6e6be525a37.php 第 145 行.
NOTIC: [8] Undefined variable: info E:\PHP\WWW\yfq\Application\Runtime\Cache\Admin\cfbae52059fc9fdbd3bcf6e6be525a37.php 第 165 行.
INFO: Run Behavior\ParseTemplateBehavior [ RunTime:0.005915s ]
INFO: [ view_parse ] --END-- [ RunTime:0.005945s ]
INFO: [ view_filter ] --START--
INFO: Run Behavior\WriteHtmlCacheBehavior [ RunTime:0.000224s ]
INFO: [ view_filter ] --END-- [ RunTime:0.000248s ]
INFO: [ app_end ] --START--
INFO: Run Behavior\ShowPageTraceBehavior [ RunTime:0.000399s ]
INFO: [ app_end ] --END-- [ RunTime:0.000432s ]

[ 2017-02-06T16:53:38+08:00 ] 188.188.188.153 /Admin/Prize/getPrize.html
INFO: [ app_init ] --START--
INFO: Run Behavior\BuildLiteBehavior [ RunTime:0.000009s ]
INFO: [ app_init ] --END-- [ RunTime:0.000365s ]
INFO: [ app_begin ] --START--
INFO: Run Behavior\ReadHtmlCacheBehavior [ RunTime:0.000397s ]
INFO: [ app_begin ] --END-- [ RunTime:0.000426s ]

[ 2017-02-06T16:54:13+08:00 ] 188.188.188.153 /Admin/Activity/addActUp.html
INFO: [ app_init ] --START--
INFO: Run Behavior\BuildLiteBehavior [ RunTime:0.000013s ]
INFO: [ app_init ] --END-- [ RunTime:0.001453s ]
INFO: [ app_begin ] --START--
INFO: Run Behavior\ReadHtmlCacheBehavior [ RunTime:0.000358s ]
INFO: [ app_begin ] --END-- [ RunTime:0.000392s ]
SQL: SHOW COLUMNS FROM `yfq_activity` [ RunTime:0.0371s ]
SQL: INSERT INTO `yfq_activity` (`type_id`,`act_name`,`free_times`,`pay_money`,`pay_times`,`valid_pay_num`,`share_times`,`valid_share_num`,`start_time`,`end_time`) VALUES ('4','市人保情人节','1','0','0','0','0','0','1486224000','1488297599') [ RunTime:0.0578s ]

[ 2017-02-06T16:54:13+08:00 ] 188.188.188.153 /Admin/Activity
INFO: [ app_init ] --START--
INFO: Run Behavior\BuildLiteBehavior [ RunTime:0.000018s ]
INFO: [ app_init ] --END-- [ RunTime:0.001497s ]
INFO: [ app_begin ] --START--
INFO: Run Behavior\ReadHtmlCacheBehavior [ RunTime:0.001131s ]
INFO: [ app_begin ] --END-- [ RunTime:0.001231s ]
SQL: SHOW COLUMNS FROM `yfq_branch_type` [ RunTime:0.0191s ]
SQL: SELECT * FROM `yfq_branch_type` WHERE ( status=1 )  [ RunTime:0.0003s ]
SQL: SHOW COLUMNS FROM `yfq_activity` [ RunTime:0.0037s ]
SQL: SELECT * FROM `yfq_activity` WHERE ( status!=3 ) LIMIT 0,10   [ RunTime:0.0003s ]
SQL: SELECT COUNT(*) AS tp_count FROM `yfq_activity` WHERE ( status!=3 ) LIMIT 1   [ RunTime:0.0002s ]
INFO: [ view_parse ] --START--
INFO: [ template_filter ] --START--
INFO: Run Behavior\ContentReplaceBehavior [ RunTime:0.000065s ]
INFO: [ template_filter ] --END-- [ RunTime:0.000104s ]
INFO: Run Behavior\ParseTemplateBehavior [ RunTime:0.009179s ]
INFO: [ view_parse ] --END-- [ RunTime:0.009219s ]
INFO: [ view_filter ] --START--
INFO: Run Behavior\WriteHtmlCacheBehavior [ RunTime:0.000220s ]
INFO: [ view_filter ] --END-- [ RunTime:0.000243s ]
INFO: [ app_end ] --START--
INFO: Run Behavior\ShowPageTraceBehavior [ RunTime:0.000456s ]
INFO: [ app_end ] --END-- [ RunTime:0.000487s ]

[ 2017-02-06T16:54:15+08:00 ] 188.188.188.153 /Admin/Activity/addAct.html?id=6
INFO: [ app_init ] --START--
INFO: Run Behavior\BuildLiteBehavior [ RunTime:0.000012s ]
INFO: [ app_init ] --END-- [ RunTime:0.001806s ]
INFO: [ app_begin ] --START--
INFO: Run Behavior\ReadHtmlCacheBehavior [ RunTime:0.001873s ]
INFO: [ app_begin ] --END-- [ RunTime:0.002021s ]
SQL: SHOW COLUMNS FROM `yfq_branch_type` [ RunTime:0.0134s ]
SQL: SELECT * FROM `yfq_branch_type` WHERE ( status=1 )  [ RunTime:0.0003s ]
SQL: SHOW COLUMNS FROM `yfq_activity` [ RunTime:0.0032s ]
SQL: SELECT * FROM `yfq_activity` WHERE ( act_id=6 ) LIMIT 1   [ RunTime:0.0002s ]
INFO: [ view_parse ] --START--
INFO: [ template_filter ] --START--
INFO: Run Behavior\ContentReplaceBehavior [ RunTime:0.000072s ]
INFO: [ template_filter ] --END-- [ RunTime:0.000103s ]
INFO: Run Behavior\ParseTemplateBehavior [ RunTime:0.005391s ]
INFO: [ view_parse ] --END-- [ RunTime:0.005425s ]
INFO: [ view_filter ] --START--
INFO: Run Behavior\WriteHtmlCacheBehavior [ RunTime:0.000204s ]
INFO: [ view_filter ] --END-- [ RunTime:0.000227s ]
INFO: [ app_end ] --START--
INFO: Run Behavior\ShowPageTraceBehavior [ RunTime:0.000541s ]
INFO: [ app_end ] --END-- [ RunTime:0.000579s ]

[ 2017-02-06T16:54:15+08:00 ] 188.188.188.153 /Admin/Prize/getPrize.html
INFO: [ app_init ] --START--
INFO: Run Behavior\BuildLiteBehavior [ RunTime:0.000009s ]
INFO: [ app_init ] --END-- [ RunTime:0.000279s ]
INFO: [ app_begin ] --START--
INFO: Run Behavior\ReadHtmlCacheBehavior [ RunTime:0.000367s ]
INFO: [ app_begin ] --END-- [ RunTime:0.000398s ]
SQL: SHOW COLUMNS FROM `yfq_activity` [ RunTime:0.0109s ]
SQL: SELECT * FROM `yfq_activity` WHERE ( act_id=6 ) LIMIT 1   [ RunTime:0.0003s ]
SQL: SHOW COLUMNS FROM `yfq_branch_type` [ RunTime:0.0035s ]
SQL: SELECT * FROM `yfq_branch_type` WHERE ( type_id=4 ) LIMIT 1   [ RunTime:0.0003s ]
SQL: SHOW COLUMNS FROM `yfq_prize` [ RunTime:0.0032s ]
SQL: SELECT * FROM `yfq_prize` WHERE ( if_del=1 and act_id=6 )  [ RunTime:0.0003s ]

[ 2017-02-06T16:54:27+08:00 ] 188.188.188.153 /Admin/Prize
INFO: [ app_init ] --START--
INFO: Run Behavior\BuildLiteBehavior [ RunTime:0.000009s ]
INFO: [ app_init ] --END-- [ RunTime:0.000354s ]
INFO: [ app_begin ] --START--
INFO: Run Behavior\ReadHtmlCacheBehavior [ RunTime:0.000398s ]
INFO: [ app_begin ] --END-- [ RunTime:0.000428s ]
SQL: SHOW COLUMNS FROM `yfq_branch_type` [ RunTime:0.0099s ]
SQL: SELECT * FROM `yfq_branch_type` WHERE ( status=1 )  [ RunTime:0.0003s ]
SQL: SHOW COLUMNS FROM `yfq_activity` [ RunTime:0.0036s ]
SQL: SELECT * FROM `yfq_activity`  [ RunTime:0.0003s ]
SQL: SHOW COLUMNS FROM `yfq_prize` [ RunTime:0.0031s ]
SQL: SELECT * FROM `yfq_prize` WHERE ( if_del=1 ) LIMIT 0,10   [ RunTime:0.0003s ]
SQL: SELECT COUNT(*) AS tp_count FROM `yfq_prize` WHERE ( if_del=1 ) LIMIT 1   [ RunTime:0.0012s ]
INFO: [ view_parse ] --START--
INFO: [ template_filter ] --START--
INFO: Run Behavior\ContentReplaceBehavior [ RunTime:0.000064s ]
INFO: [ template_filter ] --END-- [ RunTime:0.000097s ]
NOTIC: [8] Undefined offset: 0 E:\PHP\WWW\yfq\Application\Runtime\Cache\Admin\54672e846cfd9d8e359e8d1a5ea09817.php 第 106 行.
NOTIC: [8] Undefined offset: 0 E:\PHP\WWW\yfq\Application\Runtime\Cache\Admin\54672e846cfd9d8e359e8d1a5ea09817.php 第 106 行.
NOTIC: [8] Undefined offset: 0 E:\PHP\WWW\yfq\Application\Runtime\Cache\Admin\54672e846cfd9d8e359e8d1a5ea09817.php 第 107 行.
NOTIC: [8] Undefined offset: 0 E:\PHP\WWW\yfq\Application\Runtime\Cache\Admin\54672e846cfd9d8e359e8d1a5ea09817.php 第 106 行.
NOTIC: [8] Undefined offset: 0 E:\PHP\WWW\yfq\Application\Runtime\Cache\Admin\54672e846cfd9d8e359e8d1a5ea09817.php 第 107 行.
NOTIC: [8] Undefined offset: 0 E:\PHP\WWW\yfq\Application\Runtime\Cache\Admin\54672e846cfd9d8e359e8d1a5ea09817.php 第 106 行.
NOTIC: [8] Undefined offset: 0 E:\PHP\WWW\yfq\Application\Runtime\Cache\Admin\54672e846cfd9d8e359e8d1a5ea09817.php 第 107 行.
NOTIC: [8] Undefined offset: 0 E:\PHP\WWW\yfq\Application\Runtime\Cache\Admin\54672e846cfd9d8e359e8d1a5ea09817.php 第 106 行.
NOTIC: [8] Undefined offset: 0 E:\PHP\WWW\yfq\Application\Runtime\Cache\Admin\54672e846cfd9d8e359e8d1a5ea09817.php 第 107 行.
NOTIC: [8] Undefined offset: 0 E:\PHP\WWW\yfq\Application\Runtime\Cache\Admin\54672e846cfd9d8e359e8d1a5ea09817.php 第 106 行.
NOTIC: [8] Undefined offset: 0 E:\PHP\WWW\yfq\Application\Runtime\Cache\Admin\54672e846cfd9d8e359e8d1a5ea09817.php 第 107 行.
INFO: Run Behavior\ParseTemplateBehavior [ RunTime:0.006020s ]
INFO: [ view_parse ] --END-- [ RunTime:0.006052s ]
INFO: [ view_filter ] --START--
INFO: Run Behavior\WriteHtmlCacheBehavior [ RunTime:0.000228s ]
INFO: [ view_filter ] --END-- [ RunTime:0.000256s ]
INFO: [ app_end ] --START--
INFO: Run Behavior\ShowPageTraceBehavior [ RunTime:0.000354s ]
INFO: [ app_end ] --END-- [ RunTime:0.000382s ]

[ 2017-02-06T16:54:38+08:00 ] 188.188.188.153 /Admin/Prize/addPrize.html?id=13
INFO: [ app_init ] --START--
INFO: Run Behavior\BuildLiteBehavior [ RunTime:0.000013s ]
INFO: [ app_init ] --END-- [ RunTime:0.002138s ]
INFO: [ app_begin ] --START--
INFO: Run Behavior\ReadHtmlCacheBehavior [ RunTime:0.000378s ]
INFO: [ app_begin ] --END-- [ RunTime:0.000416s ]
SQL: SHOW COLUMNS FROM `yfq_branch_type` [ RunTime:0.0133s ]
SQL: SELECT * FROM `yfq_branch_type` WHERE ( status=1 )  [ RunTime:0.0003s ]
SQL: SHOW COLUMNS FROM `yfq_activity` [ RunTime:0.0054s ]
SQL: SELECT * FROM `yfq_activity` WHERE ( status!=3 )  [ RunTime:0.0003s ]
SQL: SHOW COLUMNS FROM `yfq_prize` [ RunTime:0.0091s ]
SQL: SELECT * FROM `yfq_prize` WHERE ( prize_id=13 ) LIMIT 1   [ RunTime:0.0004s ]
INFO: [ view_parse ] --START--
INFO: [ template_filter ] --START--
INFO: Run Behavior\ContentReplaceBehavior [ RunTime:0.000063s ]
INFO: [ template_filter ] --END-- [ RunTime:0.000099s ]
INFO: Run Behavior\ParseTemplateBehavior [ RunTime:0.005848s ]
INFO: [ view_parse ] --END-- [ RunTime:0.005890s ]
INFO: [ view_filter ] --START--
INFO: Run Behavior\WriteHtmlCacheBehavior [ RunTime:0.000208s ]
INFO: [ view_filter ] --END-- [ RunTime:0.000230s ]
INFO: [ app_end ] --START--
INFO: Run Behavior\ShowPageTraceBehavior [ RunTime:0.000338s ]
INFO: [ app_end ] --END-- [ RunTime:0.000364s ]

[ 2017-02-06T16:54:49+08:00 ] 188.188.188.153 /Admin/Activity
INFO: [ app_init ] --START--
INFO: Run Behavior\BuildLiteBehavior [ RunTime:0.000008s ]
INFO: [ app_init ] --END-- [ RunTime:0.000358s ]
INFO: [ app_begin ] --START--
INFO: Run Behavior\ReadHtmlCacheBehavior [ RunTime:0.000335s ]
INFO: [ app_begin ] --END-- [ RunTime:0.000367s ]
SQL: SHOW COLUMNS FROM `yfq_branch_type` [ RunTime:0.0100s ]
SQL: SELECT * FROM `yfq_branch_type` WHERE ( status=1 )  [ RunTime:0.0003s ]
SQL: SHOW COLUMNS FROM `yfq_activity` [ RunTime:0.0033s ]
SQL: SELECT * FROM `yfq_activity` WHERE ( status!=3 ) LIMIT 0,10   [ RunTime:0.0003s ]
SQL: SELECT COUNT(*) AS tp_count FROM `yfq_activity` WHERE ( status!=3 ) LIMIT 1   [ RunTime:0.0002s ]
INFO: [ view_parse ] --START--
INFO: [ template_filter ] --START--
INFO: Run Behavior\ContentReplaceBehavior [ RunTime:0.000075s ]
INFO: [ template_filter ] --END-- [ RunTime:0.000109s ]
INFO: Run Behavior\ParseTemplateBehavior [ RunTime:0.006430s ]
INFO: [ view_parse ] --END-- [ RunTime:0.006463s ]
INFO: [ view_filter ] --START--
INFO: Run Behavior\WriteHtmlCacheBehavior [ RunTime:0.000284s ]
INFO: [ view_filter ] --END-- [ RunTime:0.000309s ]
INFO: [ app_end ] --START--
INFO: Run Behavior\ShowPageTraceBehavior [ RunTime:0.000406s ]
INFO: [ app_end ] --END-- [ RunTime:0.000436s ]

[ 2017-02-06T16:54:50+08:00 ] 188.188.188.153 /Admin/Activity/addAct.html?id=6
INFO: [ app_init ] --START--
INFO: Run Behavior\BuildLiteBehavior [ RunTime:0.000010s ]
INFO: [ app_init ] --END-- [ RunTime:0.000305s ]
INFO: [ app_begin ] --START--
INFO: Run Behavior\ReadHtmlCacheBehavior [ RunTime:0.000740s ]
INFO: [ app_begin ] --END-- [ RunTime:0.000821s ]
SQL: SHOW COLUMNS FROM `yfq_branch_type` [ RunTime:0.0033s ]
SQL: SELECT * FROM `yfq_branch_type` WHERE ( status=1 )  [ RunTime:0.0003s ]
SQL: SHOW COLUMNS FROM `yfq_activity` [ RunTime:0.0058s ]
SQL: SELECT * FROM `yfq_activity` WHERE ( act_id=6 ) LIMIT 1   [ RunTime:0.0003s ]
INFO: [ view_parse ] --START--
INFO: [ template_filter ] --START--
INFO: Run Behavior\ContentReplaceBehavior [ RunTime:0.000103s ]
INFO: [ template_filter ] --END-- [ RunTime:0.000145s ]
INFO: Run Behavior\ParseTemplateBehavior [ RunTime:0.006721s ]
INFO: [ view_parse ] --END-- [ RunTime:0.006755s ]
INFO: [ view_filter ] --START--
INFO: Run Behavior\WriteHtmlCacheBehavior [ RunTime:0.000210s ]
INFO: [ view_filter ] --END-- [ RunTime:0.000234s ]
INFO: [ app_end ] --START--
INFO: Run Behavior\ShowPageTraceBehavior [ RunTime:0.000426s ]
INFO: [ app_end ] --END-- [ RunTime:0.000460s ]

[ 2017-02-06T16:54:51+08:00 ] 188.188.188.153 /Admin/Prize/getPrize.html
INFO: [ app_init ] --START--
INFO: Run Behavior\BuildLiteBehavior [ RunTime:0.000009s ]
INFO: [ app_init ] --END-- [ RunTime:0.000285s ]
INFO: [ app_begin ] --START--
INFO: Run Behavior\ReadHtmlCacheBehavior [ RunTime:0.000318s ]
INFO: [ app_begin ] --END-- [ RunTime:0.000347s ]
SQL: SHOW COLUMNS FROM `yfq_activity` [ RunTime:0.0099s ]
SQL: SELECT * FROM `yfq_activity` WHERE ( act_id=6 ) LIMIT 1   [ RunTime:0.0003s ]
SQL: SHOW COLUMNS FROM `yfq_branch_type` [ RunTime:0.0071s ]
SQL: SELECT * FROM `yfq_branch_type` WHERE ( type_id=4 ) LIMIT 1   [ RunTime:0.0002s ]
SQL: SHOW COLUMNS FROM `yfq_prize` [ RunTime:0.0031s ]
SQL: SELECT * FROM `yfq_prize` WHERE ( if_del=1 and act_id=6 )  [ RunTime:0.0002s ]

[ 2017-02-06T16:55:01+08:00 ] 188.188.188.153 /Admin/Activity
INFO: [ app_init ] --START--
INFO: Run Behavior\BuildLiteBehavior [ RunTime:0.000010s ]
INFO: [ app_init ] --END-- [ RunTime:0.000307s ]
INFO: [ app_begin ] --START--
INFO: Run Behavior\ReadHtmlCacheBehavior [ RunTime:0.001383s ]
INFO: [ app_begin ] --END-- [ RunTime:0.001429s ]
SQL: SHOW COLUMNS FROM `yfq_branch_type` [ RunTime:0.0105s ]
SQL: SELECT * FROM `yfq_branch_type` WHERE ( status=1 )  [ RunTime:0.0004s ]
SQL: SHOW COLUMNS FROM `yfq_activity` [ RunTime:0.0074s ]
SQL: SELECT * FROM `yfq_activity` WHERE ( status!=3 ) LIMIT 0,10   [ RunTime:0.0003s ]
SQL: SELECT COUNT(*) AS tp_count FROM `yfq_activity` WHERE ( status!=3 ) LIMIT 1   [ RunTime:0.0002s ]
INFO: [ view_parse ] --START--
INFO: [ template_filter ] --START--
INFO: Run Behavior\ContentReplaceBehavior [ RunTime:0.000069s ]
INFO: [ template_filter ] --END-- [ RunTime:0.000105s ]
INFO: Run Behavior\ParseTemplateBehavior [ RunTime:0.007002s ]
INFO: [ view_parse ] --END-- [ RunTime:0.007036s ]
INFO: [ view_filter ] --START--
INFO: Run Behavior\WriteHtmlCacheBehavior [ RunTime:0.000286s ]
INFO: [ view_filter ] --END-- [ RunTime:0.000312s ]
INFO: [ app_end ] --START--
INFO: Run Behavior\ShowPageTraceBehavior [ RunTime:0.000467s ]
INFO: [ app_end ] --END-- [ RunTime:0.000497s ]

[ 2017-02-06T16:55:02+08:00 ] 188.188.188.153 /Admin/Prize
INFO: [ app_init ] --START--
INFO: Run Behavior\BuildLiteBehavior [ RunTime:0.000009s ]
INFO: [ app_init ] --END-- [ RunTime:0.000354s ]
INFO: [ app_begin ] --START--
INFO: Run Behavior\ReadHtmlCacheBehavior [ RunTime:0.000395s ]
INFO: [ app_begin ] --END-- [ RunTime:0.000426s ]
SQL: SHOW COLUMNS FROM `yfq_branch_type` [ RunTime:0.0101s ]
SQL: SELECT * FROM `yfq_branch_type` WHERE ( status=1 )  [ RunTime:0.0003s ]
SQL: SHOW COLUMNS FROM `yfq_activity` [ RunTime:0.0031s ]
SQL: SELECT * FROM `yfq_activity`  [ RunTime:0.0002s ]
SQL: SHOW COLUMNS FROM `yfq_prize` [ RunTime:0.0030s ]
SQL: SELECT * FROM `yfq_prize` WHERE ( if_del=1 ) LIMIT 0,10   [ RunTime:0.0003s ]
SQL: SELECT COUNT(*) AS tp_count FROM `yfq_prize` WHERE ( if_del=1 ) LIMIT 1   [ RunTime:0.0002s ]
INFO: [ view_parse ] --START--
INFO: [ template_filter ] --START--
INFO: Run Behavior\ContentReplaceBehavior [ RunTime:0.000064s ]
INFO: [ template_filter ] --END-- [ RunTime:0.000099s ]
NOTIC: [8] Undefined offset: 0 E:\PHP\WWW\yfq\Application\Runtime\Cache\Admin\54672e846cfd9d8e359e8d1a5ea09817.php 第 106 行.
NOTIC: [8] Undefined offset: 0 E:\PHP\WWW\yfq\Application\Runtime\Cache\Admin\54672e846cfd9d8e359e8d1a5ea09817.php 第 106 行.
NOTIC: [8] Undefined offset: 0 E:\PHP\WWW\yfq\Application\Runtime\Cache\Admin\54672e846cfd9d8e359e8d1a5ea09817.php 第 107 行.
NOTIC: [8] Undefined offset: 0 E:\PHP\WWW\yfq\Application\Runtime\Cache\Admin\54672e846cfd9d8e359e8d1a5ea09817.php 第 106 行.
NOTIC: [8] Undefined offset: 0 E:\PHP\WWW\yfq\Application\Runtime\Cache\Admin\54672e846cfd9d8e359e8d1a5ea09817.php 第 107 行.
NOTIC: [8] Undefined offset: 0 E:\PHP\WWW\yfq\Application\Runtime\Cache\Admin\54672e846cfd9d8e359e8d1a5ea09817.php 第 106 行.
NOTIC: [8] Undefined offset: 0 E:\PHP\WWW\yfq\Application\Runtime\Cache\Admin\54672e846cfd9d8e359e8d1a5ea09817.php 第 107 行.
NOTIC: [8] Undefined offset: 0 E:\PHP\WWW\yfq\Application\Runtime\Cache\Admin\54672e846cfd9d8e359e8d1a5ea09817.php 第 106 行.
NOTIC: [8] Undefined offset: 0 E:\PHP\WWW\yfq\Application\Runtime\Cache\Admin\54672e846cfd9d8e359e8d1a5ea09817.php 第 107 行.
NOTIC: [8] Undefined offset: 0 E:\PHP\WWW\yfq\Application\Runtime\Cache\Admin\54672e846cfd9d8e359e8d1a5ea09817.php 第 106 行.
NOTIC: [8] Undefined offset: 0 E:\PHP\WWW\yfq\Application\Runtime\Cache\Admin\54672e846cfd9d8e359e8d1a5ea09817.php 第 107 行.
INFO: Run Behavior\ParseTemplateBehavior [ RunTime:0.006789s ]
INFO: [ view_parse ] --END-- [ RunTime:0.006818s ]
INFO: [ view_filter ] --START--
INFO: Run Behavior\WriteHtmlCacheBehavior [ RunTime:0.000223s ]
INFO: [ view_filter ] --END-- [ RunTime:0.000245s ]
INFO: [ app_end ] --START--
INFO: Run Behavior\ShowPageTraceBehavior [ RunTime:0.000465s ]
INFO: [ app_end ] --END-- [ RunTime:0.000499s ]

[ 2017-02-06T16:55:04+08:00 ] 188.188.188.153 /Admin/Prize/addPrize.html
INFO: [ app_init ] --START--
INFO: Run Behavior\BuildLiteBehavior [ RunTime:0.000011s ]
INFO: [ app_init ] --END-- [ RunTime:0.000414s ]
INFO: [ app_begin ] --START--
INFO: Run Behavior\ReadHtmlCacheBehavior [ RunTime:0.000631s ]
INFO: [ app_begin ] --END-- [ RunTime:0.000679s ]
SQL: SHOW COLUMNS FROM `yfq_branch_type` [ RunTime:0.0145s ]
SQL: SELECT * FROM `yfq_branch_type` WHERE ( status=1 )  [ RunTime:0.0003s ]
SQL: SHOW COLUMNS FROM `yfq_activity` [ RunTime:0.0032s ]
SQL: SELECT * FROM `yfq_activity` WHERE ( status!=3 )  [ RunTime:0.0003s ]
NOTIC: [8] Undefined index: id E:\PHP\WWW\yfq\Application\Admin\Controller\PrizeController.class.php 第 38 行.
INFO: [ view_parse ] --START--
INFO: [ template_filter ] --START--
INFO: Run Behavior\ContentReplaceBehavior [ RunTime:0.000062s ]
INFO: [ template_filter ] --END-- [ RunTime:0.000098s ]
NOTIC: [8] Undefined variable: info E:\PHP\WWW\yfq\Application\Runtime\Cache\Admin\5574274eb6d22b93db5a78773e3058db.php 第 51 行.
NOTIC: [8] Undefined variable: info E:\PHP\WWW\yfq\Application\Runtime\Cache\Admin\5574274eb6d22b93db5a78773e3058db.php 第 57 行.
NOTIC: [8] Undefined variable: info E:\PHP\WWW\yfq\Application\Runtime\Cache\Admin\5574274eb6d22b93db5a78773e3058db.php 第 62 行.
NOTIC: [8] Undefined variable: info E:\PHP\WWW\yfq\Application\Runtime\Cache\Admin\5574274eb6d22b93db5a78773e3058db.php 第 67 行.
NOTIC: [8] Undefined variable: info E:\PHP\WWW\yfq\Application\Runtime\Cache\Admin\5574274eb6d22b93db5a78773e3058db.php 第 72 行.
NOTIC: [8] Undefined variable: info E:\PHP\WWW\yfq\Application\Runtime\Cache\Admin\5574274eb6d22b93db5a78773e3058db.php 第 106 行.
NOTIC: [8] Undefined variable: info E:\PHP\WWW\yfq\Application\Runtime\Cache\Admin\5574274eb6d22b93db5a78773e3058db.php 第 108 行.
NOTIC: [8] Undefined variable: info E:\PHP\WWW\yfq\Application\Runtime\Cache\Admin\5574274eb6d22b93db5a78773e3058db.php 第 109 行.
INFO: Run Behavior\ParseTemplateBehavior [ RunTime:0.009119s ]
INFO: [ view_parse ] --END-- [ RunTime:0.009150s ]
INFO: [ view_filter ] --START--
INFO: Run Behavior\WriteHtmlCacheBehavior [ RunTime:0.000215s ]
INFO: [ view_filter ] --END-- [ RunTime:0.000240s ]
INFO: [ app_end ] --START--
INFO: Run Behavior\ShowPageTraceBehavior [ RunTime:0.000342s ]
INFO: [ app_end ] --END-- [ RunTime:0.000368s ]

[ 2017-02-06T16:55:16+08:00 ] 188.188.188.153 /Admin/Prize/addPrize.html
INFO: [ app_init ] --START--
INFO: Run Behavior\BuildLiteBehavior [ RunTime:0.000009s ]
INFO: [ app_init ] --END-- [ RunTime:0.000354s ]
INFO: [ app_begin ] --START--
INFO: Run Behavior\ReadHtmlCacheBehavior [ RunTime:0.000418s ]
INFO: [ app_begin ] --END-- [ RunTime:0.000449s ]
SQL: SHOW COLUMNS FROM `yfq_prize` [ RunTime:0.0035s ]
SQL: INSERT INTO `yfq_prize` (`prize_name`,`level`,`update_time`,`type_id`,`act_id`) VALUES ('安全锤','一等奖','1486371316','4','6') [ RunTime:0.0316s ]

[ 2017-02-06T16:55:17+08:00 ] 188.188.188.153 /Admin/Prize
INFO: [ app_init ] --START--
INFO: Run Behavior\BuildLiteBehavior [ RunTime:0.000011s ]
INFO: [ app_init ] --END-- [ RunTime:0.000340s ]
INFO: [ app_begin ] --START--
INFO: Run Behavior\ReadHtmlCacheBehavior [ RunTime:0.000507s ]
INFO: [ app_begin ] --END-- [ RunTime:0.000599s ]
SQL: SHOW COLUMNS FROM `yfq_branch_type` [ RunTime:0.0198s ]
SQL: SELECT * FROM `yfq_branch_type` WHERE ( status=1 )  [ RunTime:0.0003s ]
SQL: SHOW COLUMNS FROM `yfq_activity` [ RunTime:0.0059s ]
SQL: SELECT * FROM `yfq_activity`  [ RunTime:0.0003s ]
SQL: SHOW COLUMNS FROM `yfq_prize` [ RunTime:0.0031s ]
SQL: SELECT * FROM `yfq_prize` WHERE ( if_del=1 ) LIMIT 0,10   [ RunTime:0.0003s ]
SQL: SELECT COUNT(*) AS tp_count FROM `yfq_prize` WHERE ( if_del=1 ) LIMIT 1   [ RunTime:0.0002s ]
INFO: [ view_parse ] --START--
INFO: [ template_filter ] --START--
INFO: Run Behavior\ContentReplaceBehavior [ RunTime:0.000063s ]
INFO: [ template_filter ] --END-- [ RunTime:0.000093s ]
NOTIC: [8] Undefined offset: 0 E:\PHP\WWW\yfq\Application\Runtime\Cache\Admin\54672e846cfd9d8e359e8d1a5ea09817.php 第 106 行.
NOTIC: [8] Undefined offset: 0 E:\PHP\WWW\yfq\Application\Runtime\Cache\Admin\54672e846cfd9d8e359e8d1a5ea09817.php 第 106 行.
NOTIC: [8] Undefined offset: 0 E:\PHP\WWW\yfq\Application\Runtime\Cache\Admin\54672e846cfd9d8e359e8d1a5ea09817.php 第 107 行.
NOTIC: [8] Undefined offset: 0 E:\PHP\WWW\yfq\Application\Runtime\Cache\Admin\54672e846cfd9d8e359e8d1a5ea09817.php 第 106 行.
NOTIC: [8] Undefined offset: 0 E:\PHP\WWW\yfq\Application\Runtime\Cache\Admin\54672e846cfd9d8e359e8d1a5ea09817.php 第 107 行.
NOTIC: [8] Undefined offset: 0 E:\PHP\WWW\yfq\Application\Runtime\Cache\Admin\54672e846cfd9d8e359e8d1a5ea09817.php 第 106 行.
NOTIC: [8] Undefined offset: 0 E:\PHP\WWW\yfq\Application\Runtime\Cache\Admin\54672e846cfd9d8e359e8d1a5ea09817.php 第 107 行.
NOTIC: [8] Undefined offset: 0 E:\PHP\WWW\yfq\Application\Runtime\Cache\Admin\54672e846cfd9d8e359e8d1a5ea09817.php 第 106 行.
NOTIC: [8] Undefined offset: 0 E:\PHP\WWW\yfq\Application\Runtime\Cache\Admin\54672e846cfd9d8e359e8d1a5ea09817.php 第 107 行.
NOTIC: [8] Undefined offset: 0 E:\PHP\WWW\yfq\Application\Runtime\Cache\Admin\54672e846cfd9d8e359e8d1a5ea09817.php 第 106 行.
NOTIC: [8] Undefined offset: 0 E:\PHP\WWW\yfq\Application\Runtime\Cache\Admin\54672e846cfd9d8e359e8d1a5ea09817.php 第 107 行.
INFO: Run Behavior\ParseTemplateBehavior [ RunTime:0.005888s ]
INFO: [ view_parse ] --END-- [ RunTime:0.005919s ]
INFO: [ view_filter ] --START--
INFO: Run Behavior\WriteHtmlCacheBehavior [ RunTime:0.000221s ]
INFO: [ view_filter ] --END-- [ RunTime:0.000246s ]
INFO: [ app_end ] --START--
INFO: Run Behavior\ShowPageTraceBehavior [ RunTime:0.002698s ]
INFO: [ app_end ] --END-- [ RunTime:0.002741s ]

[ 2017-02-06T16:55:18+08:00 ] 188.188.188.153 /Admin/Activity
INFO: [ app_init ] --START--
INFO: Run Behavior\BuildLiteBehavior [ RunTime:0.000010s ]
INFO: [ app_init ] --END-- [ RunTime:0.000366s ]
INFO: [ app_begin ] --START--
INFO: Run Behavior\ReadHtmlCacheBehavior [ RunTime:0.000403s ]
INFO: [ app_begin ] --END-- [ RunTime:0.000434s ]
SQL: SHOW COLUMNS FROM `yfq_branch_type` [ RunTime:0.0101s ]
SQL: SELECT * FROM `yfq_branch_type` WHERE ( status=1 )  [ RunTime:0.0003s ]
SQL: SHOW COLUMNS FROM `yfq_activity` [ RunTime:0.0031s ]
SQL: SELECT * FROM `yfq_activity` WHERE ( status!=3 ) LIMIT 0,10   [ RunTime:0.0003s ]
SQL: SELECT COUNT(*) AS tp_count FROM `yfq_activity` WHERE ( status!=3 ) LIMIT 1   [ RunTime:0.0002s ]
INFO: [ view_parse ] --START--
INFO: [ template_filter ] --START--
INFO: Run Behavior\ContentReplaceBehavior [ RunTime:0.000068s ]
INFO: [ template_filter ] --END-- [ RunTime:0.000106s ]
INFO: Run Behavior\ParseTemplateBehavior [ RunTime:0.006400s ]
INFO: [ view_parse ] --END-- [ RunTime:0.006433s ]
INFO: [ view_filter ] --START--
INFO: Run Behavior\WriteHtmlCacheBehavior [ RunTime:0.000223s ]
INFO: [ view_filter ] --END-- [ RunTime:0.000246s ]
INFO: [ app_end ] --START--
INFO: Run Behavior\ShowPageTraceBehavior [ RunTime:0.000453s ]
INFO: [ app_end ] --END-- [ RunTime:0.000485s ]

[ 2017-02-06T16:55:20+08:00 ] 188.188.188.153 /Admin/Activity/addAct.html?id=6
INFO: [ app_init ] --START--
INFO: Run Behavior\BuildLiteBehavior [ RunTime:0.000022s ]
INFO: [ app_init ] --END-- [ RunTime:0.000569s ]
INFO: [ app_begin ] --START--
INFO: Run Behavior\ReadHtmlCacheBehavior [ RunTime:0.000437s ]
INFO: [ app_begin ] --END-- [ RunTime:0.000476s ]
SQL: SHOW COLUMNS FROM `yfq_branch_type` [ RunTime:0.0032s ]
SQL: SELECT * FROM `yfq_branch_type` WHERE ( status=1 )  [ RunTime:0.0003s ]
SQL: SHOW COLUMNS FROM `yfq_activity` [ RunTime:0.0036s ]
SQL: SELECT * FROM `yfq_activity` WHERE ( act_id=6 ) LIMIT 1   [ RunTime:0.0007s ]
INFO: [ view_parse ] --START--
INFO: [ template_filter ] --START--
INFO: Run Behavior\ContentReplaceBehavior [ RunTime:0.000074s ]
INFO: [ template_filter ] --END-- [ RunTime:0.000111s ]
INFO: Run Behavior\ParseTemplateBehavior [ RunTime:0.011274s ]
INFO: [ view_parse ] --END-- [ RunTime:0.011312s ]
INFO: [ view_filter ] --START--
INFO: Run Behavior\WriteHtmlCacheBehavior [ RunTime:0.000288s ]
INFO: [ view_filter ] --END-- [ RunTime:0.000314s ]
INFO: [ app_end ] --START--
INFO: Run Behavior\ShowPageTraceBehavior [ RunTime:0.028819s ]
INFO: [ app_end ] --END-- [ RunTime:0.028864s ]

[ 2017-02-06T16:55:20+08:00 ] 188.188.188.153 /Admin/Prize/getPrize.html
INFO: [ app_init ] --START--
INFO: Run Behavior\BuildLiteBehavior [ RunTime:0.000010s ]
INFO: [ app_init ] --END-- [ RunTime:0.000286s ]
INFO: [ app_begin ] --START--
INFO: Run Behavior\ReadHtmlCacheBehavior [ RunTime:0.000342s ]
INFO: [ app_begin ] --END-- [ RunTime:0.000374s ]
SQL: SHOW COLUMNS FROM `yfq_activity` [ RunTime:0.0148s ]
SQL: SELECT * FROM `yfq_activity` WHERE ( act_id=6 ) LIMIT 1   [ RunTime:0.0003s ]
SQL: SHOW COLUMNS FROM `yfq_branch_type` [ RunTime:0.0039s ]
SQL: SELECT * FROM `yfq_branch_type` WHERE ( type_id=4 ) LIMIT 1   [ RunTime:0.0002s ]
SQL: SHOW COLUMNS FROM `yfq_prize` [ RunTime:0.0030s ]
SQL: SELECT * FROM `yfq_prize` WHERE ( if_del=1 and act_id=6 )  [ RunTime:0.0002s ]

[ 2017-02-06T16:55:24+08:00 ] 188.188.188.153 /Admin/Activity/addActUp.html
INFO: [ app_init ] --START--
INFO: Run Behavior\BuildLiteBehavior [ RunTime:0.000012s ]
INFO: [ app_init ] --END-- [ RunTime:0.000366s ]
INFO: [ app_begin ] --START--
INFO: Run Behavior\ReadHtmlCacheBehavior [ RunTime:0.000463s ]
INFO: [ app_begin ] --END-- [ RunTime:0.000507s ]
SQL: SHOW COLUMNS FROM `yfq_activity` [ RunTime:0.0055s ]
SQL: UPDATE `yfq_activity` SET `type_id`='4',`act_name`='市人保情人节',`free_times`='1',`pay_money`='0',`pay_times`='0',`valid_pay_num`='0',`share_times`='0',`valid_share_num`='0',`start_time`='1486224000',`end_time`='1488297599',`prize_ratio`='{\"14\":\"2\"}' WHERE ( act_id=6 ) [ RunTime:0.0302s ]

[ 2017-02-06T16:55:24+08:00 ] 188.188.188.153 /Admin/Activity
INFO: [ app_init ] --START--
INFO: Run Behavior\BuildLiteBehavior [ RunTime:0.000011s ]
INFO: [ app_init ] --END-- [ RunTime:0.000301s ]
INFO: [ app_begin ] --START--
INFO: Run Behavior\ReadHtmlCacheBehavior [ RunTime:0.000334s ]
INFO: [ app_begin ] --END-- [ RunTime:0.000366s ]
SQL: SHOW COLUMNS FROM `yfq_branch_type` [ RunTime:0.0057s ]
SQL: SELECT * FROM `yfq_branch_type` WHERE ( status=1 )  [ RunTime:0.0003s ]
SQL: SHOW COLUMNS FROM `yfq_activity` [ RunTime:0.0034s ]
SQL: SELECT * FROM `yfq_activity` WHERE ( status!=3 ) LIMIT 0,10   [ RunTime:0.0004s ]
SQL: SELECT COUNT(*) AS tp_count FROM `yfq_activity` WHERE ( status!=3 ) LIMIT 1   [ RunTime:0.0004s ]
INFO: [ view_parse ] --START--
INFO: [ template_filter ] --START--
INFO: Run Behavior\ContentReplaceBehavior [ RunTime:0.000072s ]
INFO: [ template_filter ] --END-- [ RunTime:0.000117s ]
INFO: Run Behavior\ParseTemplateBehavior [ RunTime:0.007806s ]
INFO: [ view_parse ] --END-- [ RunTime:0.007859s ]
INFO: [ view_filter ] --START--
INFO: Run Behavior\WriteHtmlCacheBehavior [ RunTime:0.000285s ]
INFO: [ view_filter ] --END-- [ RunTime:0.000315s ]
INFO: [ app_end ] --START--
INFO: Run Behavior\ShowPageTraceBehavior [ RunTime:0.003292s ]
INFO: [ app_end ] --END-- [ RunTime:0.003343s ]

[ 2017-02-06T17:10:27+08:00 ] 188.188.188.153 /Admin/Activity/upStatus.html
INFO: [ app_init ] --START--
INFO: Run Behavior\BuildLiteBehavior [ RunTime:0.000011s ]
INFO: [ app_init ] --END-- [ RunTime:0.000374s ]
INFO: [ app_begin ] --START--
INFO: Run Behavior\ReadHtmlCacheBehavior [ RunTime:0.000380s ]
INFO: [ app_begin ] --END-- [ RunTime:0.000417s ]
SQL: SHOW COLUMNS FROM `yfq_activity` [ RunTime:0.0038s ]
SQL: UPDATE `yfq_activity` SET `status`='2' WHERE ( act_id=6 ) [ RunTime:0.0292s ]

[ 2017-02-06T17:10:27+08:00 ] 188.188.188.153 /Admin/Activity
INFO: [ app_init ] --START--
INFO: Run Behavior\BuildLiteBehavior [ RunTime:0.000009s ]
INFO: [ app_init ] --END-- [ RunTime:0.000283s ]
INFO: [ app_begin ] --START--
INFO: Run Behavior\ReadHtmlCacheBehavior [ RunTime:0.000337s ]
INFO: [ app_begin ] --END-- [ RunTime:0.000368s ]
SQL: SHOW COLUMNS FROM `yfq_branch_type` [ RunTime:0.0035s ]
SQL: SELECT * FROM `yfq_branch_type` WHERE ( status=1 )  [ RunTime:0.0002s ]
SQL: SHOW COLUMNS FROM `yfq_activity` [ RunTime:0.0031s ]
SQL: SELECT * FROM `yfq_activity` WHERE ( status!=3 ) LIMIT 0,10   [ RunTime:0.0003s ]
SQL: SELECT COUNT(*) AS tp_count FROM `yfq_activity` WHERE ( status!=3 ) LIMIT 1   [ RunTime:0.0002s ]
INFO: [ view_parse ] --START--
INFO: [ template_filter ] --START--
INFO: Run Behavior\ContentReplaceBehavior [ RunTime:0.000071s ]
INFO: [ template_filter ] --END-- [ RunTime:0.000110s ]
INFO: Run Behavior\ParseTemplateBehavior [ RunTime:0.009431s ]
INFO: [ view_parse ] --END-- [ RunTime:0.009465s ]
INFO: [ view_filter ] --START--
INFO: Run Behavior\WriteHtmlCacheBehavior [ RunTime:0.000251s ]
INFO: [ view_filter ] --END-- [ RunTime:0.000273s ]
INFO: [ app_end ] --START--
INFO: Run Behavior\ShowPageTraceBehavior [ RunTime:0.000533s ]
INFO: [ app_end ] --END-- [ RunTime:0.000566s ]

[ 2017-02-06T18:09:13+08:00 ] 188.188.188.153 /Admin/Prizereport
INFO: [ app_init ] --START--
INFO: Run Behavior\BuildLiteBehavior [ RunTime:0.000008s ]
INFO: [ app_init ] --END-- [ RunTime:0.000377s ]
INFO: [ app_begin ] --START--
INFO: Run Behavior\ReadHtmlCacheBehavior [ RunTime:0.000491s ]
INFO: [ app_begin ] --END-- [ RunTime:0.000533s ]
SQL: SHOW COLUMNS FROM `yfq_prize_day_log` [ RunTime:0.0101s ]
SQL: SELECT * FROM `yfq_prize_day_log` WHERE ( type_id=2 and add_date>='2017-01-30' )  [ RunTime:0.0003s ]
NOTIC: [8] Undefined index: prize_name E:\PHP\WWW\yfq\Application\Admin\Controller\PrizereportController.class.php 第 75 行.
NOTIC: [2] array_values() expects parameter 1 to be array, null given E:\PHP\WWW\yfq\Application\Admin\Controller\PrizereportController.class.php 第 75 行.
INFO: [ view_parse ] --START--
INFO: [ template_filter ] --START--
INFO: Run Behavior\ContentReplaceBehavior [ RunTime:0.000080s ]
INFO: [ template_filter ] --END-- [ RunTime:0.000115s ]
NOTIC: [8] Undefined index: number E:\PHP\WWW\yfq\Application\Runtime\Cache\Admin\e39816b88db4a5a929863ddb8a6e1f30.php 第 112 行.
NOTIC: [8] Undefined index: use_num E:\PHP\WWW\yfq\Application\Runtime\Cache\Admin\e39816b88db4a5a929863ddb8a6e1f30.php 第 112 行.
NOTIC: [8] Undefined index: prize_name E:\PHP\WWW\yfq\Application\Runtime\Cache\Admin\e39816b88db4a5a929863ddb8a6e1f30.php 第 113 行.
NOTIC: [8] Undefined index: number E:\PHP\WWW\yfq\Application\Runtime\Cache\Admin\e39816b88db4a5a929863ddb8a6e1f30.php 第 119 行.
NOTIC: [8] Undefined index: use_num E:\PHP\WWW\yfq\Application\Runtime\Cache\Admin\e39816b88db4a5a929863ddb8a6e1f30.php 第 119 行.
NOTIC: [8] Undefined index: prize_name E:\PHP\WWW\yfq\Application\Runtime\Cache\Admin\e39816b88db4a5a929863ddb8a6e1f30.php 第 120 行.
INFO: Run Behavior\ParseTemplateBehavior [ RunTime:0.011825s ]
INFO: [ view_parse ] --END-- [ RunTime:0.011851s ]
INFO: [ view_filter ] --START--
INFO: Run Behavior\WriteHtmlCacheBehavior [ RunTime:0.000337s ]
INFO: [ view_filter ] --END-- [ RunTime:0.000361s ]
INFO: [ app_end ] --START--
INFO: Run Behavior\ShowPageTraceBehavior [ RunTime:0.000555s ]
INFO: [ app_end ] --END-- [ RunTime:0.000585s ]

