[ 2017-04-27T14:17:15+08:00 ] 188.188.188.131 /admin
INFO: [ app_init ] --START--
INFO: Run Behavior\BuildLiteBehavior [ RunTime:0.000013s ]
INFO: [ app_init ] --END-- [ RunTime:0.000422s ]
INFO: [ app_begin ] --START--
INFO: Run Behavior\ReadHtmlCacheBehavior [ RunTime:0.000411s ]
INFO: [ app_begin ] --END-- [ RunTime:0.000447s ]

[ 2017-04-27T14:17:15+08:00 ] 188.188.188.131 /Admin/Login.html
INFO: [ app_init ] --START--
INFO: Run Behavior\BuildLiteBehavior [ RunTime:0.000010s ]
INFO: [ app_init ] --END-- [ RunTime:0.000382s ]
INFO: [ app_begin ] --START--
INFO: Run Behavior\ReadHtmlCacheBehavior [ RunTime:0.000444s ]
INFO: [ app_begin ] --END-- [ RunTime:0.000479s ]
INFO: [ view_parse ] --START--
INFO: [ template_filter ] --START--
INFO: Run Behavior\ContentReplaceBehavior [ RunTime:0.001534s ]
INFO: [ template_filter ] --END-- [ RunTime:0.001584s ]
INFO: Run Behavior\ParseTemplateBehavior [ RunTime:0.012135s ]
INFO: [ view_parse ] --END-- [ RunTime:0.012170s ]
INFO: [ view_filter ] --START--
INFO: Run Behavior\WriteHtmlCacheBehavior [ RunTime:0.000347s ]
INFO: [ view_filter ] --END-- [ RunTime:0.000372s ]
INFO: [ app_end ] --START--
INFO: Run Behavior\ShowPageTraceBehavior [ RunTime:0.000619s ]
INFO: [ app_end ] --END-- [ RunTime:0.000656s ]

[ 2017-04-27T14:17:21+08:00 ] 188.188.188.131 /Admin/Login/login.html
INFO: [ app_init ] --START--
INFO: Run Behavior\BuildLiteBehavior [ RunTime:0.000010s ]
INFO: [ app_init ] --END-- [ RunTime:0.000386s ]
INFO: [ app_begin ] --START--
INFO: Run Behavior\ReadHtmlCacheBehavior [ RunTime:0.000412s ]
INFO: [ app_begin ] --END-- [ RunTime:0.000455s ]
SQL: SHOW COLUMNS FROM `yfq_admin` [ RunTime:0.0661s ]
SQL: SELECT * FROM `yfq_admin` WHERE `user_name` = 'admin' AND `user_password` = '572a7d425327609aa352822ea3894af9' LIMIT 1   [ RunTime:0.0148s ]
SQL: UPDATE `yfq_admin` SET `last_login_time`='1493273841' WHERE `uid` = 2 [ RunTime:0.0322s ]

[ 2017-04-27T14:17:21+08:00 ] 188.188.188.131 /Admin/index
INFO: [ app_init ] --START--
INFO: Run Behavior\BuildLiteBehavior [ RunTime:0.000015s ]
INFO: [ app_init ] --END-- [ RunTime:0.000462s ]
INFO: [ app_begin ] --START--
INFO: Run Behavior\ReadHtmlCacheBehavior [ RunTime:0.000589s ]
INFO: [ app_begin ] --END-- [ RunTime:0.000638s ]
INFO: [ view_parse ] --START--
INFO: [ template_filter ] --START--
INFO: Run Behavior\ContentReplaceBehavior [ RunTime:0.000059s ]
INFO: [ template_filter ] --END-- [ RunTime:0.000100s ]
NOTIC: [8] Undefined variable: branch_info E:\PHP\WWW\yfq\Application\Runtime\Cache\Admin\b595b808c2ebeeeb0478ffc30bb4e87a.php 第 61 行.
INFO: Run Behavior\ParseTemplateBehavior [ RunTime:0.015572s ]
INFO: [ view_parse ] --END-- [ RunTime:0.015609s ]
INFO: [ view_filter ] --START--
INFO: Run Behavior\WriteHtmlCacheBehavior [ RunTime:0.000268s ]
INFO: [ view_filter ] --END-- [ RunTime:0.000297s ]
INFO: [ app_end ] --START--
INFO: Run Behavior\ShowPageTraceBehavior [ RunTime:0.000408s ]
INFO: [ app_end ] --END-- [ RunTime:0.000439s ]

[ 2017-04-27T14:17:22+08:00 ] 188.188.188.131 /Admin/Activity
INFO: [ app_init ] --START--
INFO: Run Behavior\BuildLiteBehavior [ RunTime:0.000009s ]
INFO: [ app_init ] --END-- [ RunTime:0.000384s ]
INFO: [ app_begin ] --START--
INFO: Run Behavior\ReadHtmlCacheBehavior [ RunTime:0.000424s ]
INFO: [ app_begin ] --END-- [ RunTime:0.000458s ]
SQL: SHOW COLUMNS FROM `yfq_branch_type` [ RunTime:0.0531s ]
SQL: SELECT * FROM `yfq_branch_type` WHERE ( status=1 )  [ RunTime:0.0004s ]
SQL: SHOW COLUMNS FROM `yfq_activity` [ RunTime:0.0360s ]
SQL: SELECT * FROM `yfq_activity` WHERE ( status!=3 ) LIMIT 0,10   [ RunTime:0.0003s ]
SQL: SELECT COUNT(*) AS tp_count FROM `yfq_activity` WHERE ( status!=3 ) LIMIT 1   [ RunTime:0.0110s ]
INFO: [ view_parse ] --START--
INFO: [ template_filter ] --START--
INFO: Run Behavior\ContentReplaceBehavior [ RunTime:0.000066s ]
INFO: [ template_filter ] --END-- [ RunTime:0.000098s ]
NOTIC: [8] Undefined variable: branch_info E:\PHP\WWW\yfq\Application\Runtime\Cache\Admin\c8d84a2d51a6dbf36e8ef99e6375e8a9.php 第 61 行.
INFO: Run Behavior\ParseTemplateBehavior [ RunTime:0.007690s ]
INFO: [ view_parse ] --END-- [ RunTime:0.007729s ]
INFO: [ view_filter ] --START--
INFO: Run Behavior\WriteHtmlCacheBehavior [ RunTime:0.000291s ]
INFO: [ view_filter ] --END-- [ RunTime:0.000318s ]
INFO: [ app_end ] --START--
INFO: Run Behavior\ShowPageTraceBehavior [ RunTime:0.000551s ]
INFO: [ app_end ] --END-- [ RunTime:0.000583s ]

[ 2017-04-27T14:17:24+08:00 ] 188.188.188.131 /Admin/Activity/addAct.html?id=12
INFO: [ app_init ] --START--
INFO: Run Behavior\BuildLiteBehavior [ RunTime:0.000010s ]
INFO: [ app_init ] --END-- [ RunTime:0.000395s ]
INFO: [ app_begin ] --START--
INFO: Run Behavior\ReadHtmlCacheBehavior [ RunTime:0.000388s ]
INFO: [ app_begin ] --END-- [ RunTime:0.000425s ]
SQL: SHOW COLUMNS FROM `yfq_branch_type` [ RunTime:0.1690s ]
SQL: SELECT * FROM `yfq_branch_type` WHERE ( status=1 )  [ RunTime:0.0003s ]
SQL: SHOW COLUMNS FROM `yfq_activity` [ RunTime:0.0054s ]
SQL: SELECT * FROM `yfq_activity` WHERE ( act_id=12 ) LIMIT 1   [ RunTime:0.0002s ]
INFO: [ view_parse ] --START--
INFO: [ template_filter ] --START--
INFO: Run Behavior\ContentReplaceBehavior [ RunTime:0.000075s ]
INFO: [ template_filter ] --END-- [ RunTime:0.000110s ]
INFO: Run Behavior\ParseTemplateBehavior [ RunTime:0.006587s ]
INFO: [ view_parse ] --END-- [ RunTime:0.006621s ]
INFO: [ view_filter ] --START--
INFO: Run Behavior\WriteHtmlCacheBehavior [ RunTime:0.000241s ]
INFO: [ view_filter ] --END-- [ RunTime:0.000268s ]
INFO: [ app_end ] --START--
INFO: Run Behavior\ShowPageTraceBehavior [ RunTime:0.000456s ]
INFO: [ app_end ] --END-- [ RunTime:0.000486s ]

[ 2017-04-27T14:17:25+08:00 ] 188.188.188.131 /Admin/Prize/getPrize.html
INFO: [ app_init ] --START--
INFO: Run Behavior\BuildLiteBehavior [ RunTime:0.000009s ]
INFO: [ app_init ] --END-- [ RunTime:0.000298s ]
INFO: [ app_begin ] --START--
INFO: Run Behavior\ReadHtmlCacheBehavior [ RunTime:0.000341s ]
INFO: [ app_begin ] --END-- [ RunTime:0.000371s ]
SQL: SHOW COLUMNS FROM `yfq_activity` [ RunTime:0.0108s ]
SQL: SELECT * FROM `yfq_activity` WHERE ( act_id=12 ) LIMIT 1   [ RunTime:0.0003s ]
SQL: SHOW COLUMNS FROM `yfq_branch_type` [ RunTime:0.0035s ]
SQL: SELECT * FROM `yfq_branch_type` WHERE ( type_id=4 ) LIMIT 1   [ RunTime:0.0002s ]
SQL: SHOW COLUMNS FROM `yfq_prize` [ RunTime:0.0307s ]
SQL: SELECT * FROM `yfq_prize` WHERE ( if_del=1 and act_id=12 )  [ RunTime:0.0003s ]

[ 2017-04-27T14:17:55+08:00 ] 188.188.188.131 /Admin/Activity/addAct.html?id=6
INFO: [ app_init ] --START--
INFO: Run Behavior\BuildLiteBehavior [ RunTime:0.000010s ]
INFO: [ app_init ] --END-- [ RunTime:0.000297s ]
INFO: [ app_begin ] --START--
INFO: Run Behavior\ReadHtmlCacheBehavior [ RunTime:0.000342s ]
INFO: [ app_begin ] --END-- [ RunTime:0.000374s ]
SQL: SHOW COLUMNS FROM `yfq_branch_type` [ RunTime:0.0108s ]
SQL: SELECT * FROM `yfq_branch_type` WHERE ( status=1 )  [ RunTime:0.0003s ]
SQL: SHOW COLUMNS FROM `yfq_activity` [ RunTime:0.0036s ]
SQL: SELECT * FROM `yfq_activity` WHERE ( act_id=6 ) LIMIT 1   [ RunTime:0.0002s ]
INFO: [ view_parse ] --START--
INFO: [ template_filter ] --START--
INFO: Run Behavior\ContentReplaceBehavior [ RunTime:0.000115s ]
INFO: [ template_filter ] --END-- [ RunTime:0.000203s ]
INFO: Run Behavior\ParseTemplateBehavior [ RunTime:0.008511s ]
INFO: [ view_parse ] --END-- [ RunTime:0.008549s ]
INFO: [ view_filter ] --START--
INFO: Run Behavior\WriteHtmlCacheBehavior [ RunTime:0.000228s ]
INFO: [ view_filter ] --END-- [ RunTime:0.000253s ]
INFO: [ app_end ] --START--
INFO: Run Behavior\ShowPageTraceBehavior [ RunTime:0.000509s ]
INFO: [ app_end ] --END-- [ RunTime:0.000541s ]

[ 2017-04-27T14:17:55+08:00 ] 188.188.188.131 /Admin/Prize/getPrize.html
INFO: [ app_init ] --START--
INFO: Run Behavior\BuildLiteBehavior [ RunTime:0.000009s ]
INFO: [ app_init ] --END-- [ RunTime:0.000317s ]
INFO: [ app_begin ] --START--
INFO: Run Behavior\ReadHtmlCacheBehavior [ RunTime:0.000343s ]
INFO: [ app_begin ] --END-- [ RunTime:0.000373s ]
SQL: SHOW COLUMNS FROM `yfq_activity` [ RunTime:0.0105s ]
SQL: SELECT * FROM `yfq_activity` WHERE ( act_id=6 ) LIMIT 1   [ RunTime:0.0003s ]
SQL: SHOW COLUMNS FROM `yfq_branch_type` [ RunTime:0.0043s ]
SQL: SELECT * FROM `yfq_branch_type` WHERE ( type_id=2 ) LIMIT 1   [ RunTime:0.0002s ]
SQL: SHOW COLUMNS FROM `yfq_prize` [ RunTime:0.0036s ]
SQL: SELECT * FROM `yfq_prize` WHERE ( if_del=1 and act_id=6 )  [ RunTime:0.0004s ]

[ 2017-04-27T14:19:55+08:00 ] 188.188.188.131 /Admin/Activity/addAct.html?id=4
INFO: [ app_init ] --START--
INFO: Run Behavior\BuildLiteBehavior [ RunTime:0.000011s ]
INFO: [ app_init ] --END-- [ RunTime:0.000884s ]
INFO: [ app_begin ] --START--
INFO: Run Behavior\ReadHtmlCacheBehavior [ RunTime:0.000381s ]
INFO: [ app_begin ] --END-- [ RunTime:0.000415s ]
SQL: SHOW COLUMNS FROM `yfq_branch_type` [ RunTime:0.0079s ]
SQL: SELECT * FROM `yfq_branch_type` WHERE ( status=1 )  [ RunTime:0.0011s ]
SQL: SHOW COLUMNS FROM `yfq_activity` [ RunTime:0.0041s ]
SQL: SELECT * FROM `yfq_activity` WHERE ( act_id=4 ) LIMIT 1   [ RunTime:0.0002s ]
INFO: [ view_parse ] --START--
INFO: [ template_filter ] --START--
INFO: Run Behavior\ContentReplaceBehavior [ RunTime:0.000073s ]
INFO: [ template_filter ] --END-- [ RunTime:0.000111s ]
INFO: Run Behavior\ParseTemplateBehavior [ RunTime:0.007605s ]
INFO: [ view_parse ] --END-- [ RunTime:0.007641s ]
INFO: [ view_filter ] --START--
INFO: Run Behavior\WriteHtmlCacheBehavior [ RunTime:0.000277s ]
INFO: [ view_filter ] --END-- [ RunTime:0.000301s ]
INFO: [ app_end ] --START--
INFO: Run Behavior\ShowPageTraceBehavior [ RunTime:0.000409s ]
INFO: [ app_end ] --END-- [ RunTime:0.000438s ]

[ 2017-04-27T14:19:57+08:00 ] 188.188.188.131 /Admin/Prize/getPrize.html
INFO: [ app_init ] --START--
INFO: Run Behavior\BuildLiteBehavior [ RunTime:0.000010s ]
INFO: [ app_init ] --END-- [ RunTime:0.000299s ]
INFO: [ app_begin ] --START--
INFO: Run Behavior\ReadHtmlCacheBehavior [ RunTime:0.000383s ]
INFO: [ app_begin ] --END-- [ RunTime:0.000417s ]
SQL: SHOW COLUMNS FROM `yfq_activity` [ RunTime:0.0163s ]
SQL: SELECT * FROM `yfq_activity` WHERE ( act_id=4 ) LIMIT 1   [ RunTime:0.0004s ]
SQL: SHOW COLUMNS FROM `yfq_branch_type` [ RunTime:0.0064s ]
SQL: SELECT * FROM `yfq_branch_type` WHERE ( type_id=2 ) LIMIT 1   [ RunTime:0.0003s ]
SQL: SHOW COLUMNS FROM `yfq_prize` [ RunTime:0.0083s ]
SQL: SELECT * FROM `yfq_prize` WHERE ( if_del=1 and act_id=4 )  [ RunTime:0.0005s ]

[ 2017-04-27T14:23:53+08:00 ] 188.188.188.131 /Admin/Activity/addAct.html?id=4
INFO: [ app_init ] --START--
INFO: Run Behavior\BuildLiteBehavior [ RunTime:0.000009s ]
INFO: [ app_init ] --END-- [ RunTime:0.000332s ]
INFO: [ app_begin ] --START--
INFO: Run Behavior\ReadHtmlCacheBehavior [ RunTime:0.000375s ]
INFO: [ app_begin ] --END-- [ RunTime:0.000409s ]
SQL: SHOW COLUMNS FROM `yfq_branch_type` [ RunTime:0.0037s ]
SQL: SELECT * FROM `yfq_branch_type` WHERE ( status=1 )  [ RunTime:0.0003s ]
SQL: SHOW COLUMNS FROM `yfq_activity` [ RunTime:0.0036s ]
SQL: SELECT * FROM `yfq_activity` WHERE ( act_id=4 ) LIMIT 1   [ RunTime:0.0003s ]
INFO: [ view_parse ] --START--
INFO: [ template_filter ] --START--
INFO: Run Behavior\ContentReplaceBehavior [ RunTime:0.000081s ]
INFO: [ template_filter ] --END-- [ RunTime:0.000119s ]
INFO: Run Behavior\ParseTemplateBehavior [ RunTime:0.009468s ]
INFO: [ view_parse ] --END-- [ RunTime:0.009503s ]
INFO: [ view_filter ] --START--
INFO: Run Behavior\WriteHtmlCacheBehavior [ RunTime:0.000272s ]
INFO: [ view_filter ] --END-- [ RunTime:0.000296s ]
INFO: [ app_end ] --START--
INFO: Run Behavior\ShowPageTraceBehavior [ RunTime:0.000813s ]
INFO: [ app_end ] --END-- [ RunTime:0.000851s ]

[ 2017-04-27T14:23:54+08:00 ] 188.188.188.131 /Admin/Prize/getPrize.html
INFO: [ app_init ] --START--
INFO: Run Behavior\BuildLiteBehavior [ RunTime:0.000009s ]
INFO: [ app_init ] --END-- [ RunTime:0.000287s ]
INFO: [ app_begin ] --START--
INFO: Run Behavior\ReadHtmlCacheBehavior [ RunTime:0.000327s ]
INFO: [ app_begin ] --END-- [ RunTime:0.000358s ]
SQL: SHOW COLUMNS FROM `yfq_activity` [ RunTime:0.0105s ]
SQL: SELECT * FROM `yfq_activity` WHERE ( act_id=4 ) LIMIT 1   [ RunTime:0.0003s ]
SQL: SHOW COLUMNS FROM `yfq_branch_type` [ RunTime:0.0035s ]
SQL: SELECT * FROM `yfq_branch_type` WHERE ( type_id=2 ) LIMIT 1   [ RunTime:0.0002s ]
SQL: SHOW COLUMNS FROM `yfq_prize` [ RunTime:0.0042s ]
SQL: SELECT * FROM `yfq_prize` WHERE ( if_del=1 and act_id=4 )  [ RunTime:0.0003s ]

[ 2017-04-27T14:24:41+08:00 ] 188.188.188.131 /Admin/Activity/addAct.html?id=4
INFO: [ app_init ] --START--
INFO: Run Behavior\BuildLiteBehavior [ RunTime:0.000009s ]
INFO: [ app_init ] --END-- [ RunTime:0.000290s ]
INFO: [ app_begin ] --START--
INFO: Run Behavior\ReadHtmlCacheBehavior [ RunTime:0.000335s ]
INFO: [ app_begin ] --END-- [ RunTime:0.000366s ]
SQL: SHOW COLUMNS FROM `yfq_branch_type` [ RunTime:0.0047s ]
SQL: SELECT * FROM `yfq_branch_type` WHERE ( status=1 )  [ RunTime:0.0003s ]
SQL: SHOW COLUMNS FROM `yfq_activity` [ RunTime:0.0037s ]
SQL: SELECT * FROM `yfq_activity` WHERE ( act_id=4 ) LIMIT 1   [ RunTime:0.0003s ]
INFO: [ view_parse ] --START--
INFO: [ template_filter ] --START--
INFO: Run Behavior\ContentReplaceBehavior [ RunTime:0.000083s ]
INFO: [ template_filter ] --END-- [ RunTime:0.000121s ]
INFO: Run Behavior\ParseTemplateBehavior [ RunTime:0.007237s ]
INFO: [ view_parse ] --END-- [ RunTime:0.007276s ]
INFO: [ view_filter ] --START--
INFO: Run Behavior\WriteHtmlCacheBehavior [ RunTime:0.000834s ]
INFO: [ view_filter ] --END-- [ RunTime:0.000911s ]
INFO: [ app_end ] --START--
INFO: Run Behavior\ShowPageTraceBehavior [ RunTime:0.000909s ]
INFO: [ app_end ] --END-- [ RunTime:0.000953s ]

[ 2017-04-27T14:24:41+08:00 ] 188.188.188.131 /Admin/Prize/getPrize.html
INFO: [ app_init ] --START--
INFO: Run Behavior\BuildLiteBehavior [ RunTime:0.000009s ]
INFO: [ app_init ] --END-- [ RunTime:0.000286s ]
INFO: [ app_begin ] --START--
INFO: Run Behavior\ReadHtmlCacheBehavior [ RunTime:0.000328s ]
INFO: [ app_begin ] --END-- [ RunTime:0.000357s ]
SQL: SHOW COLUMNS FROM `yfq_activity` [ RunTime:0.0112s ]
SQL: SELECT * FROM `yfq_activity` WHERE ( act_id=4 ) LIMIT 1   [ RunTime:0.0003s ]
SQL: SHOW COLUMNS FROM `yfq_branch_type` [ RunTime:0.0035s ]
SQL: SELECT * FROM `yfq_branch_type` WHERE ( type_id=2 ) LIMIT 1   [ RunTime:0.0002s ]
SQL: SHOW COLUMNS FROM `yfq_prize` [ RunTime:0.0034s ]
SQL: SELECT * FROM `yfq_prize` WHERE ( if_del=1 and act_id=4 )  [ RunTime:0.0003s ]

[ 2017-04-27T14:24:53+08:00 ] 188.188.188.131 /Admin/Activity/addAct.html?id=4
INFO: [ app_init ] --START--
INFO: Run Behavior\BuildLiteBehavior [ RunTime:0.000011s ]
INFO: [ app_init ] --END-- [ RunTime:0.000391s ]
INFO: [ app_begin ] --START--
INFO: Run Behavior\ReadHtmlCacheBehavior [ RunTime:0.000375s ]
INFO: [ app_begin ] --END-- [ RunTime:0.000413s ]
SQL: SHOW COLUMNS FROM `yfq_branch_type` [ RunTime:0.0036s ]
SQL: SELECT * FROM `yfq_branch_type` WHERE ( status=1 )  [ RunTime:0.0015s ]
SQL: SHOW COLUMNS FROM `yfq_activity` [ RunTime:0.0084s ]
SQL: SELECT * FROM `yfq_activity` WHERE ( act_id=4 ) LIMIT 1   [ RunTime:0.0003s ]
INFO: [ view_parse ] --START--
INFO: [ template_filter ] --START--
INFO: Run Behavior\ContentReplaceBehavior [ RunTime:0.000080s ]
INFO: [ template_filter ] --END-- [ RunTime:0.000116s ]
INFO: Run Behavior\ParseTemplateBehavior [ RunTime:0.007483s ]
INFO: [ view_parse ] --END-- [ RunTime:0.007537s ]
INFO: [ view_filter ] --START--
INFO: Run Behavior\WriteHtmlCacheBehavior [ RunTime:0.000462s ]
INFO: [ view_filter ] --END-- [ RunTime:0.000494s ]
INFO: [ app_end ] --START--
INFO: Run Behavior\ShowPageTraceBehavior [ RunTime:0.001981s ]
INFO: [ app_end ] --END-- [ RunTime:0.002072s ]

[ 2017-04-27T14:24:53+08:00 ] 188.188.188.131 /Admin/Prize/getPrize.html
INFO: [ app_init ] --START--
INFO: Run Behavior\BuildLiteBehavior [ RunTime:0.000010s ]
INFO: [ app_init ] --END-- [ RunTime:0.000304s ]
INFO: [ app_begin ] --START--
INFO: Run Behavior\ReadHtmlCacheBehavior [ RunTime:0.000337s ]
INFO: [ app_begin ] --END-- [ RunTime:0.000367s ]
SQL: SHOW COLUMNS FROM `yfq_activity` [ RunTime:0.0058s ]
SQL: SELECT * FROM `yfq_activity` WHERE ( act_id=4 ) LIMIT 1   [ RunTime:0.0004s ]
SQL: SHOW COLUMNS FROM `yfq_branch_type` [ RunTime:0.0043s ]
SQL: SELECT * FROM `yfq_branch_type` WHERE ( type_id=2 ) LIMIT 1   [ RunTime:0.0002s ]
SQL: SHOW COLUMNS FROM `yfq_prize` [ RunTime:0.0034s ]
SQL: SELECT * FROM `yfq_prize` WHERE ( if_del=1 and act_id=4 )  [ RunTime:0.0003s ]

[ 2017-04-27T14:26:59+08:00 ] 188.188.188.131 /Admin/Activity/addAct.html?id=4
INFO: [ app_init ] --START--
INFO: Run Behavior\BuildLiteBehavior [ RunTime:0.000012s ]
INFO: [ app_init ] --END-- [ RunTime:0.000447s ]
INFO: [ app_begin ] --START--
INFO: Run Behavior\ReadHtmlCacheBehavior [ RunTime:0.000485s ]
INFO: [ app_begin ] --END-- [ RunTime:0.000531s ]
SQL: SHOW COLUMNS FROM `yfq_branch_type` [ RunTime:0.0109s ]
SQL: SELECT * FROM `yfq_branch_type` WHERE ( status=1 )  [ RunTime:0.0003s ]
SQL: SHOW COLUMNS FROM `yfq_activity` [ RunTime:0.0035s ]
SQL: SELECT * FROM `yfq_activity` WHERE ( act_id=4 ) LIMIT 1   [ RunTime:0.0003s ]
INFO: [ view_parse ] --START--
INFO: [ template_filter ] --START--
INFO: Run Behavior\ContentReplaceBehavior [ RunTime:0.000095s ]
INFO: [ template_filter ] --END-- [ RunTime:0.000131s ]
INFO: Run Behavior\ParseTemplateBehavior [ RunTime:0.014710s ]
INFO: [ view_parse ] --END-- [ RunTime:0.014748s ]
INFO: [ view_filter ] --START--
INFO: Run Behavior\WriteHtmlCacheBehavior [ RunTime:0.000275s ]
INFO: [ view_filter ] --END-- [ RunTime:0.000299s ]
INFO: [ app_end ] --START--
INFO: Run Behavior\ShowPageTraceBehavior [ RunTime:0.000533s ]
INFO: [ app_end ] --END-- [ RunTime:0.000570s ]

[ 2017-04-27T14:27:00+08:00 ] 188.188.188.131 /Admin/Prize/getPrize.html
INFO: [ app_init ] --START--
INFO: Run Behavior\BuildLiteBehavior [ RunTime:0.000010s ]
INFO: [ app_init ] --END-- [ RunTime:0.000297s ]
INFO: [ app_begin ] --START--
INFO: Run Behavior\ReadHtmlCacheBehavior [ RunTime:0.000333s ]
INFO: [ app_begin ] --END-- [ RunTime:0.000364s ]
SQL: SHOW COLUMNS FROM `yfq_activity` [ RunTime:0.0036s ]
SQL: SELECT * FROM `yfq_activity` WHERE ( act_id=4 ) LIMIT 1   [ RunTime:0.0003s ]
SQL: SHOW COLUMNS FROM `yfq_branch_type` [ RunTime:0.0038s ]
SQL: SELECT * FROM `yfq_branch_type` WHERE ( type_id=2 ) LIMIT 1   [ RunTime:0.0002s ]
SQL: SHOW COLUMNS FROM `yfq_prize` [ RunTime:0.0035s ]
SQL: SELECT * FROM `yfq_prize` WHERE ( if_del=1 and act_id=4 )  [ RunTime:0.0003s ]

[ 2017-04-27T14:27:12+08:00 ] 188.188.188.131 /Admin/Activity
INFO: [ app_init ] --START--
INFO: Run Behavior\BuildLiteBehavior [ RunTime:0.000010s ]
INFO: [ app_init ] --END-- [ RunTime:0.000351s ]
INFO: [ app_begin ] --START--
INFO: Run Behavior\ReadHtmlCacheBehavior [ RunTime:0.000424s ]
INFO: [ app_begin ] --END-- [ RunTime:0.000468s ]
SQL: SHOW COLUMNS FROM `yfq_branch_type` [ RunTime:0.0104s ]
SQL: SELECT * FROM `yfq_branch_type` WHERE ( status=1 )  [ RunTime:0.0003s ]
SQL: SHOW COLUMNS FROM `yfq_activity` [ RunTime:0.0039s ]
SQL: SELECT * FROM `yfq_activity` WHERE ( status!=3 ) LIMIT 0,10   [ RunTime:0.0003s ]
SQL: SELECT COUNT(*) AS tp_count FROM `yfq_activity` WHERE ( status!=3 ) LIMIT 1   [ RunTime:0.0001s ]
INFO: [ view_parse ] --START--
INFO: [ template_filter ] --START--
INFO: Run Behavior\ContentReplaceBehavior [ RunTime:0.000069s ]
INFO: [ template_filter ] --END-- [ RunTime:0.000106s ]
NOTIC: [8] Undefined variable: branch_info E:\PHP\WWW\yfq\Application\Runtime\Cache\Admin\c8d84a2d51a6dbf36e8ef99e6375e8a9.php 第 61 行.
INFO: Run Behavior\ParseTemplateBehavior [ RunTime:0.009048s ]
INFO: [ view_parse ] --END-- [ RunTime:0.009084s ]
INFO: [ view_filter ] --START--
INFO: Run Behavior\WriteHtmlCacheBehavior [ RunTime:0.000245s ]
INFO: [ view_filter ] --END-- [ RunTime:0.000268s ]
INFO: [ app_end ] --START--
INFO: Run Behavior\ShowPageTraceBehavior [ RunTime:0.000598s ]
INFO: [ app_end ] --END-- [ RunTime:0.000632s ]

[ 2017-04-27T14:27:13+08:00 ] 188.188.188.131 /Admin/Activity/addAct.html?id=4
INFO: [ app_init ] --START--
INFO: Run Behavior\BuildLiteBehavior [ RunTime:0.000010s ]
INFO: [ app_init ] --END-- [ RunTime:0.000341s ]
INFO: [ app_begin ] --START--
INFO: Run Behavior\ReadHtmlCacheBehavior [ RunTime:0.000418s ]
INFO: [ app_begin ] --END-- [ RunTime:0.000461s ]
SQL: SHOW COLUMNS FROM `yfq_branch_type` [ RunTime:0.0112s ]
SQL: SELECT * FROM `yfq_branch_type` WHERE ( status=1 )  [ RunTime:0.0004s ]
SQL: SHOW COLUMNS FROM `yfq_activity` [ RunTime:0.0036s ]
SQL: SELECT * FROM `yfq_activity` WHERE ( act_id=4 ) LIMIT 1   [ RunTime:0.0003s ]
INFO: [ view_parse ] --START--
INFO: [ template_filter ] --START--
INFO: Run Behavior\ContentReplaceBehavior [ RunTime:0.000080s ]
INFO: [ template_filter ] --END-- [ RunTime:0.000118s ]
INFO: Run Behavior\ParseTemplateBehavior [ RunTime:0.010440s ]
INFO: [ view_parse ] --END-- [ RunTime:0.010474s ]
INFO: [ view_filter ] --START--
INFO: Run Behavior\WriteHtmlCacheBehavior [ RunTime:0.000224s ]
INFO: [ view_filter ] --END-- [ RunTime:0.000248s ]
INFO: [ app_end ] --START--
INFO: Run Behavior\ShowPageTraceBehavior [ RunTime:0.000478s ]
INFO: [ app_end ] --END-- [ RunTime:0.000510s ]

[ 2017-04-27T14:27:14+08:00 ] 188.188.188.131 /Admin/Prize/getPrize.html
INFO: [ app_init ] --START--
INFO: Run Behavior\BuildLiteBehavior [ RunTime:0.000009s ]
INFO: [ app_init ] --END-- [ RunTime:0.000291s ]
INFO: [ app_begin ] --START--
INFO: Run Behavior\ReadHtmlCacheBehavior [ RunTime:0.000336s ]
INFO: [ app_begin ] --END-- [ RunTime:0.000367s ]
SQL: SHOW COLUMNS FROM `yfq_activity` [ RunTime:0.0106s ]
SQL: SELECT * FROM `yfq_activity` WHERE ( act_id=4 ) LIMIT 1   [ RunTime:0.0003s ]
SQL: SHOW COLUMNS FROM `yfq_branch_type` [ RunTime:0.0034s ]
SQL: SELECT * FROM `yfq_branch_type` WHERE ( type_id=2 ) LIMIT 1   [ RunTime:0.0002s ]
SQL: SHOW COLUMNS FROM `yfq_prize` [ RunTime:0.0039s ]
SQL: SELECT * FROM `yfq_prize` WHERE ( if_del=1 and act_id=4 )  [ RunTime:0.0004s ]

[ 2017-04-27T14:27:22+08:00 ] 188.188.188.131 /Admin/Activity/addAct.html?id=4
INFO: [ app_init ] --START--
INFO: Run Behavior\BuildLiteBehavior [ RunTime:0.000010s ]
INFO: [ app_init ] --END-- [ RunTime:0.000318s ]
INFO: [ app_begin ] --START--
INFO: Run Behavior\ReadHtmlCacheBehavior [ RunTime:0.000379s ]
INFO: [ app_begin ] --END-- [ RunTime:0.000416s ]
SQL: SHOW COLUMNS FROM `yfq_branch_type` [ RunTime:0.0107s ]
SQL: SELECT * FROM `yfq_branch_type` WHERE ( status=1 )  [ RunTime:0.0003s ]
SQL: SHOW COLUMNS FROM `yfq_activity` [ RunTime:0.0041s ]
SQL: SELECT * FROM `yfq_activity` WHERE ( act_id=4 ) LIMIT 1   [ RunTime:0.0003s ]
INFO: [ view_parse ] --START--
INFO: [ template_filter ] --START--
INFO: Run Behavior\ContentReplaceBehavior [ RunTime:0.000144s ]
INFO: [ template_filter ] --END-- [ RunTime:0.000226s ]
INFO: Run Behavior\ParseTemplateBehavior [ RunTime:0.008508s ]
INFO: [ view_parse ] --END-- [ RunTime:0.008553s ]
INFO: [ view_filter ] --START--
INFO: Run Behavior\WriteHtmlCacheBehavior [ RunTime:0.000324s ]
INFO: [ view_filter ] --END-- [ RunTime:0.000351s ]
INFO: [ app_end ] --START--
INFO: Run Behavior\ShowPageTraceBehavior [ RunTime:0.000540s ]
INFO: [ app_end ] --END-- [ RunTime:0.000575s ]

[ 2017-04-27T14:27:23+08:00 ] 188.188.188.131 /Admin/Prize/getPrize.html
INFO: [ app_init ] --START--
INFO: Run Behavior\BuildLiteBehavior [ RunTime:0.000011s ]
INFO: [ app_init ] --END-- [ RunTime:0.000328s ]
INFO: [ app_begin ] --START--
INFO: Run Behavior\ReadHtmlCacheBehavior [ RunTime:0.000367s ]
INFO: [ app_begin ] --END-- [ RunTime:0.000401s ]
SQL: SHOW COLUMNS FROM `yfq_activity` [ RunTime:0.0085s ]
SQL: SELECT * FROM `yfq_activity` WHERE ( act_id=4 ) LIMIT 1   [ RunTime:0.0004s ]
SQL: SHOW COLUMNS FROM `yfq_branch_type` [ RunTime:0.0048s ]
SQL: SELECT * FROM `yfq_branch_type` WHERE ( type_id=2 ) LIMIT 1   [ RunTime:0.0003s ]
SQL: SHOW COLUMNS FROM `yfq_prize` [ RunTime:0.0038s ]
SQL: SELECT * FROM `yfq_prize` WHERE ( if_del=1 and act_id=4 )  [ RunTime:0.0003s ]

[ 2017-04-27T14:27:31+08:00 ] 188.188.188.131 /Admin/Activity/addAct.html?id=4
INFO: [ app_init ] --START--
INFO: Run Behavior\BuildLiteBehavior [ RunTime:0.000012s ]
INFO: [ app_init ] --END-- [ RunTime:0.000363s ]
INFO: [ app_begin ] --START--
INFO: Run Behavior\ReadHtmlCacheBehavior [ RunTime:0.000442s ]
INFO: [ app_begin ] --END-- [ RunTime:0.000486s ]
SQL: SHOW COLUMNS FROM `yfq_branch_type` [ RunTime:0.0121s ]
SQL: SELECT * FROM `yfq_branch_type` WHERE ( status=1 )  [ RunTime:0.0003s ]
SQL: SHOW COLUMNS FROM `yfq_activity` [ RunTime:0.0079s ]
SQL: SELECT * FROM `yfq_activity` WHERE ( act_id=4 ) LIMIT 1   [ RunTime:0.0006s ]
INFO: [ view_parse ] --START--
INFO: [ template_filter ] --START--
INFO: Run Behavior\ContentReplaceBehavior [ RunTime:0.000080s ]
INFO: [ template_filter ] --END-- [ RunTime:0.000113s ]
INFO: Run Behavior\ParseTemplateBehavior [ RunTime:0.006480s ]
INFO: [ view_parse ] --END-- [ RunTime:0.006520s ]
INFO: [ view_filter ] --START--
INFO: Run Behavior\WriteHtmlCacheBehavior [ RunTime:0.000229s ]
INFO: [ view_filter ] --END-- [ RunTime:0.000253s ]
INFO: [ app_end ] --START--
INFO: Run Behavior\ShowPageTraceBehavior [ RunTime:0.000526s ]
INFO: [ app_end ] --END-- [ RunTime:0.000562s ]

[ 2017-04-27T14:27:32+08:00 ] 188.188.188.131 /Admin/Prize/getPrize.html
INFO: [ app_init ] --START--
INFO: Run Behavior\BuildLiteBehavior [ RunTime:0.000009s ]
INFO: [ app_init ] --END-- [ RunTime:0.000295s ]
INFO: [ app_begin ] --START--
INFO: Run Behavior\ReadHtmlCacheBehavior [ RunTime:0.000334s ]
INFO: [ app_begin ] --END-- [ RunTime:0.000366s ]
SQL: SHOW COLUMNS FROM `yfq_activity` [ RunTime:0.0103s ]
SQL: SELECT * FROM `yfq_activity` WHERE ( act_id=4 ) LIMIT 1   [ RunTime:0.0003s ]
SQL: SHOW COLUMNS FROM `yfq_branch_type` [ RunTime:0.0035s ]
SQL: SELECT * FROM `yfq_branch_type` WHERE ( type_id=2 ) LIMIT 1   [ RunTime:0.0002s ]
SQL: SHOW COLUMNS FROM `yfq_prize` [ RunTime:0.0041s ]
SQL: SELECT * FROM `yfq_prize` WHERE ( if_del=1 and act_id=4 )  [ RunTime:0.0003s ]

[ 2017-04-27T14:28:29+08:00 ] 188.188.188.131 /Admin/Activity/addAct.html?id=4
INFO: [ app_init ] --START--
INFO: Run Behavior\BuildLiteBehavior [ RunTime:0.000016s ]
INFO: [ app_init ] --END-- [ RunTime:0.002060s ]
INFO: [ app_begin ] --START--
INFO: Run Behavior\ReadHtmlCacheBehavior [ RunTime:0.000405s ]
INFO: [ app_begin ] --END-- [ RunTime:0.000448s ]
SQL: SHOW COLUMNS FROM `yfq_branch_type` [ RunTime:0.0112s ]
SQL: SELECT * FROM `yfq_branch_type` WHERE ( status=1 )  [ RunTime:0.0006s ]
SQL: SHOW COLUMNS FROM `yfq_activity` [ RunTime:0.0041s ]
SQL: SELECT * FROM `yfq_activity` WHERE ( act_id=4 ) LIMIT 1   [ RunTime:0.0003s ]
INFO: [ view_parse ] --START--
INFO: [ template_filter ] --START--
INFO: Run Behavior\ContentReplaceBehavior [ RunTime:0.000087s ]
INFO: [ template_filter ] --END-- [ RunTime:0.000126s ]
INFO: Run Behavior\ParseTemplateBehavior [ RunTime:0.007081s ]
INFO: [ view_parse ] --END-- [ RunTime:0.007117s ]
INFO: [ view_filter ] --START--
INFO: Run Behavior\WriteHtmlCacheBehavior [ RunTime:0.000241s ]
INFO: [ view_filter ] --END-- [ RunTime:0.000266s ]
INFO: [ app_end ] --START--
INFO: Run Behavior\ShowPageTraceBehavior [ RunTime:0.000358s ]
INFO: [ app_end ] --END-- [ RunTime:0.000385s ]

[ 2017-04-27T14:28:29+08:00 ] 188.188.188.131 /Admin/Prize/getPrize.html
INFO: [ app_init ] --START--
INFO: Run Behavior\BuildLiteBehavior [ RunTime:0.000008s ]
INFO: [ app_init ] --END-- [ RunTime:0.000282s ]
INFO: [ app_begin ] --START--
INFO: Run Behavior\ReadHtmlCacheBehavior [ RunTime:0.000335s ]
INFO: [ app_begin ] --END-- [ RunTime:0.000367s ]
SQL: SHOW COLUMNS FROM `yfq_activity` [ RunTime:0.0113s ]
SQL: SELECT * FROM `yfq_activity` WHERE ( act_id=4 ) LIMIT 1   [ RunTime:0.0003s ]
SQL: SHOW COLUMNS FROM `yfq_branch_type` [ RunTime:0.0037s ]
SQL: SELECT * FROM `yfq_branch_type` WHERE ( type_id=2 ) LIMIT 1   [ RunTime:0.0002s ]
SQL: SHOW COLUMNS FROM `yfq_prize` [ RunTime:0.0034s ]
SQL: SELECT * FROM `yfq_prize` WHERE ( if_del=1 and act_id=4 )  [ RunTime:0.0003s ]

[ 2017-04-27T14:30:45+08:00 ] 188.188.188.131 /Admin/Activity/addAct.html?id=4
INFO: [ app_init ] --START--
INFO: Run Behavior\BuildLiteBehavior [ RunTime:0.000027s ]
INFO: [ app_init ] --END-- [ RunTime:0.003819s ]
INFO: [ app_begin ] --START--
INFO: Run Behavior\ReadHtmlCacheBehavior [ RunTime:0.000464s ]
INFO: [ app_begin ] --END-- [ RunTime:0.000509s ]
SQL: SHOW COLUMNS FROM `yfq_branch_type` [ RunTime:0.0073s ]
SQL: SELECT * FROM `yfq_branch_type` WHERE ( status=1 )  [ RunTime:0.0003s ]
SQL: SHOW COLUMNS FROM `yfq_activity` [ RunTime:0.0037s ]
SQL: SELECT * FROM `yfq_activity` WHERE ( act_id=4 ) LIMIT 1   [ RunTime:0.0003s ]
INFO: [ view_parse ] --START--
INFO: [ template_filter ] --START--
INFO: Run Behavior\ContentReplaceBehavior [ RunTime:0.000081s ]
INFO: [ template_filter ] --END-- [ RunTime:0.000115s ]
INFO: Run Behavior\ParseTemplateBehavior [ RunTime:0.007035s ]
INFO: [ view_parse ] --END-- [ RunTime:0.007070s ]
INFO: [ view_filter ] --START--
INFO: Run Behavior\WriteHtmlCacheBehavior [ RunTime:0.000275s ]
INFO: [ view_filter ] --END-- [ RunTime:0.000298s ]
INFO: [ app_end ] --START--
INFO: Run Behavior\ShowPageTraceBehavior [ RunTime:0.000591s ]
INFO: [ app_end ] --END-- [ RunTime:0.000672s ]

[ 2017-04-27T14:30:46+08:00 ] 188.188.188.131 /Admin/Prize/getPrize.html
INFO: [ app_init ] --START--
INFO: Run Behavior\BuildLiteBehavior [ RunTime:0.000010s ]
INFO: [ app_init ] --END-- [ RunTime:0.000304s ]
INFO: [ app_begin ] --START--
INFO: Run Behavior\ReadHtmlCacheBehavior [ RunTime:0.000351s ]
INFO: [ app_begin ] --END-- [ RunTime:0.000388s ]
SQL: SHOW COLUMNS FROM `yfq_activity` [ RunTime:0.0110s ]
SQL: SELECT * FROM `yfq_activity` WHERE ( act_id=4 ) LIMIT 1   [ RunTime:0.0003s ]
SQL: SHOW COLUMNS FROM `yfq_branch_type` [ RunTime:0.0039s ]
SQL: SELECT * FROM `yfq_branch_type` WHERE ( type_id=2 ) LIMIT 1   [ RunTime:0.0003s ]
SQL: SHOW COLUMNS FROM `yfq_prize` [ RunTime:0.0058s ]
SQL: SELECT * FROM `yfq_prize` WHERE ( if_del=1 and act_id=4 )  [ RunTime:0.0004s ]

[ 2017-04-27T14:31:08+08:00 ] 188.188.188.131 /Admin/Activity/addAct.html?id=4
INFO: [ app_init ] --START--
INFO: Run Behavior\BuildLiteBehavior [ RunTime:0.000012s ]
INFO: [ app_init ] --END-- [ RunTime:0.000319s ]
INFO: [ app_begin ] --START--
INFO: Run Behavior\ReadHtmlCacheBehavior [ RunTime:0.000992s ]
INFO: [ app_begin ] --END-- [ RunTime:0.001125s ]
SQL: SHOW COLUMNS FROM `yfq_branch_type` [ RunTime:0.0051s ]
SQL: SELECT * FROM `yfq_branch_type` WHERE ( status=1 )  [ RunTime:0.0041s ]
SQL: SHOW COLUMNS FROM `yfq_activity` [ RunTime:0.0036s ]
SQL: SELECT * FROM `yfq_activity` WHERE ( act_id=4 ) LIMIT 1   [ RunTime:0.0002s ]
INFO: [ view_parse ] --START--
INFO: [ template_filter ] --START--
INFO: Run Behavior\ContentReplaceBehavior [ RunTime:0.000078s ]
INFO: [ template_filter ] --END-- [ RunTime:0.000108s ]
INFO: Run Behavior\ParseTemplateBehavior [ RunTime:0.006055s ]
INFO: [ view_parse ] --END-- [ RunTime:0.006089s ]
INFO: [ view_filter ] --START--
INFO: Run Behavior\WriteHtmlCacheBehavior [ RunTime:0.000314s ]
INFO: [ view_filter ] --END-- [ RunTime:0.000340s ]
INFO: [ app_end ] --START--
INFO: Run Behavior\ShowPageTraceBehavior [ RunTime:0.000909s ]
INFO: [ app_end ] --END-- [ RunTime:0.000951s ]

[ 2017-04-27T14:31:08+08:00 ] 188.188.188.131 /Admin/Prize/getPrize.html
INFO: [ app_init ] --START--
INFO: Run Behavior\BuildLiteBehavior [ RunTime:0.000009s ]
INFO: [ app_init ] --END-- [ RunTime:0.000297s ]
INFO: [ app_begin ] --START--
INFO: Run Behavior\ReadHtmlCacheBehavior [ RunTime:0.000330s ]
INFO: [ app_begin ] --END-- [ RunTime:0.000361s ]
SQL: SHOW COLUMNS FROM `yfq_activity` [ RunTime:0.0101s ]
SQL: SELECT * FROM `yfq_activity` WHERE ( act_id=4 ) LIMIT 1   [ RunTime:0.0003s ]
SQL: SHOW COLUMNS FROM `yfq_branch_type` [ RunTime:0.0057s ]
SQL: SELECT * FROM `yfq_branch_type` WHERE ( type_id=2 ) LIMIT 1   [ RunTime:0.0002s ]
SQL: SHOW COLUMNS FROM `yfq_prize` [ RunTime:0.0036s ]
SQL: SELECT * FROM `yfq_prize` WHERE ( if_del=1 and act_id=4 )  [ RunTime:0.0003s ]

[ 2017-04-27T14:39:26+08:00 ] 188.188.188.131 /Admin/Activity/addAct.html?id=4
INFO: [ app_init ] --START--
INFO: Run Behavior\BuildLiteBehavior [ RunTime:0.000009s ]
INFO: [ app_init ] --END-- [ RunTime:0.000424s ]
INFO: [ app_begin ] --START--
INFO: Run Behavior\ReadHtmlCacheBehavior [ RunTime:0.000387s ]
INFO: [ app_begin ] --END-- [ RunTime:0.000424s ]
SQL: SHOW COLUMNS FROM `yfq_branch_type` [ RunTime:0.0060s ]
SQL: SELECT * FROM `yfq_branch_type` WHERE ( status=1 )  [ RunTime:0.0004s ]
SQL: SHOW COLUMNS FROM `yfq_activity` [ RunTime:0.0039s ]
SQL: SELECT * FROM `yfq_activity` WHERE ( act_id=4 ) LIMIT 1   [ RunTime:0.0003s ]
INFO: [ view_parse ] --START--
INFO: [ template_filter ] --START--
INFO: Run Behavior\ContentReplaceBehavior [ RunTime:0.000094s ]
INFO: [ template_filter ] --END-- [ RunTime:0.000131s ]
INFO: Run Behavior\ParseTemplateBehavior [ RunTime:0.014186s ]
INFO: [ view_parse ] --END-- [ RunTime:0.014222s ]
INFO: [ view_filter ] --START--
INFO: Run Behavior\WriteHtmlCacheBehavior [ RunTime:0.000277s ]
INFO: [ view_filter ] --END-- [ RunTime:0.000301s ]
INFO: [ app_end ] --START--
INFO: Run Behavior\ShowPageTraceBehavior [ RunTime:0.000662s ]
INFO: [ app_end ] --END-- [ RunTime:0.000698s ]

[ 2017-04-27T14:39:27+08:00 ] 188.188.188.131 /Admin/Prize/getPrize.html
INFO: [ app_init ] --START--
INFO: Run Behavior\BuildLiteBehavior [ RunTime:0.000009s ]
INFO: [ app_init ] --END-- [ RunTime:0.000288s ]
INFO: [ app_begin ] --START--
INFO: Run Behavior\ReadHtmlCacheBehavior [ RunTime:0.000326s ]
INFO: [ app_begin ] --END-- [ RunTime:0.000358s ]
SQL: SHOW COLUMNS FROM `yfq_activity` [ RunTime:0.0037s ]
SQL: SELECT * FROM `yfq_activity` WHERE ( act_id=4 ) LIMIT 1   [ RunTime:0.0003s ]
SQL: SHOW COLUMNS FROM `yfq_branch_type` [ RunTime:0.0033s ]
SQL: SELECT * FROM `yfq_branch_type` WHERE ( type_id=2 ) LIMIT 1   [ RunTime:0.0002s ]
SQL: SHOW COLUMNS FROM `yfq_prize` [ RunTime:0.0034s ]
SQL: SELECT * FROM `yfq_prize` WHERE ( if_del=1 and act_id=4 )  [ RunTime:0.0003s ]

[ 2017-04-27T14:42:45+08:00 ] 188.188.188.131 /Admin/Activity/addAct.html?id=4
INFO: [ app_init ] --START--
INFO: Run Behavior\BuildLiteBehavior [ RunTime:0.000013s ]
INFO: [ app_init ] --END-- [ RunTime:0.000514s ]
INFO: [ app_begin ] --START--
INFO: Run Behavior\ReadHtmlCacheBehavior [ RunTime:0.000460s ]
INFO: [ app_begin ] --END-- [ RunTime:0.000507s ]
SQL: SHOW COLUMNS FROM `yfq_branch_type` [ RunTime:0.0120s ]
SQL: SELECT * FROM `yfq_branch_type` WHERE ( status=1 )  [ RunTime:0.0005s ]
SQL: SHOW COLUMNS FROM `yfq_activity` [ RunTime:0.0044s ]
SQL: SELECT * FROM `yfq_activity` WHERE ( act_id=4 ) LIMIT 1   [ RunTime:0.0004s ]
INFO: [ view_parse ] --START--
INFO: [ template_filter ] --START--
INFO: Run Behavior\ContentReplaceBehavior [ RunTime:0.000085s ]
INFO: [ template_filter ] --END-- [ RunTime:0.000125s ]
INFO: Run Behavior\ParseTemplateBehavior [ RunTime:0.009171s ]
INFO: [ view_parse ] --END-- [ RunTime:0.009211s ]
INFO: [ view_filter ] --START--
INFO: Run Behavior\WriteHtmlCacheBehavior [ RunTime:0.000281s ]
INFO: [ view_filter ] --END-- [ RunTime:0.000306s ]
INFO: [ app_end ] --START--
INFO: Run Behavior\ShowPageTraceBehavior [ RunTime:0.000622s ]
INFO: [ app_end ] --END-- [ RunTime:0.000658s ]

[ 2017-04-27T14:42:46+08:00 ] 188.188.188.131 /Admin/Prize/getPrize.html
INFO: [ app_init ] --START--
INFO: Run Behavior\BuildLiteBehavior [ RunTime:0.000009s ]
INFO: [ app_init ] --END-- [ RunTime:0.000291s ]
INFO: [ app_begin ] --START--
INFO: Run Behavior\ReadHtmlCacheBehavior [ RunTime:0.000334s ]
INFO: [ app_begin ] --END-- [ RunTime:0.000367s ]
SQL: SHOW COLUMNS FROM `yfq_activity` [ RunTime:0.0107s ]
SQL: SELECT * FROM `yfq_activity` WHERE ( act_id=4 ) LIMIT 1   [ RunTime:0.0003s ]
SQL: SHOW COLUMNS FROM `yfq_branch_type` [ RunTime:0.0044s ]
SQL: SELECT * FROM `yfq_branch_type` WHERE ( type_id=2 ) LIMIT 1   [ RunTime:0.0003s ]
SQL: SHOW COLUMNS FROM `yfq_prize` [ RunTime:0.0087s ]
SQL: SELECT * FROM `yfq_prize` WHERE ( if_del=1 and act_id=4 )  [ RunTime:0.0003s ]

[ 2017-04-27T14:44:08+08:00 ] 188.188.188.131 /Admin/Activity/addAct.html?id=4
INFO: [ app_init ] --START--
INFO: Run Behavior\BuildLiteBehavior [ RunTime:0.000012s ]
INFO: [ app_init ] --END-- [ RunTime:0.000406s ]
INFO: [ app_begin ] --START--
INFO: Run Behavior\ReadHtmlCacheBehavior [ RunTime:0.000424s ]
INFO: [ app_begin ] --END-- [ RunTime:0.000464s ]
SQL: SHOW COLUMNS FROM `yfq_branch_type` [ RunTime:0.0088s ]
SQL: SELECT * FROM `yfq_branch_type` WHERE ( status=1 )  [ RunTime:0.0009s ]
SQL: SHOW COLUMNS FROM `yfq_activity` [ RunTime:0.0044s ]
SQL: SELECT * FROM `yfq_activity` WHERE ( act_id=4 ) LIMIT 1   [ RunTime:0.0003s ]
INFO: [ view_parse ] --START--
INFO: [ template_filter ] --START--
INFO: Run Behavior\ContentReplaceBehavior [ RunTime:0.000087s ]
INFO: [ template_filter ] --END-- [ RunTime:0.000129s ]
INFO: Run Behavior\ParseTemplateBehavior [ RunTime:0.007755s ]
INFO: [ view_parse ] --END-- [ RunTime:0.007798s ]
INFO: [ view_filter ] --START--
INFO: Run Behavior\WriteHtmlCacheBehavior [ RunTime:0.000458s ]
INFO: [ view_filter ] --END-- [ RunTime:0.000489s ]
INFO: [ app_end ] --START--
INFO: Run Behavior\ShowPageTraceBehavior [ RunTime:0.000500s ]
INFO: [ app_end ] --END-- [ RunTime:0.000544s ]

[ 2017-04-27T14:44:09+08:00 ] 188.188.188.131 /Admin/Prize/getPrize.html
INFO: [ app_init ] --START--
INFO: Run Behavior\BuildLiteBehavior [ RunTime:0.000009s ]
INFO: [ app_init ] --END-- [ RunTime:0.000280s ]
INFO: [ app_begin ] --START--
INFO: Run Behavior\ReadHtmlCacheBehavior [ RunTime:0.000360s ]
INFO: [ app_begin ] --END-- [ RunTime:0.000395s ]
SQL: SHOW COLUMNS FROM `yfq_activity` [ RunTime:0.0129s ]
SQL: SELECT * FROM `yfq_activity` WHERE ( act_id=4 ) LIMIT 1   [ RunTime:0.0004s ]
SQL: SHOW COLUMNS FROM `yfq_branch_type` [ RunTime:0.0038s ]
SQL: SELECT * FROM `yfq_branch_type` WHERE ( type_id=2 ) LIMIT 1   [ RunTime:0.0002s ]
SQL: SHOW COLUMNS FROM `yfq_prize` [ RunTime:0.0040s ]
SQL: SELECT * FROM `yfq_prize` WHERE ( if_del=1 and act_id=4 )  [ RunTime:0.0003s ]

[ 2017-04-27T14:49:45+08:00 ] 188.188.188.131 /Admin/Activity/addAct.html?id=4
INFO: [ app_init ] --START--
INFO: Run Behavior\BuildLiteBehavior [ RunTime:0.000010s ]
INFO: [ app_init ] --END-- [ RunTime:0.000403s ]
INFO: [ app_begin ] --START--
INFO: Run Behavior\ReadHtmlCacheBehavior [ RunTime:0.000381s ]
INFO: [ app_begin ] --END-- [ RunTime:0.000415s ]
SQL: SHOW COLUMNS FROM `yfq_branch_type` [ RunTime:0.0124s ]
SQL: SELECT * FROM `yfq_branch_type` WHERE ( status=1 )  [ RunTime:0.0009s ]
SQL: SHOW COLUMNS FROM `yfq_activity` [ RunTime:0.0044s ]
SQL: SELECT * FROM `yfq_activity` WHERE ( act_id=4 ) LIMIT 1   [ RunTime:0.0004s ]
INFO: [ view_parse ] --START--
INFO: [ template_filter ] --START--
INFO: Run Behavior\ContentReplaceBehavior [ RunTime:0.000098s ]
INFO: [ template_filter ] --END-- [ RunTime:0.000140s ]
INFO: Run Behavior\ParseTemplateBehavior [ RunTime:0.015182s ]
INFO: [ view_parse ] --END-- [ RunTime:0.015225s ]
INFO: [ view_filter ] --START--
INFO: Run Behavior\WriteHtmlCacheBehavior [ RunTime:0.000279s ]
INFO: [ view_filter ] --END-- [ RunTime:0.000302s ]
INFO: [ app_end ] --START--
INFO: Run Behavior\ShowPageTraceBehavior [ RunTime:0.000722s ]
INFO: [ app_end ] --END-- [ RunTime:0.000757s ]

[ 2017-04-27T14:49:46+08:00 ] 188.188.188.131 /Admin/Prize/getPrize.html
INFO: [ app_init ] --START--
INFO: Run Behavior\BuildLiteBehavior [ RunTime:0.000010s ]
INFO: [ app_init ] --END-- [ RunTime:0.000301s ]
INFO: [ app_begin ] --START--
INFO: Run Behavior\ReadHtmlCacheBehavior [ RunTime:0.000345s ]
INFO: [ app_begin ] --END-- [ RunTime:0.000377s ]
SQL: SHOW COLUMNS FROM `yfq_activity` [ RunTime:0.0061s ]
SQL: SELECT * FROM `yfq_activity` WHERE ( act_id=4 ) LIMIT 1   [ RunTime:0.0005s ]
SQL: SHOW COLUMNS FROM `yfq_branch_type` [ RunTime:0.0040s ]
SQL: SELECT * FROM `yfq_branch_type` WHERE ( type_id=2 ) LIMIT 1   [ RunTime:0.0003s ]
SQL: SHOW COLUMNS FROM `yfq_prize` [ RunTime:0.0038s ]
SQL: SELECT * FROM `yfq_prize` WHERE ( if_del=1 and act_id=4 )  [ RunTime:0.0003s ]

[ 2017-04-27T14:50:59+08:00 ] 188.188.188.131 /Admin/Activity/addAct.html?id=4
INFO: [ app_init ] --START--
INFO: Run Behavior\BuildLiteBehavior [ RunTime:0.000011s ]
INFO: [ app_init ] --END-- [ RunTime:0.000316s ]
INFO: [ app_begin ] --START--
INFO: Run Behavior\ReadHtmlCacheBehavior [ RunTime:0.000359s ]
INFO: [ app_begin ] --END-- [ RunTime:0.000396s ]
SQL: SHOW COLUMNS FROM `yfq_branch_type` [ RunTime:0.0115s ]
SQL: SELECT * FROM `yfq_branch_type` WHERE ( status=1 )  [ RunTime:0.0004s ]
SQL: SHOW COLUMNS FROM `yfq_activity` [ RunTime:0.0041s ]
SQL: SELECT * FROM `yfq_activity` WHERE ( act_id=4 ) LIMIT 1   [ RunTime:0.0003s ]
INFO: [ view_parse ] --START--
INFO: [ template_filter ] --START--
INFO: Run Behavior\ContentReplaceBehavior [ RunTime:0.000082s ]
INFO: [ template_filter ] --END-- [ RunTime:0.000120s ]
INFO: Run Behavior\ParseTemplateBehavior [ RunTime:0.007437s ]
INFO: [ view_parse ] --END-- [ RunTime:0.007478s ]
INFO: [ view_filter ] --START--
INFO: Run Behavior\WriteHtmlCacheBehavior [ RunTime:0.000267s ]
INFO: [ view_filter ] --END-- [ RunTime:0.000292s ]
INFO: [ app_end ] --START--
INFO: Run Behavior\ShowPageTraceBehavior [ RunTime:0.000552s ]
INFO: [ app_end ] --END-- [ RunTime:0.000586s ]

[ 2017-04-27T14:51:00+08:00 ] 188.188.188.131 /Admin/Prize/getPrize.html
INFO: [ app_init ] --START--
INFO: Run Behavior\BuildLiteBehavior [ RunTime:0.000010s ]
INFO: [ app_init ] --END-- [ RunTime:0.000349s ]
INFO: [ app_begin ] --START--
INFO: Run Behavior\ReadHtmlCacheBehavior [ RunTime:0.000375s ]
INFO: [ app_begin ] --END-- [ RunTime:0.000409s ]
SQL: SHOW COLUMNS FROM `yfq_activity` [ RunTime:0.0087s ]
SQL: SELECT * FROM `yfq_activity` WHERE ( act_id=4 ) LIMIT 1   [ RunTime:0.0003s ]
SQL: SHOW COLUMNS FROM `yfq_branch_type` [ RunTime:0.0036s ]
SQL: SELECT * FROM `yfq_branch_type` WHERE ( type_id=2 ) LIMIT 1   [ RunTime:0.0002s ]
SQL: SHOW COLUMNS FROM `yfq_prize` [ RunTime:0.0035s ]
SQL: SELECT * FROM `yfq_prize` WHERE ( if_del=1 and act_id=4 )  [ RunTime:0.0003s ]

[ 2017-04-27T14:54:09+08:00 ] 188.188.188.131 /Admin/Activity/addAct.html?id=4
INFO: [ app_init ] --START--
INFO: Run Behavior\BuildLiteBehavior [ RunTime:0.000012s ]
INFO: [ app_init ] --END-- [ RunTime:0.000424s ]
INFO: [ app_begin ] --START--
INFO: Run Behavior\ReadHtmlCacheBehavior [ RunTime:0.000415s ]
INFO: [ app_begin ] --END-- [ RunTime:0.000491s ]
SQL: SHOW COLUMNS FROM `yfq_branch_type` [ RunTime:0.0109s ]
SQL: SELECT * FROM `yfq_branch_type` WHERE ( status=1 )  [ RunTime:0.0004s ]
SQL: SHOW COLUMNS FROM `yfq_activity` [ RunTime:0.0047s ]
SQL: SELECT * FROM `yfq_activity` WHERE ( act_id=4 ) LIMIT 1   [ RunTime:0.0003s ]
INFO: [ view_parse ] --START--
INFO: [ template_filter ] --START--
INFO: Run Behavior\ContentReplaceBehavior [ RunTime:0.000096s ]
INFO: [ template_filter ] --END-- [ RunTime:0.000152s ]
INFO: Run Behavior\ParseTemplateBehavior [ RunTime:0.008461s ]
INFO: [ view_parse ] --END-- [ RunTime:0.008503s ]
INFO: [ view_filter ] --START--
INFO: Run Behavior\WriteHtmlCacheBehavior [ RunTime:0.000306s ]
INFO: [ view_filter ] --END-- [ RunTime:0.000334s ]
INFO: [ app_end ] --START--
INFO: Run Behavior\ShowPageTraceBehavior [ RunTime:0.000508s ]
INFO: [ app_end ] --END-- [ RunTime:0.000538s ]

[ 2017-04-27T14:54:10+08:00 ] 188.188.188.131 /Admin/Prize/getPrize.html
INFO: [ app_init ] --START--
INFO: Run Behavior\BuildLiteBehavior [ RunTime:0.000018s ]
INFO: [ app_init ] --END-- [ RunTime:0.001112s ]
INFO: [ app_begin ] --START--
INFO: Run Behavior\ReadHtmlCacheBehavior [ RunTime:0.000393s ]
INFO: [ app_begin ] --END-- [ RunTime:0.000433s ]
SQL: SHOW COLUMNS FROM `yfq_activity` [ RunTime:0.0121s ]
SQL: SELECT * FROM `yfq_activity` WHERE ( act_id=4 ) LIMIT 1   [ RunTime:0.0003s ]
SQL: SHOW COLUMNS FROM `yfq_branch_type` [ RunTime:0.0037s ]
SQL: SELECT * FROM `yfq_branch_type` WHERE ( type_id=2 ) LIMIT 1   [ RunTime:0.0002s ]
SQL: SHOW COLUMNS FROM `yfq_prize` [ RunTime:0.0073s ]
SQL: SELECT * FROM `yfq_prize` WHERE ( if_del=1 and act_id=4 )  [ RunTime:0.0010s ]

[ 2017-04-27T14:54:40+08:00 ] 188.188.188.131 /Admin/Activity/addAct.html?id=4
INFO: [ app_init ] --START--
INFO: Run Behavior\BuildLiteBehavior [ RunTime:0.000010s ]
INFO: [ app_init ] --END-- [ RunTime:0.000417s ]
INFO: [ app_begin ] --START--
INFO: Run Behavior\ReadHtmlCacheBehavior [ RunTime:0.000519s ]
INFO: [ app_begin ] --END-- [ RunTime:0.000565s ]
SQL: SHOW COLUMNS FROM `yfq_branch_type` [ RunTime:0.0134s ]
SQL: SELECT * FROM `yfq_branch_type` WHERE ( status=1 )  [ RunTime:0.0004s ]
SQL: SHOW COLUMNS FROM `yfq_activity` [ RunTime:0.0043s ]
SQL: SELECT * FROM `yfq_activity` WHERE ( act_id=4 ) LIMIT 1   [ RunTime:0.0006s ]
INFO: [ view_parse ] --START--
INFO: [ template_filter ] --START--
INFO: Run Behavior\ContentReplaceBehavior [ RunTime:0.000082s ]
INFO: [ template_filter ] --END-- [ RunTime:0.000120s ]
INFO: Run Behavior\ParseTemplateBehavior [ RunTime:0.010663s ]
INFO: [ view_parse ] --END-- [ RunTime:0.010699s ]
INFO: [ view_filter ] --START--
INFO: Run Behavior\WriteHtmlCacheBehavior [ RunTime:0.000250s ]
INFO: [ view_filter ] --END-- [ RunTime:0.000274s ]
INFO: [ app_end ] --START--
INFO: Run Behavior\ShowPageTraceBehavior [ RunTime:0.000380s ]
INFO: [ app_end ] --END-- [ RunTime:0.000408s ]

[ 2017-04-27T14:54:41+08:00 ] 188.188.188.131 /Admin/Prize/getPrize.html
INFO: [ app_init ] --START--
INFO: Run Behavior\BuildLiteBehavior [ RunTime:0.000012s ]
INFO: [ app_init ] --END-- [ RunTime:0.000395s ]
INFO: [ app_begin ] --START--
INFO: Run Behavior\ReadHtmlCacheBehavior [ RunTime:0.000360s ]
INFO: [ app_begin ] --END-- [ RunTime:0.000394s ]
SQL: SHOW COLUMNS FROM `yfq_activity` [ RunTime:0.0111s ]
SQL: SELECT * FROM `yfq_activity` WHERE ( act_id=4 ) LIMIT 1   [ RunTime:0.0003s ]
SQL: SHOW COLUMNS FROM `yfq_branch_type` [ RunTime:0.0038s ]
SQL: SELECT * FROM `yfq_branch_type` WHERE ( type_id=2 ) LIMIT 1   [ RunTime:0.0002s ]
SQL: SHOW COLUMNS FROM `yfq_prize` [ RunTime:0.0037s ]
SQL: SELECT * FROM `yfq_prize` WHERE ( if_del=1 and act_id=4 )  [ RunTime:0.0003s ]

[ 2017-04-27T14:55:13+08:00 ] 188.188.188.131 /Admin/Activity/addAct.html?id=4
INFO: [ app_init ] --START--
INFO: Run Behavior\BuildLiteBehavior [ RunTime:0.000008s ]
INFO: [ app_init ] --END-- [ RunTime:0.000281s ]
INFO: [ app_begin ] --START--
INFO: Run Behavior\ReadHtmlCacheBehavior [ RunTime:0.000373s ]
INFO: [ app_begin ] --END-- [ RunTime:0.000405s ]
SQL: SHOW COLUMNS FROM `yfq_branch_type` [ RunTime:0.0036s ]
SQL: SELECT * FROM `yfq_branch_type` WHERE ( status=1 )  [ RunTime:0.0003s ]
SQL: SHOW COLUMNS FROM `yfq_activity` [ RunTime:0.0095s ]
SQL: SELECT * FROM `yfq_activity` WHERE ( act_id=4 ) LIMIT 1   [ RunTime:0.0003s ]
INFO: [ view_parse ] --START--
INFO: [ template_filter ] --START--
INFO: Run Behavior\ContentReplaceBehavior [ RunTime:0.000082s ]
INFO: [ template_filter ] --END-- [ RunTime:0.000116s ]
INFO: Run Behavior\ParseTemplateBehavior [ RunTime:0.006361s ]
INFO: [ view_parse ] --END-- [ RunTime:0.006396s ]
INFO: [ view_filter ] --START--
INFO: Run Behavior\WriteHtmlCacheBehavior [ RunTime:0.000219s ]
INFO: [ view_filter ] --END-- [ RunTime:0.000242s ]
INFO: [ app_end ] --START--
INFO: Run Behavior\ShowPageTraceBehavior [ RunTime:0.000501s ]
INFO: [ app_end ] --END-- [ RunTime:0.000540s ]

[ 2017-04-27T14:55:13+08:00 ] 188.188.188.131 /Admin/Prize/getPrize.html
INFO: [ app_init ] --START--
INFO: Run Behavior\BuildLiteBehavior [ RunTime:0.000010s ]
INFO: [ app_init ] --END-- [ RunTime:0.000283s ]
INFO: [ app_begin ] --START--
INFO: Run Behavior\ReadHtmlCacheBehavior [ RunTime:0.000327s ]
INFO: [ app_begin ] --END-- [ RunTime:0.000359s ]
SQL: SHOW COLUMNS FROM `yfq_activity` [ RunTime:0.0110s ]
SQL: SELECT * FROM `yfq_activity` WHERE ( act_id=4 ) LIMIT 1   [ RunTime:0.0003s ]
SQL: SHOW COLUMNS FROM `yfq_branch_type` [ RunTime:0.0042s ]
SQL: SELECT * FROM `yfq_branch_type` WHERE ( type_id=2 ) LIMIT 1   [ RunTime:0.0006s ]
SQL: SHOW COLUMNS FROM `yfq_prize` [ RunTime:0.0046s ]
SQL: SELECT * FROM `yfq_prize` WHERE ( if_del=1 and act_id=4 )  [ RunTime:0.0003s ]

[ 2017-04-27T14:56:07+08:00 ] 188.188.188.131 /Admin/Activity/addAct.html?id=4
INFO: [ app_init ] --START--
INFO: Run Behavior\BuildLiteBehavior [ RunTime:0.000008s ]
INFO: [ app_init ] --END-- [ RunTime:0.000387s ]
INFO: [ app_begin ] --START--
INFO: Run Behavior\ReadHtmlCacheBehavior [ RunTime:0.000370s ]
INFO: [ app_begin ] --END-- [ RunTime:0.000403s ]
SQL: SHOW COLUMNS FROM `yfq_branch_type` [ RunTime:0.0122s ]
SQL: SELECT * FROM `yfq_branch_type` WHERE ( status=1 )  [ RunTime:0.0010s ]
SQL: SHOW COLUMNS FROM `yfq_activity` [ RunTime:0.0044s ]
SQL: SELECT * FROM `yfq_activity` WHERE ( act_id=4 ) LIMIT 1   [ RunTime:0.0003s ]
INFO: [ view_parse ] --START--
INFO: [ template_filter ] --START--
INFO: Run Behavior\ContentReplaceBehavior [ RunTime:0.000104s ]
INFO: [ template_filter ] --END-- [ RunTime:0.000146s ]
INFO: Run Behavior\ParseTemplateBehavior [ RunTime:0.014929s ]
INFO: [ view_parse ] --END-- [ RunTime:0.014965s ]
INFO: [ view_filter ] --START--
INFO: Run Behavior\WriteHtmlCacheBehavior [ RunTime:0.000289s ]
INFO: [ view_filter ] --END-- [ RunTime:0.000316s ]
INFO: [ app_end ] --START--
INFO: Run Behavior\ShowPageTraceBehavior [ RunTime:0.000681s ]
INFO: [ app_end ] --END-- [ RunTime:0.000715s ]

[ 2017-04-27T14:56:07+08:00 ] 188.188.188.131 /Admin/Prize/getPrize.html
INFO: [ app_init ] --START--
INFO: Run Behavior\BuildLiteBehavior [ RunTime:0.000010s ]
INFO: [ app_init ] --END-- [ RunTime:0.000302s ]
INFO: [ app_begin ] --START--
INFO: Run Behavior\ReadHtmlCacheBehavior [ RunTime:0.000337s ]
INFO: [ app_begin ] --END-- [ RunTime:0.000370s ]
SQL: SHOW COLUMNS FROM `yfq_activity` [ RunTime:0.0105s ]
SQL: SELECT * FROM `yfq_activity` WHERE ( act_id=4 ) LIMIT 1   [ RunTime:0.0003s ]
SQL: SHOW COLUMNS FROM `yfq_branch_type` [ RunTime:0.0040s ]
SQL: SELECT * FROM `yfq_branch_type` WHERE ( type_id=2 ) LIMIT 1   [ RunTime:0.0004s ]
SQL: SHOW COLUMNS FROM `yfq_prize` [ RunTime:0.0038s ]
SQL: SELECT * FROM `yfq_prize` WHERE ( if_del=1 and act_id=4 )  [ RunTime:0.0003s ]

[ 2017-04-27T14:57:02+08:00 ] 188.188.188.131 /Admin/Activity/addAct.html?id=4
INFO: [ app_init ] --START--
INFO: Run Behavior\BuildLiteBehavior [ RunTime:0.000010s ]
INFO: [ app_init ] --END-- [ RunTime:0.000300s ]
INFO: [ app_begin ] --START--
INFO: Run Behavior\ReadHtmlCacheBehavior [ RunTime:0.000408s ]
INFO: [ app_begin ] --END-- [ RunTime:0.000442s ]
SQL: SHOW COLUMNS FROM `yfq_branch_type` [ RunTime:0.0038s ]
SQL: SELECT * FROM `yfq_branch_type` WHERE ( status=1 )  [ RunTime:0.0003s ]
SQL: SHOW COLUMNS FROM `yfq_activity` [ RunTime:0.0035s ]
SQL: SELECT * FROM `yfq_activity` WHERE ( act_id=4 ) LIMIT 1   [ RunTime:0.0015s ]
INFO: [ view_parse ] --START--
INFO: [ template_filter ] --START--
INFO: Run Behavior\ContentReplaceBehavior [ RunTime:0.000081s ]
INFO: [ template_filter ] --END-- [ RunTime:0.000118s ]
INFO: Run Behavior\ParseTemplateBehavior [ RunTime:0.008941s ]
INFO: [ view_parse ] --END-- [ RunTime:0.008978s ]
INFO: [ view_filter ] --START--
INFO: Run Behavior\WriteHtmlCacheBehavior [ RunTime:0.000228s ]
INFO: [ view_filter ] --END-- [ RunTime:0.000253s ]
INFO: [ app_end ] --START--
INFO: Run Behavior\ShowPageTraceBehavior [ RunTime:0.000704s ]
INFO: [ app_end ] --END-- [ RunTime:0.000738s ]

[ 2017-04-27T14:57:03+08:00 ] 188.188.188.131 /Admin/Prize/getPrize.html
INFO: [ app_init ] --START--
INFO: Run Behavior\BuildLiteBehavior [ RunTime:0.000012s ]
INFO: [ app_init ] --END-- [ RunTime:0.000344s ]
INFO: [ app_begin ] --START--
INFO: Run Behavior\ReadHtmlCacheBehavior [ RunTime:0.000357s ]
INFO: [ app_begin ] --END-- [ RunTime:0.000391s ]
SQL: SHOW COLUMNS FROM `yfq_activity` [ RunTime:0.0175s ]
SQL: SELECT * FROM `yfq_activity` WHERE ( act_id=4 ) LIMIT 1   [ RunTime:0.0003s ]
SQL: SHOW COLUMNS FROM `yfq_branch_type` [ RunTime:0.0060s ]
SQL: SELECT * FROM `yfq_branch_type` WHERE ( type_id=2 ) LIMIT 1   [ RunTime:0.0009s ]
SQL: SHOW COLUMNS FROM `yfq_prize` [ RunTime:0.0045s ]
SQL: SELECT * FROM `yfq_prize` WHERE ( if_del=1 and act_id=4 )  [ RunTime:0.0003s ]

[ 2017-04-27T14:57:45+08:00 ] 188.188.188.131 /Admin/Activity
INFO: [ app_init ] --START--
INFO: Run Behavior\BuildLiteBehavior [ RunTime:0.000015s ]
INFO: [ app_init ] --END-- [ RunTime:0.000414s ]
INFO: [ app_begin ] --START--
INFO: Run Behavior\ReadHtmlCacheBehavior [ RunTime:0.000389s ]
INFO: [ app_begin ] --END-- [ RunTime:0.000429s ]
SQL: SHOW COLUMNS FROM `yfq_branch_type` [ RunTime:0.0117s ]
SQL: SELECT * FROM `yfq_branch_type` WHERE ( status=1 )  [ RunTime:0.0004s ]
SQL: SHOW COLUMNS FROM `yfq_activity` [ RunTime:0.0040s ]
SQL: SELECT * FROM `yfq_activity` WHERE ( status!=3 ) LIMIT 0,10   [ RunTime:0.0003s ]
SQL: SELECT COUNT(*) AS tp_count FROM `yfq_activity` WHERE ( status!=3 ) LIMIT 1   [ RunTime:0.0001s ]
INFO: [ view_parse ] --START--
INFO: [ template_filter ] --START--
INFO: Run Behavior\ContentReplaceBehavior [ RunTime:0.000069s ]
INFO: [ template_filter ] --END-- [ RunTime:0.000109s ]
NOTIC: [8] Undefined variable: branch_info E:\PHP\WWW\yfq\Application\Runtime\Cache\Admin\c8d84a2d51a6dbf36e8ef99e6375e8a9.php 第 61 行.
INFO: Run Behavior\ParseTemplateBehavior [ RunTime:0.010122s ]
INFO: [ view_parse ] --END-- [ RunTime:0.010157s ]
INFO: [ view_filter ] --START--
INFO: Run Behavior\WriteHtmlCacheBehavior [ RunTime:0.000235s ]
INFO: [ view_filter ] --END-- [ RunTime:0.000258s ]
INFO: [ app_end ] --START--
INFO: Run Behavior\ShowPageTraceBehavior [ RunTime:0.000553s ]
INFO: [ app_end ] --END-- [ RunTime:0.000588s ]

[ 2017-04-27T14:57:47+08:00 ] 188.188.188.131 /Admin/Activity/addAct.html?id=4
INFO: [ app_init ] --START--
INFO: Run Behavior\BuildLiteBehavior [ RunTime:0.000014s ]
INFO: [ app_init ] --END-- [ RunTime:0.002618s ]
INFO: [ app_begin ] --START--
INFO: Run Behavior\ReadHtmlCacheBehavior [ RunTime:0.000389s ]
INFO: [ app_begin ] --END-- [ RunTime:0.000428s ]
SQL: SHOW COLUMNS FROM `yfq_branch_type` [ RunTime:0.0113s ]
SQL: SELECT * FROM `yfq_branch_type` WHERE ( status=1 )  [ RunTime:0.0003s ]
SQL: SHOW COLUMNS FROM `yfq_activity` [ RunTime:0.0054s ]
SQL: SELECT * FROM `yfq_activity` WHERE ( act_id=4 ) LIMIT 1   [ RunTime:0.0003s ]
INFO: [ view_parse ] --START--
INFO: [ template_filter ] --START--
INFO: Run Behavior\ContentReplaceBehavior [ RunTime:0.000083s ]
INFO: [ template_filter ] --END-- [ RunTime:0.000122s ]
INFO: Run Behavior\ParseTemplateBehavior [ RunTime:0.007753s ]
INFO: [ view_parse ] --END-- [ RunTime:0.007788s ]
INFO: [ view_filter ] --START--
INFO: Run Behavior\WriteHtmlCacheBehavior [ RunTime:0.000243s ]
INFO: [ view_filter ] --END-- [ RunTime:0.000267s ]
INFO: [ app_end ] --START--
INFO: Run Behavior\ShowPageTraceBehavior [ RunTime:0.000362s ]
INFO: [ app_end ] --END-- [ RunTime:0.000395s ]

[ 2017-04-27T14:57:48+08:00 ] 188.188.188.131 /Admin/Prize/getPrize.html
INFO: [ app_init ] --START--
INFO: Run Behavior\BuildLiteBehavior [ RunTime:0.000009s ]
INFO: [ app_init ] --END-- [ RunTime:0.000302s ]
INFO: [ app_begin ] --START--
INFO: Run Behavior\ReadHtmlCacheBehavior [ RunTime:0.000542s ]
INFO: [ app_begin ] --END-- [ RunTime:0.000585s ]
SQL: SHOW COLUMNS FROM `yfq_activity` [ RunTime:0.0105s ]
SQL: SELECT * FROM `yfq_activity` WHERE ( act_id=4 ) LIMIT 1   [ RunTime:0.0003s ]
SQL: SHOW COLUMNS FROM `yfq_branch_type` [ RunTime:0.0053s ]
SQL: SELECT * FROM `yfq_branch_type` WHERE ( type_id=2 ) LIMIT 1   [ RunTime:0.0003s ]
SQL: SHOW COLUMNS FROM `yfq_prize` [ RunTime:0.0043s ]
SQL: SELECT * FROM `yfq_prize` WHERE ( if_del=1 and act_id=4 )  [ RunTime:0.0003s ]

[ 2017-04-27T14:58:46+08:00 ] 188.188.188.131 /Admin/Activity/addAct.html?id=4
INFO: [ app_init ] --START--
INFO: Run Behavior\BuildLiteBehavior [ RunTime:0.000010s ]
INFO: [ app_init ] --END-- [ RunTime:0.000339s ]
INFO: [ app_begin ] --START--
INFO: Run Behavior\ReadHtmlCacheBehavior [ RunTime:0.000371s ]
INFO: [ app_begin ] --END-- [ RunTime:0.000405s ]
SQL: SHOW COLUMNS FROM `yfq_branch_type` [ RunTime:0.0062s ]
SQL: SELECT * FROM `yfq_branch_type` WHERE ( status=1 )  [ RunTime:0.0003s ]
SQL: SHOW COLUMNS FROM `yfq_activity` [ RunTime:0.0039s ]
SQL: SELECT * FROM `yfq_activity` WHERE ( act_id=4 ) LIMIT 1   [ RunTime:0.0003s ]
INFO: [ view_parse ] --START--
INFO: [ template_filter ] --START--
INFO: Run Behavior\ContentReplaceBehavior [ RunTime:0.000155s ]
INFO: [ template_filter ] --END-- [ RunTime:0.000287s ]
INFO: Run Behavior\ParseTemplateBehavior [ RunTime:0.010612s ]
INFO: [ view_parse ] --END-- [ RunTime:0.010679s ]
INFO: [ view_filter ] --START--
INFO: Run Behavior\WriteHtmlCacheBehavior [ RunTime:0.000427s ]
INFO: [ view_filter ] --END-- [ RunTime:0.000461s ]
INFO: [ app_end ] --START--
INFO: Run Behavior\ShowPageTraceBehavior [ RunTime:0.000745s ]
INFO: [ app_end ] --END-- [ RunTime:0.000783s ]

[ 2017-04-27T14:58:47+08:00 ] 188.188.188.131 /Admin/Prize/getPrize.html
INFO: [ app_init ] --START--
INFO: Run Behavior\BuildLiteBehavior [ RunTime:0.000009s ]
INFO: [ app_init ] --END-- [ RunTime:0.000308s ]
INFO: [ app_begin ] --START--
INFO: Run Behavior\ReadHtmlCacheBehavior [ RunTime:0.000333s ]
INFO: [ app_begin ] --END-- [ RunTime:0.000364s ]
SQL: SHOW COLUMNS FROM `yfq_activity` [ RunTime:0.0110s ]
SQL: SELECT * FROM `yfq_activity` WHERE ( act_id=4 ) LIMIT 1   [ RunTime:0.0003s ]
SQL: SHOW COLUMNS FROM `yfq_branch_type` [ RunTime:0.0037s ]
SQL: SELECT * FROM `yfq_branch_type` WHERE ( type_id=2 ) LIMIT 1   [ RunTime:0.0002s ]
SQL: SHOW COLUMNS FROM `yfq_prize` [ RunTime:0.0055s ]
SQL: SELECT * FROM `yfq_prize` WHERE ( if_del=1 and act_id=4 )  [ RunTime:0.0006s ]

[ 2017-04-27T15:24:19+08:00 ] 188.188.188.131 /Admin/Activity/addAct.html?id=12
INFO: [ app_init ] --START--
INFO: Run Behavior\BuildLiteBehavior [ RunTime:0.000011s ]
INFO: [ app_init ] --END-- [ RunTime:0.000432s ]
INFO: [ app_begin ] --START--
INFO: Run Behavior\ReadHtmlCacheBehavior [ RunTime:0.000401s ]
INFO: [ app_begin ] --END-- [ RunTime:0.000440s ]
SQL: SHOW COLUMNS FROM `yfq_branch_type` [ RunTime:0.0149s ]
SQL: SELECT * FROM `yfq_branch_type` WHERE ( status=1 )  [ RunTime:0.0003s ]
SQL: SHOW COLUMNS FROM `yfq_activity` [ RunTime:0.0043s ]
SQL: SELECT * FROM `yfq_activity` WHERE ( act_id=12 ) LIMIT 1   [ RunTime:0.0003s ]
NOTIC: [8] Undefined index: city_code E:\PHP\WWW\yfq\Application\Admin\Controller\ActivityController.class.php 第 32 行.
INFO: [ view_parse ] --START--
INFO: [ template_filter ] --START--
INFO: Run Behavior\ContentReplaceBehavior [ RunTime:0.000099s ]
INFO: [ template_filter ] --END-- [ RunTime:0.000140s ]
NOTIC: [8] Undefined index:  E:\PHP\WWW\yfq\Application\Runtime\Cache\Admin\cfbae52059fc9fdbd3bcf6e6be525a37.php 第 69 行.
INFO: Run Behavior\ParseTemplateBehavior [ RunTime:0.015104s ]
INFO: [ view_parse ] --END-- [ RunTime:0.015145s ]
INFO: [ view_filter ] --START--
INFO: Run Behavior\WriteHtmlCacheBehavior [ RunTime:0.000996s ]
INFO: [ view_filter ] --END-- [ RunTime:0.001032s ]
INFO: [ app_end ] --START--
INFO: Run Behavior\ShowPageTraceBehavior [ RunTime:0.000537s ]
INFO: [ app_end ] --END-- [ RunTime:0.000576s ]

[ 2017-04-27T15:24:20+08:00 ] 188.188.188.131 /Admin/Prize/getPrize.html
INFO: [ app_init ] --START--
INFO: Run Behavior\BuildLiteBehavior [ RunTime:0.000009s ]
INFO: [ app_init ] --END-- [ RunTime:0.000290s ]
INFO: [ app_begin ] --START--
INFO: Run Behavior\ReadHtmlCacheBehavior [ RunTime:0.000331s ]
INFO: [ app_begin ] --END-- [ RunTime:0.000362s ]
SQL: SHOW COLUMNS FROM `yfq_activity` [ RunTime:0.0104s ]
SQL: SELECT * FROM `yfq_activity` WHERE ( act_id=12 ) LIMIT 1   [ RunTime:0.0003s ]
SQL: SHOW COLUMNS FROM `yfq_branch_type` [ RunTime:0.0043s ]
SQL: SELECT * FROM `yfq_branch_type` WHERE ( type_id=4 ) LIMIT 1   [ RunTime:0.0003s ]
SQL: SHOW COLUMNS FROM `yfq_prize` [ RunTime:0.0038s ]
SQL: SELECT * FROM `yfq_prize` WHERE ( if_del=1 and act_id=12 )  [ RunTime:0.0003s ]

[ 2017-04-27T15:25:18+08:00 ] 188.188.188.131 /Admin/Activity/addAct.html?id=12
INFO: [ app_init ] --START--
INFO: Run Behavior\BuildLiteBehavior [ RunTime:0.000010s ]
INFO: [ app_init ] --END-- [ RunTime:0.000337s ]
INFO: [ app_begin ] --START--
INFO: Run Behavior\ReadHtmlCacheBehavior [ RunTime:0.000393s ]
INFO: [ app_begin ] --END-- [ RunTime:0.000427s ]
SQL: SHOW COLUMNS FROM `yfq_branch_type` [ RunTime:0.0047s ]
SQL: SELECT * FROM `yfq_branch_type` WHERE ( status=1 )  [ RunTime:0.0003s ]
SQL: SHOW COLUMNS FROM `yfq_activity` [ RunTime:0.0036s ]
SQL: SELECT * FROM `yfq_activity` WHERE ( act_id=12 ) LIMIT 1   [ RunTime:0.0003s ]
NOTIC: [8] Undefined index: city_code E:\PHP\WWW\yfq\Application\Admin\Controller\ActivityController.class.php 第 32 行.
NOTIC: [8] Undefined index: city_code E:\PHP\WWW\yfq\Application\Admin\Controller\ActivityController.class.php 第 33 行.
INFO: [ view_parse ] --START--
INFO: [ template_filter ] --START--
INFO: Run Behavior\ContentReplaceBehavior [ RunTime:0.000093s ]
INFO: [ template_filter ] --END-- [ RunTime:0.000132s ]
NOTIC: [8] Undefined index:  E:\PHP\WWW\yfq\Application\Runtime\Cache\Admin\cfbae52059fc9fdbd3bcf6e6be525a37.php 第 69 行.
INFO: Run Behavior\ParseTemplateBehavior [ RunTime:0.011401s ]
INFO: [ view_parse ] --END-- [ RunTime:0.011435s ]
INFO: [ view_filter ] --START--
INFO: Run Behavior\WriteHtmlCacheBehavior [ RunTime:0.000225s ]
INFO: [ view_filter ] --END-- [ RunTime:0.000248s ]
INFO: [ app_end ] --START--
INFO: Run Behavior\ShowPageTraceBehavior [ RunTime:0.000505s ]
INFO: [ app_end ] --END-- [ RunTime:0.000537s ]

[ 2017-04-27T15:25:19+08:00 ] 188.188.188.131 /Admin/Prize/getPrize.html
INFO: [ app_init ] --START--
INFO: Run Behavior\BuildLiteBehavior [ RunTime:0.000008s ]
INFO: [ app_init ] --END-- [ RunTime:0.000281s ]
INFO: [ app_begin ] --START--
INFO: Run Behavior\ReadHtmlCacheBehavior [ RunTime:0.000324s ]
INFO: [ app_begin ] --END-- [ RunTime:0.000354s ]
SQL: SHOW COLUMNS FROM `yfq_activity` [ RunTime:0.0104s ]
SQL: SELECT * FROM `yfq_activity` WHERE ( act_id=12 ) LIMIT 1   [ RunTime:0.0003s ]
SQL: SHOW COLUMNS FROM `yfq_branch_type` [ RunTime:0.0055s ]
SQL: SELECT * FROM `yfq_branch_type` WHERE ( type_id=4 ) LIMIT 1   [ RunTime:0.0002s ]
SQL: SHOW COLUMNS FROM `yfq_prize` [ RunTime:0.0036s ]
SQL: SELECT * FROM `yfq_prize` WHERE ( if_del=1 and act_id=12 )  [ RunTime:0.0003s ]

[ 2017-04-27T15:25:45+08:00 ] 188.188.188.131 /Admin/Activity/addAct.html?id=12
INFO: [ app_init ] --START--
INFO: Run Behavior\BuildLiteBehavior [ RunTime:0.000010s ]
INFO: [ app_init ] --END-- [ RunTime:0.000392s ]
INFO: [ app_begin ] --START--
INFO: Run Behavior\ReadHtmlCacheBehavior [ RunTime:0.000557s ]
INFO: [ app_begin ] --END-- [ RunTime:0.000595s ]
SQL: SHOW COLUMNS FROM `yfq_branch_type` [ RunTime:0.0268s ]
SQL: SELECT * FROM `yfq_branch_type` WHERE ( status=1 )  [ RunTime:0.0003s ]
SQL: SHOW COLUMNS FROM `yfq_activity` [ RunTime:0.0038s ]
SQL: SELECT * FROM `yfq_activity` WHERE ( act_id=12 ) LIMIT 1   [ RunTime:0.0002s ]
NOTIC: [8] Undefined index: city_code E:\PHP\WWW\yfq\Application\Admin\Controller\ActivityController.class.php 第 32 行.
NOTIC: [8] Undefined index: city_code E:\PHP\WWW\yfq\Application\Admin\Controller\ActivityController.class.php 第 33 行.
INFO: [ view_parse ] --START--
INFO: [ template_filter ] --START--
INFO: Run Behavior\ContentReplaceBehavior [ RunTime:0.000085s ]
INFO: [ template_filter ] --END-- [ RunTime:0.000123s ]
NOTIC: [8] Undefined index:  E:\PHP\WWW\yfq\Application\Runtime\Cache\Admin\cfbae52059fc9fdbd3bcf6e6be525a37.php 第 69 行.
INFO: Run Behavior\ParseTemplateBehavior [ RunTime:0.009550s ]
INFO: [ view_parse ] --END-- [ RunTime:0.009586s ]
INFO: [ view_filter ] --START--
INFO: Run Behavior\WriteHtmlCacheBehavior [ RunTime:0.000288s ]
INFO: [ view_filter ] --END-- [ RunTime:0.000314s ]
INFO: [ app_end ] --START--
INFO: Run Behavior\ShowPageTraceBehavior [ RunTime:0.000576s ]
INFO: [ app_end ] --END-- [ RunTime:0.000616s ]

[ 2017-04-27T15:25:46+08:00 ] 188.188.188.131 /Admin/Prize/getPrize.html
INFO: [ app_init ] --START--
INFO: Run Behavior\BuildLiteBehavior [ RunTime:0.000011s ]
INFO: [ app_init ] --END-- [ RunTime:0.000539s ]
INFO: [ app_begin ] --START--
INFO: Run Behavior\ReadHtmlCacheBehavior [ RunTime:0.000393s ]
INFO: [ app_begin ] --END-- [ RunTime:0.000430s ]
SQL: SHOW COLUMNS FROM `yfq_activity` [ RunTime:0.0126s ]
SQL: SELECT * FROM `yfq_activity` WHERE ( act_id=12 ) LIMIT 1   [ RunTime:0.0020s ]
SQL: SHOW COLUMNS FROM `yfq_branch_type` [ RunTime:0.0049s ]
SQL: SELECT * FROM `yfq_branch_type` WHERE ( type_id=4 ) LIMIT 1   [ RunTime:0.0003s ]
SQL: SHOW COLUMNS FROM `yfq_prize` [ RunTime:0.0338s ]
SQL: SELECT * FROM `yfq_prize` WHERE ( if_del=1 and act_id=12 )  [ RunTime:0.0004s ]

[ 2017-04-27T15:26:13+08:00 ] 188.188.188.131 /Admin/Activity/addAct.html?id=12
INFO: [ app_init ] --START--
INFO: Run Behavior\BuildLiteBehavior [ RunTime:0.000010s ]
INFO: [ app_init ] --END-- [ RunTime:0.000603s ]
INFO: [ app_begin ] --START--
INFO: Run Behavior\ReadHtmlCacheBehavior [ RunTime:0.000365s ]
INFO: [ app_begin ] --END-- [ RunTime:0.000401s ]
SQL: SHOW COLUMNS FROM `yfq_branch_type` [ RunTime:0.0036s ]
SQL: SELECT * FROM `yfq_branch_type` WHERE ( status=1 )  [ RunTime:0.0003s ]
SQL: SHOW COLUMNS FROM `yfq_activity` [ RunTime:0.0103s ]
SQL: SELECT * FROM `yfq_activity` WHERE ( act_id=12 ) LIMIT 1   [ RunTime:0.0003s ]
NOTIC: [8] Undefined index: city_code E:\PHP\WWW\yfq\Application\Admin\Controller\ActivityController.class.php 第 32 行.
NOTIC: [8] Undefined index: city_code E:\PHP\WWW\yfq\Application\Admin\Controller\ActivityController.class.php 第 33 行.
INFO: [ view_parse ] --START--
INFO: [ template_filter ] --START--
INFO: Run Behavior\ContentReplaceBehavior [ RunTime:0.000118s ]
INFO: [ template_filter ] --END-- [ RunTime:0.001022s ]
NOTIC: [8] Undefined index:  E:\PHP\WWW\yfq\Application\Runtime\Cache\Admin\cfbae52059fc9fdbd3bcf6e6be525a37.php 第 69 行.
INFO: Run Behavior\ParseTemplateBehavior [ RunTime:0.008795s ]
INFO: [ view_parse ] --END-- [ RunTime:0.008832s ]
INFO: [ view_filter ] --START--
INFO: Run Behavior\WriteHtmlCacheBehavior [ RunTime:0.000260s ]
INFO: [ view_filter ] --END-- [ RunTime:0.000285s ]
INFO: [ app_end ] --START--
INFO: Run Behavior\ShowPageTraceBehavior [ RunTime:0.000889s ]
INFO: [ app_end ] --END-- [ RunTime:0.000962s ]

[ 2017-04-27T15:26:14+08:00 ] 188.188.188.131 /Admin/Prize/getPrize.html
INFO: [ app_init ] --START--
INFO: Run Behavior\BuildLiteBehavior [ RunTime:0.000009s ]
INFO: [ app_init ] --END-- [ RunTime:0.000285s ]
INFO: [ app_begin ] --START--
INFO: Run Behavior\ReadHtmlCacheBehavior [ RunTime:0.000327s ]
INFO: [ app_begin ] --END-- [ RunTime:0.000358s ]
SQL: SHOW COLUMNS FROM `yfq_activity` [ RunTime:0.0101s ]
SQL: SELECT * FROM `yfq_activity` WHERE ( act_id=12 ) LIMIT 1   [ RunTime:0.0003s ]
SQL: SHOW COLUMNS FROM `yfq_branch_type` [ RunTime:0.0047s ]
SQL: SELECT * FROM `yfq_branch_type` WHERE ( type_id=4 ) LIMIT 1   [ RunTime:0.0002s ]
SQL: SHOW COLUMNS FROM `yfq_prize` [ RunTime:0.0035s ]
SQL: SELECT * FROM `yfq_prize` WHERE ( if_del=1 and act_id=12 )  [ RunTime:0.0003s ]

[ 2017-04-27T15:26:35+08:00 ] 188.188.188.131 /Admin/Activity/addAct.html
INFO: [ app_init ] --START--
INFO: Run Behavior\BuildLiteBehavior [ RunTime:0.000010s ]
INFO: [ app_init ] --END-- [ RunTime:0.000330s ]
INFO: [ app_begin ] --START--
INFO: Run Behavior\ReadHtmlCacheBehavior [ RunTime:0.000366s ]
INFO: [ app_begin ] --END-- [ RunTime:0.000398s ]
SQL: SHOW COLUMNS FROM `yfq_branch_type` [ RunTime:0.0056s ]
SQL: SELECT * FROM `yfq_branch_type` WHERE ( status=1 )  [ RunTime:0.0003s ]
NOTIC: [8] Undefined index: id E:\PHP\WWW\yfq\Application\Admin\Controller\ActivityController.class.php 第 30 行.
INFO: [ view_parse ] --START--
INFO: [ template_filter ] --START--
INFO: Run Behavior\ContentReplaceBehavior [ RunTime:0.000114s ]
INFO: [ template_filter ] --END-- [ RunTime:0.000214s ]
NOTIC: [8] Undefined variable: info E:\PHP\WWW\yfq\Application\Runtime\Cache\Admin\cfbae52059fc9fdbd3bcf6e6be525a37.php 第 51 行.
NOTIC: [8] Undefined variable: my_city_code E:\PHP\WWW\yfq\Application\Runtime\Cache\Admin\cfbae52059fc9fdbd3bcf6e6be525a37.php 第 69 行.
NOTIC: [8] Undefined variable: info E:\PHP\WWW\yfq\Application\Runtime\Cache\Admin\cfbae52059fc9fdbd3bcf6e6be525a37.php 第 75 行.
NOTIC: [8] Undefined variable: info E:\PHP\WWW\yfq\Application\Runtime\Cache\Admin\cfbae52059fc9fdbd3bcf6e6be525a37.php 第 80 行.
NOTIC: [8] Undefined variable: info E:\PHP\WWW\yfq\Application\Runtime\Cache\Admin\cfbae52059fc9fdbd3bcf6e6be525a37.php 第 85 行.
NOTIC: [8] Undefined variable: info E:\PHP\WWW\yfq\Application\Runtime\Cache\Admin\cfbae52059fc9fdbd3bcf6e6be525a37.php 第 90 行.
NOTIC: [8] Undefined variable: info E:\PHP\WWW\yfq\Application\Runtime\Cache\Admin\cfbae52059fc9fdbd3bcf6e6be525a37.php 第 95 行.
NOTIC: [8] Undefined variable: info E:\PHP\WWW\yfq\Application\Runtime\Cache\Admin\cfbae52059fc9fdbd3bcf6e6be525a37.php 第 100 行.
NOTIC: [8] Undefined variable: info E:\PHP\WWW\yfq\Application\Runtime\Cache\Admin\cfbae52059fc9fdbd3bcf6e6be525a37.php 第 105 行.
NOTIC: [8] Undefined variable: info E:\PHP\WWW\yfq\Application\Runtime\Cache\Admin\cfbae52059fc9fdbd3bcf6e6be525a37.php 第 110 行.
NOTIC: [8] Undefined variable: info E:\PHP\WWW\yfq\Application\Runtime\Cache\Admin\cfbae52059fc9fdbd3bcf6e6be525a37.php 第 114 行.
NOTIC: [8] Undefined variable: info E:\PHP\WWW\yfq\Application\Runtime\Cache\Admin\cfbae52059fc9fdbd3bcf6e6be525a37.php 第 158 行.
NOTIC: [8] Undefined variable: info E:\PHP\WWW\yfq\Application\Runtime\Cache\Admin\cfbae52059fc9fdbd3bcf6e6be525a37.php 第 160 行.
NOTIC: [8] Undefined variable: info E:\PHP\WWW\yfq\Application\Runtime\Cache\Admin\cfbae52059fc9fdbd3bcf6e6be525a37.php 第 165 行.
NOTIC: [8] Undefined variable: info E:\PHP\WWW\yfq\Application\Runtime\Cache\Admin\cfbae52059fc9fdbd3bcf6e6be525a37.php 第 176 行.
NOTIC: [8] Undefined variable: info E:\PHP\WWW\yfq\Application\Runtime\Cache\Admin\cfbae52059fc9fdbd3bcf6e6be525a37.php 第 196 行.
INFO: Run Behavior\ParseTemplateBehavior [ RunTime:0.010377s ]
INFO: [ view_parse ] --END-- [ RunTime:0.010409s ]
INFO: [ view_filter ] --START--
INFO: Run Behavior\WriteHtmlCacheBehavior [ RunTime:0.000280s ]
INFO: [ view_filter ] --END-- [ RunTime:0.000303s ]
INFO: [ app_end ] --START--
INFO: Run Behavior\ShowPageTraceBehavior [ RunTime:0.000528s ]
INFO: [ app_end ] --END-- [ RunTime:0.000562s ]

[ 2017-04-27T15:26:39+08:00 ] 188.188.188.131 /Admin/Activity/addAct.html?id=12
INFO: [ app_init ] --START--
INFO: Run Behavior\BuildLiteBehavior [ RunTime:0.000010s ]
INFO: [ app_init ] --END-- [ RunTime:0.000302s ]
INFO: [ app_begin ] --START--
INFO: Run Behavior\ReadHtmlCacheBehavior [ RunTime:0.000357s ]
INFO: [ app_begin ] --END-- [ RunTime:0.000392s ]
SQL: SHOW COLUMNS FROM `yfq_branch_type` [ RunTime:0.0062s ]
SQL: SELECT * FROM `yfq_branch_type` WHERE ( status=1 )  [ RunTime:0.0003s ]
SQL: SHOW COLUMNS FROM `yfq_activity` [ RunTime:0.0096s ]
SQL: SELECT * FROM `yfq_activity` WHERE ( act_id=12 ) LIMIT 1   [ RunTime:0.0003s ]
NOTIC: [8] Undefined index: city_code E:\PHP\WWW\yfq\Application\Admin\Controller\ActivityController.class.php 第 32 行.
NOTIC: [8] Undefined index: city_code E:\PHP\WWW\yfq\Application\Admin\Controller\ActivityController.class.php 第 33 行.
INFO: [ view_parse ] --START--
INFO: [ template_filter ] --START--
INFO: Run Behavior\ContentReplaceBehavior [ RunTime:0.000085s ]
INFO: [ template_filter ] --END-- [ RunTime:0.000121s ]
NOTIC: [8] Undefined index:  E:\PHP\WWW\yfq\Application\Runtime\Cache\Admin\cfbae52059fc9fdbd3bcf6e6be525a37.php 第 69 行.
INFO: Run Behavior\ParseTemplateBehavior [ RunTime:0.007310s ]
INFO: [ view_parse ] --END-- [ RunTime:0.007344s ]
INFO: [ view_filter ] --START--
INFO: Run Behavior\WriteHtmlCacheBehavior [ RunTime:0.000242s ]
INFO: [ view_filter ] --END-- [ RunTime:0.000266s ]
INFO: [ app_end ] --START--
INFO: Run Behavior\ShowPageTraceBehavior [ RunTime:0.000364s ]
INFO: [ app_end ] --END-- [ RunTime:0.000391s ]

[ 2017-04-27T15:26:40+08:00 ] 188.188.188.131 /Admin/Prize/getPrize.html
INFO: [ app_init ] --START--
INFO: Run Behavior\BuildLiteBehavior [ RunTime:0.000008s ]
INFO: [ app_init ] --END-- [ RunTime:0.000287s ]
INFO: [ app_begin ] --START--
INFO: Run Behavior\ReadHtmlCacheBehavior [ RunTime:0.000328s ]
INFO: [ app_begin ] --END-- [ RunTime:0.000360s ]
SQL: SHOW COLUMNS FROM `yfq_activity` [ RunTime:0.0135s ]
SQL: SELECT * FROM `yfq_activity` WHERE ( act_id=12 ) LIMIT 1   [ RunTime:0.0019s ]
SQL: SHOW COLUMNS FROM `yfq_branch_type` [ RunTime:0.0038s ]
SQL: SELECT * FROM `yfq_branch_type` WHERE ( type_id=4 ) LIMIT 1   [ RunTime:0.0002s ]
SQL: SHOW COLUMNS FROM `yfq_prize` [ RunTime:0.0036s ]
SQL: SELECT * FROM `yfq_prize` WHERE ( if_del=1 and act_id=12 )  [ RunTime:0.0003s ]

[ 2017-04-27T15:35:20+08:00 ] 188.188.188.131 /Admin/Activity/addAct.html?id=4
INFO: [ app_init ] --START--
INFO: Run Behavior\BuildLiteBehavior [ RunTime:0.000011s ]
INFO: [ app_init ] --END-- [ RunTime:0.000474s ]
INFO: [ app_begin ] --START--
INFO: Run Behavior\ReadHtmlCacheBehavior [ RunTime:0.000393s ]
INFO: [ app_begin ] --END-- [ RunTime:0.000428s ]
SQL: SHOW COLUMNS FROM `yfq_branch_type` [ RunTime:0.0108s ]
SQL: SELECT * FROM `yfq_branch_type` WHERE ( status=1 )  [ RunTime:0.0004s ]
SQL: SHOW COLUMNS FROM `yfq_activity` [ RunTime:0.0056s ]
SQL: SELECT * FROM `yfq_activity` WHERE ( act_id=4 ) LIMIT 1   [ RunTime:0.0004s ]
NOTIC: [8] Undefined index: city_code E:\PHP\WWW\yfq\Application\Admin\Controller\ActivityController.class.php 第 32 行.
NOTIC: [8] Undefined index: city_code E:\PHP\WWW\yfq\Application\Admin\Controller\ActivityController.class.php 第 33 行.
INFO: [ view_parse ] --START--
INFO: [ template_filter ] --START--
INFO: Run Behavior\ContentReplaceBehavior [ RunTime:0.000099s ]
INFO: [ template_filter ] --END-- [ RunTime:0.000135s ]
NOTIC: [8] Undefined index:  E:\PHP\WWW\yfq\Application\Runtime\Cache\Admin\cfbae52059fc9fdbd3bcf6e6be525a37.php 第 69 行.
INFO: Run Behavior\ParseTemplateBehavior [ RunTime:0.014717s ]
INFO: [ view_parse ] --END-- [ RunTime:0.014756s ]
INFO: [ view_filter ] --START--
INFO: Run Behavior\WriteHtmlCacheBehavior [ RunTime:0.000300s ]
INFO: [ view_filter ] --END-- [ RunTime:0.000326s ]
INFO: [ app_end ] --START--
INFO: Run Behavior\ShowPageTraceBehavior [ RunTime:0.000459s ]
INFO: [ app_end ] --END-- [ RunTime:0.000493s ]

[ 2017-04-27T15:35:22+08:00 ] 188.188.188.131 /Admin/Prize/getPrize.html
INFO: [ app_init ] --START--
INFO: Run Behavior\BuildLiteBehavior [ RunTime:0.000013s ]
INFO: [ app_init ] --END-- [ RunTime:0.000356s ]
INFO: [ app_begin ] --START--
INFO: Run Behavior\ReadHtmlCacheBehavior [ RunTime:0.000453s ]
INFO: [ app_begin ] --END-- [ RunTime:0.000494s ]
SQL: SHOW COLUMNS FROM `yfq_activity` [ RunTime:0.0046s ]
SQL: SELECT * FROM `yfq_activity` WHERE ( act_id=4 ) LIMIT 1   [ RunTime:0.0004s ]
SQL: SHOW COLUMNS FROM `yfq_branch_type` [ RunTime:0.0042s ]
SQL: SELECT * FROM `yfq_branch_type` WHERE ( type_id=2 ) LIMIT 1   [ RunTime:0.0003s ]
SQL: SHOW COLUMNS FROM `yfq_prize` [ RunTime:0.0048s ]
SQL: SELECT * FROM `yfq_prize` WHERE ( if_del=1 and act_id=4 )  [ RunTime:0.0004s ]

