[ 2017-04-21T10:14:15+08:00 ] 188.188.188.131 /admin
INFO: [ app_init ] --START--
INFO: Run Behavior\BuildLiteBehavior [ RunTime:0.000010s ]
INFO: [ app_init ] --END-- [ RunTime:0.000392s ]
INFO: [ app_begin ] --START--
INFO: Run Behavior\ReadHtmlCacheBehavior [ RunTime:0.000431s ]
INFO: [ app_begin ] --END-- [ RunTime:0.000464s ]

[ 2017-04-21T10:14:15+08:00 ] 188.188.188.131 /Admin/Login.html
INFO: [ app_init ] --START--
INFO: Run Behavior\BuildLiteBehavior [ RunTime:0.000009s ]
INFO: [ app_init ] --END-- [ RunTime:0.000305s ]
INFO: [ app_begin ] --START--
INFO: Run Behavior\ReadHtmlCacheBehavior [ RunTime:0.000356s ]
INFO: [ app_begin ] --END-- [ RunTime:0.000390s ]
INFO: [ view_parse ] --START--
INFO: [ template_filter ] --START--
INFO: Run Behavior\ContentReplaceBehavior [ RunTime:0.000056s ]
INFO: [ template_filter ] --END-- [ RunTime:0.000105s ]
INFO: Run Behavior\ParseTemplateBehavior [ RunTime:0.005651s ]
INFO: [ view_parse ] --END-- [ RunTime:0.005691s ]
INFO: [ view_filter ] --START--
INFO: Run Behavior\WriteHtmlCacheBehavior [ RunTime:0.000319s ]
INFO: [ view_filter ] --END-- [ RunTime:0.000349s ]
INFO: [ app_end ] --START--
INFO: Run Behavior\ShowPageTraceBehavior [ RunTime:0.001310s ]
INFO: [ app_end ] --END-- [ RunTime:0.001355s ]

[ 2017-04-21T10:14:46+08:00 ] 188.188.188.131 /Admin/Login/login.html
INFO: [ app_init ] --START--
INFO: Run Behavior\BuildLiteBehavior [ RunTime:0.000010s ]
INFO: [ app_init ] --END-- [ RunTime:0.000481s ]
INFO: [ app_begin ] --START--
INFO: Run Behavior\ReadHtmlCacheBehavior [ RunTime:0.000429s ]
INFO: [ app_begin ] --END-- [ RunTime:0.000468s ]
SQL: SHOW COLUMNS FROM `yfq_admin` [ RunTime:0.0119s ]
SQL: SELECT * FROM `yfq_admin` WHERE `user_name` = 'admin' AND `user_password` = 'db52bea87771ea114fd23df1586f017b' LIMIT 1   [ RunTime:0.0003s ]

[ 2017-04-21T10:14:47+08:00 ] 188.188.188.131 /Admin/index
INFO: [ app_init ] --START--
INFO: Run Behavior\BuildLiteBehavior [ RunTime:0.000012s ]
INFO: [ app_init ] --END-- [ RunTime:0.000411s ]
INFO: [ app_begin ] --START--
INFO: Run Behavior\ReadHtmlCacheBehavior [ RunTime:0.000755s ]
INFO: [ app_begin ] --END-- [ RunTime:0.000804s ]

[ 2017-04-21T10:14:47+08:00 ] 188.188.188.131 /Admin/Login.html
INFO: [ app_init ] --START--
INFO: Run Behavior\BuildLiteBehavior [ RunTime:0.000115s ]
INFO: [ app_init ] --END-- [ RunTime:0.000573s ]
INFO: [ app_begin ] --START--
INFO: Run Behavior\ReadHtmlCacheBehavior [ RunTime:0.000572s ]
INFO: [ app_begin ] --END-- [ RunTime:0.000617s ]
INFO: [ view_parse ] --START--
INFO: [ template_filter ] --START--
INFO: Run Behavior\ContentReplaceBehavior [ RunTime:0.000047s ]
INFO: [ template_filter ] --END-- [ RunTime:0.000077s ]
INFO: Run Behavior\ParseTemplateBehavior [ RunTime:0.003867s ]
INFO: [ view_parse ] --END-- [ RunTime:0.003899s ]
INFO: [ view_filter ] --START--
INFO: Run Behavior\WriteHtmlCacheBehavior [ RunTime:0.000228s ]
INFO: [ view_filter ] --END-- [ RunTime:0.000250s ]
INFO: [ app_end ] --START--
INFO: Run Behavior\ShowPageTraceBehavior [ RunTime:0.000688s ]
INFO: [ app_end ] --END-- [ RunTime:0.000723s ]

[ 2017-04-21T10:14:54+08:00 ] 188.188.188.131 /Admin/Login/login.html
INFO: [ app_init ] --START--
INFO: Run Behavior\BuildLiteBehavior [ RunTime:0.000009s ]
INFO: [ app_init ] --END-- [ RunTime:0.000408s ]
INFO: [ app_begin ] --START--
INFO: Run Behavior\ReadHtmlCacheBehavior [ RunTime:0.000449s ]
INFO: [ app_begin ] --END-- [ RunTime:0.000481s ]
SQL: SHOW COLUMNS FROM `yfq_admin` [ RunTime:0.0124s ]
SQL: SELECT * FROM `yfq_admin` WHERE `user_name` = 'admin' AND `user_password` = '29624fdd454c7d60114b02e7bf4d9c7a' LIMIT 1   [ RunTime:0.0004s ]

[ 2017-04-21T10:14:54+08:00 ] 188.188.188.131 /Admin/index
INFO: [ app_init ] --START--
INFO: Run Behavior\BuildLiteBehavior [ RunTime:0.000012s ]
INFO: [ app_init ] --END-- [ RunTime:0.000383s ]
INFO: [ app_begin ] --START--
INFO: Run Behavior\ReadHtmlCacheBehavior [ RunTime:0.000401s ]
INFO: [ app_begin ] --END-- [ RunTime:0.000438s ]

[ 2017-04-21T10:14:54+08:00 ] 188.188.188.131 /Admin/Login.html
INFO: [ app_init ] --START--
INFO: Run Behavior\BuildLiteBehavior [ RunTime:0.000013s ]
INFO: [ app_init ] --END-- [ RunTime:0.000328s ]
INFO: [ app_begin ] --START--
INFO: Run Behavior\ReadHtmlCacheBehavior [ RunTime:0.000407s ]
INFO: [ app_begin ] --END-- [ RunTime:0.000442s ]
INFO: [ view_parse ] --START--
INFO: [ template_filter ] --START--
INFO: Run Behavior\ContentReplaceBehavior [ RunTime:0.000050s ]
INFO: [ template_filter ] --END-- [ RunTime:0.000093s ]
INFO: Run Behavior\ParseTemplateBehavior [ RunTime:0.006885s ]
INFO: [ view_parse ] --END-- [ RunTime:0.006921s ]
INFO: [ view_filter ] --START--
INFO: Run Behavior\WriteHtmlCacheBehavior [ RunTime:0.000480s ]
INFO: [ view_filter ] --END-- [ RunTime:0.000511s ]
INFO: [ app_end ] --START--
INFO: Run Behavior\ShowPageTraceBehavior [ RunTime:0.000433s ]
INFO: [ app_end ] --END-- [ RunTime:0.000469s ]

[ 2017-04-21T10:15:01+08:00 ] 188.188.188.131 /Admin/Login/login.html
INFO: [ app_init ] --START--
INFO: Run Behavior\BuildLiteBehavior [ RunTime:0.000009s ]
INFO: [ app_init ] --END-- [ RunTime:0.000362s ]
INFO: [ app_begin ] --START--
INFO: Run Behavior\ReadHtmlCacheBehavior [ RunTime:0.000452s ]
INFO: [ app_begin ] --END-- [ RunTime:0.000481s ]
SQL: SHOW COLUMNS FROM `yfq_admin` [ RunTime:0.0118s ]
SQL: SELECT * FROM `yfq_admin` WHERE `user_name` = 'admin' AND `user_password` = 'fd100442fcb0c06f398757eb1c74c1cf' LIMIT 1   [ RunTime:0.0003s ]

[ 2017-04-21T10:15:01+08:00 ] 188.188.188.131 /Admin/index
INFO: [ app_init ] --START--
INFO: Run Behavior\BuildLiteBehavior [ RunTime:0.000011s ]
INFO: [ app_init ] --END-- [ RunTime:0.000363s ]
INFO: [ app_begin ] --START--
INFO: Run Behavior\ReadHtmlCacheBehavior [ RunTime:0.000456s ]
INFO: [ app_begin ] --END-- [ RunTime:0.000498s ]

[ 2017-04-21T10:15:01+08:00 ] 188.188.188.131 /Admin/Login.html
INFO: [ app_init ] --START--
INFO: Run Behavior\BuildLiteBehavior [ RunTime:0.000010s ]
INFO: [ app_init ] --END-- [ RunTime:0.000311s ]
INFO: [ app_begin ] --START--
INFO: Run Behavior\ReadHtmlCacheBehavior [ RunTime:0.000351s ]
INFO: [ app_begin ] --END-- [ RunTime:0.000382s ]
INFO: [ view_parse ] --START--
INFO: [ template_filter ] --START--
INFO: Run Behavior\ContentReplaceBehavior [ RunTime:0.000046s ]
INFO: [ template_filter ] --END-- [ RunTime:0.000077s ]
INFO: Run Behavior\ParseTemplateBehavior [ RunTime:0.004253s ]
INFO: [ view_parse ] --END-- [ RunTime:0.004294s ]
INFO: [ view_filter ] --START--
INFO: Run Behavior\WriteHtmlCacheBehavior [ RunTime:0.000568s ]
INFO: [ view_filter ] --END-- [ RunTime:0.000630s ]
INFO: [ app_end ] --START--
INFO: Run Behavior\ShowPageTraceBehavior [ RunTime:0.001135s ]
INFO: [ app_end ] --END-- [ RunTime:0.001207s ]

[ 2017-04-21T10:15:11+08:00 ] 188.188.188.131 /Admin/Login/login.html
INFO: [ app_init ] --START--
INFO: Run Behavior\BuildLiteBehavior [ RunTime:0.000009s ]
INFO: [ app_init ] --END-- [ RunTime:0.000334s ]
INFO: [ app_begin ] --START--
INFO: Run Behavior\ReadHtmlCacheBehavior [ RunTime:0.000388s ]
INFO: [ app_begin ] --END-- [ RunTime:0.000422s ]
SQL: SHOW COLUMNS FROM `yfq_admin` [ RunTime:0.0119s ]
SQL: SELECT * FROM `yfq_admin` WHERE `user_name` = 'admin' AND `user_password` = '572a7d425327609aa352822ea3894af9' LIMIT 1   [ RunTime:0.0004s ]

[ 2017-04-21T10:15:11+08:00 ] 188.188.188.131 /Admin/index
INFO: [ app_init ] --START--
INFO: Run Behavior\BuildLiteBehavior [ RunTime:0.000011s ]
INFO: [ app_init ] --END-- [ RunTime:0.000354s ]
INFO: [ app_begin ] --START--
INFO: Run Behavior\ReadHtmlCacheBehavior [ RunTime:0.000488s ]
INFO: [ app_begin ] --END-- [ RunTime:0.000538s ]

[ 2017-04-21T10:15:11+08:00 ] 188.188.188.131 /Admin/Login.html
INFO: [ app_init ] --START--
INFO: Run Behavior\BuildLiteBehavior [ RunTime:0.000012s ]
INFO: [ app_init ] --END-- [ RunTime:0.000446s ]
INFO: [ app_begin ] --START--
INFO: Run Behavior\ReadHtmlCacheBehavior [ RunTime:0.000596s ]
INFO: [ app_begin ] --END-- [ RunTime:0.000649s ]
INFO: [ view_parse ] --START--
INFO: [ template_filter ] --START--
INFO: Run Behavior\ContentReplaceBehavior [ RunTime:0.000045s ]
INFO: [ template_filter ] --END-- [ RunTime:0.000076s ]
INFO: Run Behavior\ParseTemplateBehavior [ RunTime:0.004308s ]
INFO: [ view_parse ] --END-- [ RunTime:0.004347s ]
INFO: [ view_filter ] --START--
INFO: Run Behavior\WriteHtmlCacheBehavior [ RunTime:0.000609s ]
INFO: [ view_filter ] --END-- [ RunTime:0.000684s ]
INFO: [ app_end ] --START--
INFO: Run Behavior\ShowPageTraceBehavior [ RunTime:0.001112s ]
INFO: [ app_end ] --END-- [ RunTime:0.001156s ]

[ 2017-04-21T10:15:19+08:00 ] 188.188.188.131 /Admin/Login/login.html
INFO: [ app_init ] --START--
INFO: Run Behavior\BuildLiteBehavior [ RunTime:0.000013s ]
INFO: [ app_init ] --END-- [ RunTime:0.000367s ]
INFO: [ app_begin ] --START--
INFO: Run Behavior\ReadHtmlCacheBehavior [ RunTime:0.000410s ]
INFO: [ app_begin ] --END-- [ RunTime:0.000446s ]
SQL: SHOW COLUMNS FROM `yfq_admin` [ RunTime:0.0116s ]
SQL: SELECT * FROM `yfq_admin` WHERE `user_name` = 'admin' AND `user_password` = '26cb04b45b50d7b67c5209c2e6b15231' LIMIT 1   [ RunTime:0.0003s ]

[ 2017-04-21T10:15:19+08:00 ] 188.188.188.131 /Admin/index
INFO: [ app_init ] --START--
INFO: Run Behavior\BuildLiteBehavior [ RunTime:0.000011s ]
INFO: [ app_init ] --END-- [ RunTime:0.000336s ]
INFO: [ app_begin ] --START--
INFO: Run Behavior\ReadHtmlCacheBehavior [ RunTime:0.000428s ]
INFO: [ app_begin ] --END-- [ RunTime:0.000462s ]

[ 2017-04-21T10:15:19+08:00 ] 188.188.188.131 /Admin/Login.html
INFO: [ app_init ] --START--
INFO: Run Behavior\BuildLiteBehavior [ RunTime:0.000009s ]
INFO: [ app_init ] --END-- [ RunTime:0.000294s ]
INFO: [ app_begin ] --START--
INFO: Run Behavior\ReadHtmlCacheBehavior [ RunTime:0.000341s ]
INFO: [ app_begin ] --END-- [ RunTime:0.000372s ]
INFO: [ view_parse ] --START--
INFO: [ template_filter ] --START--
INFO: Run Behavior\ContentReplaceBehavior [ RunTime:0.000050s ]
INFO: [ template_filter ] --END-- [ RunTime:0.000096s ]
INFO: Run Behavior\ParseTemplateBehavior [ RunTime:0.008093s ]
INFO: [ view_parse ] --END-- [ RunTime:0.008129s ]
INFO: [ view_filter ] --START--
INFO: Run Behavior\WriteHtmlCacheBehavior [ RunTime:0.000367s ]
INFO: [ view_filter ] --END-- [ RunTime:0.000402s ]
INFO: [ app_end ] --START--
INFO: Run Behavior\ShowPageTraceBehavior [ RunTime:0.013519s ]
INFO: [ app_end ] --END-- [ RunTime:0.013565s ]

[ 2017-04-21T10:15:45+08:00 ] 188.188.188.131 /Admin/Login/login.html
INFO: [ app_init ] --START--
INFO: Run Behavior\BuildLiteBehavior [ RunTime:0.000013s ]
INFO: [ app_init ] --END-- [ RunTime:0.000442s ]
INFO: [ app_begin ] --START--
INFO: Run Behavior\ReadHtmlCacheBehavior [ RunTime:0.000414s ]
INFO: [ app_begin ] --END-- [ RunTime:0.000450s ]
SQL: SHOW COLUMNS FROM `yfq_admin` [ RunTime:0.0159s ]
SQL: SELECT * FROM `yfq_admin` WHERE `user_name` = 'admin' AND `user_password` = '26cb04b45b50d7b67c5209c2e6b15231' LIMIT 1   [ RunTime:0.0003s ]

[ 2017-04-21T10:15:45+08:00 ] 188.188.188.131 /Admin/index
INFO: [ app_init ] --START--
INFO: Run Behavior\BuildLiteBehavior [ RunTime:0.000009s ]
INFO: [ app_init ] --END-- [ RunTime:0.000309s ]
INFO: [ app_begin ] --START--
INFO: Run Behavior\ReadHtmlCacheBehavior [ RunTime:0.000355s ]
INFO: [ app_begin ] --END-- [ RunTime:0.000386s ]

[ 2017-04-21T10:15:45+08:00 ] 188.188.188.131 /Admin/Login.html
INFO: [ app_init ] --START--
INFO: Run Behavior\BuildLiteBehavior [ RunTime:0.000019s ]
INFO: [ app_init ] --END-- [ RunTime:0.001841s ]
INFO: [ app_begin ] --START--
INFO: Run Behavior\ReadHtmlCacheBehavior [ RunTime:0.000555s ]
INFO: [ app_begin ] --END-- [ RunTime:0.000604s ]
INFO: [ view_parse ] --START--
INFO: [ template_filter ] --START--
INFO: Run Behavior\ContentReplaceBehavior [ RunTime:0.000048s ]
INFO: [ template_filter ] --END-- [ RunTime:0.000087s ]
INFO: Run Behavior\ParseTemplateBehavior [ RunTime:0.004354s ]
INFO: [ view_parse ] --END-- [ RunTime:0.004391s ]
INFO: [ view_filter ] --START--
INFO: Run Behavior\WriteHtmlCacheBehavior [ RunTime:0.000297s ]
INFO: [ view_filter ] --END-- [ RunTime:0.000323s ]
INFO: [ app_end ] --START--
INFO: Run Behavior\ShowPageTraceBehavior [ RunTime:0.002693s ]
INFO: [ app_end ] --END-- [ RunTime:0.002745s ]

[ 2017-04-21T10:15:53+08:00 ] 188.188.188.131 /Admin/Login/login.html
INFO: [ app_init ] --START--
INFO: Run Behavior\BuildLiteBehavior [ RunTime:0.000010s ]
INFO: [ app_init ] --END-- [ RunTime:0.000421s ]
INFO: [ app_begin ] --START--
INFO: Run Behavior\ReadHtmlCacheBehavior [ RunTime:0.000444s ]
INFO: [ app_begin ] --END-- [ RunTime:0.000473s ]
SQL: SHOW COLUMNS FROM `yfq_admin` [ RunTime:0.0115s ]
SQL: SELECT * FROM `yfq_admin` WHERE `user_name` = 'admin' AND `user_password` = '572a7d425327609aa352822ea3894af9' LIMIT 1   [ RunTime:0.0003s ]
SQL: UPDATE `yfq_admin` SET `last_login_time`='1492740953' WHERE `uid` = 2 [ RunTime:0.0332s ]

[ 2017-04-21T10:15:53+08:00 ] 188.188.188.131 /Admin/index
INFO: [ app_init ] --START--
INFO: Run Behavior\BuildLiteBehavior [ RunTime:0.000010s ]
INFO: [ app_init ] --END-- [ RunTime:0.000366s ]
INFO: [ app_begin ] --START--
INFO: Run Behavior\ReadHtmlCacheBehavior [ RunTime:0.002175s ]
INFO: [ app_begin ] --END-- [ RunTime:0.002230s ]
INFO: [ view_parse ] --START--
INFO: [ template_filter ] --START--
INFO: Run Behavior\ContentReplaceBehavior [ RunTime:0.000061s ]
INFO: [ template_filter ] --END-- [ RunTime:0.000113s ]
NOTIC: [8] Undefined variable: branch_info E:\PHP\WWW\yfq\Application\Runtime\Cache\Admin\b595b808c2ebeeeb0478ffc30bb4e87a.php 第 61 行.
INFO: Run Behavior\ParseTemplateBehavior [ RunTime:0.014720s ]
INFO: [ view_parse ] --END-- [ RunTime:0.014804s ]
INFO: [ view_filter ] --START--
INFO: Run Behavior\WriteHtmlCacheBehavior [ RunTime:0.000488s ]
INFO: [ view_filter ] --END-- [ RunTime:0.000558s ]
INFO: [ app_end ] --START--
INFO: Run Behavior\ShowPageTraceBehavior [ RunTime:0.000678s ]
INFO: [ app_end ] --END-- [ RunTime:0.000719s ]

[ 2017-04-21T10:16:00+08:00 ] 188.188.188.131 /Admin/index
INFO: [ app_init ] --START--
INFO: Run Behavior\BuildLiteBehavior [ RunTime:0.000012s ]
INFO: [ app_init ] --END-- [ RunTime:0.000488s ]
INFO: [ app_begin ] --START--
INFO: Run Behavior\ReadHtmlCacheBehavior [ RunTime:0.001619s ]
INFO: [ app_begin ] --END-- [ RunTime:0.001678s ]
INFO: [ view_parse ] --START--
INFO: [ template_filter ] --START--
INFO: Run Behavior\ContentReplaceBehavior [ RunTime:0.000076s ]
INFO: [ template_filter ] --END-- [ RunTime:0.000124s ]
NOTIC: [8] Undefined variable: branch_info E:\PHP\WWW\yfq\Application\Runtime\Cache\Admin\b595b808c2ebeeeb0478ffc30bb4e87a.php 第 61 行.
INFO: Run Behavior\ParseTemplateBehavior [ RunTime:0.016274s ]
INFO: [ view_parse ] --END-- [ RunTime:0.016323s ]
INFO: [ view_filter ] --START--
INFO: Run Behavior\WriteHtmlCacheBehavior [ RunTime:0.000367s ]
INFO: [ view_filter ] --END-- [ RunTime:0.000399s ]
INFO: [ app_end ] --START--
INFO: Run Behavior\ShowPageTraceBehavior [ RunTime:0.000511s ]
INFO: [ app_end ] --END-- [ RunTime:0.000546s ]

[ 2017-04-21T10:16:00+08:00 ] 188.188.188.131 /Admin/index
INFO: [ app_init ] --START--
INFO: Run Behavior\BuildLiteBehavior [ RunTime:0.000013s ]
INFO: [ app_init ] --END-- [ RunTime:0.000411s ]
INFO: [ app_begin ] --START--
INFO: Run Behavior\ReadHtmlCacheBehavior [ RunTime:0.000774s ]
INFO: [ app_begin ] --END-- [ RunTime:0.000830s ]
INFO: [ view_parse ] --START--
INFO: [ template_filter ] --START--
INFO: Run Behavior\ContentReplaceBehavior [ RunTime:0.000055s ]
INFO: [ template_filter ] --END-- [ RunTime:0.000095s ]
NOTIC: [8] Undefined variable: branch_info E:\PHP\WWW\yfq\Application\Runtime\Cache\Admin\b595b808c2ebeeeb0478ffc30bb4e87a.php 第 61 行.
INFO: Run Behavior\ParseTemplateBehavior [ RunTime:0.007834s ]
INFO: [ view_parse ] --END-- [ RunTime:0.007870s ]
INFO: [ view_filter ] --START--
INFO: Run Behavior\WriteHtmlCacheBehavior [ RunTime:0.000603s ]
INFO: [ view_filter ] --END-- [ RunTime:0.000635s ]
INFO: [ app_end ] --START--
INFO: Run Behavior\ShowPageTraceBehavior [ RunTime:0.000754s ]
INFO: [ app_end ] --END-- [ RunTime:0.000796s ]

[ 2017-04-21T10:17:42+08:00 ] 188.188.188.131 /Admin/Login/login.html
INFO: [ app_init ] --START--
INFO: Run Behavior\BuildLiteBehavior [ RunTime:0.000011s ]
INFO: [ app_init ] --END-- [ RunTime:0.000465s ]
INFO: [ app_begin ] --START--
INFO: Run Behavior\ReadHtmlCacheBehavior [ RunTime:0.000407s ]
INFO: [ app_begin ] --END-- [ RunTime:0.000441s ]
SQL: SHOW COLUMNS FROM `yfq_admin` [ RunTime:0.0060s ]
SQL: SELECT * FROM `yfq_admin` WHERE `user_name` = 'admin' AND `user_password` = '572a7d425327609aa352822ea3894af9' LIMIT 1   [ RunTime:0.0003s ]
SQL: UPDATE `yfq_admin` SET `last_login_time`='1492741062' WHERE `uid` = 2 [ RunTime:0.0360s ]

[ 2017-04-21T10:17:42+08:00 ] 188.188.188.131 /Admin/index
INFO: [ app_init ] --START--
INFO: Run Behavior\BuildLiteBehavior [ RunTime:0.000009s ]
INFO: [ app_init ] --END-- [ RunTime:0.000305s ]
INFO: [ app_begin ] --START--
INFO: Run Behavior\ReadHtmlCacheBehavior [ RunTime:0.000352s ]
INFO: [ app_begin ] --END-- [ RunTime:0.000384s ]
INFO: [ view_parse ] --START--
INFO: [ template_filter ] --START--
INFO: Run Behavior\ContentReplaceBehavior [ RunTime:0.000062s ]
INFO: [ template_filter ] --END-- [ RunTime:0.000103s ]
NOTIC: [8] Undefined variable: branch_info E:\PHP\WWW\yfq\Application\Runtime\Cache\Admin\b595b808c2ebeeeb0478ffc30bb4e87a.php 第 61 行.
INFO: Run Behavior\ParseTemplateBehavior [ RunTime:0.016095s ]
INFO: [ view_parse ] --END-- [ RunTime:0.016127s ]
INFO: [ view_filter ] --START--
INFO: Run Behavior\WriteHtmlCacheBehavior [ RunTime:0.000301s ]
INFO: [ view_filter ] --END-- [ RunTime:0.000327s ]
INFO: [ app_end ] --START--
INFO: Run Behavior\ShowPageTraceBehavior [ RunTime:0.000621s ]
INFO: [ app_end ] --END-- [ RunTime:0.000656s ]

[ 2017-04-21T10:17:44+08:00 ] 188.188.188.131 /Admin/Activity
INFO: [ app_init ] --START--
INFO: Run Behavior\BuildLiteBehavior [ RunTime:0.000009s ]
INFO: [ app_init ] --END-- [ RunTime:0.000386s ]
INFO: [ app_begin ] --START--
INFO: Run Behavior\ReadHtmlCacheBehavior [ RunTime:0.000399s ]
INFO: [ app_begin ] --END-- [ RunTime:0.000436s ]
SQL: SHOW COLUMNS FROM `yfq_branch_type` [ RunTime:0.0182s ]
SQL: SELECT * FROM `yfq_branch_type` WHERE ( status=1 )  [ RunTime:0.0004s ]
SQL: SHOW COLUMNS FROM `yfq_activity` [ RunTime:0.0111s ]
SQL: SELECT * FROM `yfq_activity` WHERE ( status!=3 ) LIMIT 0,10   [ RunTime:0.0006s ]
SQL: SELECT COUNT(*) AS tp_count FROM `yfq_activity` WHERE ( status!=3 ) LIMIT 1   [ RunTime:0.0116s ]
INFO: [ view_parse ] --START--
INFO: [ template_filter ] --START--
INFO: Run Behavior\ContentReplaceBehavior [ RunTime:0.000067s ]
INFO: [ template_filter ] --END-- [ RunTime:0.000104s ]
NOTIC: [8] Undefined variable: branch_info E:\PHP\WWW\yfq\Application\Runtime\Cache\Admin\c8d84a2d51a6dbf36e8ef99e6375e8a9.php 第 61 行.
INFO: Run Behavior\ParseTemplateBehavior [ RunTime:0.008287s ]
INFO: [ view_parse ] --END-- [ RunTime:0.008332s ]
INFO: [ view_filter ] --START--
INFO: Run Behavior\WriteHtmlCacheBehavior [ RunTime:0.000267s ]
INFO: [ view_filter ] --END-- [ RunTime:0.000293s ]
INFO: [ app_end ] --START--
INFO: Run Behavior\ShowPageTraceBehavior [ RunTime:0.000704s ]
INFO: [ app_end ] --END-- [ RunTime:0.000737s ]

[ 2017-04-21T10:17:51+08:00 ] 188.188.188.131 /Admin/Branch
INFO: [ app_init ] --START--
INFO: Run Behavior\BuildLiteBehavior [ RunTime:0.000008s ]
INFO: [ app_init ] --END-- [ RunTime:0.000298s ]
INFO: [ app_begin ] --START--
INFO: Run Behavior\ReadHtmlCacheBehavior [ RunTime:0.000346s ]
INFO: [ app_begin ] --END-- [ RunTime:0.000377s ]
SQL: SHOW COLUMNS FROM `yfq_branch_type` [ RunTime:0.0117s ]
SQL: SELECT * FROM `yfq_branch_type` WHERE ( status=1 )  [ RunTime:0.0003s ]
INFO: [ view_parse ] --START--
INFO: [ template_filter ] --START--
INFO: Run Behavior\ContentReplaceBehavior [ RunTime:0.000067s ]
INFO: [ template_filter ] --END-- [ RunTime:0.000106s ]
NOTIC: [8] Undefined variable: branch_info E:\PHP\WWW\yfq\Application\Runtime\Cache\Admin\d54734d015d6e17d503cce5c1cae7d65.php 第 61 行.
NOTIC: [8] Undefined variable: page E:\PHP\WWW\yfq\Application\Runtime\Cache\Admin\d54734d015d6e17d503cce5c1cae7d65.php 第 111 行.
NOTIC: [8] Undefined variable: page E:\PHP\WWW\yfq\Application\Runtime\Cache\Admin\d54734d015d6e17d503cce5c1cae7d65.php 第 111 行.
NOTIC: [8] Undefined variable: pages E:\PHP\WWW\yfq\Application\Runtime\Cache\Admin\d54734d015d6e17d503cce5c1cae7d65.php 第 111 行.
NOTIC: [8] Undefined variable: pages E:\PHP\WWW\yfq\Application\Runtime\Cache\Admin\d54734d015d6e17d503cce5c1cae7d65.php 第 111 行.
NOTIC: [8] Undefined variable: pages E:\PHP\WWW\yfq\Application\Runtime\Cache\Admin\d54734d015d6e17d503cce5c1cae7d65.php 第 111 行.
NOTIC: [8] Undefined variable: pages E:\PHP\WWW\yfq\Application\Runtime\Cache\Admin\d54734d015d6e17d503cce5c1cae7d65.php 第 111 行.
NOTIC: [8] Undefined variable: pages E:\PHP\WWW\yfq\Application\Runtime\Cache\Admin\d54734d015d6e17d503cce5c1cae7d65.php 第 114 行.
NOTIC: [8] Undefined variable: page E:\PHP\WWW\yfq\Application\Runtime\Cache\Admin\d54734d015d6e17d503cce5c1cae7d65.php 第 115 行.
NOTIC: [8] Undefined variable: count E:\PHP\WWW\yfq\Application\Runtime\Cache\Admin\d54734d015d6e17d503cce5c1cae7d65.php 第 115 行.
NOTIC: [8] Undefined variable: pages E:\PHP\WWW\yfq\Application\Runtime\Cache\Admin\d54734d015d6e17d503cce5c1cae7d65.php 第 115 行.
INFO: Run Behavior\ParseTemplateBehavior [ RunTime:0.007659s ]
INFO: [ view_parse ] --END-- [ RunTime:0.007693s ]
INFO: [ view_filter ] --START--
INFO: Run Behavior\WriteHtmlCacheBehavior [ RunTime:0.000255s ]
INFO: [ view_filter ] --END-- [ RunTime:0.000279s ]
INFO: [ app_end ] --START--
INFO: Run Behavior\ShowPageTraceBehavior [ RunTime:0.000426s ]
INFO: [ app_end ] --END-- [ RunTime:0.000611s ]

[ 2017-04-21T10:19:19+08:00 ] 127.0.0.1 /admin
INFO: [ app_init ] --START--
INFO: Run Behavior\BuildLiteBehavior [ RunTime:0.000009s ]
INFO: [ app_init ] --END-- [ RunTime:0.000389s ]
INFO: [ app_begin ] --START--
INFO: Run Behavior\ReadHtmlCacheBehavior [ RunTime:0.000433s ]
INFO: [ app_begin ] --END-- [ RunTime:0.000568s ]

[ 2017-04-21T10:19:19+08:00 ] 127.0.0.1 /Admin/Login.html
INFO: [ app_init ] --START--
INFO: Run Behavior\BuildLiteBehavior [ RunTime:0.000009s ]
INFO: [ app_init ] --END-- [ RunTime:0.000306s ]
INFO: [ app_begin ] --START--
INFO: Run Behavior\ReadHtmlCacheBehavior [ RunTime:0.000355s ]
INFO: [ app_begin ] --END-- [ RunTime:0.000388s ]
INFO: [ view_parse ] --START--
INFO: [ template_filter ] --START--
INFO: Run Behavior\ContentReplaceBehavior [ RunTime:0.000060s ]
INFO: [ template_filter ] --END-- [ RunTime:0.000104s ]
INFO: Run Behavior\ParseTemplateBehavior [ RunTime:0.012541s ]
INFO: [ view_parse ] --END-- [ RunTime:0.012583s ]
INFO: [ view_filter ] --START--
INFO: Run Behavior\WriteHtmlCacheBehavior [ RunTime:0.000342s ]
INFO: [ view_filter ] --END-- [ RunTime:0.000370s ]
INFO: [ app_end ] --START--
INFO: Run Behavior\ShowPageTraceBehavior [ RunTime:0.000598s ]
INFO: [ app_end ] --END-- [ RunTime:0.000633s ]

[ 2017-04-21T10:19:31+08:00 ] 127.0.0.1 /Admin/Login/login.html
INFO: [ app_init ] --START--
INFO: Run Behavior\BuildLiteBehavior [ RunTime:0.000011s ]
INFO: [ app_init ] --END-- [ RunTime:0.000352s ]
INFO: [ app_begin ] --START--
INFO: Run Behavior\ReadHtmlCacheBehavior [ RunTime:0.000404s ]
INFO: [ app_begin ] --END-- [ RunTime:0.000437s ]
SQL: SHOW COLUMNS FROM `yfq_admin` [ RunTime:0.0225s ]
SQL: SELECT * FROM `yfq_admin` WHERE `user_name` = 'admin' AND `user_password` = '572a7d425327609aa352822ea3894af9' LIMIT 1   [ RunTime:0.0003s ]
SQL: UPDATE `yfq_admin` SET `last_login_time`='1492741171' WHERE `uid` = 2 [ RunTime:0.0314s ]

[ 2017-04-21T10:19:31+08:00 ] 127.0.0.1 /Admin/index
INFO: [ app_init ] --START--
INFO: Run Behavior\BuildLiteBehavior [ RunTime:0.000013s ]
INFO: [ app_init ] --END-- [ RunTime:0.000467s ]
INFO: [ app_begin ] --START--
INFO: Run Behavior\ReadHtmlCacheBehavior [ RunTime:0.000406s ]
INFO: [ app_begin ] --END-- [ RunTime:0.000446s ]
INFO: [ view_parse ] --START--
INFO: [ template_filter ] --START--
INFO: Run Behavior\ContentReplaceBehavior [ RunTime:0.000049s ]
INFO: [ template_filter ] --END-- [ RunTime:0.000079s ]
NOTIC: [8] Undefined variable: branch_info E:\PHP\WWW\yfq\Application\Runtime\Cache\Admin\b595b808c2ebeeeb0478ffc30bb4e87a.php 第 61 行.
INFO: Run Behavior\ParseTemplateBehavior [ RunTime:0.005113s ]
INFO: [ view_parse ] --END-- [ RunTime:0.005148s ]
INFO: [ view_filter ] --START--
INFO: Run Behavior\WriteHtmlCacheBehavior [ RunTime:0.000239s ]
INFO: [ view_filter ] --END-- [ RunTime:0.000264s ]
INFO: [ app_end ] --START--
INFO: Run Behavior\ShowPageTraceBehavior [ RunTime:0.000373s ]
INFO: [ app_end ] --END-- [ RunTime:0.000401s ]

[ 2017-04-21T10:19:33+08:00 ] 127.0.0.1 /Admin/Branch
INFO: [ app_init ] --START--
INFO: Run Behavior\BuildLiteBehavior [ RunTime:0.000010s ]
INFO: [ app_init ] --END-- [ RunTime:0.000310s ]
INFO: [ app_begin ] --START--
INFO: Run Behavior\ReadHtmlCacheBehavior [ RunTime:0.000353s ]
INFO: [ app_begin ] --END-- [ RunTime:0.000386s ]
SQL: SHOW COLUMNS FROM `yfq_branch_type` [ RunTime:0.0152s ]
SQL: SELECT * FROM `yfq_branch_type` WHERE ( status=1 )  [ RunTime:0.0003s ]
INFO: [ view_parse ] --START--
INFO: [ template_filter ] --START--
INFO: Run Behavior\ContentReplaceBehavior [ RunTime:0.000066s ]
INFO: [ template_filter ] --END-- [ RunTime:0.000100s ]
NOTIC: [8] Undefined variable: branch_info E:\PHP\WWW\yfq\Application\Runtime\Cache\Admin\d54734d015d6e17d503cce5c1cae7d65.php 第 61 行.
NOTIC: [8] Undefined variable: page E:\PHP\WWW\yfq\Application\Runtime\Cache\Admin\d54734d015d6e17d503cce5c1cae7d65.php 第 111 行.
NOTIC: [8] Undefined variable: page E:\PHP\WWW\yfq\Application\Runtime\Cache\Admin\d54734d015d6e17d503cce5c1cae7d65.php 第 111 行.
NOTIC: [8] Undefined variable: pages E:\PHP\WWW\yfq\Application\Runtime\Cache\Admin\d54734d015d6e17d503cce5c1cae7d65.php 第 111 行.
NOTIC: [8] Undefined variable: pages E:\PHP\WWW\yfq\Application\Runtime\Cache\Admin\d54734d015d6e17d503cce5c1cae7d65.php 第 111 行.
NOTIC: [8] Undefined variable: pages E:\PHP\WWW\yfq\Application\Runtime\Cache\Admin\d54734d015d6e17d503cce5c1cae7d65.php 第 111 行.
NOTIC: [8] Undefined variable: pages E:\PHP\WWW\yfq\Application\Runtime\Cache\Admin\d54734d015d6e17d503cce5c1cae7d65.php 第 111 行.
NOTIC: [8] Undefined variable: pages E:\PHP\WWW\yfq\Application\Runtime\Cache\Admin\d54734d015d6e17d503cce5c1cae7d65.php 第 114 行.
NOTIC: [8] Undefined variable: page E:\PHP\WWW\yfq\Application\Runtime\Cache\Admin\d54734d015d6e17d503cce5c1cae7d65.php 第 115 行.
NOTIC: [8] Undefined variable: count E:\PHP\WWW\yfq\Application\Runtime\Cache\Admin\d54734d015d6e17d503cce5c1cae7d65.php 第 115 行.
NOTIC: [8] Undefined variable: pages E:\PHP\WWW\yfq\Application\Runtime\Cache\Admin\d54734d015d6e17d503cce5c1cae7d65.php 第 115 行.
INFO: Run Behavior\ParseTemplateBehavior [ RunTime:0.008306s ]
INFO: [ view_parse ] --END-- [ RunTime:0.008339s ]
INFO: [ view_filter ] --START--
INFO: Run Behavior\WriteHtmlCacheBehavior [ RunTime:0.000251s ]
INFO: [ view_filter ] --END-- [ RunTime:0.000273s ]
INFO: [ app_end ] --START--
INFO: Run Behavior\ShowPageTraceBehavior [ RunTime:0.000782s ]
INFO: [ app_end ] --END-- [ RunTime:0.000821s ]

[ 2017-04-21T10:19:38+08:00 ] 127.0.0.1 /Admin/Activity
INFO: [ app_init ] --START--
INFO: Run Behavior\BuildLiteBehavior [ RunTime:0.000010s ]
INFO: [ app_init ] --END-- [ RunTime:0.000309s ]
INFO: [ app_begin ] --START--
INFO: Run Behavior\ReadHtmlCacheBehavior [ RunTime:0.000360s ]
INFO: [ app_begin ] --END-- [ RunTime:0.000391s ]
SQL: SHOW COLUMNS FROM `yfq_branch_type` [ RunTime:0.0169s ]
SQL: SELECT * FROM `yfq_branch_type` WHERE ( status=1 )  [ RunTime:0.0003s ]
SQL: SHOW COLUMNS FROM `yfq_activity` [ RunTime:0.0172s ]
SQL: SELECT * FROM `yfq_activity` WHERE ( status!=3 ) LIMIT 0,10   [ RunTime:0.0003s ]
SQL: SELECT COUNT(*) AS tp_count FROM `yfq_activity` WHERE ( status!=3 ) LIMIT 1   [ RunTime:0.0002s ]
INFO: [ view_parse ] --START--
INFO: [ template_filter ] --START--
INFO: Run Behavior\ContentReplaceBehavior [ RunTime:0.000067s ]
INFO: [ template_filter ] --END-- [ RunTime:0.000106s ]
NOTIC: [8] Undefined variable: branch_info E:\PHP\WWW\yfq\Application\Runtime\Cache\Admin\c8d84a2d51a6dbf36e8ef99e6375e8a9.php 第 61 行.
INFO: Run Behavior\ParseTemplateBehavior [ RunTime:0.008650s ]
INFO: [ view_parse ] --END-- [ RunTime:0.008685s ]
INFO: [ view_filter ] --START--
INFO: Run Behavior\WriteHtmlCacheBehavior [ RunTime:0.000270s ]
INFO: [ view_filter ] --END-- [ RunTime:0.000293s ]
INFO: [ app_end ] --START--
INFO: Run Behavior\ShowPageTraceBehavior [ RunTime:0.000711s ]
INFO: [ app_end ] --END-- [ RunTime:0.000745s ]

[ 2017-04-21T10:19:41+08:00 ] 127.0.0.1 /Admin/Activity/addAct.html?id=4
INFO: [ app_init ] --START--
INFO: Run Behavior\BuildLiteBehavior [ RunTime:0.000054s ]
INFO: [ app_init ] --END-- [ RunTime:0.002178s ]
INFO: [ app_begin ] --START--
INFO: Run Behavior\ReadHtmlCacheBehavior [ RunTime:0.002499s ]
INFO: [ app_begin ] --END-- [ RunTime:0.002707s ]
SQL: SHOW COLUMNS FROM `yfq_branch_type` [ RunTime:0.0170s ]
SQL: SELECT * FROM `yfq_branch_type` WHERE ( status=1 )  [ RunTime:0.0004s ]
SQL: SHOW COLUMNS FROM `yfq_activity` [ RunTime:0.0126s ]
SQL: SELECT * FROM `yfq_activity` WHERE ( act_id=4 ) LIMIT 1   [ RunTime:0.0003s ]
INFO: [ view_parse ] --START--
INFO: [ template_filter ] --START--
INFO: Run Behavior\ContentReplaceBehavior [ RunTime:0.000282s ]
INFO: [ template_filter ] --END-- [ RunTime:0.000460s ]
INFO: Run Behavior\ParseTemplateBehavior [ RunTime:0.010590s ]
INFO: [ view_parse ] --END-- [ RunTime:0.010682s ]
INFO: [ view_filter ] --START--
INFO: Run Behavior\WriteHtmlCacheBehavior [ RunTime:0.000913s ]
INFO: [ view_filter ] --END-- [ RunTime:0.000954s ]
INFO: [ app_end ] --START--
INFO: Run Behavior\ShowPageTraceBehavior [ RunTime:0.000659s ]
INFO: [ app_end ] --END-- [ RunTime:0.000722s ]

[ 2017-04-21T10:19:42+08:00 ] 127.0.0.1 /Admin/Prize/getPrize.html
INFO: [ app_init ] --START--
INFO: Run Behavior\BuildLiteBehavior [ RunTime:0.000050s ]
INFO: [ app_init ] --END-- [ RunTime:0.001072s ]
INFO: [ app_begin ] --START--
INFO: Run Behavior\ReadHtmlCacheBehavior [ RunTime:0.000413s ]
INFO: [ app_begin ] --END-- [ RunTime:0.000454s ]
SQL: SHOW COLUMNS FROM `yfq_activity` [ RunTime:0.0051s ]
SQL: SELECT * FROM `yfq_activity` WHERE ( act_id=4 ) LIMIT 1   [ RunTime:0.0003s ]
SQL: SHOW COLUMNS FROM `yfq_branch_type` [ RunTime:0.0085s ]
SQL: SELECT * FROM `yfq_branch_type` WHERE ( type_id=2 ) LIMIT 1   [ RunTime:0.0003s ]
SQL: SHOW COLUMNS FROM `yfq_prize` [ RunTime:0.0060s ]
SQL: SELECT * FROM `yfq_prize` WHERE ( if_del=1 and act_id=4 )  [ RunTime:0.0004s ]

[ 2017-04-21T10:19:46+08:00 ] 127.0.0.1 /Admin/Activity/addActUp.html
INFO: [ app_init ] --START--
INFO: Run Behavior\BuildLiteBehavior [ RunTime:0.000013s ]
INFO: [ app_init ] --END-- [ RunTime:0.000471s ]
INFO: [ app_begin ] --START--
INFO: Run Behavior\ReadHtmlCacheBehavior [ RunTime:0.000428s ]
INFO: [ app_begin ] --END-- [ RunTime:0.000464s ]
SQL: SHOW COLUMNS FROM `yfq_activity` [ RunTime:0.0056s ]
SQL: UPDATE `yfq_activity` SET `type_id`='2',`act_name`='一分钱红包日常',`free_times`='0',`pay_money`='1',`pay_times`='1',`valid_pay_num`='1',`share_times`='1',`valid_share_num`='1',`start_time`='1484409600',`end_time`='1493567999',`prize_ratio`='{\"7\":\"4\",\"8\":\"6\",\"9\":\"10\",\"10\":\"10\",\"11\":\"20\",\"12\":\"50\",\"13\":\"100\",\"14\":\"150\",\"15\":\"200\",\"16\":\"380\"}' WHERE ( act_id=4 ) [ RunTime:0.0350s ]

[ 2017-04-21T10:19:47+08:00 ] 127.0.0.1 /Admin/Activity
INFO: [ app_init ] --START--
INFO: Run Behavior\BuildLiteBehavior [ RunTime:0.000011s ]
INFO: [ app_init ] --END-- [ RunTime:0.000359s ]
INFO: [ app_begin ] --START--
INFO: Run Behavior\ReadHtmlCacheBehavior [ RunTime:0.000433s ]
INFO: [ app_begin ] --END-- [ RunTime:0.000473s ]
SQL: SHOW COLUMNS FROM `yfq_branch_type` [ RunTime:0.0542s ]
SQL: SELECT * FROM `yfq_branch_type` WHERE ( status=1 )  [ RunTime:0.0003s ]
SQL: SHOW COLUMNS FROM `yfq_activity` [ RunTime:0.0196s ]
SQL: SELECT * FROM `yfq_activity` WHERE ( status!=3 ) LIMIT 0,10   [ RunTime:0.0004s ]
SQL: SELECT COUNT(*) AS tp_count FROM `yfq_activity` WHERE ( status!=3 ) LIMIT 1   [ RunTime:0.0002s ]
INFO: [ view_parse ] --START--
INFO: [ template_filter ] --START--
INFO: Run Behavior\ContentReplaceBehavior [ RunTime:0.000069s ]
INFO: [ template_filter ] --END-- [ RunTime:0.000111s ]
NOTIC: [8] Undefined variable: branch_info E:\PHP\WWW\yfq\Application\Runtime\Cache\Admin\c8d84a2d51a6dbf36e8ef99e6375e8a9.php 第 61 行.
INFO: Run Behavior\ParseTemplateBehavior [ RunTime:0.009535s ]
INFO: [ view_parse ] --END-- [ RunTime:0.009576s ]
INFO: [ view_filter ] --START--
INFO: Run Behavior\WriteHtmlCacheBehavior [ RunTime:0.000279s ]
INFO: [ view_filter ] --END-- [ RunTime:0.000304s ]
INFO: [ app_end ] --START--
INFO: Run Behavior\ShowPageTraceBehavior [ RunTime:0.000604s ]
INFO: [ app_end ] --END-- [ RunTime:0.000639s ]

[ 2017-04-21T10:20:17+08:00 ] 127.0.0.1 /Admin/Activity/addAct.html?id=4
INFO: [ app_init ] --START--
INFO: Run Behavior\BuildLiteBehavior [ RunTime:0.000010s ]
INFO: [ app_init ] --END-- [ RunTime:0.000363s ]
INFO: [ app_begin ] --START--
INFO: Run Behavior\ReadHtmlCacheBehavior [ RunTime:0.000366s ]
INFO: [ app_begin ] --END-- [ RunTime:0.000402s ]
SQL: SHOW COLUMNS FROM `yfq_branch_type` [ RunTime:0.0330s ]
SQL: SELECT * FROM `yfq_branch_type` WHERE ( status=1 )  [ RunTime:0.0006s ]
SQL: SHOW COLUMNS FROM `yfq_activity` [ RunTime:0.0052s ]
SQL: SELECT * FROM `yfq_activity` WHERE ( act_id=4 ) LIMIT 1   [ RunTime:0.0003s ]
INFO: [ view_parse ] --START--
INFO: [ template_filter ] --START--
INFO: Run Behavior\ContentReplaceBehavior [ RunTime:0.000128s ]
INFO: [ template_filter ] --END-- [ RunTime:0.000248s ]
INFO: Run Behavior\ParseTemplateBehavior [ RunTime:0.010723s ]
INFO: [ view_parse ] --END-- [ RunTime:0.010859s ]
INFO: [ view_filter ] --START--
INFO: Run Behavior\WriteHtmlCacheBehavior [ RunTime:0.001027s ]
INFO: [ view_filter ] --END-- [ RunTime:0.001087s ]
INFO: [ app_end ] --START--
INFO: Run Behavior\ShowPageTraceBehavior [ RunTime:0.000536s ]
INFO: [ app_end ] --END-- [ RunTime:0.000569s ]

[ 2017-04-21T10:20:18+08:00 ] 127.0.0.1 /Admin/Prize/getPrize.html
INFO: [ app_init ] --START--
INFO: Run Behavior\BuildLiteBehavior [ RunTime:0.000011s ]
INFO: [ app_init ] --END-- [ RunTime:0.000332s ]
INFO: [ app_begin ] --START--
INFO: Run Behavior\ReadHtmlCacheBehavior [ RunTime:0.000380s ]
INFO: [ app_begin ] --END-- [ RunTime:0.000414s ]
SQL: SHOW COLUMNS FROM `yfq_activity` [ RunTime:0.0130s ]
SQL: SELECT * FROM `yfq_activity` WHERE ( act_id=4 ) LIMIT 1   [ RunTime:0.0004s ]
SQL: SHOW COLUMNS FROM `yfq_branch_type` [ RunTime:0.0129s ]
SQL: SELECT * FROM `yfq_branch_type` WHERE ( type_id=2 ) LIMIT 1   [ RunTime:0.0004s ]
SQL: SHOW COLUMNS FROM `yfq_prize` [ RunTime:0.0134s ]
SQL: SELECT * FROM `yfq_prize` WHERE ( if_del=1 and act_id=4 )  [ RunTime:0.0003s ]

[ 2017-04-21T10:24:22+08:00 ] 127.0.0.1 /Admin/Activity/addAct.html?id=4
INFO: [ app_init ] --START--
INFO: Run Behavior\BuildLiteBehavior [ RunTime:0.000008s ]
INFO: [ app_init ] --END-- [ RunTime:0.000337s ]
INFO: [ app_begin ] --START--
INFO: Run Behavior\ReadHtmlCacheBehavior [ RunTime:0.000383s ]
INFO: [ app_begin ] --END-- [ RunTime:0.000417s ]
SQL: SHOW COLUMNS FROM `yfq_branch_type` [ RunTime:0.0053s ]
SQL: SELECT * FROM `yfq_branch_type` WHERE ( status=1 )  [ RunTime:0.0047s ]
SQL: SHOW COLUMNS FROM `yfq_activity` [ RunTime:0.0062s ]
SQL: SELECT * FROM `yfq_activity` WHERE ( act_id=4 ) LIMIT 1   [ RunTime:0.0003s ]
INFO: [ view_parse ] --START--
INFO: [ template_filter ] --START--
INFO: Run Behavior\ContentReplaceBehavior [ RunTime:0.000141s ]
INFO: [ template_filter ] --END-- [ RunTime:0.000273s ]
INFO: Run Behavior\ParseTemplateBehavior [ RunTime:0.010389s ]
INFO: [ view_parse ] --END-- [ RunTime:0.010438s ]
INFO: [ view_filter ] --START--
INFO: Run Behavior\WriteHtmlCacheBehavior [ RunTime:0.000367s ]
INFO: [ view_filter ] --END-- [ RunTime:0.000400s ]
INFO: [ app_end ] --START--
INFO: Run Behavior\ShowPageTraceBehavior [ RunTime:0.000807s ]
INFO: [ app_end ] --END-- [ RunTime:0.000849s ]

[ 2017-04-21T10:24:22+08:00 ] 127.0.0.1 /Admin/Prize/getPrize.html
INFO: [ app_init ] --START--
INFO: Run Behavior\BuildLiteBehavior [ RunTime:0.000011s ]
INFO: [ app_init ] --END-- [ RunTime:0.000343s ]
INFO: [ app_begin ] --START--
INFO: Run Behavior\ReadHtmlCacheBehavior [ RunTime:0.000355s ]
INFO: [ app_begin ] --END-- [ RunTime:0.000393s ]
SQL: SHOW COLUMNS FROM `yfq_activity` [ RunTime:0.0126s ]
SQL: SELECT * FROM `yfq_activity` WHERE ( act_id=4 ) LIMIT 1   [ RunTime:0.0003s ]
SQL: SHOW COLUMNS FROM `yfq_branch_type` [ RunTime:0.0047s ]
SQL: SELECT * FROM `yfq_branch_type` WHERE ( type_id=2 ) LIMIT 1   [ RunTime:0.0008s ]
SQL: SHOW COLUMNS FROM `yfq_prize` [ RunTime:0.0048s ]
SQL: SELECT * FROM `yfq_prize` WHERE ( if_del=1 and act_id=4 )  [ RunTime:0.0003s ]

[ 2017-04-21T14:56:36+08:00 ] 188.188.188.131 /Admin/Prize
INFO: [ app_init ] --START--
INFO: Run Behavior\BuildLiteBehavior [ RunTime:0.000011s ]
INFO: [ app_init ] --END-- [ RunTime:0.000446s ]
INFO: [ app_begin ] --START--
INFO: Run Behavior\ReadHtmlCacheBehavior [ RunTime:0.000426s ]
INFO: [ app_begin ] --END-- [ RunTime:0.000462s ]
SQL: SHOW COLUMNS FROM `yfq_branch_type` [ RunTime:0.0544s ]
SQL: SELECT * FROM `yfq_branch_type` WHERE ( status=1 )  [ RunTime:0.0004s ]
SQL: SHOW COLUMNS FROM `yfq_activity` [ RunTime:0.0641s ]
SQL: SELECT * FROM `yfq_activity`  [ RunTime:0.0005s ]
SQL: SHOW COLUMNS FROM `yfq_prize` [ RunTime:0.0213s ]
SQL: SELECT * FROM `yfq_prize` WHERE ( if_del=1 ) LIMIT 0,10   [ RunTime:0.0007s ]
SQL: SELECT COUNT(*) AS tp_count FROM `yfq_prize` WHERE ( if_del=1 ) LIMIT 1   [ RunTime:0.0003s ]
INFO: [ view_parse ] --START--
INFO: [ template_filter ] --START--
INFO: Run Behavior\ContentReplaceBehavior [ RunTime:0.000102s ]
INFO: [ template_filter ] --END-- [ RunTime:0.000166s ]
NOTIC: [8] Undefined variable: branch_info E:\PHP\WWW\yfq\Application\Runtime\Cache\Admin\54672e846cfd9d8e359e8d1a5ea09817.php 第 61 行.
INFO: Run Behavior\ParseTemplateBehavior [ RunTime:0.024725s ]
INFO: [ view_parse ] --END-- [ RunTime:0.024777s ]
INFO: [ view_filter ] --START--
INFO: Run Behavior\WriteHtmlCacheBehavior [ RunTime:0.000368s ]
INFO: [ view_filter ] --END-- [ RunTime:0.000397s ]
INFO: [ app_end ] --START--
INFO: Run Behavior\ShowPageTraceBehavior [ RunTime:0.001017s ]
INFO: [ app_end ] --END-- [ RunTime:0.001060s ]

[ 2017-04-21T14:56:38+08:00 ] 188.188.188.131 /Admin/Prize/addPrize.html
INFO: [ app_init ] --START--
INFO: Run Behavior\BuildLiteBehavior [ RunTime:0.000030s ]
INFO: [ app_init ] --END-- [ RunTime:0.000455s ]
INFO: [ app_begin ] --START--
INFO: Run Behavior\ReadHtmlCacheBehavior [ RunTime:0.000456s ]
INFO: [ app_begin ] --END-- [ RunTime:0.000499s ]
SQL: SHOW COLUMNS FROM `yfq_branch_type` [ RunTime:0.0157s ]
SQL: SELECT * FROM `yfq_branch_type` WHERE ( status=1 )  [ RunTime:0.0003s ]
SQL: SHOW COLUMNS FROM `yfq_activity` [ RunTime:0.0058s ]
SQL: SELECT * FROM `yfq_activity` WHERE ( status!=3 )  [ RunTime:0.0003s ]
NOTIC: [8] Undefined index: id E:\PHP\WWW\yfq\Application\Admin\Controller\PrizeController.class.php 第 38 行.
INFO: [ view_parse ] --START--
INFO: [ template_filter ] --START--
INFO: Run Behavior\ContentReplaceBehavior [ RunTime:0.000067s ]
INFO: [ template_filter ] --END-- [ RunTime:0.000108s ]
NOTIC: [8] Undefined variable: info E:\PHP\WWW\yfq\Application\Runtime\Cache\Admin\5574274eb6d22b93db5a78773e3058db.php 第 51 行.
NOTIC: [8] Undefined variable: info E:\PHP\WWW\yfq\Application\Runtime\Cache\Admin\5574274eb6d22b93db5a78773e3058db.php 第 57 行.
NOTIC: [8] Undefined variable: info E:\PHP\WWW\yfq\Application\Runtime\Cache\Admin\5574274eb6d22b93db5a78773e3058db.php 第 62 行.
NOTIC: [8] Undefined variable: info E:\PHP\WWW\yfq\Application\Runtime\Cache\Admin\5574274eb6d22b93db5a78773e3058db.php 第 67 行.
NOTIC: [8] Undefined variable: info E:\PHP\WWW\yfq\Application\Runtime\Cache\Admin\5574274eb6d22b93db5a78773e3058db.php 第 72 行.
NOTIC: [8] Undefined variable: info E:\PHP\WWW\yfq\Application\Runtime\Cache\Admin\5574274eb6d22b93db5a78773e3058db.php 第 106 行.
NOTIC: [8] Undefined variable: info E:\PHP\WWW\yfq\Application\Runtime\Cache\Admin\5574274eb6d22b93db5a78773e3058db.php 第 108 行.
NOTIC: [8] Undefined variable: info E:\PHP\WWW\yfq\Application\Runtime\Cache\Admin\5574274eb6d22b93db5a78773e3058db.php 第 109 行.
INFO: Run Behavior\ParseTemplateBehavior [ RunTime:0.011000s ]
INFO: [ view_parse ] --END-- [ RunTime:0.011034s ]
INFO: [ view_filter ] --START--
INFO: Run Behavior\WriteHtmlCacheBehavior [ RunTime:0.000270s ]
INFO: [ view_filter ] --END-- [ RunTime:0.000297s ]
INFO: [ app_end ] --START--
INFO: Run Behavior\ShowPageTraceBehavior [ RunTime:0.000497s ]
INFO: [ app_end ] --END-- [ RunTime:0.000532s ]

[ 2017-04-21T14:56:50+08:00 ] 188.188.188.131 /Admin/Branch
INFO: [ app_init ] --START--
INFO: Run Behavior\BuildLiteBehavior [ RunTime:0.000010s ]
INFO: [ app_init ] --END-- [ RunTime:0.000378s ]
INFO: [ app_begin ] --START--
INFO: Run Behavior\ReadHtmlCacheBehavior [ RunTime:0.000481s ]
INFO: [ app_begin ] --END-- [ RunTime:0.000517s ]
SQL: SHOW COLUMNS FROM `yfq_branch_type` [ RunTime:0.0158s ]
SQL: SELECT * FROM `yfq_branch_type` WHERE ( status=1 )  [ RunTime:0.0003s ]
INFO: [ view_parse ] --START--
INFO: [ template_filter ] --START--
INFO: Run Behavior\ContentReplaceBehavior [ RunTime:0.000067s ]
INFO: [ template_filter ] --END-- [ RunTime:0.000105s ]
NOTIC: [8] Undefined variable: branch_info E:\PHP\WWW\yfq\Application\Runtime\Cache\Admin\d54734d015d6e17d503cce5c1cae7d65.php 第 61 行.
NOTIC: [8] Undefined variable: page E:\PHP\WWW\yfq\Application\Runtime\Cache\Admin\d54734d015d6e17d503cce5c1cae7d65.php 第 111 行.
NOTIC: [8] Undefined variable: page E:\PHP\WWW\yfq\Application\Runtime\Cache\Admin\d54734d015d6e17d503cce5c1cae7d65.php 第 111 行.
NOTIC: [8] Undefined variable: pages E:\PHP\WWW\yfq\Application\Runtime\Cache\Admin\d54734d015d6e17d503cce5c1cae7d65.php 第 111 行.
NOTIC: [8] Undefined variable: pages E:\PHP\WWW\yfq\Application\Runtime\Cache\Admin\d54734d015d6e17d503cce5c1cae7d65.php 第 111 行.
NOTIC: [8] Undefined variable: pages E:\PHP\WWW\yfq\Application\Runtime\Cache\Admin\d54734d015d6e17d503cce5c1cae7d65.php 第 111 行.
NOTIC: [8] Undefined variable: pages E:\PHP\WWW\yfq\Application\Runtime\Cache\Admin\d54734d015d6e17d503cce5c1cae7d65.php 第 111 行.
NOTIC: [8] Undefined variable: pages E:\PHP\WWW\yfq\Application\Runtime\Cache\Admin\d54734d015d6e17d503cce5c1cae7d65.php 第 114 行.
NOTIC: [8] Undefined variable: page E:\PHP\WWW\yfq\Application\Runtime\Cache\Admin\d54734d015d6e17d503cce5c1cae7d65.php 第 115 行.
NOTIC: [8] Undefined variable: count E:\PHP\WWW\yfq\Application\Runtime\Cache\Admin\d54734d015d6e17d503cce5c1cae7d65.php 第 115 行.
NOTIC: [8] Undefined variable: pages E:\PHP\WWW\yfq\Application\Runtime\Cache\Admin\d54734d015d6e17d503cce5c1cae7d65.php 第 115 行.
INFO: Run Behavior\ParseTemplateBehavior [ RunTime:0.006917s ]
INFO: [ view_parse ] --END-- [ RunTime:0.006951s ]
INFO: [ view_filter ] --START--
INFO: Run Behavior\WriteHtmlCacheBehavior [ RunTime:0.000250s ]
INFO: [ view_filter ] --END-- [ RunTime:0.000274s ]
INFO: [ app_end ] --START--
INFO: Run Behavior\ShowPageTraceBehavior [ RunTime:0.000986s ]
INFO: [ app_end ] --END-- [ RunTime:0.001036s ]

