[ 2017-06-09T16:57:42+08:00 ] 188.188.188.118 /admin
INFO: [ app_init ] --START--
INFO: Run Behavior\BuildLiteBehavior [ RunTime:0.000020s ]
INFO: [ app_init ] --END-- [ RunTime:0.000584s ]
INFO: [ app_begin ] --START--
INFO: Run Behavior\ReadHtmlCacheBehavior [ RunTime:0.006311s ]
INFO: [ app_begin ] --END-- [ RunTime:0.006359s ]

[ 2017-06-09T16:57:43+08:00 ] 188.188.188.118 /Admin/Login.html
INFO: [ app_init ] --START--
INFO: Run Behavior\BuildLiteBehavior [ RunTime:0.000007s ]
INFO: [ app_init ] --END-- [ RunTime:0.000306s ]
INFO: [ app_begin ] --START--
INFO: Run Behavior\ReadHtmlCacheBehavior [ RunTime:0.000431s ]
INFO: [ app_begin ] --END-- [ RunTime:0.000465s ]
INFO: [ view_parse ] --START--
INFO: [ template_filter ] --START--
INFO: Run Behavior\ContentReplaceBehavior [ RunTime:0.000854s ]
INFO: [ template_filter ] --END-- [ RunTime:0.000896s ]
INFO: Run Behavior\ParseTemplateBehavior [ RunTime:0.020741s ]
INFO: [ view_parse ] --END-- [ RunTime:0.020779s ]
INFO: [ view_filter ] --START--
INFO: Run Behavior\WriteHtmlCacheBehavior [ RunTime:0.004375s ]
INFO: [ view_filter ] --END-- [ RunTime:0.004410s ]
INFO: [ app_end ] --START--
INFO: Run Behavior\ShowPageTraceBehavior [ RunTime:0.041538s ]
INFO: [ app_end ] --END-- [ RunTime:0.041578s ]

[ 2017-06-09T16:57:47+08:00 ] 188.188.188.118 /Admin/Login/login.html
INFO: [ app_init ] --START--
INFO: Run Behavior\BuildLiteBehavior [ RunTime:0.000008s ]
INFO: [ app_init ] --END-- [ RunTime:0.000348s ]
INFO: [ app_begin ] --START--
INFO: Run Behavior\ReadHtmlCacheBehavior [ RunTime:0.000392s ]
INFO: [ app_begin ] --END-- [ RunTime:0.000422s ]
SQL: SHOW COLUMNS FROM `yfq_admin` [ RunTime:0.0522s ]
SQL: SELECT * FROM `yfq_admin` WHERE `user_name` = 'admin' AND `user_password` = '572a7d425327609aa352822ea3894af9' LIMIT 1   [ RunTime:0.0026s ]
SQL: UPDATE `yfq_admin` SET `last_login_time`='1496998667' WHERE `uid` = 2 [ RunTime:0.0241s ]

[ 2017-06-09T16:57:47+08:00 ] 188.188.188.118 /Admin/index
INFO: [ app_init ] --START--
INFO: Run Behavior\BuildLiteBehavior [ RunTime:0.000008s ]
INFO: [ app_init ] --END-- [ RunTime:0.000327s ]
INFO: [ app_begin ] --START--
INFO: Run Behavior\ReadHtmlCacheBehavior [ RunTime:0.000432s ]
INFO: [ app_begin ] --END-- [ RunTime:0.000468s ]
INFO: [ view_parse ] --START--
INFO: [ template_filter ] --START--
INFO: Run Behavior\ContentReplaceBehavior [ RunTime:0.000047s ]
INFO: [ template_filter ] --END-- [ RunTime:0.000094s ]
NOTIC: [8] Undefined variable: branch_info E:\PHP\WWW\yfq\Application\Runtime\Cache\Admin\b595b808c2ebeeeb0478ffc30bb4e87a.php 第 61 行.
INFO: Run Behavior\ParseTemplateBehavior [ RunTime:0.017043s ]
INFO: [ view_parse ] --END-- [ RunTime:0.017075s ]
INFO: [ view_filter ] --START--
INFO: Run Behavior\WriteHtmlCacheBehavior [ RunTime:0.000241s ]
INFO: [ view_filter ] --END-- [ RunTime:0.000261s ]
INFO: [ app_end ] --START--
INFO: Run Behavior\ShowPageTraceBehavior [ RunTime:0.000382s ]
INFO: [ app_end ] --END-- [ RunTime:0.000404s ]

[ 2017-06-09T16:57:49+08:00 ] 188.188.188.118 /Admin/Branch
INFO: [ app_init ] --START--
INFO: Run Behavior\BuildLiteBehavior [ RunTime:0.000008s ]
INFO: [ app_init ] --END-- [ RunTime:0.000318s ]
INFO: [ app_begin ] --START--
INFO: Run Behavior\ReadHtmlCacheBehavior [ RunTime:0.000370s ]
INFO: [ app_begin ] --END-- [ RunTime:0.000400s ]
SQL: SHOW COLUMNS FROM `yfq_branch_type` [ RunTime:0.0620s ]
SQL: SELECT * FROM `yfq_branch_type` WHERE ( status=1 )  [ RunTime:0.0003s ]
INFO: [ view_parse ] --START--
INFO: [ template_filter ] --START--
INFO: Run Behavior\ContentReplaceBehavior [ RunTime:0.000062s ]
INFO: [ template_filter ] --END-- [ RunTime:0.000093s ]
NOTIC: [8] Undefined variable: branch_info E:\PHP\WWW\yfq\Application\Runtime\Cache\Admin\d54734d015d6e17d503cce5c1cae7d65.php 第 61 行.
NOTIC: [8] Undefined variable: page E:\PHP\WWW\yfq\Application\Runtime\Cache\Admin\d54734d015d6e17d503cce5c1cae7d65.php 第 111 行.
NOTIC: [8] Undefined variable: page E:\PHP\WWW\yfq\Application\Runtime\Cache\Admin\d54734d015d6e17d503cce5c1cae7d65.php 第 111 行.
NOTIC: [8] Undefined variable: pages E:\PHP\WWW\yfq\Application\Runtime\Cache\Admin\d54734d015d6e17d503cce5c1cae7d65.php 第 111 行.
NOTIC: [8] Undefined variable: pages E:\PHP\WWW\yfq\Application\Runtime\Cache\Admin\d54734d015d6e17d503cce5c1cae7d65.php 第 111 行.
NOTIC: [8] Undefined variable: pages E:\PHP\WWW\yfq\Application\Runtime\Cache\Admin\d54734d015d6e17d503cce5c1cae7d65.php 第 111 行.
NOTIC: [8] Undefined variable: pages E:\PHP\WWW\yfq\Application\Runtime\Cache\Admin\d54734d015d6e17d503cce5c1cae7d65.php 第 111 行.
NOTIC: [8] Undefined variable: pages E:\PHP\WWW\yfq\Application\Runtime\Cache\Admin\d54734d015d6e17d503cce5c1cae7d65.php 第 114 行.
NOTIC: [8] Undefined variable: page E:\PHP\WWW\yfq\Application\Runtime\Cache\Admin\d54734d015d6e17d503cce5c1cae7d65.php 第 115 行.
NOTIC: [8] Undefined variable: count E:\PHP\WWW\yfq\Application\Runtime\Cache\Admin\d54734d015d6e17d503cce5c1cae7d65.php 第 115 行.
NOTIC: [8] Undefined variable: pages E:\PHP\WWW\yfq\Application\Runtime\Cache\Admin\d54734d015d6e17d503cce5c1cae7d65.php 第 115 行.
INFO: Run Behavior\ParseTemplateBehavior [ RunTime:0.016028s ]
INFO: [ view_parse ] --END-- [ RunTime:0.016055s ]
INFO: [ view_filter ] --START--
INFO: Run Behavior\WriteHtmlCacheBehavior [ RunTime:0.000311s ]
INFO: [ view_filter ] --END-- [ RunTime:0.000336s ]
INFO: [ app_end ] --START--
INFO: Run Behavior\ShowPageTraceBehavior [ RunTime:0.000478s ]
INFO: [ app_end ] --END-- [ RunTime:0.000504s ]

[ 2017-06-09T16:57:53+08:00 ] 188.188.188.118 /Admin/Branch/addBranch.html
INFO: [ app_init ] --START--
INFO: Run Behavior\BuildLiteBehavior [ RunTime:0.000013s ]
INFO: [ app_init ] --END-- [ RunTime:0.000603s ]
INFO: [ app_begin ] --START--
INFO: Run Behavior\ReadHtmlCacheBehavior [ RunTime:0.000472s ]
INFO: [ app_begin ] --END-- [ RunTime:0.000509s ]
INFO: [ view_parse ] --START--
INFO: [ template_filter ] --START--
INFO: Run Behavior\ContentReplaceBehavior [ RunTime:0.000043s ]
INFO: [ template_filter ] --END-- [ RunTime:0.000080s ]
NOTIC: [8] Undefined variable: info E:\PHP\WWW\yfq\Application\Runtime\Cache\Admin\43b8d8527a645f6fefee268d5dfbe15a.php 第 56 行.
NOTIC: [8] Undefined variable: info E:\PHP\WWW\yfq\Application\Runtime\Cache\Admin\43b8d8527a645f6fefee268d5dfbe15a.php 第 61 行.
INFO: Run Behavior\ParseTemplateBehavior [ RunTime:0.006581s ]
INFO: [ view_parse ] --END-- [ RunTime:0.006611s ]
INFO: [ view_filter ] --START--
INFO: Run Behavior\WriteHtmlCacheBehavior [ RunTime:0.000269s ]
INFO: [ view_filter ] --END-- [ RunTime:0.000293s ]
INFO: [ app_end ] --START--
INFO: Run Behavior\ShowPageTraceBehavior [ RunTime:0.000529s ]
INFO: [ app_end ] --END-- [ RunTime:0.000556s ]

[ 2017-06-09T16:58:11+08:00 ] 188.188.188.118 /Admin/Branch/addBranch.html
INFO: [ app_init ] --START--
INFO: Run Behavior\BuildLiteBehavior [ RunTime:0.000008s ]
INFO: [ app_init ] --END-- [ RunTime:0.000345s ]
INFO: [ app_begin ] --START--
INFO: Run Behavior\ReadHtmlCacheBehavior [ RunTime:0.000373s ]
INFO: [ app_begin ] --END-- [ RunTime:0.000411s ]
SQL: SHOW COLUMNS FROM `yfq_branch_type` [ RunTime:0.0047s ]
SQL: INSERT INTO `yfq_branch_type` (`name`,`last_money`,`act_type`) VALUES ('承德农行一分钱','0','1') [ RunTime:0.0422s ]

[ 2017-06-09T16:58:11+08:00 ] 188.188.188.118 /Admin/Branch
INFO: [ app_init ] --START--
INFO: Run Behavior\BuildLiteBehavior [ RunTime:0.000008s ]
INFO: [ app_init ] --END-- [ RunTime:0.000319s ]
INFO: [ app_begin ] --START--
INFO: Run Behavior\ReadHtmlCacheBehavior [ RunTime:0.000399s ]
INFO: [ app_begin ] --END-- [ RunTime:0.000432s ]
SQL: SHOW COLUMNS FROM `yfq_branch_type` [ RunTime:0.0118s ]
SQL: SELECT * FROM `yfq_branch_type` WHERE ( status=1 )  [ RunTime:0.0013s ]
INFO: [ view_parse ] --START--
INFO: [ template_filter ] --START--
INFO: Run Behavior\ContentReplaceBehavior [ RunTime:0.000053s ]
INFO: [ template_filter ] --END-- [ RunTime:0.000085s ]
NOTIC: [8] Undefined variable: branch_info E:\PHP\WWW\yfq\Application\Runtime\Cache\Admin\d54734d015d6e17d503cce5c1cae7d65.php 第 61 行.
NOTIC: [8] Undefined variable: page E:\PHP\WWW\yfq\Application\Runtime\Cache\Admin\d54734d015d6e17d503cce5c1cae7d65.php 第 111 行.
NOTIC: [8] Undefined variable: page E:\PHP\WWW\yfq\Application\Runtime\Cache\Admin\d54734d015d6e17d503cce5c1cae7d65.php 第 111 行.
NOTIC: [8] Undefined variable: pages E:\PHP\WWW\yfq\Application\Runtime\Cache\Admin\d54734d015d6e17d503cce5c1cae7d65.php 第 111 行.
NOTIC: [8] Undefined variable: pages E:\PHP\WWW\yfq\Application\Runtime\Cache\Admin\d54734d015d6e17d503cce5c1cae7d65.php 第 111 行.
NOTIC: [8] Undefined variable: pages E:\PHP\WWW\yfq\Application\Runtime\Cache\Admin\d54734d015d6e17d503cce5c1cae7d65.php 第 111 行.
NOTIC: [8] Undefined variable: pages E:\PHP\WWW\yfq\Application\Runtime\Cache\Admin\d54734d015d6e17d503cce5c1cae7d65.php 第 111 行.
NOTIC: [8] Undefined variable: pages E:\PHP\WWW\yfq\Application\Runtime\Cache\Admin\d54734d015d6e17d503cce5c1cae7d65.php 第 114 行.
NOTIC: [8] Undefined variable: page E:\PHP\WWW\yfq\Application\Runtime\Cache\Admin\d54734d015d6e17d503cce5c1cae7d65.php 第 115 行.
NOTIC: [8] Undefined variable: count E:\PHP\WWW\yfq\Application\Runtime\Cache\Admin\d54734d015d6e17d503cce5c1cae7d65.php 第 115 行.
NOTIC: [8] Undefined variable: pages E:\PHP\WWW\yfq\Application\Runtime\Cache\Admin\d54734d015d6e17d503cce5c1cae7d65.php 第 115 行.
INFO: Run Behavior\ParseTemplateBehavior [ RunTime:0.005620s ]
INFO: [ view_parse ] --END-- [ RunTime:0.005659s ]
INFO: [ view_filter ] --START--
INFO: Run Behavior\WriteHtmlCacheBehavior [ RunTime:0.000264s ]
INFO: [ view_filter ] --END-- [ RunTime:0.000287s ]
INFO: [ app_end ] --START--
INFO: Run Behavior\ShowPageTraceBehavior [ RunTime:0.000628s ]
INFO: [ app_end ] --END-- [ RunTime:0.000659s ]

[ 2017-06-09T16:58:28+08:00 ] 188.188.188.118 /Admin/Activity
INFO: [ app_init ] --START--
INFO: Run Behavior\BuildLiteBehavior [ RunTime:0.000006s ]
INFO: [ app_init ] --END-- [ RunTime:0.000294s ]
INFO: [ app_begin ] --START--
INFO: Run Behavior\ReadHtmlCacheBehavior [ RunTime:0.000344s ]
INFO: [ app_begin ] --END-- [ RunTime:0.000371s ]
SQL: SHOW COLUMNS FROM `yfq_branch_type` [ RunTime:0.0103s ]
SQL: SELECT * FROM `yfq_branch_type` WHERE ( status=1 )  [ RunTime:0.0003s ]
SQL: SHOW COLUMNS FROM `yfq_activity` [ RunTime:0.0350s ]
SQL: SELECT * FROM `yfq_activity` WHERE ( status!=3 ) LIMIT 0,10   [ RunTime:0.0007s ]
SQL: SELECT COUNT(*) AS tp_count FROM `yfq_activity` WHERE ( status!=3 ) LIMIT 1   [ RunTime:0.0204s ]
INFO: [ view_parse ] --START--
INFO: [ template_filter ] --START--
INFO: Run Behavior\ContentReplaceBehavior [ RunTime:0.000053s ]
INFO: [ template_filter ] --END-- [ RunTime:0.000083s ]
NOTIC: [8] Undefined variable: branch_info E:\PHP\WWW\yfq\Application\Runtime\Cache\Admin\c8d84a2d51a6dbf36e8ef99e6375e8a9.php 第 61 行.
INFO: Run Behavior\ParseTemplateBehavior [ RunTime:0.008402s ]
INFO: [ view_parse ] --END-- [ RunTime:0.008431s ]
INFO: [ view_filter ] --START--
INFO: Run Behavior\WriteHtmlCacheBehavior [ RunTime:0.000337s ]
INFO: [ view_filter ] --END-- [ RunTime:0.000361s ]
INFO: [ app_end ] --START--
INFO: Run Behavior\ShowPageTraceBehavior [ RunTime:0.000542s ]
INFO: [ app_end ] --END-- [ RunTime:0.000571s ]

[ 2017-06-09T16:58:30+08:00 ] 188.188.188.118 /Admin/Activity/addAct.html
INFO: [ app_init ] --START--
INFO: Run Behavior\BuildLiteBehavior [ RunTime:0.000008s ]
INFO: [ app_init ] --END-- [ RunTime:0.000435s ]
INFO: [ app_begin ] --START--
INFO: Run Behavior\ReadHtmlCacheBehavior [ RunTime:0.000422s ]
INFO: [ app_begin ] --END-- [ RunTime:0.000460s ]
SQL: SHOW COLUMNS FROM `yfq_branch_type` [ RunTime:0.0126s ]
SQL: SELECT * FROM `yfq_branch_type` WHERE ( status=1 )  [ RunTime:0.0003s ]
NOTIC: [8] Undefined index: id E:\PHP\WWW\yfq\Application\Admin\Controller\ActivityController.class.php 第 30 行.
INFO: [ view_parse ] --START--
INFO: [ template_filter ] --START--
INFO: Run Behavior\ContentReplaceBehavior [ RunTime:0.000064s ]
INFO: [ template_filter ] --END-- [ RunTime:0.000096s ]
NOTIC: [8] Undefined variable: info E:\PHP\WWW\yfq\Application\Runtime\Cache\Admin\cfbae52059fc9fdbd3bcf6e6be525a37.php 第 51 行.
NOTIC: [8] Undefined variable: my_city_code E:\PHP\WWW\yfq\Application\Runtime\Cache\Admin\cfbae52059fc9fdbd3bcf6e6be525a37.php 第 69 行.
NOTIC: [8] Undefined variable: info E:\PHP\WWW\yfq\Application\Runtime\Cache\Admin\cfbae52059fc9fdbd3bcf6e6be525a37.php 第 75 行.
NOTIC: [8] Undefined variable: info E:\PHP\WWW\yfq\Application\Runtime\Cache\Admin\cfbae52059fc9fdbd3bcf6e6be525a37.php 第 80 行.
NOTIC: [8] Undefined variable: info E:\PHP\WWW\yfq\Application\Runtime\Cache\Admin\cfbae52059fc9fdbd3bcf6e6be525a37.php 第 85 行.
NOTIC: [8] Undefined variable: info E:\PHP\WWW\yfq\Application\Runtime\Cache\Admin\cfbae52059fc9fdbd3bcf6e6be525a37.php 第 90 行.
NOTIC: [8] Undefined variable: info E:\PHP\WWW\yfq\Application\Runtime\Cache\Admin\cfbae52059fc9fdbd3bcf6e6be525a37.php 第 95 行.
NOTIC: [8] Undefined variable: info E:\PHP\WWW\yfq\Application\Runtime\Cache\Admin\cfbae52059fc9fdbd3bcf6e6be525a37.php 第 100 行.
NOTIC: [8] Undefined variable: info E:\PHP\WWW\yfq\Application\Runtime\Cache\Admin\cfbae52059fc9fdbd3bcf6e6be525a37.php 第 105 行.
NOTIC: [8] Undefined variable: info E:\PHP\WWW\yfq\Application\Runtime\Cache\Admin\cfbae52059fc9fdbd3bcf6e6be525a37.php 第 110 行.
NOTIC: [8] Undefined variable: info E:\PHP\WWW\yfq\Application\Runtime\Cache\Admin\cfbae52059fc9fdbd3bcf6e6be525a37.php 第 114 行.
NOTIC: [8] Undefined variable: info E:\PHP\WWW\yfq\Application\Runtime\Cache\Admin\cfbae52059fc9fdbd3bcf6e6be525a37.php 第 158 行.
NOTIC: [8] Undefined variable: info E:\PHP\WWW\yfq\Application\Runtime\Cache\Admin\cfbae52059fc9fdbd3bcf6e6be525a37.php 第 160 行.
NOTIC: [8] Undefined variable: info E:\PHP\WWW\yfq\Application\Runtime\Cache\Admin\cfbae52059fc9fdbd3bcf6e6be525a37.php 第 165 行.
NOTIC: [8] Undefined variable: info E:\PHP\WWW\yfq\Application\Runtime\Cache\Admin\cfbae52059fc9fdbd3bcf6e6be525a37.php 第 176 行.
NOTIC: [8] Undefined variable: info E:\PHP\WWW\yfq\Application\Runtime\Cache\Admin\cfbae52059fc9fdbd3bcf6e6be525a37.php 第 196 行.
INFO: Run Behavior\ParseTemplateBehavior [ RunTime:0.006045s ]
INFO: [ view_parse ] --END-- [ RunTime:0.006071s ]
INFO: [ view_filter ] --START--
INFO: Run Behavior\WriteHtmlCacheBehavior [ RunTime:0.000350s ]
INFO: [ view_filter ] --END-- [ RunTime:0.000376s ]
INFO: [ app_end ] --START--
INFO: Run Behavior\ShowPageTraceBehavior [ RunTime:0.008090s ]
INFO: [ app_end ] --END-- [ RunTime:0.008672s ]

[ 2017-06-09T16:58:34+08:00 ] 188.188.188.118 /Admin/Prize
INFO: [ app_init ] --START--
INFO: Run Behavior\BuildLiteBehavior [ RunTime:0.000007s ]
INFO: [ app_init ] --END-- [ RunTime:0.000319s ]
INFO: [ app_begin ] --START--
INFO: Run Behavior\ReadHtmlCacheBehavior [ RunTime:0.000380s ]
INFO: [ app_begin ] --END-- [ RunTime:0.000412s ]
SQL: SHOW COLUMNS FROM `yfq_branch_type` [ RunTime:0.0105s ]
SQL: SELECT * FROM `yfq_branch_type` WHERE ( status=1 )  [ RunTime:0.0003s ]
SQL: SHOW COLUMNS FROM `yfq_activity` [ RunTime:0.0045s ]
SQL: SELECT * FROM `yfq_activity`  [ RunTime:0.0003s ]
SQL: SHOW COLUMNS FROM `yfq_prize` [ RunTime:0.0277s ]
SQL: SELECT * FROM `yfq_prize` WHERE ( if_del=1 ) LIMIT 0,10   [ RunTime:0.0003s ]
SQL: SELECT COUNT(*) AS tp_count FROM `yfq_prize` WHERE ( if_del=1 ) LIMIT 1   [ RunTime:0.0002s ]
INFO: [ view_parse ] --START--
INFO: [ template_filter ] --START--
INFO: Run Behavior\ContentReplaceBehavior [ RunTime:0.000053s ]
INFO: [ template_filter ] --END-- [ RunTime:0.000083s ]
NOTIC: [8] Undefined variable: branch_info E:\PHP\WWW\yfq\Application\Runtime\Cache\Admin\54672e846cfd9d8e359e8d1a5ea09817.php 第 61 行.
INFO: Run Behavior\ParseTemplateBehavior [ RunTime:0.007103s ]
INFO: [ view_parse ] --END-- [ RunTime:0.007131s ]
INFO: [ view_filter ] --START--
INFO: Run Behavior\WriteHtmlCacheBehavior [ RunTime:0.000279s ]
INFO: [ view_filter ] --END-- [ RunTime:0.000300s ]
INFO: [ app_end ] --START--
INFO: Run Behavior\ShowPageTraceBehavior [ RunTime:0.000545s ]
INFO: [ app_end ] --END-- [ RunTime:0.000583s ]

[ 2017-06-09T16:58:36+08:00 ] 188.188.188.118 /Admin/Prize/addPrize.html
INFO: [ app_init ] --START--
INFO: Run Behavior\BuildLiteBehavior [ RunTime:0.000008s ]
INFO: [ app_init ] --END-- [ RunTime:0.000300s ]
INFO: [ app_begin ] --START--
INFO: Run Behavior\ReadHtmlCacheBehavior [ RunTime:0.000350s ]
INFO: [ app_begin ] --END-- [ RunTime:0.000376s ]
SQL: SHOW COLUMNS FROM `yfq_branch_type` [ RunTime:0.0121s ]
SQL: SELECT * FROM `yfq_branch_type` WHERE ( status=1 )  [ RunTime:0.0003s ]
SQL: SHOW COLUMNS FROM `yfq_activity` [ RunTime:0.0049s ]
SQL: SELECT * FROM `yfq_activity` WHERE ( status!=3 )  [ RunTime:0.0003s ]
NOTIC: [8] Undefined index: id E:\PHP\WWW\yfq\Application\Admin\Controller\PrizeController.class.php 第 38 行.
INFO: [ view_parse ] --START--
INFO: [ template_filter ] --START--
INFO: Run Behavior\ContentReplaceBehavior [ RunTime:0.000101s ]
INFO: [ template_filter ] --END-- [ RunTime:0.000260s ]
NOTIC: [8] Undefined variable: info E:\PHP\WWW\yfq\Application\Runtime\Cache\Admin\5574274eb6d22b93db5a78773e3058db.php 第 51 行.
NOTIC: [8] Undefined variable: info E:\PHP\WWW\yfq\Application\Runtime\Cache\Admin\5574274eb6d22b93db5a78773e3058db.php 第 57 行.
NOTIC: [8] Undefined variable: info E:\PHP\WWW\yfq\Application\Runtime\Cache\Admin\5574274eb6d22b93db5a78773e3058db.php 第 62 行.
NOTIC: [8] Undefined variable: info E:\PHP\WWW\yfq\Application\Runtime\Cache\Admin\5574274eb6d22b93db5a78773e3058db.php 第 67 行.
NOTIC: [8] Undefined variable: info E:\PHP\WWW\yfq\Application\Runtime\Cache\Admin\5574274eb6d22b93db5a78773e3058db.php 第 72 行.
NOTIC: [8] Undefined variable: info E:\PHP\WWW\yfq\Application\Runtime\Cache\Admin\5574274eb6d22b93db5a78773e3058db.php 第 106 行.
NOTIC: [8] Undefined variable: info E:\PHP\WWW\yfq\Application\Runtime\Cache\Admin\5574274eb6d22b93db5a78773e3058db.php 第 108 行.
NOTIC: [8] Undefined variable: info E:\PHP\WWW\yfq\Application\Runtime\Cache\Admin\5574274eb6d22b93db5a78773e3058db.php 第 109 行.
INFO: Run Behavior\ParseTemplateBehavior [ RunTime:0.007050s ]
INFO: [ view_parse ] --END-- [ RunTime:0.007080s ]
INFO: [ view_filter ] --START--
INFO: Run Behavior\WriteHtmlCacheBehavior [ RunTime:0.000310s ]
INFO: [ view_filter ] --END-- [ RunTime:0.000335s ]
INFO: [ app_end ] --START--
INFO: Run Behavior\ShowPageTraceBehavior [ RunTime:0.000441s ]
INFO: [ app_end ] --END-- [ RunTime:0.000476s ]

[ 2017-06-09T17:01:36+08:00 ] 188.188.188.118 /Admin/Activity
INFO: [ app_init ] --START--
INFO: Run Behavior\BuildLiteBehavior [ RunTime:0.000006s ]
INFO: [ app_init ] --END-- [ RunTime:0.000324s ]
INFO: [ app_begin ] --START--
INFO: Run Behavior\ReadHtmlCacheBehavior [ RunTime:0.000430s ]
INFO: [ app_begin ] --END-- [ RunTime:0.000459s ]
SQL: SHOW COLUMNS FROM `yfq_branch_type` [ RunTime:0.0131s ]
SQL: SELECT * FROM `yfq_branch_type` WHERE ( status=1 )  [ RunTime:0.0003s ]
SQL: SHOW COLUMNS FROM `yfq_activity` [ RunTime:0.0039s ]
SQL: SELECT * FROM `yfq_activity` WHERE ( status!=3 ) LIMIT 0,10   [ RunTime:0.0003s ]
SQL: SELECT COUNT(*) AS tp_count FROM `yfq_activity` WHERE ( status!=3 ) LIMIT 1   [ RunTime:0.0002s ]
INFO: [ view_parse ] --START--
INFO: [ template_filter ] --START--
INFO: Run Behavior\ContentReplaceBehavior [ RunTime:0.000054s ]
INFO: [ template_filter ] --END-- [ RunTime:0.000084s ]
NOTIC: [8] Undefined variable: branch_info E:\PHP\WWW\yfq\Application\Runtime\Cache\Admin\c8d84a2d51a6dbf36e8ef99e6375e8a9.php 第 61 行.
INFO: Run Behavior\ParseTemplateBehavior [ RunTime:0.006130s ]
INFO: [ view_parse ] --END-- [ RunTime:0.006157s ]
INFO: [ view_filter ] --START--
INFO: Run Behavior\WriteHtmlCacheBehavior [ RunTime:0.000326s ]
INFO: [ view_filter ] --END-- [ RunTime:0.000356s ]
INFO: [ app_end ] --START--
INFO: Run Behavior\ShowPageTraceBehavior [ RunTime:0.000869s ]
INFO: [ app_end ] --END-- [ RunTime:0.001000s ]

[ 2017-06-09T17:01:39+08:00 ] 188.188.188.118 /Admin/Activity/addAct.html
INFO: [ app_init ] --START--
INFO: Run Behavior\BuildLiteBehavior [ RunTime:0.000009s ]
INFO: [ app_init ] --END-- [ RunTime:0.000328s ]
INFO: [ app_begin ] --START--
INFO: Run Behavior\ReadHtmlCacheBehavior [ RunTime:0.000414s ]
INFO: [ app_begin ] --END-- [ RunTime:0.000448s ]
SQL: SHOW COLUMNS FROM `yfq_branch_type` [ RunTime:0.0116s ]
SQL: SELECT * FROM `yfq_branch_type` WHERE ( status=1 )  [ RunTime:0.0009s ]
NOTIC: [8] Undefined index: id E:\PHP\WWW\yfq\Application\Admin\Controller\ActivityController.class.php 第 30 行.
INFO: [ view_parse ] --START--
INFO: [ template_filter ] --START--
INFO: Run Behavior\ContentReplaceBehavior [ RunTime:0.000065s ]
INFO: [ template_filter ] --END-- [ RunTime:0.000096s ]
NOTIC: [8] Undefined variable: info E:\PHP\WWW\yfq\Application\Runtime\Cache\Admin\cfbae52059fc9fdbd3bcf6e6be525a37.php 第 51 行.
NOTIC: [8] Undefined variable: my_city_code E:\PHP\WWW\yfq\Application\Runtime\Cache\Admin\cfbae52059fc9fdbd3bcf6e6be525a37.php 第 69 行.
NOTIC: [8] Undefined variable: info E:\PHP\WWW\yfq\Application\Runtime\Cache\Admin\cfbae52059fc9fdbd3bcf6e6be525a37.php 第 75 行.
NOTIC: [8] Undefined variable: info E:\PHP\WWW\yfq\Application\Runtime\Cache\Admin\cfbae52059fc9fdbd3bcf6e6be525a37.php 第 80 行.
NOTIC: [8] Undefined variable: info E:\PHP\WWW\yfq\Application\Runtime\Cache\Admin\cfbae52059fc9fdbd3bcf6e6be525a37.php 第 85 行.
NOTIC: [8] Undefined variable: info E:\PHP\WWW\yfq\Application\Runtime\Cache\Admin\cfbae52059fc9fdbd3bcf6e6be525a37.php 第 90 行.
NOTIC: [8] Undefined variable: info E:\PHP\WWW\yfq\Application\Runtime\Cache\Admin\cfbae52059fc9fdbd3bcf6e6be525a37.php 第 95 行.
NOTIC: [8] Undefined variable: info E:\PHP\WWW\yfq\Application\Runtime\Cache\Admin\cfbae52059fc9fdbd3bcf6e6be525a37.php 第 100 行.
NOTIC: [8] Undefined variable: info E:\PHP\WWW\yfq\Application\Runtime\Cache\Admin\cfbae52059fc9fdbd3bcf6e6be525a37.php 第 105 行.
NOTIC: [8] Undefined variable: info E:\PHP\WWW\yfq\Application\Runtime\Cache\Admin\cfbae52059fc9fdbd3bcf6e6be525a37.php 第 110 行.
NOTIC: [8] Undefined variable: info E:\PHP\WWW\yfq\Application\Runtime\Cache\Admin\cfbae52059fc9fdbd3bcf6e6be525a37.php 第 114 行.
NOTIC: [8] Undefined variable: info E:\PHP\WWW\yfq\Application\Runtime\Cache\Admin\cfbae52059fc9fdbd3bcf6e6be525a37.php 第 158 行.
NOTIC: [8] Undefined variable: info E:\PHP\WWW\yfq\Application\Runtime\Cache\Admin\cfbae52059fc9fdbd3bcf6e6be525a37.php 第 160 行.
NOTIC: [8] Undefined variable: info E:\PHP\WWW\yfq\Application\Runtime\Cache\Admin\cfbae52059fc9fdbd3bcf6e6be525a37.php 第 165 行.
NOTIC: [8] Undefined variable: info E:\PHP\WWW\yfq\Application\Runtime\Cache\Admin\cfbae52059fc9fdbd3bcf6e6be525a37.php 第 176 行.
NOTIC: [8] Undefined variable: info E:\PHP\WWW\yfq\Application\Runtime\Cache\Admin\cfbae52059fc9fdbd3bcf6e6be525a37.php 第 196 行.
INFO: Run Behavior\ParseTemplateBehavior [ RunTime:0.005834s ]
INFO: [ view_parse ] --END-- [ RunTime:0.005861s ]
INFO: [ view_filter ] --START--
INFO: Run Behavior\WriteHtmlCacheBehavior [ RunTime:0.000269s ]
INFO: [ view_filter ] --END-- [ RunTime:0.000292s ]
INFO: [ app_end ] --START--
INFO: Run Behavior\ShowPageTraceBehavior [ RunTime:0.000512s ]
INFO: [ app_end ] --END-- [ RunTime:0.000543s ]

[ 2017-06-09T17:01:46+08:00 ] 188.188.188.118 /Admin/Prize/getPrize.html
INFO: [ app_init ] --START--
INFO: Run Behavior\BuildLiteBehavior [ RunTime:0.000008s ]
INFO: [ app_init ] --END-- [ RunTime:0.000301s ]
INFO: [ app_begin ] --START--
INFO: Run Behavior\ReadHtmlCacheBehavior [ RunTime:0.000364s ]
INFO: [ app_begin ] --END-- [ RunTime:0.000390s ]

[ 2017-06-09T17:01:50+08:00 ] 188.188.188.118 /Admin/Prize/getPrize.html
INFO: [ app_init ] --START--
INFO: Run Behavior\BuildLiteBehavior [ RunTime:0.000008s ]
INFO: [ app_init ] --END-- [ RunTime:0.000347s ]
INFO: [ app_begin ] --START--
INFO: Run Behavior\ReadHtmlCacheBehavior [ RunTime:0.000378s ]
INFO: [ app_begin ] --END-- [ RunTime:0.000405s ]

[ 2017-06-09T17:01:53+08:00 ] 188.188.188.118 /Admin/Prize/getPrize.html
INFO: [ app_init ] --START--
INFO: Run Behavior\BuildLiteBehavior [ RunTime:0.000010s ]
INFO: [ app_init ] --END-- [ RunTime:0.000413s ]
INFO: [ app_begin ] --START--
INFO: Run Behavior\ReadHtmlCacheBehavior [ RunTime:0.000421s ]
INFO: [ app_begin ] --END-- [ RunTime:0.000454s ]

[ 2017-06-09T17:02:06+08:00 ] 188.188.188.118 /Admin/Prize/getPrize.html
INFO: [ app_init ] --START--
INFO: Run Behavior\BuildLiteBehavior [ RunTime:0.000008s ]
INFO: [ app_init ] --END-- [ RunTime:0.000321s ]
INFO: [ app_begin ] --START--
INFO: Run Behavior\ReadHtmlCacheBehavior [ RunTime:0.000373s ]
INFO: [ app_begin ] --END-- [ RunTime:0.000412s ]

[ 2017-06-09T17:02:08+08:00 ] 188.188.188.118 /Admin/Prize/getPrize.html
INFO: [ app_init ] --START--
INFO: Run Behavior\BuildLiteBehavior [ RunTime:0.000009s ]
INFO: [ app_init ] --END-- [ RunTime:0.000329s ]
INFO: [ app_begin ] --START--
INFO: Run Behavior\ReadHtmlCacheBehavior [ RunTime:0.000374s ]
INFO: [ app_begin ] --END-- [ RunTime:0.000402s ]

[ 2017-06-09T17:02:09+08:00 ] 188.188.188.118 /Admin/Prize/getPrize.html
INFO: [ app_init ] --START--
INFO: Run Behavior\BuildLiteBehavior [ RunTime:0.000008s ]
INFO: [ app_init ] --END-- [ RunTime:0.000311s ]
INFO: [ app_begin ] --START--
INFO: Run Behavior\ReadHtmlCacheBehavior [ RunTime:0.000364s ]
INFO: [ app_begin ] --END-- [ RunTime:0.000390s ]

[ 2017-06-09T17:02:10+08:00 ] 188.188.188.118 /Admin/Prize/getPrize.html
INFO: [ app_init ] --START--
INFO: Run Behavior\BuildLiteBehavior [ RunTime:0.000008s ]
INFO: [ app_init ] --END-- [ RunTime:0.000315s ]
INFO: [ app_begin ] --START--
INFO: Run Behavior\ReadHtmlCacheBehavior [ RunTime:0.000392s ]
INFO: [ app_begin ] --END-- [ RunTime:0.000422s ]

[ 2017-06-09T17:02:12+08:00 ] 188.188.188.118 /Admin/Prize/getPrize.html
INFO: [ app_init ] --START--
INFO: Run Behavior\BuildLiteBehavior [ RunTime:0.000009s ]
INFO: [ app_init ] --END-- [ RunTime:0.000333s ]
INFO: [ app_begin ] --START--
INFO: Run Behavior\ReadHtmlCacheBehavior [ RunTime:0.000354s ]
INFO: [ app_begin ] --END-- [ RunTime:0.000381s ]

[ 2017-06-09T17:02:24+08:00 ] 188.188.188.118 /Admin/Prize/getPrize.html
INFO: [ app_init ] --START--
INFO: Run Behavior\BuildLiteBehavior [ RunTime:0.000007s ]
INFO: [ app_init ] --END-- [ RunTime:0.000297s ]
INFO: [ app_begin ] --START--
INFO: Run Behavior\ReadHtmlCacheBehavior [ RunTime:0.000344s ]
INFO: [ app_begin ] --END-- [ RunTime:0.000369s ]

[ 2017-06-09T17:05:57+08:00 ] 188.188.188.118 /Admin/Activity/addAct.html
INFO: [ app_init ] --START--
INFO: Run Behavior\BuildLiteBehavior [ RunTime:0.000011s ]
INFO: [ app_init ] --END-- [ RunTime:0.000350s ]
INFO: [ app_begin ] --START--
INFO: Run Behavior\ReadHtmlCacheBehavior [ RunTime:0.000380s ]
INFO: [ app_begin ] --END-- [ RunTime:0.000409s ]
SQL: SHOW COLUMNS FROM `yfq_branch_type` [ RunTime:0.0044s ]
SQL: SELECT * FROM `yfq_branch_type` WHERE ( status=1 )  [ RunTime:0.0003s ]
NOTIC: [8] Undefined index: id E:\PHP\WWW\yfq\Application\Admin\Controller\ActivityController.class.php 第 30 行.
INFO: [ view_parse ] --START--
INFO: [ template_filter ] --START--
INFO: Run Behavior\ContentReplaceBehavior [ RunTime:0.000084s ]
INFO: [ template_filter ] --END-- [ RunTime:0.000118s ]
NOTIC: [8] Undefined variable: info E:\PHP\WWW\yfq\Application\Runtime\Cache\Admin\cfbae52059fc9fdbd3bcf6e6be525a37.php 第 51 行.
NOTIC: [8] Undefined variable: my_city_code E:\PHP\WWW\yfq\Application\Runtime\Cache\Admin\cfbae52059fc9fdbd3bcf6e6be525a37.php 第 69 行.
NOTIC: [8] Undefined variable: info E:\PHP\WWW\yfq\Application\Runtime\Cache\Admin\cfbae52059fc9fdbd3bcf6e6be525a37.php 第 75 行.
NOTIC: [8] Undefined variable: info E:\PHP\WWW\yfq\Application\Runtime\Cache\Admin\cfbae52059fc9fdbd3bcf6e6be525a37.php 第 80 行.
NOTIC: [8] Undefined variable: info E:\PHP\WWW\yfq\Application\Runtime\Cache\Admin\cfbae52059fc9fdbd3bcf6e6be525a37.php 第 85 行.
NOTIC: [8] Undefined variable: info E:\PHP\WWW\yfq\Application\Runtime\Cache\Admin\cfbae52059fc9fdbd3bcf6e6be525a37.php 第 90 行.
NOTIC: [8] Undefined variable: info E:\PHP\WWW\yfq\Application\Runtime\Cache\Admin\cfbae52059fc9fdbd3bcf6e6be525a37.php 第 95 行.
NOTIC: [8] Undefined variable: info E:\PHP\WWW\yfq\Application\Runtime\Cache\Admin\cfbae52059fc9fdbd3bcf6e6be525a37.php 第 100 行.
NOTIC: [8] Undefined variable: info E:\PHP\WWW\yfq\Application\Runtime\Cache\Admin\cfbae52059fc9fdbd3bcf6e6be525a37.php 第 105 行.
NOTIC: [8] Undefined variable: info E:\PHP\WWW\yfq\Application\Runtime\Cache\Admin\cfbae52059fc9fdbd3bcf6e6be525a37.php 第 110 行.
NOTIC: [8] Undefined variable: info E:\PHP\WWW\yfq\Application\Runtime\Cache\Admin\cfbae52059fc9fdbd3bcf6e6be525a37.php 第 114 行.
NOTIC: [8] Undefined variable: info E:\PHP\WWW\yfq\Application\Runtime\Cache\Admin\cfbae52059fc9fdbd3bcf6e6be525a37.php 第 158 行.
NOTIC: [8] Undefined variable: info E:\PHP\WWW\yfq\Application\Runtime\Cache\Admin\cfbae52059fc9fdbd3bcf6e6be525a37.php 第 160 行.
NOTIC: [8] Undefined variable: info E:\PHP\WWW\yfq\Application\Runtime\Cache\Admin\cfbae52059fc9fdbd3bcf6e6be525a37.php 第 165 行.
NOTIC: [8] Undefined variable: info E:\PHP\WWW\yfq\Application\Runtime\Cache\Admin\cfbae52059fc9fdbd3bcf6e6be525a37.php 第 176 行.
NOTIC: [8] Undefined variable: info E:\PHP\WWW\yfq\Application\Runtime\Cache\Admin\cfbae52059fc9fdbd3bcf6e6be525a37.php 第 196 行.
INFO: Run Behavior\ParseTemplateBehavior [ RunTime:0.008728s ]
INFO: [ view_parse ] --END-- [ RunTime:0.008755s ]
INFO: [ view_filter ] --START--
INFO: Run Behavior\WriteHtmlCacheBehavior [ RunTime:0.000333s ]
INFO: [ view_filter ] --END-- [ RunTime:0.000353s ]
INFO: [ app_end ] --START--
INFO: Run Behavior\ShowPageTraceBehavior [ RunTime:0.000591s ]
INFO: [ app_end ] --END-- [ RunTime:0.000623s ]

[ 2017-06-09T17:06:01+08:00 ] 188.188.188.118 /Admin/Prize/getPrize.html
INFO: [ app_init ] --START--
INFO: Run Behavior\BuildLiteBehavior [ RunTime:0.000008s ]
INFO: [ app_init ] --END-- [ RunTime:0.000335s ]
INFO: [ app_begin ] --START--
INFO: Run Behavior\ReadHtmlCacheBehavior [ RunTime:0.001058s ]
INFO: [ app_begin ] --END-- [ RunTime:0.001184s ]

[ 2017-06-09T17:17:03+08:00 ] 188.188.188.118 /Admin/Activity
INFO: [ app_init ] --START--
INFO: Run Behavior\BuildLiteBehavior [ RunTime:0.000013s ]
INFO: [ app_init ] --END-- [ RunTime:0.000393s ]
INFO: [ app_begin ] --START--
INFO: Run Behavior\ReadHtmlCacheBehavior [ RunTime:0.000415s ]
INFO: [ app_begin ] --END-- [ RunTime:0.000443s ]
SQL: SHOW COLUMNS FROM `yfq_branch_type` [ RunTime:0.0111s ]
SQL: SELECT * FROM `yfq_branch_type` WHERE ( status=1 )  [ RunTime:0.0003s ]
SQL: SHOW COLUMNS FROM `yfq_activity` [ RunTime:0.0045s ]
SQL: SELECT * FROM `yfq_activity` WHERE ( status!=3 ) LIMIT 0,10   [ RunTime:0.0003s ]
SQL: SELECT COUNT(*) AS tp_count FROM `yfq_activity` WHERE ( status!=3 ) LIMIT 1   [ RunTime:0.0001s ]
INFO: [ view_parse ] --START--
INFO: [ template_filter ] --START--
INFO: Run Behavior\ContentReplaceBehavior [ RunTime:0.000068s ]
INFO: [ template_filter ] --END-- [ RunTime:0.000097s ]
NOTIC: [8] Undefined variable: branch_info E:\PHP\WWW\yfq\Application\Runtime\Cache\Admin\c8d84a2d51a6dbf36e8ef99e6375e8a9.php 第 61 行.
INFO: Run Behavior\ParseTemplateBehavior [ RunTime:0.007194s ]
INFO: [ view_parse ] --END-- [ RunTime:0.007219s ]
INFO: [ view_filter ] --START--
INFO: Run Behavior\WriteHtmlCacheBehavior [ RunTime:0.000623s ]
INFO: [ view_filter ] --END-- [ RunTime:0.000651s ]
INFO: [ app_end ] --START--
INFO: Run Behavior\ShowPageTraceBehavior [ RunTime:0.000968s ]
INFO: [ app_end ] --END-- [ RunTime:0.001004s ]

[ 2017-06-09T17:17:04+08:00 ] 188.188.188.118 /Admin/Activity/addAct.html
INFO: [ app_init ] --START--
INFO: Run Behavior\BuildLiteBehavior [ RunTime:0.000010s ]
INFO: [ app_init ] --END-- [ RunTime:0.000374s ]
INFO: [ app_begin ] --START--
INFO: Run Behavior\ReadHtmlCacheBehavior [ RunTime:0.000425s ]
INFO: [ app_begin ] --END-- [ RunTime:0.000460s ]
SQL: SHOW COLUMNS FROM `yfq_branch_type` [ RunTime:0.0069s ]
SQL: SELECT * FROM `yfq_branch_type` WHERE ( status=1 )  [ RunTime:0.0021s ]
NOTIC: [8] Undefined index: id E:\PHP\WWW\yfq\Application\Admin\Controller\ActivityController.class.php 第 30 行.
INFO: [ view_parse ] --START--
INFO: [ template_filter ] --START--
INFO: Run Behavior\ContentReplaceBehavior [ RunTime:0.000064s ]
INFO: [ template_filter ] --END-- [ RunTime:0.000097s ]
NOTIC: [8] Undefined variable: info E:\PHP\WWW\yfq\Application\Runtime\Cache\Admin\cfbae52059fc9fdbd3bcf6e6be525a37.php 第 51 行.
NOTIC: [8] Undefined variable: my_city_code E:\PHP\WWW\yfq\Application\Runtime\Cache\Admin\cfbae52059fc9fdbd3bcf6e6be525a37.php 第 69 行.
NOTIC: [8] Undefined variable: info E:\PHP\WWW\yfq\Application\Runtime\Cache\Admin\cfbae52059fc9fdbd3bcf6e6be525a37.php 第 75 行.
NOTIC: [8] Undefined variable: info E:\PHP\WWW\yfq\Application\Runtime\Cache\Admin\cfbae52059fc9fdbd3bcf6e6be525a37.php 第 80 行.
NOTIC: [8] Undefined variable: info E:\PHP\WWW\yfq\Application\Runtime\Cache\Admin\cfbae52059fc9fdbd3bcf6e6be525a37.php 第 85 行.
NOTIC: [8] Undefined variable: info E:\PHP\WWW\yfq\Application\Runtime\Cache\Admin\cfbae52059fc9fdbd3bcf6e6be525a37.php 第 90 行.
NOTIC: [8] Undefined variable: info E:\PHP\WWW\yfq\Application\Runtime\Cache\Admin\cfbae52059fc9fdbd3bcf6e6be525a37.php 第 95 行.
NOTIC: [8] Undefined variable: info E:\PHP\WWW\yfq\Application\Runtime\Cache\Admin\cfbae52059fc9fdbd3bcf6e6be525a37.php 第 100 行.
NOTIC: [8] Undefined variable: info E:\PHP\WWW\yfq\Application\Runtime\Cache\Admin\cfbae52059fc9fdbd3bcf6e6be525a37.php 第 105 行.
NOTIC: [8] Undefined variable: info E:\PHP\WWW\yfq\Application\Runtime\Cache\Admin\cfbae52059fc9fdbd3bcf6e6be525a37.php 第 110 行.
NOTIC: [8] Undefined variable: info E:\PHP\WWW\yfq\Application\Runtime\Cache\Admin\cfbae52059fc9fdbd3bcf6e6be525a37.php 第 114 行.
NOTIC: [8] Undefined variable: info E:\PHP\WWW\yfq\Application\Runtime\Cache\Admin\cfbae52059fc9fdbd3bcf6e6be525a37.php 第 158 行.
NOTIC: [8] Undefined variable: info E:\PHP\WWW\yfq\Application\Runtime\Cache\Admin\cfbae52059fc9fdbd3bcf6e6be525a37.php 第 160 行.
NOTIC: [8] Undefined variable: info E:\PHP\WWW\yfq\Application\Runtime\Cache\Admin\cfbae52059fc9fdbd3bcf6e6be525a37.php 第 165 行.
NOTIC: [8] Undefined variable: info E:\PHP\WWW\yfq\Application\Runtime\Cache\Admin\cfbae52059fc9fdbd3bcf6e6be525a37.php 第 176 行.
NOTIC: [8] Undefined variable: info E:\PHP\WWW\yfq\Application\Runtime\Cache\Admin\cfbae52059fc9fdbd3bcf6e6be525a37.php 第 196 行.
INFO: Run Behavior\ParseTemplateBehavior [ RunTime:0.006625s ]
INFO: [ view_parse ] --END-- [ RunTime:0.006655s ]
INFO: [ view_filter ] --START--
INFO: Run Behavior\WriteHtmlCacheBehavior [ RunTime:0.000269s ]
INFO: [ view_filter ] --END-- [ RunTime:0.000293s ]
INFO: [ app_end ] --START--
INFO: Run Behavior\ShowPageTraceBehavior [ RunTime:0.000501s ]
INFO: [ app_end ] --END-- [ RunTime:0.000534s ]

[ 2017-06-09T17:17:08+08:00 ] 188.188.188.118 /Admin/Prize/getPrize.html
INFO: [ app_init ] --START--
INFO: Run Behavior\BuildLiteBehavior [ RunTime:0.000007s ]
INFO: [ app_init ] --END-- [ RunTime:0.000324s ]
INFO: [ app_begin ] --START--
INFO: Run Behavior\ReadHtmlCacheBehavior [ RunTime:0.000371s ]
INFO: [ app_begin ] --END-- [ RunTime:0.000397s ]

[ 2017-06-09T17:20:17+08:00 ] 188.188.188.118 /Admin/Activity/addActUp.html
INFO: [ app_init ] --START--
INFO: Run Behavior\BuildLiteBehavior [ RunTime:0.000009s ]
INFO: [ app_init ] --END-- [ RunTime:0.000423s ]
INFO: [ app_begin ] --START--
INFO: Run Behavior\ReadHtmlCacheBehavior [ RunTime:0.000418s ]
INFO: [ app_begin ] --END-- [ RunTime:0.000448s ]
SQL: SHOW COLUMNS FROM `yfq_activity` [ RunTime:0.0085s ]
SQL: INSERT INTO `yfq_activity` (`type_id`,`act_name`,`free_times`,`pay_money`,`pay_times`,`valid_pay_num`,`share_times`,`valid_share_num`,`start_time`,`end_time`) VALUES ('5','承德农行一分钱','0','1','1','1','1','1','1496246400','1498838399') [ RunTime:0.0271s ]

[ 2017-06-09T17:20:17+08:00 ] 188.188.188.118 /Admin/Activity
INFO: [ app_init ] --START--
INFO: Run Behavior\BuildLiteBehavior [ RunTime:0.000008s ]
INFO: [ app_init ] --END-- [ RunTime:0.000597s ]
INFO: [ app_begin ] --START--
INFO: Run Behavior\ReadHtmlCacheBehavior [ RunTime:0.000561s ]
INFO: [ app_begin ] --END-- [ RunTime:0.000590s ]
SQL: SHOW COLUMNS FROM `yfq_branch_type` [ RunTime:0.0140s ]
SQL: SELECT * FROM `yfq_branch_type` WHERE ( status=1 )  [ RunTime:0.0003s ]
SQL: SHOW COLUMNS FROM `yfq_activity` [ RunTime:0.0041s ]
SQL: SELECT * FROM `yfq_activity` WHERE ( status!=3 ) LIMIT 0,10   [ RunTime:0.0003s ]
SQL: SELECT COUNT(*) AS tp_count FROM `yfq_activity` WHERE ( status!=3 ) LIMIT 1   [ RunTime:0.0002s ]
INFO: [ view_parse ] --START--
INFO: [ template_filter ] --START--
INFO: Run Behavior\ContentReplaceBehavior [ RunTime:0.000058s ]
INFO: [ template_filter ] --END-- [ RunTime:0.000094s ]
NOTIC: [8] Undefined variable: branch_info E:\PHP\WWW\yfq\Application\Runtime\Cache\Admin\c8d84a2d51a6dbf36e8ef99e6375e8a9.php 第 61 行.
INFO: Run Behavior\ParseTemplateBehavior [ RunTime:0.008098s ]
INFO: [ view_parse ] --END-- [ RunTime:0.008129s ]
INFO: [ view_filter ] --START--
INFO: Run Behavior\WriteHtmlCacheBehavior [ RunTime:0.000360s ]
INFO: [ view_filter ] --END-- [ RunTime:0.000386s ]
INFO: [ app_end ] --START--
INFO: Run Behavior\ShowPageTraceBehavior [ RunTime:0.000553s ]
INFO: [ app_end ] --END-- [ RunTime:0.000586s ]

[ 2017-06-09T17:20:19+08:00 ] 188.188.188.118 /Admin/Prize
INFO: [ app_init ] --START--
INFO: Run Behavior\BuildLiteBehavior [ RunTime:0.000009s ]
INFO: [ app_init ] --END-- [ RunTime:0.000310s ]
INFO: [ app_begin ] --START--
INFO: Run Behavior\ReadHtmlCacheBehavior [ RunTime:0.000379s ]
INFO: [ app_begin ] --END-- [ RunTime:0.000410s ]
SQL: SHOW COLUMNS FROM `yfq_branch_type` [ RunTime:0.0106s ]
SQL: SELECT * FROM `yfq_branch_type` WHERE ( status=1 )  [ RunTime:0.0019s ]
SQL: SHOW COLUMNS FROM `yfq_activity` [ RunTime:0.0042s ]
SQL: SELECT * FROM `yfq_activity`  [ RunTime:0.0003s ]
SQL: SHOW COLUMNS FROM `yfq_prize` [ RunTime:0.0037s ]
SQL: SELECT * FROM `yfq_prize` WHERE ( if_del=1 ) LIMIT 0,10   [ RunTime:0.0003s ]
SQL: SELECT COUNT(*) AS tp_count FROM `yfq_prize` WHERE ( if_del=1 ) LIMIT 1   [ RunTime:0.0002s ]
INFO: [ view_parse ] --START--
INFO: [ template_filter ] --START--
INFO: Run Behavior\ContentReplaceBehavior [ RunTime:0.000054s ]
INFO: [ template_filter ] --END-- [ RunTime:0.000086s ]
NOTIC: [8] Undefined variable: branch_info E:\PHP\WWW\yfq\Application\Runtime\Cache\Admin\54672e846cfd9d8e359e8d1a5ea09817.php 第 61 行.
INFO: Run Behavior\ParseTemplateBehavior [ RunTime:0.005552s ]
INFO: [ view_parse ] --END-- [ RunTime:0.005621s ]
INFO: [ view_filter ] --START--
INFO: Run Behavior\WriteHtmlCacheBehavior [ RunTime:0.000303s ]
INFO: [ view_filter ] --END-- [ RunTime:0.000328s ]
INFO: [ app_end ] --START--
INFO: Run Behavior\ShowPageTraceBehavior [ RunTime:0.002439s ]
INFO: [ app_end ] --END-- [ RunTime:0.002488s ]

[ 2017-06-09T17:20:23+08:00 ] 188.188.188.118 /Admin/Prize/addPrize.html
INFO: [ app_init ] --START--
INFO: Run Behavior\BuildLiteBehavior [ RunTime:0.000008s ]
INFO: [ app_init ] --END-- [ RunTime:0.000315s ]
INFO: [ app_begin ] --START--
INFO: Run Behavior\ReadHtmlCacheBehavior [ RunTime:0.000467s ]
INFO: [ app_begin ] --END-- [ RunTime:0.000501s ]
SQL: SHOW COLUMNS FROM `yfq_branch_type` [ RunTime:0.0137s ]
SQL: SELECT * FROM `yfq_branch_type` WHERE ( status=1 )  [ RunTime:0.0003s ]
SQL: SHOW COLUMNS FROM `yfq_activity` [ RunTime:0.0040s ]
SQL: SELECT * FROM `yfq_activity` WHERE ( status!=3 )  [ RunTime:0.0003s ]
NOTIC: [8] Undefined index: id E:\PHP\WWW\yfq\Application\Admin\Controller\PrizeController.class.php 第 38 行.
INFO: [ view_parse ] --START--
INFO: [ template_filter ] --START--
INFO: Run Behavior\ContentReplaceBehavior [ RunTime:0.000052s ]
INFO: [ template_filter ] --END-- [ RunTime:0.000081s ]
NOTIC: [8] Undefined variable: info E:\PHP\WWW\yfq\Application\Runtime\Cache\Admin\5574274eb6d22b93db5a78773e3058db.php 第 51 行.
NOTIC: [8] Undefined variable: info E:\PHP\WWW\yfq\Application\Runtime\Cache\Admin\5574274eb6d22b93db5a78773e3058db.php 第 57 行.
NOTIC: [8] Undefined variable: info E:\PHP\WWW\yfq\Application\Runtime\Cache\Admin\5574274eb6d22b93db5a78773e3058db.php 第 62 行.
NOTIC: [8] Undefined variable: info E:\PHP\WWW\yfq\Application\Runtime\Cache\Admin\5574274eb6d22b93db5a78773e3058db.php 第 67 行.
NOTIC: [8] Undefined variable: info E:\PHP\WWW\yfq\Application\Runtime\Cache\Admin\5574274eb6d22b93db5a78773e3058db.php 第 72 行.
NOTIC: [8] Undefined variable: info E:\PHP\WWW\yfq\Application\Runtime\Cache\Admin\5574274eb6d22b93db5a78773e3058db.php 第 106 行.
NOTIC: [8] Undefined variable: info E:\PHP\WWW\yfq\Application\Runtime\Cache\Admin\5574274eb6d22b93db5a78773e3058db.php 第 108 行.
NOTIC: [8] Undefined variable: info E:\PHP\WWW\yfq\Application\Runtime\Cache\Admin\5574274eb6d22b93db5a78773e3058db.php 第 109 行.
INFO: Run Behavior\ParseTemplateBehavior [ RunTime:0.006358s ]
INFO: [ view_parse ] --END-- [ RunTime:0.006391s ]
INFO: [ view_filter ] --START--
INFO: Run Behavior\WriteHtmlCacheBehavior [ RunTime:0.000348s ]
INFO: [ view_filter ] --END-- [ RunTime:0.000373s ]
INFO: [ app_end ] --START--
INFO: Run Behavior\ShowPageTraceBehavior [ RunTime:0.000503s ]
INFO: [ app_end ] --END-- [ RunTime:0.000530s ]

[ 2017-06-09T17:21:17+08:00 ] 188.188.188.118 /Admin/Prize/addPrize.html
INFO: [ app_init ] --START--
INFO: Run Behavior\BuildLiteBehavior [ RunTime:0.000008s ]
INFO: [ app_init ] --END-- [ RunTime:0.000305s ]
INFO: [ app_begin ] --START--
INFO: Run Behavior\ReadHtmlCacheBehavior [ RunTime:0.000358s ]
INFO: [ app_begin ] --END-- [ RunTime:0.000384s ]
SQL: SHOW COLUMNS FROM `yfq_prize` [ RunTime:0.0039s ]
SQL: INSERT INTO `yfq_prize` (`prize_name`,`level`,`update_time`,`money`,`number`,`type_id`,`act_id`) VALUES ('0.1元红包','一等奖','1497000077','0','-1','5','13') [ RunTime:0.0285s ]

[ 2017-06-09T17:21:17+08:00 ] 188.188.188.118 /Admin/Prize
INFO: [ app_init ] --START--
INFO: Run Behavior\BuildLiteBehavior [ RunTime:0.000007s ]
INFO: [ app_init ] --END-- [ RunTime:0.000299s ]
INFO: [ app_begin ] --START--
INFO: Run Behavior\ReadHtmlCacheBehavior [ RunTime:0.000365s ]
INFO: [ app_begin ] --END-- [ RunTime:0.000392s ]
SQL: SHOW COLUMNS FROM `yfq_branch_type` [ RunTime:0.0141s ]
SQL: SELECT * FROM `yfq_branch_type` WHERE ( status=1 )  [ RunTime:0.0003s ]
SQL: SHOW COLUMNS FROM `yfq_activity` [ RunTime:0.0039s ]
SQL: SELECT * FROM `yfq_activity`  [ RunTime:0.0003s ]
SQL: SHOW COLUMNS FROM `yfq_prize` [ RunTime:0.0038s ]
SQL: SELECT * FROM `yfq_prize` WHERE ( if_del=1 ) LIMIT 0,10   [ RunTime:0.0003s ]
SQL: SELECT COUNT(*) AS tp_count FROM `yfq_prize` WHERE ( if_del=1 ) LIMIT 1   [ RunTime:0.0001s ]
INFO: [ view_parse ] --START--
INFO: [ template_filter ] --START--
INFO: Run Behavior\ContentReplaceBehavior [ RunTime:0.000054s ]
INFO: [ template_filter ] --END-- [ RunTime:0.000085s ]
NOTIC: [8] Undefined variable: branch_info E:\PHP\WWW\yfq\Application\Runtime\Cache\Admin\54672e846cfd9d8e359e8d1a5ea09817.php 第 61 行.
INFO: Run Behavior\ParseTemplateBehavior [ RunTime:0.007429s ]
INFO: [ view_parse ] --END-- [ RunTime:0.007454s ]
INFO: [ view_filter ] --START--
INFO: Run Behavior\WriteHtmlCacheBehavior [ RunTime:0.000264s ]
INFO: [ view_filter ] --END-- [ RunTime:0.000286s ]
INFO: [ app_end ] --START--
INFO: Run Behavior\ShowPageTraceBehavior [ RunTime:0.000452s ]
INFO: [ app_end ] --END-- [ RunTime:0.000481s ]

[ 2017-06-09T17:21:19+08:00 ] 188.188.188.118 /Admin/Activity
INFO: [ app_init ] --START--
INFO: Run Behavior\BuildLiteBehavior [ RunTime:0.000009s ]
INFO: [ app_init ] --END-- [ RunTime:0.000314s ]
INFO: [ app_begin ] --START--
INFO: Run Behavior\ReadHtmlCacheBehavior [ RunTime:0.000368s ]
INFO: [ app_begin ] --END-- [ RunTime:0.000398s ]
SQL: SHOW COLUMNS FROM `yfq_branch_type` [ RunTime:0.0047s ]
SQL: SELECT * FROM `yfq_branch_type` WHERE ( status=1 )  [ RunTime:0.0003s ]
SQL: SHOW COLUMNS FROM `yfq_activity` [ RunTime:0.0035s ]
SQL: SELECT * FROM `yfq_activity` WHERE ( status!=3 ) LIMIT 0,10   [ RunTime:0.0003s ]
SQL: SELECT COUNT(*) AS tp_count FROM `yfq_activity` WHERE ( status!=3 ) LIMIT 1   [ RunTime:0.0001s ]
INFO: [ view_parse ] --START--
INFO: [ template_filter ] --START--
INFO: Run Behavior\ContentReplaceBehavior [ RunTime:0.000056s ]
INFO: [ template_filter ] --END-- [ RunTime:0.000089s ]
NOTIC: [8] Undefined variable: branch_info E:\PHP\WWW\yfq\Application\Runtime\Cache\Admin\c8d84a2d51a6dbf36e8ef99e6375e8a9.php 第 61 行.
INFO: Run Behavior\ParseTemplateBehavior [ RunTime:0.005969s ]
INFO: [ view_parse ] --END-- [ RunTime:0.005998s ]
INFO: [ view_filter ] --START--
INFO: Run Behavior\WriteHtmlCacheBehavior [ RunTime:0.000286s ]
INFO: [ view_filter ] --END-- [ RunTime:0.000309s ]
INFO: [ app_end ] --START--
INFO: Run Behavior\ShowPageTraceBehavior [ RunTime:0.000492s ]
INFO: [ app_end ] --END-- [ RunTime:0.000524s ]

[ 2017-06-09T17:21:21+08:00 ] 188.188.188.118 /Admin/Activity/addAct.html?id=13
INFO: [ app_init ] --START--
INFO: Run Behavior\BuildLiteBehavior [ RunTime:0.000009s ]
INFO: [ app_init ] --END-- [ RunTime:0.000314s ]
INFO: [ app_begin ] --START--
INFO: Run Behavior\ReadHtmlCacheBehavior [ RunTime:0.000374s ]
INFO: [ app_begin ] --END-- [ RunTime:0.000406s ]
SQL: SHOW COLUMNS FROM `yfq_branch_type` [ RunTime:0.0042s ]
SQL: SELECT * FROM `yfq_branch_type` WHERE ( status=1 )  [ RunTime:0.0003s ]
SQL: SHOW COLUMNS FROM `yfq_activity` [ RunTime:0.0110s ]
SQL: SELECT * FROM `yfq_activity` WHERE ( act_id=13 ) LIMIT 1   [ RunTime:0.0003s ]
NOTIC: [8] Undefined index: city_code E:\PHP\WWW\yfq\Application\Admin\Controller\ActivityController.class.php 第 32 行.
NOTIC: [8] Undefined index: city_code E:\PHP\WWW\yfq\Application\Admin\Controller\ActivityController.class.php 第 33 行.
INFO: [ view_parse ] --START--
INFO: [ template_filter ] --START--
INFO: Run Behavior\ContentReplaceBehavior [ RunTime:0.000066s ]
INFO: [ template_filter ] --END-- [ RunTime:0.000094s ]
NOTIC: [8] Undefined index:  E:\PHP\WWW\yfq\Application\Runtime\Cache\Admin\cfbae52059fc9fdbd3bcf6e6be525a37.php 第 69 行.
INFO: Run Behavior\ParseTemplateBehavior [ RunTime:0.005520s ]
INFO: [ view_parse ] --END-- [ RunTime:0.005547s ]
INFO: [ view_filter ] --START--
INFO: Run Behavior\WriteHtmlCacheBehavior [ RunTime:0.000258s ]
INFO: [ view_filter ] --END-- [ RunTime:0.000281s ]
INFO: [ app_end ] --START--
INFO: Run Behavior\ShowPageTraceBehavior [ RunTime:0.000485s ]
INFO: [ app_end ] --END-- [ RunTime:0.000515s ]

[ 2017-06-09T17:21:22+08:00 ] 188.188.188.118 /Admin/Prize/getPrize.html
INFO: [ app_init ] --START--
INFO: Run Behavior\BuildLiteBehavior [ RunTime:0.000008s ]
INFO: [ app_init ] --END-- [ RunTime:0.000297s ]
INFO: [ app_begin ] --START--
INFO: Run Behavior\ReadHtmlCacheBehavior [ RunTime:0.000339s ]
INFO: [ app_begin ] --END-- [ RunTime:0.000365s ]
SQL: SHOW COLUMNS FROM `yfq_activity` [ RunTime:0.0042s ]
SQL: SELECT * FROM `yfq_activity` WHERE ( act_id=13 ) LIMIT 1   [ RunTime:0.0003s ]
SQL: SHOW COLUMNS FROM `yfq_branch_type` [ RunTime:0.0056s ]
SQL: SELECT * FROM `yfq_branch_type` WHERE ( type_id=5 ) LIMIT 1   [ RunTime:0.0005s ]
SQL: SHOW COLUMNS FROM `yfq_prize` [ RunTime:0.0063s ]
SQL: SELECT * FROM `yfq_prize` WHERE ( if_del=1 and act_id=13 )  [ RunTime:0.0004s ]

[ 2017-06-09T17:21:26+08:00 ] 188.188.188.118 /Admin/Activity/addActUp.html
INFO: [ app_init ] --START--
INFO: Run Behavior\BuildLiteBehavior [ RunTime:0.000009s ]
INFO: [ app_init ] --END-- [ RunTime:0.000339s ]
INFO: [ app_begin ] --START--
INFO: Run Behavior\ReadHtmlCacheBehavior [ RunTime:0.000358s ]
INFO: [ app_begin ] --END-- [ RunTime:0.000385s ]
SQL: SHOW COLUMNS FROM `yfq_activity` [ RunTime:0.0110s ]
SQL: UPDATE `yfq_activity` SET `type_id`='5',`act_name`='承德农行一分钱',`free_times`='0',`pay_money`='1',`pay_times`='1',`valid_pay_num`='1',`share_times`='1',`valid_share_num`='1',`start_time`='1496246400',`end_time`='1498838399',`prize_ratio`='{\"39\":\"1\"}' WHERE ( act_id=13 ) [ RunTime:0.0256s ]

[ 2017-06-09T17:21:26+08:00 ] 188.188.188.118 /Admin/Activity
INFO: [ app_init ] --START--
INFO: Run Behavior\BuildLiteBehavior [ RunTime:0.000007s ]
INFO: [ app_init ] --END-- [ RunTime:0.000303s ]
INFO: [ app_begin ] --START--
INFO: Run Behavior\ReadHtmlCacheBehavior [ RunTime:0.000389s ]
INFO: [ app_begin ] --END-- [ RunTime:0.000416s ]
SQL: SHOW COLUMNS FROM `yfq_branch_type` [ RunTime:0.0111s ]
SQL: SELECT * FROM `yfq_branch_type` WHERE ( status=1 )  [ RunTime:0.0003s ]
SQL: SHOW COLUMNS FROM `yfq_activity` [ RunTime:0.0057s ]
SQL: SELECT * FROM `yfq_activity` WHERE ( status!=3 ) LIMIT 0,10   [ RunTime:0.0003s ]
SQL: SELECT COUNT(*) AS tp_count FROM `yfq_activity` WHERE ( status!=3 ) LIMIT 1   [ RunTime:0.0001s ]
INFO: [ view_parse ] --START--
INFO: [ template_filter ] --START--
INFO: Run Behavior\ContentReplaceBehavior [ RunTime:0.000054s ]
INFO: [ template_filter ] --END-- [ RunTime:0.000084s ]
NOTIC: [8] Undefined variable: branch_info E:\PHP\WWW\yfq\Application\Runtime\Cache\Admin\c8d84a2d51a6dbf36e8ef99e6375e8a9.php 第 61 行.
INFO: Run Behavior\ParseTemplateBehavior [ RunTime:0.005401s ]
INFO: [ view_parse ] --END-- [ RunTime:0.005427s ]
INFO: [ view_filter ] --START--
INFO: Run Behavior\WriteHtmlCacheBehavior [ RunTime:0.000273s ]
INFO: [ view_filter ] --END-- [ RunTime:0.000294s ]
INFO: [ app_end ] --START--
INFO: Run Behavior\ShowPageTraceBehavior [ RunTime:0.000522s ]
INFO: [ app_end ] --END-- [ RunTime:0.000550s ]

[ 2017-06-09T17:21:28+08:00 ] 188.188.188.118 /Admin/Activity/upStatus.html
INFO: [ app_init ] --START--
INFO: Run Behavior\BuildLiteBehavior [ RunTime:0.000009s ]
INFO: [ app_init ] --END-- [ RunTime:0.000324s ]
INFO: [ app_begin ] --START--
INFO: Run Behavior\ReadHtmlCacheBehavior [ RunTime:0.000361s ]
INFO: [ app_begin ] --END-- [ RunTime:0.000387s ]
SQL: SHOW COLUMNS FROM `yfq_activity` [ RunTime:0.0041s ]
SQL: UPDATE `yfq_activity` SET `status`='2' WHERE ( act_id=13 ) [ RunTime:0.0265s ]

[ 2017-06-09T17:21:28+08:00 ] 188.188.188.118 /Admin/Activity
INFO: [ app_init ] --START--
INFO: Run Behavior\BuildLiteBehavior [ RunTime:0.000009s ]
INFO: [ app_init ] --END-- [ RunTime:0.000329s ]
INFO: [ app_begin ] --START--
INFO: Run Behavior\ReadHtmlCacheBehavior [ RunTime:0.000409s ]
INFO: [ app_begin ] --END-- [ RunTime:0.000440s ]
SQL: SHOW COLUMNS FROM `yfq_branch_type` [ RunTime:0.0256s ]
SQL: SELECT * FROM `yfq_branch_type` WHERE ( status=1 )  [ RunTime:0.0003s ]
SQL: SHOW COLUMNS FROM `yfq_activity` [ RunTime:0.0041s ]
SQL: SELECT * FROM `yfq_activity` WHERE ( status!=3 ) LIMIT 0,10   [ RunTime:0.0003s ]
SQL: SELECT COUNT(*) AS tp_count FROM `yfq_activity` WHERE ( status!=3 ) LIMIT 1   [ RunTime:0.0003s ]
INFO: [ view_parse ] --START--
INFO: [ template_filter ] --START--
INFO: Run Behavior\ContentReplaceBehavior [ RunTime:0.000056s ]
INFO: [ template_filter ] --END-- [ RunTime:0.000090s ]
NOTIC: [8] Undefined variable: branch_info E:\PHP\WWW\yfq\Application\Runtime\Cache\Admin\c8d84a2d51a6dbf36e8ef99e6375e8a9.php 第 61 行.
INFO: Run Behavior\ParseTemplateBehavior [ RunTime:0.008390s ]
INFO: [ view_parse ] --END-- [ RunTime:0.008418s ]
INFO: [ view_filter ] --START--
INFO: Run Behavior\WriteHtmlCacheBehavior [ RunTime:0.000576s ]
INFO: [ view_filter ] --END-- [ RunTime:0.000608s ]
INFO: [ app_end ] --START--
INFO: Run Behavior\ShowPageTraceBehavior [ RunTime:0.000545s ]
INFO: [ app_end ] --END-- [ RunTime:0.000575s ]

[ 2017-06-09T17:21:32+08:00 ] 188.188.188.118 /Admin/Activity/addAct.html?id=13
INFO: [ app_init ] --START--
INFO: Run Behavior\BuildLiteBehavior [ RunTime:0.000010s ]
INFO: [ app_init ] --END-- [ RunTime:0.000419s ]
INFO: [ app_begin ] --START--
INFO: Run Behavior\ReadHtmlCacheBehavior [ RunTime:0.000462s ]
INFO: [ app_begin ] --END-- [ RunTime:0.000498s ]
SQL: SHOW COLUMNS FROM `yfq_branch_type` [ RunTime:0.0146s ]
SQL: SELECT * FROM `yfq_branch_type` WHERE ( status=1 )  [ RunTime:0.0004s ]
SQL: SHOW COLUMNS FROM `yfq_activity` [ RunTime:0.0335s ]
SQL: SELECT * FROM `yfq_activity` WHERE ( act_id=13 ) LIMIT 1   [ RunTime:0.0004s ]
NOTIC: [8] Undefined index: city_code E:\PHP\WWW\yfq\Application\Admin\Controller\ActivityController.class.php 第 32 行.
NOTIC: [8] Undefined index: city_code E:\PHP\WWW\yfq\Application\Admin\Controller\ActivityController.class.php 第 33 行.
INFO: [ view_parse ] --START--
INFO: [ template_filter ] --START--
INFO: Run Behavior\ContentReplaceBehavior [ RunTime:0.000063s ]
INFO: [ template_filter ] --END-- [ RunTime:0.000093s ]
NOTIC: [8] Undefined index:  E:\PHP\WWW\yfq\Application\Runtime\Cache\Admin\cfbae52059fc9fdbd3bcf6e6be525a37.php 第 69 行.
INFO: Run Behavior\ParseTemplateBehavior [ RunTime:0.005519s ]
INFO: [ view_parse ] --END-- [ RunTime:0.005661s ]
INFO: [ view_filter ] --START--
INFO: Run Behavior\WriteHtmlCacheBehavior [ RunTime:0.000438s ]
INFO: [ view_filter ] --END-- [ RunTime:0.000468s ]
INFO: [ app_end ] --START--
INFO: Run Behavior\ShowPageTraceBehavior [ RunTime:0.001754s ]
INFO: [ app_end ] --END-- [ RunTime:0.001802s ]

[ 2017-06-09T17:21:33+08:00 ] 188.188.188.118 /Admin/Prize/getPrize.html
INFO: [ app_init ] --START--
INFO: Run Behavior\BuildLiteBehavior [ RunTime:0.000009s ]
INFO: [ app_init ] --END-- [ RunTime:0.000319s ]
INFO: [ app_begin ] --START--
INFO: Run Behavior\ReadHtmlCacheBehavior [ RunTime:0.000369s ]
INFO: [ app_begin ] --END-- [ RunTime:0.000398s ]
SQL: SHOW COLUMNS FROM `yfq_activity` [ RunTime:0.0113s ]
SQL: SELECT * FROM `yfq_activity` WHERE ( act_id=13 ) LIMIT 1   [ RunTime:0.0003s ]
SQL: SHOW COLUMNS FROM `yfq_branch_type` [ RunTime:0.0041s ]
SQL: SELECT * FROM `yfq_branch_type` WHERE ( type_id=5 ) LIMIT 1   [ RunTime:0.0003s ]
SQL: SHOW COLUMNS FROM `yfq_prize` [ RunTime:0.0047s ]
SQL: SELECT * FROM `yfq_prize` WHERE ( if_del=1 and act_id=13 )  [ RunTime:0.0004s ]

[ 2017-06-09T17:21:38+08:00 ] 188.188.188.118 /Admin/Activity/addAct.html?id=13
INFO: [ app_init ] --START--
INFO: Run Behavior\BuildLiteBehavior [ RunTime:0.000008s ]
INFO: [ app_init ] --END-- [ RunTime:0.000331s ]
INFO: [ app_begin ] --START--
INFO: Run Behavior\ReadHtmlCacheBehavior [ RunTime:0.005044s ]
INFO: [ app_begin ] --END-- [ RunTime:0.005159s ]
SQL: SHOW COLUMNS FROM `yfq_branch_type` [ RunTime:0.0260s ]
SQL: SELECT * FROM `yfq_branch_type` WHERE ( status=1 )  [ RunTime:0.0003s ]
SQL: SHOW COLUMNS FROM `yfq_activity` [ RunTime:0.0049s ]
SQL: SELECT * FROM `yfq_activity` WHERE ( act_id=13 ) LIMIT 1   [ RunTime:0.0003s ]
NOTIC: [8] Undefined index: city_code E:\PHP\WWW\yfq\Application\Admin\Controller\ActivityController.class.php 第 32 行.
NOTIC: [8] Undefined index: city_code E:\PHP\WWW\yfq\Application\Admin\Controller\ActivityController.class.php 第 33 行.
INFO: [ view_parse ] --START--
INFO: [ template_filter ] --START--
INFO: Run Behavior\ContentReplaceBehavior [ RunTime:0.000079s ]
INFO: [ template_filter ] --END-- [ RunTime:0.000119s ]
NOTIC: [8] Undefined index:  E:\PHP\WWW\yfq\Application\Runtime\Cache\Admin\cfbae52059fc9fdbd3bcf6e6be525a37.php 第 69 行.
INFO: Run Behavior\ParseTemplateBehavior [ RunTime:0.008242s ]
INFO: [ view_parse ] --END-- [ RunTime:0.008273s ]
INFO: [ view_filter ] --START--
INFO: Run Behavior\WriteHtmlCacheBehavior [ RunTime:0.000304s ]
INFO: [ view_filter ] --END-- [ RunTime:0.000330s ]
INFO: [ app_end ] --START--
INFO: Run Behavior\ShowPageTraceBehavior [ RunTime:0.000438s ]
INFO: [ app_end ] --END-- [ RunTime:0.000466s ]

[ 2017-06-09T17:21:40+08:00 ] 188.188.188.118 /Admin/Prize/getPrize.html
INFO: [ app_init ] --START--
INFO: Run Behavior\BuildLiteBehavior [ RunTime:0.000009s ]
INFO: [ app_init ] --END-- [ RunTime:0.000478s ]
INFO: [ app_begin ] --START--
INFO: Run Behavior\ReadHtmlCacheBehavior [ RunTime:0.000378s ]
INFO: [ app_begin ] --END-- [ RunTime:0.000404s ]
SQL: SHOW COLUMNS FROM `yfq_activity` [ RunTime:0.0041s ]
SQL: SELECT * FROM `yfq_activity` WHERE ( act_id=13 ) LIMIT 1   [ RunTime:0.0003s ]
SQL: SHOW COLUMNS FROM `yfq_branch_type` [ RunTime:0.0080s ]
SQL: SELECT * FROM `yfq_branch_type` WHERE ( type_id=5 ) LIMIT 1   [ RunTime:0.0003s ]
SQL: SHOW COLUMNS FROM `yfq_prize` [ RunTime:0.0049s ]
SQL: SELECT * FROM `yfq_prize` WHERE ( if_del=1 and act_id=13 )  [ RunTime:0.0003s ]

