[ 2017-02-07T09:14:41+08:00 ] 188.188.188.153 /index.php/Rbactivity
INFO: [ app_init ] --START--
INFO: Run Behavior\BuildLiteBehavior [ RunTime:0.000009s ]
INFO: [ app_init ] --END-- [ RunTime:0.000368s ]
INFO: [ app_begin ] --START--
INFO: Run Behavior\ReadHtmlCacheBehavior [ RunTime:0.000878s ]
INFO: [ app_begin ] --END-- [ RunTime:0.001124s ]
NOTIC: [8] Undefined index: user_info E:\PHP\WWW\yfq\Application\Rbactivity\Controller\IndexController.class.php 第 9 行.
INFO: [ view_parse ] --START--
INFO: [ template_filter ] --START--
INFO: Run Behavior\ContentReplaceBehavior [ RunTime:0.000061s ]
INFO: [ template_filter ] --END-- [ RunTime:0.000100s ]
NOTIC: [8] Undefined variable: rbuser_info E:\PHP\WWW\yfq\Application\Runtime\Cache\Rbactivity\41bc16ccf6349cb11483c1413b80c90f.php 第 60 行.
INFO: Run Behavior\ParseTemplateBehavior [ RunTime:0.010765s ]
INFO: [ view_parse ] --END-- [ RunTime:0.010794s ]
INFO: [ view_filter ] --START--
INFO: Run Behavior\WriteHtmlCacheBehavior [ RunTime:0.000306s ]
INFO: [ view_filter ] --END-- [ RunTime:0.000330s ]
INFO: [ app_end ] --START--
INFO: Run Behavior\ShowPageTraceBehavior [ RunTime:0.000371s ]
INFO: [ app_end ] --END-- [ RunTime:0.000396s ]

[ 2017-02-07T09:14:52+08:00 ] 188.188.188.153 /Rbactivity/Index/addUser.html
INFO: [ app_init ] --START--
INFO: Run Behavior\BuildLiteBehavior [ RunTime:0.000010s ]
INFO: [ app_init ] --END-- [ RunTime:0.000298s ]
INFO: [ app_begin ] --START--
INFO: Run Behavior\ReadHtmlCacheBehavior [ RunTime:0.000370s ]
INFO: [ app_begin ] --END-- [ RunTime:0.000406s ]
SQL: SHOW COLUMNS FROM `yfq_user` [ RunTime:0.0095s ]
SQL: SELECT * FROM `yfq_user` WHERE ( phone='13269866589' and car_number='冀123658' ) LIMIT 1   [ RunTime:0.0003s ]

[ 2017-02-07T09:14:52+08:00 ] 188.188.188.153 /Rbactivity/Activity.html
INFO: [ app_init ] --START--
INFO: Run Behavior\BuildLiteBehavior [ RunTime:0.000008s ]
INFO: [ app_init ] --END-- [ RunTime:0.000276s ]
INFO: [ app_begin ] --START--
INFO: Run Behavior\ReadHtmlCacheBehavior [ RunTime:0.000315s ]
INFO: [ app_begin ] --END-- [ RunTime:0.000345s ]
NOTIC: [8] Use of undefined constant VIEWDIR - assumed 'VIEWDIR' E:\PHP\WWW\yfq\Application\Rbactivity\Controller\ActivityController.class.php 第 11 行.
SQL: SHOW COLUMNS FROM `yfq_game_log` [ RunTime:0.0263s ]
SQL: SHOW COLUMNS FROM `yfq_branch_type` [ RunTime:0.0024s ]
SQL: SELECT * FROM `yfq_branch_type` WHERE `type_id` = 4 LIMIT 1   [ RunTime:0.0003s ]
SQL: SHOW COLUMNS FROM `yfq_activity` [ RunTime:0.0024s ]
SQL: SELECT * FROM `yfq_activity` WHERE `type_id` = 4 AND `status` = 2 LIMIT 1   [ RunTime:0.0002s ]
SQL: SHOW COLUMNS FROM `yfq_prize` [ RunTime:0.0096s ]
SQL: SELECT * FROM `yfq_prize` WHERE ( if_del=1 and act_id=6 )  [ RunTime:0.0003s ]
SQL: SHOW COLUMNS FROM `yfq_prize_day_log` [ RunTime:0.0076s ]
SQL: SELECT * FROM `yfq_prize_day_log` WHERE ( add_date="2017-02-07" and act_id=6 )  [ RunTime:0.0002s ]
SQL: SELECT * FROM `yfq_prize_day_log` WHERE ( prize_id=14 and add_date="2017-02-07" ) LIMIT 1   [ RunTime:0.0002s ]
SQL: INSERT INTO `yfq_prize_day_log` (`prize_id`,`prize_name`,`number`,`type_id`,`update_time`,`act_id`,`use_num`,`add_date`) VALUES ('14','安全锤','-1','4','1486371316','6','2','2017-02-07') [ RunTime:0.0509s ]
SQL: SHOW COLUMNS FROM `yfq_user_day_log` [ RunTime:0.0256s ]
SQL: SELECT * FROM `yfq_user_day_log` WHERE `user_id` = 6 AND `add_date` = '2017-02-07' LIMIT 1   [ RunTime:0.0002s ]
SQL: INSERT INTO `yfq_user_day_log` (`user_id`,`type_id`,`add_date`,`totle_times`) VALUES ('6','4','2017-02-07','1') [ RunTime:0.0310s ]
SQL: SELECT * FROM `yfq_user_day_log` WHERE `user_id` = 6 AND `type_id` = 4 AND `add_date` = '2017-02-07' LIMIT 1   [ RunTime:0.0003s ]
SQL: UPDATE `yfq_prize_day_log` SET `use_num`=use_num+1 WHERE ( prize_id=14 and add_date="2017-02-07" ) [ RunTime:0.0290s ]
SQL: UPDATE `yfq_prize` SET `use_num`=use_num+1 WHERE ( prize_id=14 ) [ RunTime:0.0285s ]
SQL: UPDATE `yfq_user_day_log` SET `use_times`=use_times+1 WHERE ( user_log_id=4 ) [ RunTime:0.0292s ]
SQL: SHOW COLUMNS FROM `yfq_game_log` [ RunTime:0.0119s ]
SQL: INSERT INTO `yfq_game_log` (`user_id`,`act_id`,`type_id`,`prize_id`,`add_time`) VALUES ('6','6','4','14','1486430092') [ RunTime:0.0289s ]
SQL: SHOW COLUMNS FROM `yfq_user` [ RunTime:0.0095s ]
SQL: UPDATE `yfq_user` SET `totle_money`=totle_money+0 WHERE ( user_id=6 ) [ RunTime:0.0007s ]

[ 2017-02-07T09:15:33+08:00 ] 188.188.188.153 /Rbactivity/Index/addUser.html
INFO: [ app_init ] --START--
INFO: Run Behavior\BuildLiteBehavior [ RunTime:0.000007s ]
INFO: [ app_init ] --END-- [ RunTime:0.000356s ]
INFO: [ app_begin ] --START--
INFO: Run Behavior\ReadHtmlCacheBehavior [ RunTime:0.000427s ]
INFO: [ app_begin ] --END-- [ RunTime:0.000460s ]
SQL: SHOW COLUMNS FROM `yfq_user` [ RunTime:0.0093s ]
SQL: SELECT * FROM `yfq_user` WHERE ( phone='13269866589' and car_number='冀123658' ) LIMIT 1   [ RunTime:0.0003s ]

[ 2017-02-07T09:15:33+08:00 ] 188.188.188.153 /Rbactivity/Activity.html
INFO: [ app_init ] --START--
INFO: Run Behavior\BuildLiteBehavior [ RunTime:0.000009s ]
INFO: [ app_init ] --END-- [ RunTime:0.000290s ]
INFO: [ app_begin ] --START--
INFO: Run Behavior\ReadHtmlCacheBehavior [ RunTime:0.000327s ]
INFO: [ app_begin ] --END-- [ RunTime:0.000357s ]
NOTIC: [8] Use of undefined constant VIEWDIR - assumed 'VIEWDIR' E:\PHP\WWW\yfq\Application\Rbactivity\Controller\ActivityController.class.php 第 11 行.
SQL: SHOW COLUMNS FROM `yfq_game_log` [ RunTime:0.0026s ]
SQL: SHOW COLUMNS FROM `yfq_branch_type` [ RunTime:0.0038s ]
SQL: SELECT * FROM `yfq_branch_type` WHERE `type_id` = 4 LIMIT 1   [ RunTime:0.0009s ]
SQL: SHOW COLUMNS FROM `yfq_activity` [ RunTime:0.0029s ]
SQL: SELECT * FROM `yfq_activity` WHERE `type_id` = 4 AND `status` = 2 LIMIT 1   [ RunTime:0.0003s ]
SQL: SHOW COLUMNS FROM `yfq_prize` [ RunTime:0.0025s ]
SQL: SELECT * FROM `yfq_prize` WHERE ( if_del=1 and act_id=6 )  [ RunTime:0.0002s ]
SQL: SHOW COLUMNS FROM `yfq_prize_day_log` [ RunTime:0.0024s ]
SQL: SELECT * FROM `yfq_prize_day_log` WHERE ( add_date="2017-02-07" and act_id=6 )  [ RunTime:0.0002s ]
SQL: SELECT * FROM `yfq_prize_day_log` WHERE ( prize_id=14 and add_date="2017-02-07" ) LIMIT 1   [ RunTime:0.0001s ]
SQL: SHOW COLUMNS FROM `yfq_user_day_log` [ RunTime:0.0024s ]
SQL: SELECT * FROM `yfq_user_day_log` WHERE `user_id` = 6 AND `add_date` = '2017-02-07' LIMIT 1   [ RunTime:0.0002s ]

[ 2017-02-07T09:16:19+08:00 ] 188.188.188.153 /Rbactivity/Index/addUser.html
INFO: [ app_init ] --START--
INFO: Run Behavior\BuildLiteBehavior [ RunTime:0.000009s ]
INFO: [ app_init ] --END-- [ RunTime:0.000356s ]
INFO: [ app_begin ] --START--
INFO: Run Behavior\ReadHtmlCacheBehavior [ RunTime:0.000421s ]
INFO: [ app_begin ] --END-- [ RunTime:0.000453s ]
SQL: SHOW COLUMNS FROM `yfq_user` [ RunTime:0.0096s ]
SQL: SELECT * FROM `yfq_user` WHERE ( phone='13269866589' and car_number='冀123058' ) LIMIT 1   [ RunTime:0.0004s ]
SQL: INSERT INTO `yfq_user` (`phone`,`car_number`,`real_name`,`add_time`) VALUES ('13269866589','冀123058','asdf','1486430179') [ RunTime:0.0363s ]
SQL: SELECT * FROM `yfq_user` WHERE ( phone='13269866589' and car_number='冀123058' ) LIMIT 1   [ RunTime:0.0009s ]

[ 2017-02-07T09:16:19+08:00 ] 188.188.188.153 /Rbactivity/Activity.html
INFO: [ app_init ] --START--
INFO: Run Behavior\BuildLiteBehavior [ RunTime:0.000009s ]
INFO: [ app_init ] --END-- [ RunTime:0.000298s ]
INFO: [ app_begin ] --START--
INFO: Run Behavior\ReadHtmlCacheBehavior [ RunTime:0.001229s ]
INFO: [ app_begin ] --END-- [ RunTime:0.001283s ]
NOTIC: [8] Use of undefined constant VIEWDIR - assumed 'VIEWDIR' E:\PHP\WWW\yfq\Application\Rbactivity\Controller\ActivityController.class.php 第 11 行.
SQL: SHOW COLUMNS FROM `yfq_game_log` [ RunTime:0.0025s ]
SQL: SHOW COLUMNS FROM `yfq_branch_type` [ RunTime:0.0024s ]
SQL: SELECT * FROM `yfq_branch_type` WHERE `type_id` = 4 LIMIT 1   [ RunTime:0.0025s ]
SQL: SHOW COLUMNS FROM `yfq_activity` [ RunTime:0.0032s ]
SQL: SELECT * FROM `yfq_activity` WHERE `type_id` = 4 AND `status` = 2 LIMIT 1   [ RunTime:0.0003s ]
SQL: SHOW COLUMNS FROM `yfq_prize` [ RunTime:0.0025s ]
SQL: SELECT * FROM `yfq_prize` WHERE ( if_del=1 and act_id=6 )  [ RunTime:0.0002s ]
SQL: SHOW COLUMNS FROM `yfq_prize_day_log` [ RunTime:0.0024s ]
SQL: SELECT * FROM `yfq_prize_day_log` WHERE ( add_date="2017-02-07" and act_id=6 )  [ RunTime:0.0002s ]
SQL: SELECT * FROM `yfq_prize_day_log` WHERE ( prize_id=14 and add_date="2017-02-07" ) LIMIT 1   [ RunTime:0.0002s ]
SQL: SHOW COLUMNS FROM `yfq_user_day_log` [ RunTime:0.0024s ]
SQL: SELECT * FROM `yfq_user_day_log` WHERE `user_id` = 8 AND `add_date` = '2017-02-07' LIMIT 1   [ RunTime:0.0002s ]
SQL: INSERT INTO `yfq_user_day_log` (`user_id`,`type_id`,`add_date`,`totle_times`) VALUES ('8','4','2017-02-07','1') [ RunTime:0.0303s ]
SQL: SELECT * FROM `yfq_user_day_log` WHERE `user_id` = 8 AND `type_id` = 4 AND `add_date` = '2017-02-07' LIMIT 1   [ RunTime:0.0002s ]
SQL: UPDATE `yfq_prize_day_log` SET `use_num`=use_num+1 WHERE ( prize_id=14 and add_date="2017-02-07" ) [ RunTime:0.0287s ]
SQL: UPDATE `yfq_prize` SET `use_num`=use_num+1 WHERE ( prize_id=14 ) [ RunTime:0.0290s ]
SQL: UPDATE `yfq_user_day_log` SET `use_times`=use_times+1 WHERE ( user_log_id=5 ) [ RunTime:0.0294s ]
SQL: SHOW COLUMNS FROM `yfq_game_log` [ RunTime:0.0095s ]
SQL: INSERT INTO `yfq_game_log` (`user_id`,`act_id`,`type_id`,`prize_id`,`add_time`) VALUES ('8','6','4','14','1486430179') [ RunTime:0.0306s ]
SQL: SHOW COLUMNS FROM `yfq_user` [ RunTime:0.0027s ]
SQL: UPDATE `yfq_user` SET `totle_money`=totle_money+0 WHERE ( user_id=8 ) [ RunTime:0.0004s ]

[ 2017-02-07T09:16:56+08:00 ] 188.188.188.153 /Rbactivity/Index/addUser.html
INFO: [ app_init ] --START--
INFO: Run Behavior\BuildLiteBehavior [ RunTime:0.000009s ]
INFO: [ app_init ] --END-- [ RunTime:0.000395s ]
INFO: [ app_begin ] --START--
INFO: Run Behavior\ReadHtmlCacheBehavior [ RunTime:0.000425s ]
INFO: [ app_begin ] --END-- [ RunTime:0.000455s ]
SQL: SHOW COLUMNS FROM `yfq_user` [ RunTime:0.0096s ]
SQL: SELECT * FROM `yfq_user` WHERE ( phone='13269866589' and car_number='冀123058' ) LIMIT 1   [ RunTime:0.0003s ]
SQL: INSERT INTO `yfq_user` (`phone`,`car_number`,`real_name`,`add_time`) VALUES ('13269866589','冀123058','asdf','1486430216') [ RunTime:0.0293s ]
SQL: SELECT * FROM `yfq_user` WHERE ( phone='13269866589' and car_number='冀123058' ) LIMIT 1   [ RunTime:0.0003s ]

[ 2017-02-07T09:16:56+08:00 ] 188.188.188.153 /Rbactivity/Activity.html
INFO: [ app_init ] --START--
INFO: Run Behavior\BuildLiteBehavior [ RunTime:0.000019s ]
INFO: [ app_init ] --END-- [ RunTime:0.000752s ]
INFO: [ app_begin ] --START--
INFO: Run Behavior\ReadHtmlCacheBehavior [ RunTime:0.000411s ]
INFO: [ app_begin ] --END-- [ RunTime:0.000459s ]
NOTIC: [8] Use of undefined constant VIEWDIR - assumed 'VIEWDIR' E:\PHP\WWW\yfq\Application\Rbactivity\Controller\ActivityController.class.php 第 11 行.
SQL: SHOW COLUMNS FROM `yfq_game_log` [ RunTime:0.0026s ]
SQL: SHOW COLUMNS FROM `yfq_branch_type` [ RunTime:0.0042s ]
SQL: SELECT * FROM `yfq_branch_type` WHERE `type_id` = 4 LIMIT 1   [ RunTime:0.0007s ]
SQL: SHOW COLUMNS FROM `yfq_activity` [ RunTime:0.0030s ]
SQL: SELECT * FROM `yfq_activity` WHERE `type_id` = 4 AND `status` = 2 LIMIT 1   [ RunTime:0.0004s ]
SQL: SHOW COLUMNS FROM `yfq_prize` [ RunTime:0.0028s ]
SQL: SELECT * FROM `yfq_prize` WHERE ( if_del=1 and act_id=6 )  [ RunTime:0.0003s ]
SQL: SHOW COLUMNS FROM `yfq_prize_day_log` [ RunTime:0.0026s ]
SQL: SELECT * FROM `yfq_prize_day_log` WHERE ( add_date="2017-02-07" and act_id=6 )  [ RunTime:0.0003s ]
SQL: SELECT * FROM `yfq_prize_day_log` WHERE ( prize_id=14 and add_date="2017-02-07" ) LIMIT 1   [ RunTime:0.0002s ]
SQL: SHOW COLUMNS FROM `yfq_user_day_log` [ RunTime:0.0061s ]
SQL: SELECT * FROM `yfq_user_day_log` WHERE `user_id` = 1 AND `add_date` = '2017-02-07' LIMIT 1   [ RunTime:0.0005s ]
SQL: INSERT INTO `yfq_user_day_log` (`user_id`,`type_id`,`add_date`,`totle_times`) VALUES ('1','4','2017-02-07','1') [ RunTime:0.0323s ]
SQL: SELECT * FROM `yfq_user_day_log` WHERE `user_id` = 1 AND `type_id` = 4 AND `add_date` = '2017-02-07' LIMIT 1   [ RunTime:0.0003s ]
SQL: UPDATE `yfq_prize_day_log` SET `use_num`=use_num+1 WHERE ( prize_id=14 and add_date="2017-02-07" ) [ RunTime:0.0293s ]
SQL: UPDATE `yfq_prize` SET `use_num`=use_num+1 WHERE ( prize_id=14 ) [ RunTime:0.0273s ]
SQL: UPDATE `yfq_user_day_log` SET `use_times`=use_times+1 WHERE ( user_log_id=6 ) [ RunTime:0.0335s ]
SQL: SHOW COLUMNS FROM `yfq_game_log` [ RunTime:0.0100s ]
SQL: INSERT INTO `yfq_game_log` (`user_id`,`act_id`,`type_id`,`prize_id`,`add_time`) VALUES ('1','6','4','14','1486430216') [ RunTime:0.0349s ]
SQL: SHOW COLUMNS FROM `yfq_user` [ RunTime:0.0029s ]
SQL: UPDATE `yfq_user` SET `totle_money`=totle_money+0 WHERE ( user_id=1 ) [ RunTime:0.0004s ]

[ 2017-02-07T09:17:50+08:00 ] 188.188.188.153 /Rbactivity/Index/addUser.html
INFO: [ app_init ] --START--
INFO: Run Behavior\BuildLiteBehavior [ RunTime:0.000008s ]
INFO: [ app_init ] --END-- [ RunTime:0.000358s ]
INFO: [ app_begin ] --START--
INFO: Run Behavior\ReadHtmlCacheBehavior [ RunTime:0.000389s ]
INFO: [ app_begin ] --END-- [ RunTime:0.000418s ]
SQL: SHOW COLUMNS FROM `yfq_user` [ RunTime:0.0095s ]
SQL: SELECT * FROM `yfq_user` WHERE ( phone='13269866589' and car_number='冀123058' ) LIMIT 1   [ RunTime:0.0003s ]

[ 2017-02-07T09:17:50+08:00 ] 188.188.188.153 /Rbactivity/Activity.html
INFO: [ app_init ] --START--
INFO: Run Behavior\BuildLiteBehavior [ RunTime:0.000008s ]
INFO: [ app_init ] --END-- [ RunTime:0.000273s ]
INFO: [ app_begin ] --START--
INFO: Run Behavior\ReadHtmlCacheBehavior [ RunTime:0.000317s ]
INFO: [ app_begin ] --END-- [ RunTime:0.000347s ]
NOTIC: [8] Use of undefined constant VIEWDIR - assumed 'VIEWDIR' E:\PHP\WWW\yfq\Application\Rbactivity\Controller\ActivityController.class.php 第 11 行.
SQL: SHOW COLUMNS FROM `yfq_game_log` [ RunTime:0.0036s ]
SQL: SHOW COLUMNS FROM `yfq_branch_type` [ RunTime:0.0024s ]
SQL: SELECT * FROM `yfq_branch_type` WHERE `type_id` = 4 LIMIT 1   [ RunTime:0.0002s ]
SQL: SHOW COLUMNS FROM `yfq_activity` [ RunTime:0.0025s ]
SQL: SELECT * FROM `yfq_activity` WHERE `type_id` = 4 AND `status` = 2 LIMIT 1   [ RunTime:0.0002s ]
SQL: SHOW COLUMNS FROM `yfq_prize` [ RunTime:0.0030s ]
SQL: SELECT * FROM `yfq_prize` WHERE ( if_del=1 and act_id=6 )  [ RunTime:0.0002s ]
SQL: SHOW COLUMNS FROM `yfq_prize_day_log` [ RunTime:0.0045s ]
SQL: SELECT * FROM `yfq_prize_day_log` WHERE ( add_date="2017-02-07" and act_id=6 )  [ RunTime:0.0003s ]
SQL: SELECT * FROM `yfq_prize_day_log` WHERE ( prize_id=14 and add_date="2017-02-07" ) LIMIT 1   [ RunTime:0.0002s ]
SQL: SHOW COLUMNS FROM `yfq_user_day_log` [ RunTime:0.0027s ]
SQL: SELECT * FROM `yfq_user_day_log` WHERE `user_id` = 1 AND `add_date` = '2017-02-07' LIMIT 1   [ RunTime:0.0002s ]
SQL: INSERT INTO `yfq_user_day_log` (`user_id`,`type_id`,`add_date`,`totle_times`) VALUES ('1','4','2017-02-07','1') [ RunTime:0.0267s ]
SQL: SELECT * FROM `yfq_user_day_log` WHERE `user_id` = 1 AND `type_id` = 4 AND `add_date` = '2017-02-07' LIMIT 1   [ RunTime:0.0003s ]
SQL: UPDATE `yfq_prize_day_log` SET `use_num`=use_num+1 WHERE ( prize_id=14 and add_date="2017-02-07" ) [ RunTime:0.0280s ]
SQL: UPDATE `yfq_prize` SET `use_num`=use_num+1 WHERE ( prize_id=14 ) [ RunTime:0.0284s ]
SQL: UPDATE `yfq_user_day_log` SET `use_times`=use_times+1 WHERE ( user_log_id=7 ) [ RunTime:0.0297s ]
SQL: SHOW COLUMNS FROM `yfq_game_log` [ RunTime:0.0091s ]
SQL: INSERT INTO `yfq_game_log` (`user_id`,`act_id`,`type_id`,`prize_id`,`add_time`) VALUES ('1','6','4','14','1486430270') [ RunTime:0.0275s ]
SQL: SHOW COLUMNS FROM `yfq_user` [ RunTime:0.0027s ]
SQL: UPDATE `yfq_user` SET `totle_money`=totle_money+0 WHERE ( user_id=1 ) [ RunTime:0.0002s ]

[ 2017-02-07T09:19:00+08:00 ] 188.188.188.153 /Rbactivity/Index/addUser.html
INFO: [ app_init ] --START--
INFO: Run Behavior\BuildLiteBehavior [ RunTime:0.000009s ]
INFO: [ app_init ] --END-- [ RunTime:0.000395s ]
INFO: [ app_begin ] --START--
INFO: Run Behavior\ReadHtmlCacheBehavior [ RunTime:0.000449s ]
INFO: [ app_begin ] --END-- [ RunTime:0.000483s ]
SQL: SHOW COLUMNS FROM `yfq_user` [ RunTime:0.0097s ]
SQL: SELECT * FROM `yfq_user` WHERE ( phone='13269866589' and car_number='冀123058' ) LIMIT 1   [ RunTime:0.0004s ]

[ 2017-02-07T09:19:00+08:00 ] 188.188.188.153 /Rbactivity/Activity.html
INFO: [ app_init ] --START--
INFO: Run Behavior\BuildLiteBehavior [ RunTime:0.000011s ]
INFO: [ app_init ] --END-- [ RunTime:0.000288s ]
INFO: [ app_begin ] --START--
INFO: Run Behavior\ReadHtmlCacheBehavior [ RunTime:0.000320s ]
INFO: [ app_begin ] --END-- [ RunTime:0.000353s ]
NOTIC: [8] Use of undefined constant VIEWDIR - assumed 'VIEWDIR' E:\PHP\WWW\yfq\Application\Rbactivity\Controller\ActivityController.class.php 第 11 行.
SQL: SHOW COLUMNS FROM `yfq_game_log` [ RunTime:0.0027s ]
SQL: SHOW COLUMNS FROM `yfq_branch_type` [ RunTime:0.0033s ]
SQL: SELECT * FROM `yfq_branch_type` WHERE `type_id` = 4 LIMIT 1   [ RunTime:0.0003s ]
SQL: SHOW COLUMNS FROM `yfq_activity` [ RunTime:0.0026s ]
SQL: SELECT * FROM `yfq_activity` WHERE `type_id` = 4 AND `status` = 2 LIMIT 1   [ RunTime:0.0002s ]
SQL: SHOW COLUMNS FROM `yfq_prize` [ RunTime:0.0024s ]
SQL: SELECT * FROM `yfq_prize` WHERE ( if_del=1 and act_id=6 )  [ RunTime:0.0002s ]
SQL: SHOW COLUMNS FROM `yfq_prize_day_log` [ RunTime:0.0042s ]
SQL: SELECT * FROM `yfq_prize_day_log` WHERE ( add_date="2017-02-07" and act_id=6 )  [ RunTime:0.0003s ]
SQL: SHOW COLUMNS FROM `yfq_game_log` [ RunTime:0.0028s ]
SQL: SELECT * FROM `yfq_game_log` WHERE ( prize_id=14 and user_id=1 ) LIMIT 1   [ RunTime:0.0003s ]

[ 2017-02-07T09:19:02+08:00 ] 188.188.188.153 /Rbactivity/Index/addUser.html
INFO: [ app_init ] --START--
INFO: Run Behavior\BuildLiteBehavior [ RunTime:0.000030s ]
INFO: [ app_init ] --END-- [ RunTime:0.000686s ]
INFO: [ app_begin ] --START--
INFO: Run Behavior\ReadHtmlCacheBehavior [ RunTime:0.000406s ]
INFO: [ app_begin ] --END-- [ RunTime:0.000445s ]
SQL: SHOW COLUMNS FROM `yfq_user` [ RunTime:0.0096s ]
SQL: SELECT * FROM `yfq_user` WHERE ( phone='13269866589' and car_number='冀123058' ) LIMIT 1   [ RunTime:0.0003s ]

[ 2017-02-07T09:19:02+08:00 ] 188.188.188.153 /Rbactivity/Activity.html
INFO: [ app_init ] --START--
INFO: Run Behavior\BuildLiteBehavior [ RunTime:0.000009s ]
INFO: [ app_init ] --END-- [ RunTime:0.000356s ]
INFO: [ app_begin ] --START--
INFO: Run Behavior\ReadHtmlCacheBehavior [ RunTime:0.000345s ]
INFO: [ app_begin ] --END-- [ RunTime:0.000375s ]
NOTIC: [8] Use of undefined constant VIEWDIR - assumed 'VIEWDIR' E:\PHP\WWW\yfq\Application\Rbactivity\Controller\ActivityController.class.php 第 11 行.
SQL: SHOW COLUMNS FROM `yfq_game_log` [ RunTime:0.0036s ]
SQL: SHOW COLUMNS FROM `yfq_branch_type` [ RunTime:0.0033s ]
SQL: SELECT * FROM `yfq_branch_type` WHERE `type_id` = 4 LIMIT 1   [ RunTime:0.0003s ]
SQL: SHOW COLUMNS FROM `yfq_activity` [ RunTime:0.0030s ]
SQL: SELECT * FROM `yfq_activity` WHERE `type_id` = 4 AND `status` = 2 LIMIT 1   [ RunTime:0.0003s ]
SQL: SHOW COLUMNS FROM `yfq_prize` [ RunTime:0.0036s ]
SQL: SELECT * FROM `yfq_prize` WHERE ( if_del=1 and act_id=6 )  [ RunTime:0.0008s ]
SQL: SHOW COLUMNS FROM `yfq_prize_day_log` [ RunTime:0.0029s ]
SQL: SELECT * FROM `yfq_prize_day_log` WHERE ( add_date="2017-02-07" and act_id=6 )  [ RunTime:0.0002s ]
SQL: SHOW COLUMNS FROM `yfq_game_log` [ RunTime:0.0025s ]
SQL: SELECT * FROM `yfq_game_log` WHERE ( prize_id=14 and user_id=1 ) LIMIT 1   [ RunTime:0.0002s ]

[ 2017-02-07T10:51:50+08:00 ] 188.188.188.153 /Rbactivity/Index/addUser.html
INFO: [ app_init ] --START--
INFO: Run Behavior\BuildLiteBehavior [ RunTime:0.000009s ]
INFO: [ app_init ] --END-- [ RunTime:0.000493s ]
INFO: [ app_begin ] --START--
INFO: Run Behavior\ReadHtmlCacheBehavior [ RunTime:0.000369s ]
INFO: [ app_begin ] --END-- [ RunTime:0.000399s ]
SQL: SHOW COLUMNS FROM `yfq_user` [ RunTime:0.0102s ]
SQL: SELECT * FROM `yfq_user` WHERE ( phone='13269866589' and car_number='冀123058' ) LIMIT 1   [ RunTime:0.0003s ]

[ 2017-02-07T10:51:50+08:00 ] 188.188.188.153 /Rbactivity/Activity.html
INFO: [ app_init ] --START--
INFO: Run Behavior\BuildLiteBehavior [ RunTime:0.000010s ]
INFO: [ app_init ] --END-- [ RunTime:0.000326s ]
INFO: [ app_begin ] --START--
INFO: Run Behavior\ReadHtmlCacheBehavior [ RunTime:0.000353s ]
INFO: [ app_begin ] --END-- [ RunTime:0.000386s ]
NOTIC: [8] Use of undefined constant VIEWDIR - assumed 'VIEWDIR' E:\PHP\WWW\yfq\Application\Rbactivity\Controller\ActivityController.class.php 第 11 行.
SQL: SHOW COLUMNS FROM `yfq_game_log` [ RunTime:0.0031s ]
SQL: SHOW COLUMNS FROM `yfq_branch_type` [ RunTime:0.0030s ]
SQL: SELECT * FROM `yfq_branch_type` WHERE `type_id` = 4 LIMIT 1   [ RunTime:0.0002s ]
SQL: SHOW COLUMNS FROM `yfq_activity` [ RunTime:0.0046s ]
SQL: SELECT * FROM `yfq_activity` WHERE `type_id` = 4 AND `status` = 2 LIMIT 1   [ RunTime:0.0003s ]
SQL: SHOW COLUMNS FROM `yfq_prize` [ RunTime:0.0031s ]
SQL: SELECT * FROM `yfq_prize` WHERE ( if_del=1 and act_id=6 )  [ RunTime:0.0002s ]
SQL: SHOW COLUMNS FROM `yfq_prize_day_log` [ RunTime:0.0031s ]
SQL: SELECT * FROM `yfq_prize_day_log` WHERE ( add_date="2017-02-07" and act_id=6 )  [ RunTime:0.0002s ]
SQL: SHOW COLUMNS FROM `yfq_game_log` [ RunTime:0.0030s ]
SQL: SELECT * FROM `yfq_game_log` WHERE ( prize_id=14 and user_id=1 ) LIMIT 1   [ RunTime:0.0002s ]

[ 2017-02-07T11:17:51+08:00 ] 188.188.188.153 /index.php/Rbactivity
INFO: [ app_init ] --START--
INFO: Run Behavior\BuildLiteBehavior [ RunTime:0.000009s ]
INFO: [ app_init ] --END-- [ RunTime:0.000396s ]
INFO: [ app_begin ] --START--
INFO: Run Behavior\ReadHtmlCacheBehavior [ RunTime:0.000371s ]
INFO: [ app_begin ] --END-- [ RunTime:0.000404s ]
INFO: [ view_parse ] --START--
INFO: [ template_filter ] --START--
INFO: Run Behavior\ContentReplaceBehavior [ RunTime:0.000066s ]
INFO: [ template_filter ] --END-- [ RunTime:0.000106s ]
NOTIC: [8] Array to string conversion E:\PHP\WWW\yfq\Application\Runtime\Cache\Rbactivity\41bc16ccf6349cb11483c1413b80c90f.php 第 60 行.
INFO: Run Behavior\ParseTemplateBehavior [ RunTime:0.010849s ]
INFO: [ view_parse ] --END-- [ RunTime:0.010884s ]
INFO: [ view_filter ] --START--
INFO: Run Behavior\WriteHtmlCacheBehavior [ RunTime:0.000626s ]
INFO: [ view_filter ] --END-- [ RunTime:0.000659s ]
INFO: [ app_end ] --START--
INFO: Run Behavior\ShowPageTraceBehavior [ RunTime:0.000425s ]
INFO: [ app_end ] --END-- [ RunTime:0.000453s ]

[ 2017-02-07T11:17:58+08:00 ] 188.188.188.153 /Rbactivity/Index/addUser.html
INFO: [ app_init ] --START--
INFO: Run Behavior\BuildLiteBehavior [ RunTime:0.000009s ]
INFO: [ app_init ] --END-- [ RunTime:0.000287s ]
INFO: [ app_begin ] --START--
INFO: Run Behavior\ReadHtmlCacheBehavior [ RunTime:0.000400s ]
INFO: [ app_begin ] --END-- [ RunTime:0.000431s ]
SQL: SHOW COLUMNS FROM `yfq_user` [ RunTime:0.0101s ]
SQL: SELECT * FROM `yfq_user` WHERE ( phone='13269866589' and car_number='冀123058' ) LIMIT 1   [ RunTime:0.0003s ]

[ 2017-02-07T11:17:58+08:00 ] 188.188.188.153 /Rbactivity/Activity.html
INFO: [ app_init ] --START--
INFO: Run Behavior\BuildLiteBehavior [ RunTime:0.000008s ]
INFO: [ app_init ] --END-- [ RunTime:0.000277s ]
INFO: [ app_begin ] --START--
INFO: Run Behavior\ReadHtmlCacheBehavior [ RunTime:0.000330s ]
INFO: [ app_begin ] --END-- [ RunTime:0.000359s ]
NOTIC: [8] Use of undefined constant VIEWDIR - assumed 'VIEWDIR' E:\PHP\WWW\yfq\Application\Rbactivity\Controller\ActivityController.class.php 第 11 行.
SQL: SHOW COLUMNS FROM `yfq_game_log` [ RunTime:0.0032s ]
SQL: SHOW COLUMNS FROM `yfq_branch_type` [ RunTime:0.0034s ]
SQL: SELECT * FROM `yfq_branch_type` WHERE `type_id` = 4 LIMIT 1   [ RunTime:0.0002s ]
SQL: SHOW COLUMNS FROM `yfq_activity` [ RunTime:0.0031s ]
SQL: SELECT * FROM `yfq_activity` WHERE `type_id` = 4 AND `status` = 2 LIMIT 1   [ RunTime:0.0003s ]
SQL: SHOW COLUMNS FROM `yfq_prize` [ RunTime:0.0039s ]
SQL: SELECT * FROM `yfq_prize` WHERE ( if_del=1 and act_id=6 )  [ RunTime:0.0003s ]
SQL: SHOW COLUMNS FROM `yfq_prize_day_log` [ RunTime:0.0033s ]
SQL: SELECT * FROM `yfq_prize_day_log` WHERE ( add_date="2017-02-07" and act_id=6 )  [ RunTime:0.0002s ]
SQL: SHOW COLUMNS FROM `yfq_game_log` [ RunTime:0.0030s ]
SQL: SELECT * FROM `yfq_game_log` WHERE ( prize_id=14 and user_id=1 ) LIMIT 1   [ RunTime:0.0002s ]

[ 2017-02-07T11:19:39+08:00 ] 188.188.188.153 /Rbactivity/Index/addUser.html
INFO: [ app_init ] --START--
INFO: Run Behavior\BuildLiteBehavior [ RunTime:0.000010s ]
INFO: [ app_init ] --END-- [ RunTime:0.000369s ]
INFO: [ app_begin ] --START--
INFO: Run Behavior\ReadHtmlCacheBehavior [ RunTime:0.000498s ]
INFO: [ app_begin ] --END-- [ RunTime:0.000538s ]
SQL: SHOW COLUMNS FROM `yfq_user` [ RunTime:0.0099s ]
SQL: SELECT * FROM `yfq_user` WHERE ( phone='13269866589' and type_id=4  and car_number='冀123058' ) LIMIT 1   [ RunTime:0.0006s ]
SQL: INSERT INTO `yfq_user` (`phone`,`car_number`,`real_name`,`add_time`,`type_id`) VALUES ('13269866589','冀123058','asdf','1486437579','4') [ RunTime:0.0354s ]
SQL: SELECT * FROM `yfq_user` WHERE ( phone='13269866589' and car_number='冀123058' ) LIMIT 1   [ RunTime:0.0005s ]

[ 2017-02-07T11:19:39+08:00 ] 188.188.188.153 /Rbactivity/Activity.html
INFO: [ app_init ] --START--
INFO: Run Behavior\BuildLiteBehavior [ RunTime:0.000012s ]
INFO: [ app_init ] --END-- [ RunTime:0.000447s ]
INFO: [ app_begin ] --START--
INFO: Run Behavior\ReadHtmlCacheBehavior [ RunTime:0.000482s ]
INFO: [ app_begin ] --END-- [ RunTime:0.000520s ]
NOTIC: [8] Use of undefined constant VIEWDIR - assumed 'VIEWDIR' E:\PHP\WWW\yfq\Application\Rbactivity\Controller\ActivityController.class.php 第 11 行.
SQL: SHOW COLUMNS FROM `yfq_game_log` [ RunTime:0.0039s ]
SQL: SHOW COLUMNS FROM `yfq_branch_type` [ RunTime:0.0050s ]
SQL: SELECT * FROM `yfq_branch_type` WHERE `type_id` = 4 LIMIT 1   [ RunTime:0.0003s ]
SQL: SHOW COLUMNS FROM `yfq_activity` [ RunTime:0.0033s ]
SQL: SELECT * FROM `yfq_activity` WHERE `type_id` = 4 AND `status` = 2 LIMIT 1   [ RunTime:0.0003s ]
SQL: SHOW COLUMNS FROM `yfq_prize` [ RunTime:0.0031s ]
SQL: SELECT * FROM `yfq_prize` WHERE ( if_del=1 and act_id=6 )  [ RunTime:0.0003s ]
SQL: SHOW COLUMNS FROM `yfq_prize_day_log` [ RunTime:0.0034s ]
SQL: SELECT * FROM `yfq_prize_day_log` WHERE ( add_date="2017-02-07" and act_id=6 )  [ RunTime:0.0003s ]
SQL: SHOW COLUMNS FROM `yfq_game_log` [ RunTime:0.0035s ]
SQL: SELECT * FROM `yfq_game_log` WHERE ( prize_id=14 and user_id=1 ) LIMIT 1   [ RunTime:0.0002s ]

[ 2017-02-07T11:19:41+08:00 ] 188.188.188.153 /Rbactivity/Index/addUser.html
INFO: [ app_init ] --START--
INFO: Run Behavior\BuildLiteBehavior [ RunTime:0.000009s ]
INFO: [ app_init ] --END-- [ RunTime:0.000355s ]
INFO: [ app_begin ] --START--
INFO: Run Behavior\ReadHtmlCacheBehavior [ RunTime:0.000409s ]
INFO: [ app_begin ] --END-- [ RunTime:0.000439s ]
SQL: SHOW COLUMNS FROM `yfq_user` [ RunTime:0.0098s ]
SQL: SELECT * FROM `yfq_user` WHERE ( phone='13269866589' and type_id=4  and car_number='冀123058' ) LIMIT 1   [ RunTime:0.0003s ]

[ 2017-02-07T11:19:42+08:00 ] 188.188.188.153 /Rbactivity/Activity.html
INFO: [ app_init ] --START--
INFO: Run Behavior\BuildLiteBehavior [ RunTime:0.000010s ]
INFO: [ app_init ] --END-- [ RunTime:0.000376s ]
INFO: [ app_begin ] --START--
INFO: Run Behavior\ReadHtmlCacheBehavior [ RunTime:0.000406s ]
INFO: [ app_begin ] --END-- [ RunTime:0.000437s ]
NOTIC: [8] Use of undefined constant VIEWDIR - assumed 'VIEWDIR' E:\PHP\WWW\yfq\Application\Rbactivity\Controller\ActivityController.class.php 第 11 行.
SQL: SHOW COLUMNS FROM `yfq_game_log` [ RunTime:0.0031s ]
SQL: SHOW COLUMNS FROM `yfq_branch_type` [ RunTime:0.0030s ]
SQL: SELECT * FROM `yfq_branch_type` WHERE `type_id` = 4 LIMIT 1   [ RunTime:0.0002s ]
SQL: SHOW COLUMNS FROM `yfq_activity` [ RunTime:0.0039s ]
SQL: SELECT * FROM `yfq_activity` WHERE `type_id` = 4 AND `status` = 2 LIMIT 1   [ RunTime:0.0003s ]
SQL: SHOW COLUMNS FROM `yfq_prize` [ RunTime:0.0034s ]
SQL: SELECT * FROM `yfq_prize` WHERE ( if_del=1 and act_id=6 )  [ RunTime:0.0003s ]
SQL: SHOW COLUMNS FROM `yfq_prize_day_log` [ RunTime:0.0033s ]
SQL: SELECT * FROM `yfq_prize_day_log` WHERE ( add_date="2017-02-07" and act_id=6 )  [ RunTime:0.0002s ]
SQL: SHOW COLUMNS FROM `yfq_game_log` [ RunTime:0.0031s ]
SQL: SELECT * FROM `yfq_game_log` WHERE ( prize_id=14 and user_id=2 ) LIMIT 1   [ RunTime:0.0002s ]
SQL: SELECT * FROM `yfq_prize_day_log` WHERE ( prize_id=14 and add_date="2017-02-07" ) LIMIT 1   [ RunTime:0.0002s ]
SQL: SHOW COLUMNS FROM `yfq_user_day_log` [ RunTime:0.0036s ]
SQL: SELECT * FROM `yfq_user_day_log` WHERE `user_id` = 2 AND `add_date` = '2017-02-07' LIMIT 1   [ RunTime:0.0003s ]
SQL: INSERT INTO `yfq_user_day_log` (`user_id`,`type_id`,`add_date`,`totle_times`) VALUES ('2','4','2017-02-07','1') [ RunTime:0.0279s ]
SQL: SELECT * FROM `yfq_user_day_log` WHERE `user_id` = 2 AND `type_id` = 4 AND `add_date` = '2017-02-07' LIMIT 1   [ RunTime:0.0002s ]
SQL: UPDATE `yfq_prize_day_log` SET `use_num`=use_num+1 WHERE ( prize_id=14 and add_date="2017-02-07" ) [ RunTime:0.0287s ]
SQL: UPDATE `yfq_prize` SET `use_num`=use_num+1 WHERE ( prize_id=14 ) [ RunTime:0.0301s ]
SQL: UPDATE `yfq_user_day_log` SET `use_times`=use_times+1 WHERE ( user_log_id=8 ) [ RunTime:0.0278s ]
SQL: INSERT INTO `yfq_game_log` (`user_id`,`act_id`,`type_id`,`prize_id`,`add_time`) VALUES ('2','6','4','14','1486437582') [ RunTime:0.0295s ]
SQL: SHOW COLUMNS FROM `yfq_user` [ RunTime:0.0197s ]
SQL: UPDATE `yfq_user` SET `totle_money`=totle_money+0 WHERE ( user_id=2 ) [ RunTime:0.0007s ]

[ 2017-02-07T11:19:58+08:00 ] 188.188.188.153 /Rbactivity/Index/addUser.html
INFO: [ app_init ] --START--
INFO: Run Behavior\BuildLiteBehavior [ RunTime:0.000009s ]
INFO: [ app_init ] --END-- [ RunTime:0.000318s ]
INFO: [ app_begin ] --START--
INFO: Run Behavior\ReadHtmlCacheBehavior [ RunTime:0.000427s ]
INFO: [ app_begin ] --END-- [ RunTime:0.000458s ]
SQL: SHOW COLUMNS FROM `yfq_user` [ RunTime:0.0100s ]
SQL: SELECT * FROM `yfq_user` WHERE ( phone='13269866589' and type_id=4  and car_number='冀123058' ) LIMIT 1   [ RunTime:0.0003s ]
SQL: INSERT INTO `yfq_user` (`phone`,`car_number`,`real_name`,`add_time`,`type_id`) VALUES ('13269866589','冀123058','asdf','1486437598','4') [ RunTime:0.0304s ]
SQL: SELECT * FROM `yfq_user` WHERE ( phone='13269866589' and car_number='冀123058' ) LIMIT 1   [ RunTime:0.0003s ]

[ 2017-02-07T11:19:58+08:00 ] 188.188.188.153 /Rbactivity/Activity.html
INFO: [ app_init ] --START--
INFO: Run Behavior\BuildLiteBehavior [ RunTime:0.000010s ]
INFO: [ app_init ] --END-- [ RunTime:0.000297s ]
INFO: [ app_begin ] --START--
INFO: Run Behavior\ReadHtmlCacheBehavior [ RunTime:0.000380s ]
INFO: [ app_begin ] --END-- [ RunTime:0.000417s ]
NOTIC: [8] Use of undefined constant VIEWDIR - assumed 'VIEWDIR' E:\PHP\WWW\yfq\Application\Rbactivity\Controller\ActivityController.class.php 第 11 行.
SQL: SHOW COLUMNS FROM `yfq_game_log` [ RunTime:0.0031s ]
SQL: SHOW COLUMNS FROM `yfq_branch_type` [ RunTime:0.0031s ]
SQL: SELECT * FROM `yfq_branch_type` WHERE `type_id` = 4 LIMIT 1   [ RunTime:0.0003s ]
SQL: SHOW COLUMNS FROM `yfq_activity` [ RunTime:0.0051s ]
SQL: SELECT * FROM `yfq_activity` WHERE `type_id` = 4 AND `status` = 2 LIMIT 1   [ RunTime:0.0004s ]
SQL: SHOW COLUMNS FROM `yfq_prize` [ RunTime:0.0031s ]
SQL: SELECT * FROM `yfq_prize` WHERE ( if_del=1 and act_id=6 )  [ RunTime:0.0003s ]
SQL: SHOW COLUMNS FROM `yfq_prize_day_log` [ RunTime:0.0033s ]
SQL: SELECT * FROM `yfq_prize_day_log` WHERE ( add_date="2017-02-07" and act_id=6 )  [ RunTime:0.0003s ]
SQL: SHOW COLUMNS FROM `yfq_game_log` [ RunTime:0.0029s ]
SQL: SELECT * FROM `yfq_game_log` WHERE ( prize_id=14 and user_id=1 ) LIMIT 1   [ RunTime:0.0002s ]

[ 2017-02-07T11:20:05+08:00 ] 188.188.188.153 /Rbactivity/Index/addUser.html
INFO: [ app_init ] --START--
INFO: Run Behavior\BuildLiteBehavior [ RunTime:0.000010s ]
INFO: [ app_init ] --END-- [ RunTime:0.000370s ]
INFO: [ app_begin ] --START--
INFO: Run Behavior\ReadHtmlCacheBehavior [ RunTime:0.000404s ]
INFO: [ app_begin ] --END-- [ RunTime:0.000434s ]
SQL: SHOW COLUMNS FROM `yfq_user` [ RunTime:0.0101s ]
SQL: SELECT * FROM `yfq_user` WHERE ( phone='13269866589' and type_id=4  and car_number='冀123058' ) LIMIT 1   [ RunTime:0.0003s ]

[ 2017-02-07T11:20:06+08:00 ] 188.188.188.153 /Rbactivity/Activity.html
INFO: [ app_init ] --START--
INFO: Run Behavior\BuildLiteBehavior [ RunTime:0.000009s ]
INFO: [ app_init ] --END-- [ RunTime:0.000353s ]
INFO: [ app_begin ] --START--
INFO: Run Behavior\ReadHtmlCacheBehavior [ RunTime:0.000391s ]
INFO: [ app_begin ] --END-- [ RunTime:0.000421s ]
NOTIC: [8] Use of undefined constant VIEWDIR - assumed 'VIEWDIR' E:\PHP\WWW\yfq\Application\Rbactivity\Controller\ActivityController.class.php 第 11 行.
SQL: SHOW COLUMNS FROM `yfq_game_log` [ RunTime:0.0051s ]
SQL: SHOW COLUMNS FROM `yfq_branch_type` [ RunTime:0.0031s ]
SQL: SELECT * FROM `yfq_branch_type` WHERE `type_id` = 4 LIMIT 1   [ RunTime:0.0003s ]
SQL: SHOW COLUMNS FROM `yfq_activity` [ RunTime:0.0031s ]
SQL: SELECT * FROM `yfq_activity` WHERE `type_id` = 4 AND `status` = 2 LIMIT 1   [ RunTime:0.0003s ]
SQL: SHOW COLUMNS FROM `yfq_prize` [ RunTime:0.0030s ]
SQL: SELECT * FROM `yfq_prize` WHERE ( if_del=1 and act_id=6 )  [ RunTime:0.0002s ]
SQL: SHOW COLUMNS FROM `yfq_prize_day_log` [ RunTime:0.0041s ]
SQL: SELECT * FROM `yfq_prize_day_log` WHERE ( add_date="2017-02-07" and act_id=6 )  [ RunTime:0.0003s ]
SQL: SHOW COLUMNS FROM `yfq_game_log` [ RunTime:0.0030s ]
SQL: SELECT * FROM `yfq_game_log` WHERE ( prize_id=14 and user_id=3 ) LIMIT 1   [ RunTime:0.0002s ]
SQL: SELECT * FROM `yfq_prize_day_log` WHERE ( prize_id=14 and add_date="2017-02-07" ) LIMIT 1   [ RunTime:0.0002s ]
SQL: SHOW COLUMNS FROM `yfq_user_day_log` [ RunTime:0.0031s ]
SQL: SELECT * FROM `yfq_user_day_log` WHERE `user_id` = 3 AND `add_date` = '2017-02-07' LIMIT 1   [ RunTime:0.0002s ]
SQL: INSERT INTO `yfq_user_day_log` (`user_id`,`type_id`,`add_date`,`totle_times`) VALUES ('3','4','2017-02-07','1') [ RunTime:0.0324s ]
SQL: SELECT * FROM `yfq_user_day_log` WHERE `user_id` = 3 AND `type_id` = 4 AND `add_date` = '2017-02-07' LIMIT 1   [ RunTime:0.0003s ]
SQL: UPDATE `yfq_prize_day_log` SET `use_num`=use_num+1 WHERE ( prize_id=14 and add_date="2017-02-07" ) [ RunTime:0.0294s ]
SQL: UPDATE `yfq_prize` SET `use_num`=use_num+1 WHERE ( prize_id=14 ) [ RunTime:0.0284s ]
SQL: UPDATE `yfq_user_day_log` SET `use_times`=use_times+1 WHERE ( user_log_id=9 ) [ RunTime:0.0295s ]
SQL: INSERT INTO `yfq_game_log` (`user_id`,`act_id`,`type_id`,`prize_id`,`add_time`) VALUES ('3','6','4','14','1486437606') [ RunTime:0.0282s ]
SQL: SHOW COLUMNS FROM `yfq_user` [ RunTime:0.0136s ]
SQL: UPDATE `yfq_user` SET `totle_money`=totle_money+0 WHERE ( user_id=3 ) [ RunTime:0.0004s ]

[ 2017-02-07T11:20:11+08:00 ] 188.188.188.153 /Rbactivity/Index/addUser.html
INFO: [ app_init ] --START--
INFO: Run Behavior\BuildLiteBehavior [ RunTime:0.000009s ]
INFO: [ app_init ] --END-- [ RunTime:0.000290s ]
INFO: [ app_begin ] --START--
INFO: Run Behavior\ReadHtmlCacheBehavior [ RunTime:0.000395s ]
INFO: [ app_begin ] --END-- [ RunTime:0.000425s ]
SQL: SHOW COLUMNS FROM `yfq_user` [ RunTime:0.0099s ]
SQL: SELECT * FROM `yfq_user` WHERE ( phone='13269866589' and type_id=4  and car_number='冀123058' ) LIMIT 1   [ RunTime:0.0003s ]

[ 2017-02-07T11:20:11+08:00 ] 188.188.188.153 /Rbactivity/Activity.html
INFO: [ app_init ] --START--
INFO: Run Behavior\BuildLiteBehavior [ RunTime:0.000009s ]
INFO: [ app_init ] --END-- [ RunTime:0.000358s ]
INFO: [ app_begin ] --START--
INFO: Run Behavior\ReadHtmlCacheBehavior [ RunTime:0.000392s ]
INFO: [ app_begin ] --END-- [ RunTime:0.000423s ]
NOTIC: [8] Use of undefined constant VIEWDIR - assumed 'VIEWDIR' E:\PHP\WWW\yfq\Application\Rbactivity\Controller\ActivityController.class.php 第 11 行.
SQL: SHOW COLUMNS FROM `yfq_game_log` [ RunTime:0.0043s ]
SQL: SHOW COLUMNS FROM `yfq_branch_type` [ RunTime:0.0033s ]
SQL: SELECT * FROM `yfq_branch_type` WHERE `type_id` = 4 LIMIT 1   [ RunTime:0.0003s ]
SQL: SHOW COLUMNS FROM `yfq_activity` [ RunTime:0.0032s ]
SQL: SELECT * FROM `yfq_activity` WHERE `type_id` = 4 AND `status` = 2 LIMIT 1   [ RunTime:0.0003s ]
SQL: SHOW COLUMNS FROM `yfq_prize` [ RunTime:0.0034s ]
SQL: SELECT * FROM `yfq_prize` WHERE ( if_del=1 and act_id=6 )  [ RunTime:0.0003s ]
SQL: SHOW COLUMNS FROM `yfq_prize_day_log` [ RunTime:0.0031s ]
SQL: SELECT * FROM `yfq_prize_day_log` WHERE ( add_date="2017-02-07" and act_id=6 )  [ RunTime:0.0003s ]
SQL: SHOW COLUMNS FROM `yfq_game_log` [ RunTime:0.0039s ]
SQL: SELECT * FROM `yfq_game_log` WHERE ( prize_id=14 and user_id=3 ) LIMIT 1   [ RunTime:0.0002s ]

[ 2017-02-07T11:20:14+08:00 ] 188.188.188.153 /Rbactivity/Index/addUser.html
INFO: [ app_init ] --START--
INFO: Run Behavior\BuildLiteBehavior [ RunTime:0.000009s ]
INFO: [ app_init ] --END-- [ RunTime:0.000354s ]
INFO: [ app_begin ] --START--
INFO: Run Behavior\ReadHtmlCacheBehavior [ RunTime:0.000394s ]
INFO: [ app_begin ] --END-- [ RunTime:0.000423s ]
SQL: SHOW COLUMNS FROM `yfq_user` [ RunTime:0.0099s ]
SQL: SELECT * FROM `yfq_user` WHERE ( phone='13269866589' and type_id=4  and car_number='冀123058' ) LIMIT 1   [ RunTime:0.0003s ]

[ 2017-02-07T11:20:14+08:00 ] 188.188.188.153 /Rbactivity/Activity.html
INFO: [ app_init ] --START--
INFO: Run Behavior\BuildLiteBehavior [ RunTime:0.000009s ]
INFO: [ app_init ] --END-- [ RunTime:0.000353s ]
INFO: [ app_begin ] --START--
INFO: Run Behavior\ReadHtmlCacheBehavior [ RunTime:0.000389s ]
INFO: [ app_begin ] --END-- [ RunTime:0.000420s ]
NOTIC: [8] Use of undefined constant VIEWDIR - assumed 'VIEWDIR' E:\PHP\WWW\yfq\Application\Rbactivity\Controller\ActivityController.class.php 第 11 行.
SQL: SHOW COLUMNS FROM `yfq_game_log` [ RunTime:0.0046s ]
SQL: SHOW COLUMNS FROM `yfq_branch_type` [ RunTime:0.0032s ]
SQL: SELECT * FROM `yfq_branch_type` WHERE `type_id` = 4 LIMIT 1   [ RunTime:0.0003s ]
SQL: SHOW COLUMNS FROM `yfq_activity` [ RunTime:0.0032s ]
SQL: SELECT * FROM `yfq_activity` WHERE `type_id` = 4 AND `status` = 2 LIMIT 1   [ RunTime:0.0003s ]
SQL: SHOW COLUMNS FROM `yfq_prize` [ RunTime:0.0032s ]
SQL: SELECT * FROM `yfq_prize` WHERE ( if_del=1 and act_id=6 )  [ RunTime:0.0005s ]
SQL: SHOW COLUMNS FROM `yfq_prize_day_log` [ RunTime:0.0039s ]
SQL: SELECT * FROM `yfq_prize_day_log` WHERE ( add_date="2017-02-07" and act_id=6 )  [ RunTime:0.0003s ]
SQL: SHOW COLUMNS FROM `yfq_game_log` [ RunTime:0.0032s ]
SQL: SELECT * FROM `yfq_game_log` WHERE ( prize_id=14 and user_id=3 ) LIMIT 1   [ RunTime:0.0002s ]

[ 2017-02-07T11:20:24+08:00 ] 188.188.188.153 /Rbactivity/Index/addUser.html
INFO: [ app_init ] --START--
INFO: Run Behavior\BuildLiteBehavior [ RunTime:0.000009s ]
INFO: [ app_init ] --END-- [ RunTime:0.000287s ]
INFO: [ app_begin ] --START--
INFO: Run Behavior\ReadHtmlCacheBehavior [ RunTime:0.000399s ]
INFO: [ app_begin ] --END-- [ RunTime:0.000430s ]
SQL: SHOW COLUMNS FROM `yfq_user` [ RunTime:0.0100s ]
SQL: SELECT * FROM `yfq_user` WHERE ( phone='13269866589' and type_id=4  and car_number='冀123058' ) LIMIT 1   [ RunTime:0.0003s ]
SQL: INSERT INTO `yfq_user` (`phone`,`car_number`,`real_name`,`add_time`,`type_id`) VALUES ('13269866589','冀123058','asdf','1486437624','4') [ RunTime:0.0323s ]
SQL: SELECT * FROM `yfq_user` WHERE ( phone='13269866589' and car_number='冀123058' ) LIMIT 1   [ RunTime:0.0006s ]

[ 2017-02-07T11:20:24+08:00 ] 188.188.188.153 /Rbactivity/Activity.html
INFO: [ app_init ] --START--
INFO: Run Behavior\BuildLiteBehavior [ RunTime:0.000010s ]
INFO: [ app_init ] --END-- [ RunTime:0.000405s ]
INFO: [ app_begin ] --START--
INFO: Run Behavior\ReadHtmlCacheBehavior [ RunTime:0.000446s ]
INFO: [ app_begin ] --END-- [ RunTime:0.000482s ]
NOTIC: [8] Use of undefined constant VIEWDIR - assumed 'VIEWDIR' E:\PHP\WWW\yfq\Application\Rbactivity\Controller\ActivityController.class.php 第 11 行.
SQL: SHOW COLUMNS FROM `yfq_game_log` [ RunTime:0.0036s ]
SQL: SHOW COLUMNS FROM `yfq_branch_type` [ RunTime:0.0037s ]
SQL: SELECT * FROM `yfq_branch_type` WHERE `type_id` = 4 LIMIT 1   [ RunTime:0.0003s ]
SQL: SHOW COLUMNS FROM `yfq_activity` [ RunTime:0.0036s ]
SQL: SELECT * FROM `yfq_activity` WHERE `type_id` = 4 AND `status` = 2 LIMIT 1   [ RunTime:0.0003s ]
SQL: SHOW COLUMNS FROM `yfq_prize` [ RunTime:0.0039s ]
SQL: SELECT * FROM `yfq_prize` WHERE ( if_del=1 and act_id=6 )  [ RunTime:0.0003s ]
SQL: SHOW COLUMNS FROM `yfq_prize_day_log` [ RunTime:0.0032s ]
SQL: SELECT * FROM `yfq_prize_day_log` WHERE ( add_date="2017-02-07" and act_id=6 )  [ RunTime:0.0002s ]
SQL: SHOW COLUMNS FROM `yfq_game_log` [ RunTime:0.0031s ]
SQL: SELECT * FROM `yfq_game_log` WHERE ( prize_id=14 and user_id=1 ) LIMIT 1   [ RunTime:0.0002s ]

[ 2017-02-07T11:21:17+08:00 ] 188.188.188.153 /Rbactivity/Index/addUser.html
INFO: [ app_init ] --START--
INFO: Run Behavior\BuildLiteBehavior [ RunTime:0.000008s ]
INFO: [ app_init ] --END-- [ RunTime:0.000351s ]
INFO: [ app_begin ] --START--
INFO: Run Behavior\ReadHtmlCacheBehavior [ RunTime:0.000390s ]
INFO: [ app_begin ] --END-- [ RunTime:0.000431s ]
SQL: SHOW COLUMNS FROM `yfq_user` [ RunTime:0.0103s ]
SQL: SELECT * FROM `yfq_user` WHERE ( phone='13269866589' and type_id=4  and car_number='冀123058' ) LIMIT 1   [ RunTime:0.0003s ]

[ 2017-02-07T11:21:17+08:00 ] 188.188.188.153 /Rbactivity/Activity.html
INFO: [ app_init ] --START--
INFO: Run Behavior\BuildLiteBehavior [ RunTime:0.000009s ]
INFO: [ app_init ] --END-- [ RunTime:0.000376s ]
INFO: [ app_begin ] --START--
INFO: Run Behavior\ReadHtmlCacheBehavior [ RunTime:0.000407s ]
INFO: [ app_begin ] --END-- [ RunTime:0.000440s ]
NOTIC: [8] Use of undefined constant VIEWDIR - assumed 'VIEWDIR' E:\PHP\WWW\yfq\Application\Rbactivity\Controller\ActivityController.class.php 第 11 行.
SQL: SHOW COLUMNS FROM `yfq_game_log` [ RunTime:0.0032s ]
SQL: SHOW COLUMNS FROM `yfq_branch_type` [ RunTime:0.0031s ]
SQL: SELECT * FROM `yfq_branch_type` WHERE `type_id` = 4 LIMIT 1   [ RunTime:0.0003s ]
SQL: SHOW COLUMNS FROM `yfq_activity` [ RunTime:0.0031s ]
SQL: SELECT * FROM `yfq_activity` WHERE `type_id` = 4 AND `status` = 2 LIMIT 1   [ RunTime:0.0003s ]
SQL: SHOW COLUMNS FROM `yfq_prize` [ RunTime:0.0047s ]
SQL: SELECT * FROM `yfq_prize` WHERE ( if_del=1 and act_id=6 )  [ RunTime:0.0004s ]
SQL: SHOW COLUMNS FROM `yfq_prize_day_log` [ RunTime:0.0031s ]
SQL: SELECT * FROM `yfq_prize_day_log` WHERE ( add_date="2017-02-07" and act_id=6 )  [ RunTime:0.0002s ]
SQL: SHOW COLUMNS FROM `yfq_game_log` [ RunTime:0.0031s ]
SQL: SELECT * FROM `yfq_game_log` WHERE ( prize_id=14 and user_id=4 ) LIMIT 1   [ RunTime:0.0002s ]
SQL: SELECT * FROM `yfq_prize_day_log` WHERE ( prize_id=14 and add_date="2017-02-07" ) LIMIT 1   [ RunTime:0.0006s ]
SQL: SHOW COLUMNS FROM `yfq_user_day_log` [ RunTime:0.0045s ]
SQL: SELECT * FROM `yfq_user_day_log` WHERE `user_id` = 4 AND `add_date` = '2017-02-07' LIMIT 1   [ RunTime:0.0003s ]
SQL: INSERT INTO `yfq_user_day_log` (`user_id`,`type_id`,`add_date`,`totle_times`) VALUES ('4','4','2017-02-07','1') [ RunTime:0.0602s ]
SQL: SELECT * FROM `yfq_user_day_log` WHERE `user_id` = 4 AND `type_id` = 4 AND `add_date` = '2017-02-07' LIMIT 1   [ RunTime:0.0007s ]
SQL: UPDATE `yfq_prize_day_log` SET `use_num`=use_num+1 WHERE ( prize_id=14 and add_date="2017-02-07" ) [ RunTime:0.0280s ]
SQL: UPDATE `yfq_prize` SET `use_num`=use_num+1 WHERE ( prize_id=14 ) [ RunTime:0.0287s ]
SQL: UPDATE `yfq_user_day_log` SET `use_times`=use_times+1 WHERE ( user_log_id=10 ) [ RunTime:0.0291s ]
SQL: INSERT INTO `yfq_game_log` (`user_id`,`act_id`,`type_id`,`prize_id`,`add_time`) VALUES ('4','6','4','14','1486437677') [ RunTime:0.0285s ]
SQL: SHOW COLUMNS FROM `yfq_user` [ RunTime:0.0162s ]
SQL: UPDATE `yfq_user` SET `totle_money`=totle_money+0 WHERE ( user_id=4 ) [ RunTime:0.0005s ]

[ 2017-02-07T11:22:07+08:00 ] 188.188.188.153 /index.php/Rbactivity
INFO: [ app_init ] --START--
INFO: Run Behavior\BuildLiteBehavior [ RunTime:0.000010s ]
INFO: [ app_init ] --END-- [ RunTime:0.000324s ]
INFO: [ app_begin ] --START--
INFO: Run Behavior\ReadHtmlCacheBehavior [ RunTime:0.000393s ]
INFO: [ app_begin ] --END-- [ RunTime:0.000430s ]
INFO: [ view_parse ] --START--
INFO: [ template_filter ] --START--
INFO: Run Behavior\ContentReplaceBehavior [ RunTime:0.000060s ]
INFO: [ template_filter ] --END-- [ RunTime:0.000106s ]
NOTIC: [8] Array to string conversion E:\PHP\WWW\yfq\Application\Runtime\Cache\Rbactivity\41bc16ccf6349cb11483c1413b80c90f.php 第 60 行.
INFO: Run Behavior\ParseTemplateBehavior [ RunTime:0.005698s ]
INFO: [ view_parse ] --END-- [ RunTime:0.005739s ]
INFO: [ view_filter ] --START--
INFO: Run Behavior\WriteHtmlCacheBehavior [ RunTime:0.000282s ]
INFO: [ view_filter ] --END-- [ RunTime:0.000311s ]
INFO: [ app_end ] --START--
INFO: Run Behavior\ShowPageTraceBehavior [ RunTime:0.000400s ]
INFO: [ app_end ] --END-- [ RunTime:0.000427s ]

[ 2017-02-07T11:22:11+08:00 ] 188.188.188.153 /Rbactivity/Index/addUser.html
INFO: [ app_init ] --START--
INFO: Run Behavior\BuildLiteBehavior [ RunTime:0.000010s ]
INFO: [ app_init ] --END-- [ RunTime:0.000372s ]
INFO: [ app_begin ] --START--
INFO: Run Behavior\ReadHtmlCacheBehavior [ RunTime:0.000404s ]
INFO: [ app_begin ] --END-- [ RunTime:0.000434s ]
SQL: SHOW COLUMNS FROM `yfq_user` [ RunTime:0.0098s ]
SQL: SELECT * FROM `yfq_user` WHERE ( phone='13269866589' and type_id=4  and car_number='冀123058' ) LIMIT 1   [ RunTime:0.0004s ]
SQL: INSERT INTO `yfq_user` (`phone`,`car_number`,`real_name`,`add_time`,`type_id`) VALUES ('13269866589','冀123058','asdf','1486437731','4') [ RunTime:0.0287s ]
SQL: SELECT * FROM `yfq_user` WHERE ( phone='13269866589' and car_number='冀123058' ) LIMIT 1   [ RunTime:0.0003s ]

[ 2017-02-07T11:22:11+08:00 ] 188.188.188.153 /Rbactivity/Activity.html
INFO: [ app_init ] --START--
INFO: Run Behavior\BuildLiteBehavior [ RunTime:0.000010s ]
INFO: [ app_init ] --END-- [ RunTime:0.000360s ]
INFO: [ app_begin ] --START--
INFO: Run Behavior\ReadHtmlCacheBehavior [ RunTime:0.000377s ]
INFO: [ app_begin ] --END-- [ RunTime:0.000413s ]
NOTIC: [8] Use of undefined constant VIEWDIR - assumed 'VIEWDIR' E:\PHP\WWW\yfq\Application\Rbactivity\Controller\ActivityController.class.php 第 11 行.
SQL: SHOW COLUMNS FROM `yfq_game_log` [ RunTime:0.0031s ]
SQL: SHOW COLUMNS FROM `yfq_branch_type` [ RunTime:0.0031s ]
SQL: SELECT * FROM `yfq_branch_type` WHERE `type_id` = 4 LIMIT 1   [ RunTime:0.0003s ]
SQL: SHOW COLUMNS FROM `yfq_activity` [ RunTime:0.0048s ]
SQL: SELECT * FROM `yfq_activity` WHERE `type_id` = 4 AND `status` = 2 LIMIT 1   [ RunTime:0.0003s ]
SQL: SHOW COLUMNS FROM `yfq_prize` [ RunTime:0.0032s ]
SQL: SELECT * FROM `yfq_prize` WHERE ( if_del=1 and act_id=6 )  [ RunTime:0.0002s ]
SQL: SHOW COLUMNS FROM `yfq_prize_day_log` [ RunTime:0.0031s ]
SQL: SELECT * FROM `yfq_prize_day_log` WHERE ( add_date="2017-02-07" and act_id=6 )  [ RunTime:0.0003s ]
SQL: SHOW COLUMNS FROM `yfq_game_log` [ RunTime:0.0032s ]
SQL: SELECT * FROM `yfq_game_log` WHERE ( prize_id=14 and user_id=1 ) LIMIT 1   [ RunTime:0.0002s ]
SQL: SELECT * FROM `yfq_prize_day_log` WHERE ( prize_id=14 and add_date="2017-02-07" ) LIMIT 1   [ RunTime:0.0002s ]
SQL: SHOW COLUMNS FROM `yfq_user_day_log` [ RunTime:0.0032s ]
SQL: SELECT * FROM `yfq_user_day_log` WHERE `user_id` = 1 AND `add_date` = '2017-02-07' LIMIT 1   [ RunTime:0.0003s ]
SQL: INSERT INTO `yfq_user_day_log` (`user_id`,`type_id`,`add_date`,`totle_times`) VALUES ('1','4','2017-02-07','1') [ RunTime:0.0362s ]
SQL: SELECT * FROM `yfq_user_day_log` WHERE `user_id` = 1 AND `type_id` = 4 AND `add_date` = '2017-02-07' LIMIT 1   [ RunTime:0.0003s ]
SQL: UPDATE `yfq_prize_day_log` SET `use_num`=use_num+1 WHERE ( prize_id=14 and add_date="2017-02-07" ) [ RunTime:0.0287s ]
SQL: UPDATE `yfq_prize` SET `use_num`=use_num+1 WHERE ( prize_id=14 ) [ RunTime:0.0289s ]
SQL: UPDATE `yfq_user_day_log` SET `use_times`=use_times+1 WHERE ( user_log_id=1 ) [ RunTime:0.0289s ]
SQL: INSERT INTO `yfq_game_log` (`user_id`,`act_id`,`type_id`,`prize_id`,`add_time`) VALUES ('1','6','4','14','1486437731') [ RunTime:0.0289s ]
SQL: SHOW COLUMNS FROM `yfq_user` [ RunTime:0.0133s ]
SQL: UPDATE `yfq_user` SET `totle_money`=totle_money+0 WHERE ( user_id=1 ) [ RunTime:0.0004s ]

